+ cmake -DCMAKE_BUILD_TYPE=Release -DGGML_CUDA=ON ..
-- The C compiler identification is GNU 11.4.0
-- The CXX compiler identification is GNU 11.4.0
-- Detecting C compiler ABI info
-- Detecting C compiler ABI info - done
-- Check for working C compiler: /usr/bin/cc - skipped
-- Detecting C compile features
-- Detecting C compile features - done
-- Detecting CXX compiler ABI info
-- Detecting CXX compiler ABI info - done
-- Check for working CXX compiler: /usr/bin/c++ - skipped
-- Detecting CXX compile features
-- Detecting CXX compile features - done
-- Performing Test CMAKE_HAVE_LIBC_PTHREAD
-- Performing Test CMAKE_HAVE_LIBC_PTHREAD - Success
-- Found Threads: TRUE  
-- Found OpenMP_C: -fopenmp (found version "4.5") 
-- Found OpenMP_CXX: -fopenmp (found version "4.5") 
-- Found OpenMP: TRUE (found version "4.5")  
-- OpenMP found
-- Found CUDAToolkit: /usr/local/cuda-12.2/include (found version "12.2.140") 
-- CUDA found
-- Using CUDA architectures: 52;61;70;75
-- The CUDA compiler identification is NVIDIA 12.2.140
-- Detecting CUDA compiler ABI info
-- Detecting CUDA compiler ABI info - done
-- Check for working CUDA compiler: /usr/local/cuda-12.2/bin/nvcc - skipped
-- Detecting CUDA compile features
-- Detecting CUDA compile features - done
-- CUDA host compiler is GNU 11.4.0

-- ccache found, compilation results will be cached. Disable with GGML_CCACHE=OFF.
-- CMAKE_SYSTEM_PROCESSOR: x86_64
-- x86 detected
-- x86 detected
-- Linux detected
-- Configuring done (4.7s)
-- Generating done (0.1s)
-- Build files have been written to: /home/ggml/work/ggml/build-ci-release

real	0m4.858s
user	0m3.768s
sys	0m1.095s
+ make -j
[  0%] Building CXX object examples/CMakeFiles/common.dir/common.cpp.o
[  1%] Building C object src/CMakeFiles/ggml.dir/ggml.c.o
[  2%] Building C object src/CMakeFiles/ggml.dir/ggml-backend.c.o
[  3%] Building C object src/CMakeFiles/ggml.dir/ggml-quants.c.o
[  3%] Building CUDA object src/CMakeFiles/ggml.dir/ggml-cuda/acc.cu.o
[  4%] Building CUDA object src/CMakeFiles/ggml.dir/ggml-cuda/arange.cu.o
[  4%] Building C object src/CMakeFiles/ggml.dir/ggml-alloc.c.o
[  5%] Building CUDA object src/CMakeFiles/ggml.dir/ggml-cuda/argsort.cu.o
[  5%] Building CUDA object src/CMakeFiles/ggml.dir/ggml-cuda/binbcast.cu.o
[  6%] Building CUDA object src/CMakeFiles/ggml.dir/ggml-cuda/clamp.cu.o
[  7%] Linking CXX static library libcommon.a
[  8%] Building CUDA object src/CMakeFiles/ggml.dir/ggml-cuda/conv-transpose-1d.cu.o
[  9%] Building CUDA object src/CMakeFiles/ggml.dir/ggml-cuda/convert.cu.o
[  9%] Building CUDA object src/CMakeFiles/ggml.dir/ggml-cuda/concat.cu.o
[  9%] Building CUDA object src/CMakeFiles/ggml.dir/ggml-cuda/cpy.cu.o
[ 10%] Building CUDA object src/CMakeFiles/ggml.dir/ggml-cuda/dmmv.cu.o
[ 11%] Building CUDA object src/CMakeFiles/ggml.dir/ggml-cuda/diagmask.cu.o
[ 11%] Building CUDA object src/CMakeFiles/ggml.dir/ggml-cuda/fattn-tile-f16.cu.o
[ 12%] Building CUDA object src/CMakeFiles/ggml.dir/ggml-cuda/fattn-tile-f32.cu.o
[ 12%] Built target common
[ 13%] Building CUDA object src/CMakeFiles/ggml.dir/ggml-cuda/fattn.cu.o
[ 13%] Building CUDA object src/CMakeFiles/ggml.dir/ggml-cuda/getrows.cu.o
[ 14%] Building CUDA object src/CMakeFiles/ggml.dir/ggml-cuda/im2col.cu.o
[ 15%] Building CUDA object src/CMakeFiles/ggml.dir/ggml-cuda/mmq.cu.o
[ 15%] Building CUDA object src/CMakeFiles/ggml.dir/ggml-cuda/mmvq.cu.o
[ 16%] Building CUDA object src/CMakeFiles/ggml.dir/ggml-cuda/norm.cu.o
[ 16%] Building CUDA object src/CMakeFiles/ggml.dir/ggml-cuda/pad.cu.o
[ 17%] Building CUDA object src/CMakeFiles/ggml.dir/ggml-cuda/pool2d.cu.o
[ 18%] Building CUDA object src/CMakeFiles/ggml.dir/ggml-cuda/quantize.cu.o
[ 18%] Building CUDA object src/CMakeFiles/ggml.dir/ggml-cuda/rope.cu.o
[ 18%] Building CUDA object src/CMakeFiles/ggml.dir/ggml-cuda/sumrows.cu.o
[ 19%] Building CUDA object src/CMakeFiles/ggml.dir/ggml-cuda/scale.cu.o
[ 20%] Building CUDA object src/CMakeFiles/ggml.dir/ggml-cuda/softmax.cu.o
[ 21%] Building CUDA object src/CMakeFiles/ggml.dir/ggml-cuda/tsembd.cu.o
[ 22%] Building CUDA object src/CMakeFiles/ggml.dir/ggml-cuda/unary.cu.o
[ 22%] Building CUDA object src/CMakeFiles/ggml.dir/ggml-cuda/upscale.cu.o
[ 23%] Building CUDA object src/CMakeFiles/ggml.dir/ggml-cuda/template-instances/fattn-wmma-f16-instance-kqfloat-cpb16.cu.o
[ 24%] Building CUDA object src/CMakeFiles/ggml.dir/ggml-cuda.cu.o
[ 24%] Building CUDA object src/CMakeFiles/ggml.dir/ggml-cuda/template-instances/fattn-wmma-f16-instance-kqfloat-cpb32.cu.o
[ 25%] Building CUDA object src/CMakeFiles/ggml.dir/ggml-cuda/template-instances/fattn-wmma-f16-instance-kqhalf-cpb16.cu.o
[ 26%] Building CUDA object src/CMakeFiles/ggml.dir/ggml-cuda/template-instances/fattn-wmma-f16-instance-kqhalf-cpb8.cu.o
[ 26%] Building CUDA object src/CMakeFiles/ggml.dir/ggml-cuda/template-instances/fattn-wmma-f16-instance-kqhalf-cpb32.cu.o
[ 27%] Building CUDA object src/CMakeFiles/ggml.dir/ggml-cuda/template-instances/mmq-instance-iq1_s.cu.o
[ 27%] Building CUDA object src/CMakeFiles/ggml.dir/ggml-cuda/template-instances/mmq-instance-iq2_s.cu.o
[ 28%] Building CUDA object src/CMakeFiles/ggml.dir/ggml-cuda/template-instances/mmq-instance-iq2_xs.cu.o
[ 29%] Building CUDA object src/CMakeFiles/ggml.dir/ggml-cuda/template-instances/mmq-instance-iq2_xxs.cu.o
[ 29%] Building CUDA object src/CMakeFiles/ggml.dir/ggml-cuda/template-instances/mmq-instance-iq3_s.cu.o
[ 30%] Building CUDA object src/CMakeFiles/ggml.dir/ggml-cuda/template-instances/mmq-instance-iq3_xxs.cu.o
[ 31%] Building CUDA object src/CMakeFiles/ggml.dir/ggml-cuda/template-instances/mmq-instance-iq4_nl.cu.o
[ 31%] Building CUDA object src/CMakeFiles/ggml.dir/ggml-cuda/template-instances/mmq-instance-iq4_xs.cu.o
[ 32%] Building CUDA object src/CMakeFiles/ggml.dir/ggml-cuda/template-instances/mmq-instance-q2_k.cu.o
[ 32%] Building CUDA object src/CMakeFiles/ggml.dir/ggml-cuda/template-instances/mmq-instance-q3_k.cu.o
[ 33%] Building CUDA object src/CMakeFiles/ggml.dir/ggml-cuda/template-instances/mmq-instance-q4_0.cu.o
[ 34%] Building CUDA object src/CMakeFiles/ggml.dir/ggml-cuda/template-instances/mmq-instance-q4_1.cu.o
[ 34%] Building CUDA object src/CMakeFiles/ggml.dir/ggml-cuda/template-instances/mmq-instance-q4_k.cu.o
[ 35%] Building CUDA object src/CMakeFiles/ggml.dir/ggml-cuda/template-instances/mmq-instance-q5_0.cu.o
[ 36%] Building CUDA object src/CMakeFiles/ggml.dir/ggml-cuda/template-instances/mmq-instance-q5_1.cu.o
[ 36%] Building CUDA object src/CMakeFiles/ggml.dir/ggml-cuda/template-instances/mmq-instance-q5_k.cu.o
[ 37%] Building CUDA object src/CMakeFiles/ggml.dir/ggml-cuda/template-instances/mmq-instance-q8_0.cu.o
[ 38%] Building CUDA object src/CMakeFiles/ggml.dir/ggml-cuda/template-instances/mmq-instance-q6_k.cu.o
[ 38%] Building CUDA object src/CMakeFiles/ggml.dir/ggml-cuda/template-instances/fattn-vec-f16-instance-hs128-q4_0-q4_0.cu.o
[ 39%] Building CUDA object src/CMakeFiles/ggml.dir/ggml-cuda/template-instances/fattn-vec-f32-instance-hs128-q4_0-q4_0.cu.o
[ 40%] Building CUDA object src/CMakeFiles/ggml.dir/ggml-cuda/template-instances/fattn-vec-f16-instance-hs128-q8_0-q8_0.cu.o
[ 40%] Building CUDA object src/CMakeFiles/ggml.dir/ggml-cuda/template-instances/fattn-vec-f32-instance-hs128-q8_0-q8_0.cu.o
[ 41%] Building CUDA object src/CMakeFiles/ggml.dir/ggml-cuda/template-instances/fattn-vec-f16-instance-hs128-f16-f16.cu.o
[ 41%] Building CUDA object src/CMakeFiles/ggml.dir/ggml-cuda/template-instances/fattn-vec-f16-instance-hs256-f16-f16.cu.o
[ 43%] Building CUDA object src/CMakeFiles/ggml.dir/ggml-cuda/template-instances/fattn-vec-f32-instance-hs128-f16-f16.cu.o
[ 43%] Building CUDA object src/CMakeFiles/ggml.dir/ggml-cuda/template-instances/fattn-vec-f16-instance-hs64-f16-f16.cu.o
[ 43%] Building CUDA object src/CMakeFiles/ggml.dir/ggml-cuda/template-instances/fattn-vec-f32-instance-hs256-f16-f16.cu.o
[ 44%] Building CUDA object src/CMakeFiles/ggml.dir/ggml-cuda/template-instances/fattn-vec-f32-instance-hs64-f16-f16.cu.o
[ 45%] Building C object src/CMakeFiles/ggml.dir/ggml-aarch64.c.o
/home/ggml/work/ggml/src/ggml-cuda.cu(2432): warning #177-D: function "set_ggml_graph_node_properties" was declared but never referenced
  static void set_ggml_graph_node_properties(ggml_tensor * node, ggml_graph_node_properties * graph_node_properties) {
              ^

Remark: The warnings can be suppressed with "-diag-suppress <warning-number>"

/home/ggml/work/ggml/src/ggml-cuda.cu(2444): warning #177-D: function "ggml_graph_node_has_matching_properties" was declared but never referenced
  static bool ggml_graph_node_has_matching_properties(ggml_tensor * node, ggml_graph_node_properties * graph_node_properties) {
              ^

/home/ggml/work/ggml/src/ggml-cuda.cu(2432): warning #177-D: function "set_ggml_graph_node_properties" was declared but never referenced
  static void set_ggml_graph_node_properties(ggml_tensor * node, ggml_graph_node_properties * graph_node_properties) {
              ^

Remark: The warnings can be suppressed with "-diag-suppress <warning-number>"

/home/ggml/work/ggml/src/ggml-cuda.cu(2444): warning #177-D: function "ggml_graph_node_has_matching_properties" was declared but never referenced
  static bool ggml_graph_node_has_matching_properties(ggml_tensor * node, ggml_graph_node_properties * graph_node_properties) {
              ^

/home/ggml/work/ggml/src/ggml-cuda.cu(2432): warning #177-D: function "set_ggml_graph_node_properties" was declared but never referenced
  static void set_ggml_graph_node_properties(ggml_tensor * node, ggml_graph_node_properties * graph_node_properties) {
              ^

Remark: The warnings can be suppressed with "-diag-suppress <warning-number>"

/home/ggml/work/ggml/src/ggml-cuda.cu(2444): warning #177-D: function "ggml_graph_node_has_matching_properties" was declared but never referenced
  static bool ggml_graph_node_has_matching_properties(ggml_tensor * node, ggml_graph_node_properties * graph_node_properties) {
              ^

/home/ggml/work/ggml/src/ggml-cuda.cu(2432): warning #177-D: function "set_ggml_graph_node_properties" was declared but never referenced
  static void set_ggml_graph_node_properties(ggml_tensor * node, ggml_graph_node_properties * graph_node_properties) {
              ^

Remark: The warnings can be suppressed with "-diag-suppress <warning-number>"

/home/ggml/work/ggml/src/ggml-cuda.cu(2444): warning #177-D: function "ggml_graph_node_has_matching_properties" was declared but never referenced
  static bool ggml_graph_node_has_matching_properties(ggml_tensor * node, ggml_graph_node_properties * graph_node_properties) {
              ^

[ 45%] Linking CUDA shared library libggml.so
[ 45%] Built target ggml
[ 47%] Building C object tests/CMakeFiles/test-vec0.dir/test-vec0.c.o
[ 47%] Building C object tests/CMakeFiles/test-vec1.dir/test-vec1.c.o
[ 48%] Building CXX object tests/CMakeFiles/test-grad0.dir/test-grad0.cpp.o
[ 49%] Building CXX object tests/CMakeFiles/test-opt.dir/test-opt.cpp.o
[ 50%] Building C object tests/CMakeFiles/test-mul-mat2.dir/test-mul-mat2.c.o
[ 50%] Building C object tests/CMakeFiles/test-mul-mat0.dir/test-mul-mat0.c.o
[ 51%] Building CXX object tests/CMakeFiles/test-quantize-perf.dir/test-quantize-perf.cpp.o
[ 51%] Building CXX object tests/CMakeFiles/test-quantize-fns.dir/test-quantize-fns.cpp.o
[ 51%] Linking C executable ../bin/test-vec0
[ 51%] Linking C executable ../bin/test-vec1
[ 52%] Linking C executable ../bin/test-mul-mat0
[ 52%] Linking C executable ../bin/test-mul-mat2
[ 52%] Linking CXX executable ../bin/test-grad0
[ 52%] Linking CXX executable ../bin/test-opt
[ 53%] Building C object tests/CMakeFiles/test0.dir/test0.c.o
[ 53%] Building C object tests/CMakeFiles/test1.dir/test1.c.o
[ 54%] Building C object tests/CMakeFiles/test2.dir/test2.c.o
[ 55%] Linking CXX executable ../bin/test-quantize-fns
[ 56%] Building C object tests/CMakeFiles/test3.dir/test3.c.o
[ 57%] Building C object tests/CMakeFiles/test-pool.dir/test-pool.c.o
[ 57%] Linking CXX executable ../bin/test-quantize-perf
[ 57%] Building CXX object tests/CMakeFiles/test-arange.dir/test-arange.cpp.o
[ 58%] Linking C executable ../bin/test0
[ 59%] Linking C executable ../bin/test1
[ 60%] Linking C executable ../bin/test3
[ 61%] Linking CXX executable ../bin/test-arange
[ 61%] Linking C executable ../bin/test2
[ 62%] Linking C executable ../bin/test-pool
[ 63%] Building C object tests/CMakeFiles/test-conv-transpose.dir/test-conv-transpose.c.o
[ 63%] Building CXX object tests/CMakeFiles/test-timestep_embedding.dir/test-timestep_embedding.cpp.o
[ 63%] Built target test-vec0
[ 64%] Linking C executable ../bin/test-conv-transpose
[ 64%] Building CXX object tests/CMakeFiles/test-conv-transpose-1d.dir/test-conv-transpose-1d.cpp.o
[ 64%] Built target test-vec1
[ 65%] Linking CXX executable ../bin/test-timestep_embedding
[ 65%] Building C object tests/CMakeFiles/test-dup.dir/test-dup.c.o
[ 66%] Building C object tests/CMakeFiles/test-rel-pos.dir/test-rel-pos.c.o
[ 66%] Building C object tests/CMakeFiles/test-customop.dir/test-customop.c.o
[ 67%] Building CXX object tests/CMakeFiles/test-conv2d.dir/test-conv2d.cpp.o
[ 68%] Linking C executable ../bin/test-dup
[ 69%] Building CXX object tests/CMakeFiles/test-mul-mat.dir/test-mul-mat.cpp.o
[ 70%] Building CXX object tests/CMakeFiles/test-conv1d.dir/test-conv1d.cpp.o
[ 70%] Building CXX object tests/CMakeFiles/test-backend-buffer.dir/test-backend-buffer.cpp.o
[ 71%] Linking C executable ../bin/test-rel-pos
[ 72%] Linking CXX executable ../bin/test-conv2d
[ 72%] Built target test-mul-mat2
[ 72%] Built target test-opt
[ 73%] Linking C executable ../bin/test-customop
[ 74%] Linking CXX executable ../bin/test-conv-transpose-1d
[ 75%] Linking CXX executable ../bin/test-backend-buffer
[ 76%] Building CXX object tests/CMakeFiles/test-backend-ops.dir/test-backend-ops.cpp.o
[ 76%] Linking CXX executable ../bin/test-conv1d
[ 76%] Building CXX object examples/mnist/CMakeFiles/mnist.dir/main.cpp.o
[ 77%] Linking CXX executable ../bin/test-mul-mat
[ 77%] Building CXX object examples/CMakeFiles/common-ggml.dir/common-ggml.cpp.o
[ 77%] Linking CXX executable ../bin/test-backend-ops
[ 78%] Building CXX object examples/mnist/CMakeFiles/mnist-cnn.dir/main-cnn.cpp.o
[ 79%] Building CXX object examples/mnist/CMakeFiles/mnist-cpu.dir/main-cpu.cpp.o
[ 80%] Linking CXX executable ../../bin/mnist
[ 80%] Building CXX object examples/yolo/CMakeFiles/yolov3-tiny.dir/yolov3-tiny.cpp.o
[ 81%] Building CXX object examples/yolo/CMakeFiles/yolov3-tiny.dir/yolo-image.cpp.o
[ 81%] Built target test-dup
[ 81%] Building CXX object examples/sam/CMakeFiles/sam.dir/main.cpp.o
[ 81%] Built target test-mul-mat0
[ 81%] Built target test1
[ 81%] Built target test-quantize-fns
[ 82%] Building CXX object examples/simple/CMakeFiles/simple-ctx.dir/simple-ctx.cpp.o
[ 82%] Built target test3
[ 83%] Linking CXX static library libcommon-ggml.a
[ 83%] Built target test-rel-pos
[ 83%] Linking CXX executable ../../bin/mnist-cnn
[ 84%] Linking CXX executable ../../bin/simple-ctx
[ 85%] Linking CXX executable ../../bin/sam
[ 86%] Linking CXX executable ../../bin/mnist-cpu
[ 86%] Built target test-grad0
[ 87%] Building CXX object examples/simple/CMakeFiles/simple-backend.dir/simple-backend.cpp.o
[ 87%] Built target test-quantize-perf
[ 87%] Built target test0
[ 87%] Linking CXX executable ../../bin/simple-backend
[ 87%] Built target common-ggml
[ 87%] Built target test-conv-transpose
[ 87%] Built target simple-ctx
[ 87%] Built target test-pool
[ 87%] Built target test2
[ 87%] Built target test-conv-transpose-1d
[ 87%] Built target test-arange
[ 87%] Built target test-customop
[ 87%] Built target test-conv1d
[ 87%] Built target test-conv2d
[ 87%] Built target test-backend-buffer
[ 87%] Built target test-backend-ops
[ 87%] Built target test-mul-mat
[ 87%] Built target test-timestep_embedding
[ 87%] Built target mnist
[ 87%] Built target sam
[ 88%] Building CXX object examples/gpt-2/CMakeFiles/gpt-2-ctx.dir/main-ctx.cpp.o
[ 89%] Building CXX object examples/gpt-2/CMakeFiles/gpt-2-alloc.dir/main-alloc.cpp.o
[ 89%] Built target mnist-cpu
[ 89%] Building CXX object examples/gpt-2/CMakeFiles/gpt-2-backend.dir/main-backend.cpp.o
[ 89%] Linking CXX executable ../../bin/gpt-2-ctx
[ 90%] Linking CXX executable ../../bin/gpt-2-alloc
[ 91%] Linking CXX executable ../../bin/gpt-2-backend
[ 91%] Built target mnist-cnn
[ 91%] Building CXX object examples/gpt-2/CMakeFiles/gpt-2-sched.dir/main-sched.cpp.o
[ 91%] Built target simple-backend
[ 92%] Building CXX object examples/gpt-2/CMakeFiles/gpt-2-quantize.dir/quantize.cpp.o
[ 93%] Building CXX object examples/gpt-2/CMakeFiles/gpt-2-batched.dir/main-batched.cpp.o
[ 94%] Linking CXX executable ../../bin/gpt-2-sched
[ 95%] Building CXX object examples/gpt-j/CMakeFiles/gpt-j.dir/main.cpp.o
[ 96%] Linking CXX executable ../../bin/gpt-2-quantize
[ 97%] Building CXX object examples/gpt-j/CMakeFiles/gpt-j-quantize.dir/quantize.cpp.o
[ 97%] Linking CXX executable ../../bin/gpt-2-batched
[ 98%] Linking CXX executable ../../bin/gpt-j-quantize
[ 98%] Linking CXX executable ../../bin/gpt-j
[ 98%] Building CXX object examples/magika/CMakeFiles/magika.dir/main.cpp.o
[ 99%] Linking CXX executable ../../bin/magika
[ 99%] Built target gpt-2-alloc
[ 99%] Built target gpt-2-backend
[ 99%] Built target gpt-2-ctx
[ 99%] Built target gpt-2-sched
[ 99%] Built target gpt-j-quantize
[ 99%] Built target gpt-2-quantize
[ 99%] Built target gpt-j
[ 99%] Built target magika
[ 99%] Built target gpt-2-batched
[100%] Linking CXX executable ../../bin/yolov3-tiny
[100%] Built target yolov3-tiny

real	0m12.467s
user	0m23.328s
sys	0m4.241s
+ ctest --output-on-failure
Test project /home/ggml/work/ggml/build-ci-release
      Start  1: test-grad0
 1/23 Test  #1: test-grad0 .......................   Passed    0.31 sec
      Start  2: test-opt
 2/23 Test  #2: test-opt .........................   Passed    4.08 sec
      Start  3: test-quantize-fns
 3/23 Test  #3: test-quantize-fns ................   Passed   20.31 sec
      Start  4: test-quantize-perf
 4/23 Test  #4: test-quantize-perf ...............   Passed    5.74 sec
      Start  5: test-mul-mat0
 5/23 Test  #5: test-mul-mat0 ....................   Passed    0.75 sec
      Start  6: test-mul-mat2
 6/23 Test  #6: test-mul-mat2 ....................   Passed    2.78 sec
      Start  7: test0
 7/23 Test  #7: test0 ............................   Passed    0.04 sec
      Start  8: test1
 8/23 Test  #8: test1 ............................   Passed    0.04 sec
      Start  9: test2
 9/23 Test  #9: test2 ............................   Passed    0.08 sec
      Start 10: test3
10/23 Test #10: test3 ............................   Passed    0.07 sec
      Start 11: test-pool
11/23 Test #11: test-pool ........................   Passed    0.04 sec
      Start 12: test-arange
12/23 Test #12: test-arange ......................   Passed    0.54 sec
      Start 13: test-timestep_embedding
13/23 Test #13: test-timestep_embedding ..........   Passed    0.52 sec
      Start 14: test-conv-transpose
14/23 Test #14: test-conv-transpose ..............   Passed    0.04 sec
      Start 15: test-conv-transpose-1d
15/23 Test #15: test-conv-transpose-1d ...........   Passed    0.52 sec
      Start 16: test-dup
16/23 Test #16: test-dup .........................   Passed    0.04 sec
      Start 17: test-rel-pos
17/23 Test #17: test-rel-pos .....................   Passed    0.04 sec
      Start 18: test-customop
18/23 Test #18: test-customop ....................   Passed    0.04 sec
      Start 19: test-conv1d
19/23 Test #19: test-conv1d ......................   Passed    0.58 sec
      Start 20: test-conv2d
20/23 Test #20: test-conv2d ......................   Passed    0.56 sec
      Start 21: test-mul-mat
21/23 Test #21: test-mul-mat .....................   Passed    0.56 sec
      Start 22: test-backend-buffer
22/23 Test #22: test-backend-buffer ..............   Passed    0.54 sec
      Start 23: test-backend-ops
23/23 Test #23: test-backend-ops .................***Failed   46.59 sec
ggml_cuda_init: GGML_CUDA_FORCE_MMQ:    no
ggml_cuda_init: GGML_CUDA_FORCE_CUBLAS: no
ggml_cuda_init: found 1 CUDA devices:
  Device 0: Tesla V100-PCIE-16GB, compute capability 7.0, VMM: yes
Testing 2 backends

Backend 1/2 (CPU)
  Skipping CPU backend
Backend 2/2 (CUDA0)
  Backend name: CUDA0
  ABS(type=f32,ne_a=[128,10,10,10],v=0): not supported [CUDA0] 
  ABS(type=f32,ne_a=[7,13,19,23],v=0): not supported [CUDA0] 
  SGN(type=f32,ne_a=[128,10,10,10],v=0): not supported [CUDA0] 
  SGN(type=f32,ne_a=[7,13,19,23],v=0): not supported [CUDA0] 
  NEG(type=f32,ne_a=[128,10,10,10],v=0): not supported [CUDA0] 
  NEG(type=f32,ne_a=[7,13,19,23],v=0): not supported [CUDA0] 
  STEP(type=f32,ne_a=[128,10,10,10],v=0): not supported [CUDA0] 
  STEP(type=f32,ne_a=[7,13,19,23],v=0): not supported [CUDA0] 
  TANH(type=f32,ne_a=[128,10,10,10],v=0): [1;32mOK[0m
  TANH(type=f32,ne_a=[7,13,19,23],v=0): [1;32mOK[0m
  ELU(type=f32,ne_a=[128,10,10,10],v=0): not supported [CUDA0] 
  ELU(type=f32,ne_a=[7,13,19,23],v=0): not supported [CUDA0] 
  RELU(type=f32,ne_a=[128,10,10,10],v=0): [1;32mOK[0m
  RELU(type=f32,ne_a=[7,13,19,23],v=0): [1;32mOK[0m
  SIGMOID(type=f32,ne_a=[128,10,10,10],v=0): [1;32mOK[0m
  SIGMOID(type=f32,ne_a=[7,13,19,23],v=0): [1;32mOK[0m
  GELU(type=f32,ne_a=[128,10,10,10],v=0): [1;32mOK[0m
  GELU(type=f32,ne_a=[7,13,19,23],v=0): [1;32mOK[0m
  GELU_QUICK(type=f32,ne_a=[128,10,10,10],v=0): [1;32mOK[0m
  GELU_QUICK(type=f32,ne_a=[7,13,19,23],v=0): [1;32mOK[0m
  SILU(type=f32,ne_a=[128,10,10,10],v=0): [1;32mOK[0m
  SILU(type=f32,ne_a=[7,13,19,23],v=0): [1;32mOK[0m
  HARDSWISH(type=f32,ne_a=[128,10,10,10],v=0): [1;32mOK[0m
  HARDSWISH(type=f32,ne_a=[7,13,19,23],v=0): [1;32mOK[0m
  HARDSIGMOID(type=f32,ne_a=[128,10,10,10],v=0): [1;32mOK[0m
  HARDSIGMOID(type=f32,ne_a=[7,13,19,23],v=0): [1;32mOK[0m
  ABS(type=f32,ne_a=[128,10,10,10],v=1): not supported [CUDA0] 
  ABS(type=f32,ne_a=[7,13,19,23],v=1): not supported [CUDA0] 
  SGN(type=f32,ne_a=[128,10,10,10],v=1): not supported [CUDA0] 
  SGN(type=f32,ne_a=[7,13,19,23],v=1): not supported [CUDA0] 
  NEG(type=f32,ne_a=[128,10,10,10],v=1): not supported [CUDA0] 
  NEG(type=f32,ne_a=[7,13,19,23],v=1): not supported [CUDA0] 
  STEP(type=f32,ne_a=[128,10,10,10],v=1): not supported [CUDA0] 
  STEP(type=f32,ne_a=[7,13,19,23],v=1): not supported [CUDA0] 
  TANH(type=f32,ne_a=[128,10,10,10],v=1): not supported [CUDA0] 
  TANH(type=f32,ne_a=[7,13,19,23],v=1): not supported [CUDA0] 
  ELU(type=f32,ne_a=[128,10,10,10],v=1): not supported [CUDA0] 
  ELU(type=f32,ne_a=[7,13,19,23],v=1): not supported [CUDA0] 
  RELU(type=f32,ne_a=[128,10,10,10],v=1): not supported [CUDA0] 
  RELU(type=f32,ne_a=[7,13,19,23],v=1): not supported [CUDA0] 
  SIGMOID(type=f32,ne_a=[128,10,10,10],v=1): not supported [CUDA0] 
  SIGMOID(type=f32,ne_a=[7,13,19,23],v=1): not supported [CUDA0] 
  GELU(type=f32,ne_a=[128,10,10,10],v=1): not supported [CUDA0] 
  GELU(type=f32,ne_a=[7,13,19,23],v=1): not supported [CUDA0] 
  GELU_QUICK(type=f32,ne_a=[128,10,10,10],v=1): not supported [CUDA0] 
  GELU_QUICK(type=f32,ne_a=[7,13,19,23],v=1): not supported [CUDA0] 
  SILU(type=f32,ne_a=[128,10,10,10],v=1): not supported [CUDA0] 
  SILU(type=f32,ne_a=[7,13,19,23],v=1): not supported [CUDA0] 
  HARDSWISH(type=f32,ne_a=[128,10,10,10],v=1): not supported [CUDA0] 
  HARDSWISH(type=f32,ne_a=[7,13,19,23],v=1): not supported [CUDA0] 
  HARDSIGMOID(type=f32,ne_a=[128,10,10,10],v=1): not supported [CUDA0] 
  HARDSIGMOID(type=f32,ne_a=[7,13,19,23],v=1): not supported [CUDA0] 
  GET_ROWS(type=f32,n=1,m=8,r=2,b=1,v=0): [1;32mOK[0m
  GET_ROWS(type=f32,n=256,m=5,r=4,b=1,v=0): [1;32mOK[0m
  GET_ROWS(type=f32,n=256,m=5,r=4,b=1,v=1): [1;32mOK[0m
  GET_ROWS(type=f32,n=256,m=5,r=4,b=7,v=0): [1;32mOK[0m
  GET_ROWS(type=f32,n=256,m=5,r=4,b=7,v=1): [1;32mOK[0m
  GET_ROWS(type=f16,n=256,m=5,r=4,b=1,v=0): [1;32mOK[0m
  GET_ROWS(type=f16,n=256,m=5,r=4,b=1,v=1): [1;32mOK[0m
  GET_ROWS(type=f16,n=256,m=5,r=4,b=7,v=0): [1;32mOK[0m
  GET_ROWS(type=f16,n=256,m=5,r=4,b=7,v=1): [1;32mOK[0m
  GET_ROWS(type=bf16,n=256,m=5,r=4,b=1,v=0): not supported [CUDA0] 
  GET_ROWS(type=bf16,n=256,m=5,r=4,b=1,v=1): not supported [CUDA0] 
  GET_ROWS(type=bf16,n=256,m=5,r=4,b=7,v=0): not supported [CUDA0] 
  GET_ROWS(type=bf16,n=256,m=5,r=4,b=7,v=1): not supported [CUDA0] 
  GET_ROWS(type=q4_0,n=256,m=5,r=4,b=1,v=0): [1;32mOK[0m
  GET_ROWS(type=q4_0,n=256,m=5,r=4,b=1,v=1): [1;32mOK[0m
  GET_ROWS(type=q4_0,n=256,m=5,r=4,b=7,v=0): [1;32mOK[0m
  GET_ROWS(type=q4_0,n=256,m=5,r=4,b=7,v=1): [1;32mOK[0m
  GET_ROWS(type=q4_1,n=256,m=5,r=4,b=1,v=0): [1;32mOK[0m
  GET_ROWS(type=q4_1,n=256,m=5,r=4,b=1,v=1): [1;32mOK[0m
  GET_ROWS(type=q4_1,n=256,m=5,r=4,b=7,v=0): [1;32mOK[0m
  GET_ROWS(type=q4_1,n=256,m=5,r=4,b=7,v=1): [1;32mOK[0m
  GET_ROWS(type=q5_0,n=256,m=5,r=4,b=1,v=0): [1;32mOK[0m
  GET_ROWS(type=q5_0,n=256,m=5,r=4,b=1,v=1): [1;32mOK[0m
  GET_ROWS(type=q5_0,n=256,m=5,r=4,b=7,v=0): [1;32mOK[0m
  GET_ROWS(type=q5_0,n=256,m=5,r=4,b=7,v=1): [1;32mOK[0m
  GET_ROWS(type=q5_1,n=256,m=5,r=4,b=1,v=0): [1;32mOK[0m
  GET_ROWS(type=q5_1,n=256,m=5,r=4,b=1,v=1): [1;32mOK[0m
  GET_ROWS(type=q5_1,n=256,m=5,r=4,b=7,v=0): [1;32mOK[0m
  GET_ROWS(type=q5_1,n=256,m=5,r=4,b=7,v=1): [1;32mOK[0m
  GET_ROWS(type=q8_0,n=256,m=5,r=4,b=1,v=0): [1;32mOK[0m
  GET_ROWS(type=q8_0,n=256,m=5,r=4,b=1,v=1): [1;32mOK[0m
  GET_ROWS(type=q8_0,n=256,m=5,r=4,b=7,v=0): [1;32mOK[0m
  GET_ROWS(type=q8_0,n=256,m=5,r=4,b=7,v=1): [1;32mOK[0m
  GET_ROWS(type=q2_K,n=256,m=5,r=4,b=1,v=0): not supported [CUDA0] 
  GET_ROWS(type=q2_K,n=256,m=5,r=4,b=1,v=1): not supported [CUDA0] 
  GET_ROWS(type=q2_K,n=256,m=5,r=4,b=7,v=0): not supported [CUDA0] 
  GET_ROWS(type=q2_K,n=256,m=5,r=4,b=7,v=1): not supported [CUDA0] 
  GET_ROWS(type=q3_K,n=256,m=5,r=4,b=1,v=0): not supported [CUDA0] 
  GET_ROWS(type=q3_K,n=256,m=5,r=4,b=1,v=1): not supported [CUDA0] 
  GET_ROWS(type=q3_K,n=256,m=5,r=4,b=7,v=0): not supported [CUDA0] 
  GET_ROWS(type=q3_K,n=256,m=5,r=4,b=7,v=1): not supported [CUDA0] 
  GET_ROWS(type=q4_K,n=256,m=5,r=4,b=1,v=0): not supported [CUDA0] 
  GET_ROWS(type=q4_K,n=256,m=5,r=4,b=1,v=1): not supported [CUDA0] 
  GET_ROWS(type=q4_K,n=256,m=5,r=4,b=7,v=0): not supported [CUDA0] 
  GET_ROWS(type=q4_K,n=256,m=5,r=4,b=7,v=1): not supported [CUDA0] 
  GET_ROWS(type=q5_K,n=256,m=5,r=4,b=1,v=0): not supported [CUDA0] 
  GET_ROWS(type=q5_K,n=256,m=5,r=4,b=1,v=1): not supported [CUDA0] 
  GET_ROWS(type=q5_K,n=256,m=5,r=4,b=7,v=0): not supported [CUDA0] 
  GET_ROWS(type=q5_K,n=256,m=5,r=4,b=7,v=1): not supported [CUDA0] 
  GET_ROWS(type=q6_K,n=256,m=5,r=4,b=1,v=0): not supported [CUDA0] 
  GET_ROWS(type=q6_K,n=256,m=5,r=4,b=1,v=1): not supported [CUDA0] 
  GET_ROWS(type=q6_K,n=256,m=5,r=4,b=7,v=0): not supported [CUDA0] 
  GET_ROWS(type=q6_K,n=256,m=5,r=4,b=7,v=1): not supported [CUDA0] 
  GET_ROWS(type=iq2_xxs,n=256,m=5,r=4,b=1,v=0): not supported [CUDA0] 
  GET_ROWS(type=iq2_xxs,n=256,m=5,r=4,b=1,v=1): not supported [CUDA0] 
  GET_ROWS(type=iq2_xxs,n=256,m=5,r=4,b=7,v=0): not supported [CUDA0] 
  GET_ROWS(type=iq2_xxs,n=256,m=5,r=4,b=7,v=1): not supported [CUDA0] 
  GET_ROWS(type=iq2_xs,n=256,m=5,r=4,b=1,v=0): not supported [CUDA0] 
  GET_ROWS(type=iq2_xs,n=256,m=5,r=4,b=1,v=1): not supported [CUDA0] 
  GET_ROWS(type=iq2_xs,n=256,m=5,r=4,b=7,v=0): not supported [CUDA0] 
  GET_ROWS(type=iq2_xs,n=256,m=5,r=4,b=7,v=1): not supported [CUDA0] 
  GET_ROWS(type=iq2_s,n=256,m=5,r=4,b=1,v=0): not supported [CUDA0] 
  GET_ROWS(type=iq2_s,n=256,m=5,r=4,b=1,v=1): not supported [CUDA0] 
  GET_ROWS(type=iq2_s,n=256,m=5,r=4,b=7,v=0): not supported [CUDA0] 
  GET_ROWS(type=iq2_s,n=256,m=5,r=4,b=7,v=1): not supported [CUDA0] 
  GET_ROWS(type=iq3_xxs,n=256,m=5,r=4,b=1,v=0): not supported [CUDA0] 
  GET_ROWS(type=iq3_xxs,n=256,m=5,r=4,b=1,v=1): not supported [CUDA0] 
  GET_ROWS(type=iq3_xxs,n=256,m=5,r=4,b=7,v=0): not supported [CUDA0] 
  GET_ROWS(type=iq3_xxs,n=256,m=5,r=4,b=7,v=1): not supported [CUDA0] 
  GET_ROWS(type=iq1_s,n=256,m=5,r=4,b=1,v=0): not supported [CUDA0] 
  GET_ROWS(type=iq1_s,n=256,m=5,r=4,b=1,v=1): not supported [CUDA0] 
  GET_ROWS(type=iq1_s,n=256,m=5,r=4,b=7,v=0): not supported [CUDA0] 
  GET_ROWS(type=iq1_s,n=256,m=5,r=4,b=7,v=1): not supported [CUDA0] 
  GET_ROWS(type=iq1_m,n=256,m=5,r=4,b=1,v=0): not supported [CUDA0] 
  GET_ROWS(type=iq1_m,n=256,m=5,r=4,b=1,v=1): not supported [CUDA0] 
  GET_ROWS(type=iq1_m,n=256,m=5,r=4,b=7,v=0): not supported [CUDA0] 
  GET_ROWS(type=iq1_m,n=256,m=5,r=4,b=7,v=1): not supported [CUDA0] 
  GET_ROWS(type=iq4_nl,n=256,m=5,r=4,b=1,v=0): not supported [CUDA0] 
  GET_ROWS(type=iq4_nl,n=256,m=5,r=4,b=1,v=1): not supported [CUDA0] 
  GET_ROWS(type=iq4_nl,n=256,m=5,r=4,b=7,v=0): not supported [CUDA0] 
  GET_ROWS(type=iq4_nl,n=256,m=5,r=4,b=7,v=1): not supported [CUDA0] 
  GET_ROWS(type=iq3_s,n=256,m=5,r=4,b=1,v=0): not supported [CUDA0] 
  GET_ROWS(type=iq3_s,n=256,m=5,r=4,b=1,v=1): not supported [CUDA0] 
  GET_ROWS(type=iq3_s,n=256,m=5,r=4,b=7,v=0): not supported [CUDA0] 
  GET_ROWS(type=iq3_s,n=256,m=5,r=4,b=7,v=1): not supported [CUDA0] 
  GET_ROWS(type=iq4_xs,n=256,m=5,r=4,b=1,v=0): not supported [CUDA0] 
  GET_ROWS(type=iq4_xs,n=256,m=5,r=4,b=1,v=1): not supported [CUDA0] 
  GET_ROWS(type=iq4_xs,n=256,m=5,r=4,b=7,v=0): not supported [CUDA0] 
  GET_ROWS(type=iq4_xs,n=256,m=5,r=4,b=7,v=1): not supported [CUDA0] 
  GET_ROWS(type=i32,n=256,m=5,r=4,b=1,v=0): not supported [CUDA0] 
  GET_ROWS(type=i32,n=256,m=5,r=4,b=1,v=1): not supported [CUDA0] 
  GET_ROWS(type=i32,n=256,m=5,r=4,b=7,v=0): not supported [CUDA0] 
  GET_ROWS(type=i32,n=256,m=5,r=4,b=7,v=1): not supported [CUDA0] 
  POOL_2D(pool_type=avg,type_input=f32,ne_input=[10,10,3,1],k0=1,k1=1,s0=1,s1=1,p0=0,p1=0): [1;32mOK[0m
  POOL_2D(pool_type=avg,type_input=f32,ne_input=[10,10,3,1],k0=1,k1=1,s0=1,s1=1,p0=0,p1=1): [1;32mOK[0m
  POOL_2D(pool_type=avg,type_input=f32,ne_input=[10,10,3,1],k0=1,k1=1,s0=1,s1=1,p0=1,p1=0): [1;32mOK[0m
  POOL_2D(pool_type=avg,type_input=f32,ne_input=[10,10,3,1],k0=1,k1=1,s0=1,s1=1,p0=1,p1=1): [1;32mOK[0m
  POOL_2D(pool_type=avg,type_input=f32,ne_input=[10,10,3,1],k0=1,k1=1,s0=1,s1=2,p0=0,p1=0): [1;32mOK[0m
  POOL_2D(pool_type=avg,type_input=f32,ne_input=[10,10,3,1],k0=1,k1=1,s0=1,s1=2,p0=0,p1=1): [1;32mOK[0m
  POOL_2D(pool_type=avg,type_input=f32,ne_input=[10,10,3,1],k0=1,k1=1,s0=1,s1=2,p0=1,p1=0): [1;32mOK[0m
  POOL_2D(pool_type=avg,type_input=f32,ne_input=[10,10,3,1],k0=1,k1=1,s0=1,s1=2,p0=1,p1=1): [1;32mOK[0m
  POOL_2D(pool_type=avg,type_input=f32,ne_input=[10,10,3,1],k0=1,k1=1,s0=2,s1=1,p0=0,p1=0): [1;32mOK[0m
  POOL_2D(pool_type=avg,type_input=f32,ne_input=[10,10,3,1],k0=1,k1=1,s0=2,s1=1,p0=0,p1=1): [1;32mOK[0m
  POOL_2D(pool_type=avg,type_input=f32,ne_input=[10,10,3,1],k0=1,k1=1,s0=2,s1=1,p0=1,p1=0): [1;32mOK[0m
  POOL_2D(pool_type=avg,type_input=f32,ne_input=[10,10,3,1],k0=1,k1=1,s0=2,s1=1,p0=1,p1=1): [1;32mOK[0m
  POOL_2D(pool_type=avg,type_input=f32,ne_input=[10,10,3,1],k0=1,k1=1,s0=2,s1=2,p0=0,p1=0): [1;32mOK[0m
  POOL_2D(pool_type=avg,type_input=f32,ne_input=[10,10,3,1],k0=1,k1=1,s0=2,s1=2,p0=0,p1=1): [1;32mOK[0m
  POOL_2D(pool_type=avg,type_input=f32,ne_input=[10,10,3,1],k0=1,k1=1,s0=2,s1=2,p0=1,p1=0): [1;32mOK[0m
  POOL_2D(pool_type=avg,type_input=f32,ne_input=[10,10,3,1],k0=1,k1=1,s0=2,s1=2,p0=1,p1=1): [1;32mOK[0m
  POOL_2D(pool_type=avg,type_input=f32,ne_input=[10,10,3,1],k0=1,k1=3,s0=1,s1=1,p0=0,p1=0): [1;32mOK[0m
  POOL_2D(pool_type=avg,type_input=f32,ne_input=[10,10,3,1],k0=1,k1=3,s0=1,s1=1,p0=0,p1=1): [1;32mOK[0m
  POOL_2D(pool_type=avg,type_input=f32,ne_input=[10,10,3,1],k0=1,k1=3,s0=1,s1=1,p0=1,p1=0): [1;32mOK[0m
  POOL_2D(pool_type=avg,type_input=f32,ne_input=[10,10,3,1],k0=1,k1=3,s0=1,s1=1,p0=1,p1=1): [1;32mOK[0m
  POOL_2D(pool_type=avg,type_input=f32,ne_input=[10,10,3,1],k0=1,k1=3,s0=1,s1=2,p0=0,p1=0): [1;32mOK[0m
  POOL_2D(pool_type=avg,type_input=f32,ne_input=[10,10,3,1],k0=1,k1=3,s0=1,s1=2,p0=0,p1=1): [1;32mOK[0m
  POOL_2D(pool_type=avg,type_input=f32,ne_input=[10,10,3,1],k0=1,k1=3,s0=1,s1=2,p0=1,p1=0): [1;32mOK[0m
  POOL_2D(pool_type=avg,type_input=f32,ne_input=[10,10,3,1],k0=1,k1=3,s0=1,s1=2,p0=1,p1=1): [1;32mOK[0m
  POOL_2D(pool_type=avg,type_input=f32,ne_input=[10,10,3,1],k0=1,k1=3,s0=2,s1=1,p0=0,p1=0): [1;32mOK[0m
  POOL_2D(pool_type=avg,type_input=f32,ne_input=[10,10,3,1],k0=1,k1=3,s0=2,s1=1,p0=0,p1=1): [1;32mOK[0m
  POOL_2D(pool_type=avg,type_input=f32,ne_input=[10,10,3,1],k0=1,k1=3,s0=2,s1=1,p0=1,p1=0): [1;32mOK[0m
  POOL_2D(pool_type=avg,type_input=f32,ne_input=[10,10,3,1],k0=1,k1=3,s0=2,s1=1,p0=1,p1=1): [1;32mOK[0m
  POOL_2D(pool_type=avg,type_input=f32,ne_input=[10,10,3,1],k0=1,k1=3,s0=2,s1=2,p0=0,p1=0): [1;32mOK[0m
  POOL_2D(pool_type=avg,type_input=f32,ne_input=[10,10,3,1],k0=1,k1=3,s0=2,s1=2,p0=0,p1=1): [1;32mOK[0m
  POOL_2D(pool_type=avg,type_input=f32,ne_input=[10,10,3,1],k0=1,k1=3,s0=2,s1=2,p0=1,p1=0): [1;32mOK[0m
  POOL_2D(pool_type=avg,type_input=f32,ne_input=[10,10,3,1],k0=1,k1=3,s0=2,s1=2,p0=1,p1=1): [1;32mOK[0m
  POOL_2D(pool_type=avg,type_input=f32,ne_input=[10,10,3,1],k0=3,k1=1,s0=1,s1=1,p0=0,p1=0): [1;32mOK[0m
  POOL_2D(pool_type=avg,type_input=f32,ne_input=[10,10,3,1],k0=3,k1=1,s0=1,s1=1,p0=0,p1=1): [1;32mOK[0m
  POOL_2D(pool_type=avg,type_input=f32,ne_input=[10,10,3,1],k0=3,k1=1,s0=1,s1=1,p0=1,p1=0): [1;32mOK[0m
  POOL_2D(pool_type=avg,type_input=f32,ne_input=[10,10,3,1],k0=3,k1=1,s0=1,s1=1,p0=1,p1=1): [1;32mOK[0m
  POOL_2D(pool_type=avg,type_input=f32,ne_input=[10,10,3,1],k0=3,k1=1,s0=1,s1=2,p0=0,p1=0): [1;32mOK[0m
  POOL_2D(pool_type=avg,type_input=f32,ne_input=[10,10,3,1],k0=3,k1=1,s0=1,s1=2,p0=0,p1=1): [1;32mOK[0m
  POOL_2D(pool_type=avg,type_input=f32,ne_input=[10,10,3,1],k0=3,k1=1,s0=1,s1=2,p0=1,p1=0): [1;32mOK[0m
  POOL_2D(pool_type=avg,type_input=f32,ne_input=[10,10,3,1],k0=3,k1=1,s0=1,s1=2,p0=1,p1=1): [1;32mOK[0m
  POOL_2D(pool_type=avg,type_input=f32,ne_input=[10,10,3,1],k0=3,k1=1,s0=2,s1=1,p0=0,p1=0): [1;32mOK[0m
  POOL_2D(pool_type=avg,type_input=f32,ne_input=[10,10,3,1],k0=3,k1=1,s0=2,s1=1,p0=0,p1=1): [1;32mOK[0m
  POOL_2D(pool_type=avg,type_input=f32,ne_input=[10,10,3,1],k0=3,k1=1,s0=2,s1=1,p0=1,p1=0): [1;32mOK[0m
  POOL_2D(pool_type=avg,type_input=f32,ne_input=[10,10,3,1],k0=3,k1=1,s0=2,s1=1,p0=1,p1=1): [1;32mOK[0m
  POOL_2D(pool_type=avg,type_input=f32,ne_input=[10,10,3,1],k0=3,k1=1,s0=2,s1=2,p0=0,p1=0): [1;32mOK[0m
  POOL_2D(pool_type=avg,type_input=f32,ne_input=[10,10,3,1],k0=3,k1=1,s0=2,s1=2,p0=0,p1=1): [1;32mOK[0m
  POOL_2D(pool_type=avg,type_input=f32,ne_input=[10,10,3,1],k0=3,k1=1,s0=2,s1=2,p0=1,p1=0): [1;32mOK[0m
  POOL_2D(pool_type=avg,type_input=f32,ne_input=[10,10,3,1],k0=3,k1=1,s0=2,s1=2,p0=1,p1=1): [1;32mOK[0m
  POOL_2D(pool_type=avg,type_input=f32,ne_input=[10,10,3,1],k0=3,k1=3,s0=1,s1=1,p0=0,p1=0): [1;32mOK[0m
  POOL_2D(pool_type=avg,type_input=f32,ne_input=[10,10,3,1],k0=3,k1=3,s0=1,s1=1,p0=0,p1=1): [1;32mOK[0m
  POOL_2D(pool_type=avg,type_input=f32,ne_input=[10,10,3,1],k0=3,k1=3,s0=1,s1=1,p0=1,p1=0): [1;32mOK[0m
  POOL_2D(pool_type=avg,type_input=f32,ne_input=[10,10,3,1],k0=3,k1=3,s0=1,s1=1,p0=1,p1=1): [1;32mOK[0m
  POOL_2D(pool_type=avg,type_input=f32,ne_input=[10,10,3,1],k0=3,k1=3,s0=1,s1=2,p0=0,p1=0): [1;32mOK[0m
  POOL_2D(pool_type=avg,type_input=f32,ne_input=[10,10,3,1],k0=3,k1=3,s0=1,s1=2,p0=0,p1=1): [1;32mOK[0m
  POOL_2D(pool_type=avg,type_input=f32,ne_input=[10,10,3,1],k0=3,k1=3,s0=1,s1=2,p0=1,p1=0): [1;32mOK[0m
  POOL_2D(pool_type=avg,type_input=f32,ne_input=[10,10,3,1],k0=3,k1=3,s0=1,s1=2,p0=1,p1=1): [1;32mOK[0m
  POOL_2D(pool_type=avg,type_input=f32,ne_input=[10,10,3,1],k0=3,k1=3,s0=2,s1=1,p0=0,p1=0): [1;32mOK[0m
  POOL_2D(pool_type=avg,type_input=f32,ne_input=[10,10,3,1],k0=3,k1=3,s0=2,s1=1,p0=0,p1=1): [1;32mOK[0m
  POOL_2D(pool_type=avg,type_input=f32,ne_input=[10,10,3,1],k0=3,k1=3,s0=2,s1=1,p0=1,p1=0): [1;32mOK[0m
  POOL_2D(pool_type=avg,type_input=f32,ne_input=[10,10,3,1],k0=3,k1=3,s0=2,s1=1,p0=1,p1=1): [1;32mOK[0m
  POOL_2D(pool_type=avg,type_input=f32,ne_input=[10,10,3,1],k0=3,k1=3,s0=2,s1=2,p0=0,p1=0): [1;32mOK[0m
  POOL_2D(pool_type=avg,type_input=f32,ne_input=[10,10,3,1],k0=3,k1=3,s0=2,s1=2,p0=0,p1=1): [1;32mOK[0m
  POOL_2D(pool_type=avg,type_input=f32,ne_input=[10,10,3,1],k0=3,k1=3,s0=2,s1=2,p0=1,p1=0): [1;32mOK[0m
  POOL_2D(pool_type=avg,type_input=f32,ne_input=[10,10,3,1],k0=3,k1=3,s0=2,s1=2,p0=1,p1=1): [1;32mOK[0m
  POOL_2D(pool_type=max,type_input=f32,ne_input=[10,10,3,1],k0=1,k1=1,s0=1,s1=1,p0=0,p1=0): [1;32mOK[0m
  POOL_2D(pool_type=max,type_input=f32,ne_input=[10,10,3,1],k0=1,k1=1,s0=1,s1=1,p0=0,p1=1): [1;32mOK[0m
  POOL_2D(pool_type=max,type_input=f32,ne_input=[10,10,3,1],k0=1,k1=1,s0=1,s1=1,p0=1,p1=0): [1;32mOK[0m
  POOL_2D(pool_type=max,type_input=f32,ne_input=[10,10,3,1],k0=1,k1=1,s0=1,s1=1,p0=1,p1=1): [1;32mOK[0m
  POOL_2D(pool_type=max,type_input=f32,ne_input=[10,10,3,1],k0=1,k1=1,s0=1,s1=2,p0=0,p1=0): [1;32mOK[0m
  POOL_2D(pool_type=max,type_input=f32,ne_input=[10,10,3,1],k0=1,k1=1,s0=1,s1=2,p0=0,p1=1): [1;32mOK[0m
  POOL_2D(pool_type=max,type_input=f32,ne_input=[10,10,3,1],k0=1,k1=1,s0=1,s1=2,p0=1,p1=0): [1;32mOK[0m
  POOL_2D(pool_type=max,type_input=f32,ne_input=[10,10,3,1],k0=1,k1=1,s0=1,s1=2,p0=1,p1=1): [1;32mOK[0m
  POOL_2D(pool_type=max,type_input=f32,ne_input=[10,10,3,1],k0=1,k1=1,s0=2,s1=1,p0=0,p1=0): [1;32mOK[0m
  POOL_2D(pool_type=max,type_input=f32,ne_input=[10,10,3,1],k0=1,k1=1,s0=2,s1=1,p0=0,p1=1): [1;32mOK[0m
  POOL_2D(pool_type=max,type_input=f32,ne_input=[10,10,3,1],k0=1,k1=1,s0=2,s1=1,p0=1,p1=0): [1;32mOK[0m
  POOL_2D(pool_type=max,type_input=f32,ne_input=[10,10,3,1],k0=1,k1=1,s0=2,s1=1,p0=1,p1=1): [1;32mOK[0m
  POOL_2D(pool_type=max,type_input=f32,ne_input=[10,10,3,1],k0=1,k1=1,s0=2,s1=2,p0=0,p1=0): [1;32mOK[0m
  POOL_2D(pool_type=max,type_input=f32,ne_input=[10,10,3,1],k0=1,k1=1,s0=2,s1=2,p0=0,p1=1): [1;32mOK[0m
  POOL_2D(pool_type=max,type_input=f32,ne_input=[10,10,3,1],k0=1,k1=1,s0=2,s1=2,p0=1,p1=0): [1;32mOK[0m
  POOL_2D(pool_type=max,type_input=f32,ne_input=[10,10,3,1],k0=1,k1=1,s0=2,s1=2,p0=1,p1=1): [1;32mOK[0m
  POOL_2D(pool_type=max,type_input=f32,ne_input=[10,10,3,1],k0=1,k1=3,s0=1,s1=1,p0=0,p1=0): [1;32mOK[0m
  POOL_2D(pool_type=max,type_input=f32,ne_input=[10,10,3,1],k0=1,k1=3,s0=1,s1=1,p0=0,p1=1): [1;32mOK[0m
  POOL_2D(pool_type=max,type_input=f32,ne_input=[10,10,3,1],k0=1,k1=3,s0=1,s1=1,p0=1,p1=0): [1;32mOK[0m
  POOL_2D(pool_type=max,type_input=f32,ne_input=[10,10,3,1],k0=1,k1=3,s0=1,s1=1,p0=1,p1=1): [1;32mOK[0m
  POOL_2D(pool_type=max,type_input=f32,ne_input=[10,10,3,1],k0=1,k1=3,s0=1,s1=2,p0=0,p1=0): [1;32mOK[0m
  POOL_2D(pool_type=max,type_input=f32,ne_input=[10,10,3,1],k0=1,k1=3,s0=1,s1=2,p0=0,p1=1): [1;32mOK[0m
  POOL_2D(pool_type=max,type_input=f32,ne_input=[10,10,3,1],k0=1,k1=3,s0=1,s1=2,p0=1,p1=0): [1;32mOK[0m
  POOL_2D(pool_type=max,type_input=f32,ne_input=[10,10,3,1],k0=1,k1=3,s0=1,s1=2,p0=1,p1=1): [1;32mOK[0m
  POOL_2D(pool_type=max,type_input=f32,ne_input=[10,10,3,1],k0=1,k1=3,s0=2,s1=1,p0=0,p1=0): [1;32mOK[0m
  POOL_2D(pool_type=max,type_input=f32,ne_input=[10,10,3,1],k0=1,k1=3,s0=2,s1=1,p0=0,p1=1): [1;32mOK[0m
  POOL_2D(pool_type=max,type_input=f32,ne_input=[10,10,3,1],k0=1,k1=3,s0=2,s1=1,p0=1,p1=0): [1;32mOK[0m
  POOL_2D(pool_type=max,type_input=f32,ne_input=[10,10,3,1],k0=1,k1=3,s0=2,s1=1,p0=1,p1=1): [1;32mOK[0m
  POOL_2D(pool_type=max,type_input=f32,ne_input=[10,10,3,1],k0=1,k1=3,s0=2,s1=2,p0=0,p1=0): [1;32mOK[0m
  POOL_2D(pool_type=max,type_input=f32,ne_input=[10,10,3,1],k0=1,k1=3,s0=2,s1=2,p0=0,p1=1): [1;32mOK[0m
  POOL_2D(pool_type=max,type_input=f32,ne_input=[10,10,3,1],k0=1,k1=3,s0=2,s1=2,p0=1,p1=0): [1;32mOK[0m
  POOL_2D(pool_type=max,type_input=f32,ne_input=[10,10,3,1],k0=1,k1=3,s0=2,s1=2,p0=1,p1=1): [1;32mOK[0m
  POOL_2D(pool_type=max,type_input=f32,ne_input=[10,10,3,1],k0=3,k1=1,s0=1,s1=1,p0=0,p1=0): [1;32mOK[0m
  POOL_2D(pool_type=max,type_input=f32,ne_input=[10,10,3,1],k0=3,k1=1,s0=1,s1=1,p0=0,p1=1): [1;32mOK[0m
  POOL_2D(pool_type=max,type_input=f32,ne_input=[10,10,3,1],k0=3,k1=1,s0=1,s1=1,p0=1,p1=0): [1;32mOK[0m
  POOL_2D(pool_type=max,type_input=f32,ne_input=[10,10,3,1],k0=3,k1=1,s0=1,s1=1,p0=1,p1=1): [1;32mOK[0m
  POOL_2D(pool_type=max,type_input=f32,ne_input=[10,10,3,1],k0=3,k1=1,s0=1,s1=2,p0=0,p1=0): [1;32mOK[0m
  POOL_2D(pool_type=max,type_input=f32,ne_input=[10,10,3,1],k0=3,k1=1,s0=1,s1=2,p0=0,p1=1): [1;32mOK[0m
  POOL_2D(pool_type=max,type_input=f32,ne_input=[10,10,3,1],k0=3,k1=1,s0=1,s1=2,p0=1,p1=0): [1;32mOK[0m
  POOL_2D(pool_type=max,type_input=f32,ne_input=[10,10,3,1],k0=3,k1=1,s0=1,s1=2,p0=1,p1=1): [1;32mOK[0m
  POOL_2D(pool_type=max,type_input=f32,ne_input=[10,10,3,1],k0=3,k1=1,s0=2,s1=1,p0=0,p1=0): [1;32mOK[0m
  POOL_2D(pool_type=max,type_input=f32,ne_input=[10,10,3,1],k0=3,k1=1,s0=2,s1=1,p0=0,p1=1): [1;32mOK[0m
  POOL_2D(pool_type=max,type_input=f32,ne_input=[10,10,3,1],k0=3,k1=1,s0=2,s1=1,p0=1,p1=0): [1;32mOK[0m
  POOL_2D(pool_type=max,type_input=f32,ne_input=[10,10,3,1],k0=3,k1=1,s0=2,s1=1,p0=1,p1=1): [1;32mOK[0m
  POOL_2D(pool_type=max,type_input=f32,ne_input=[10,10,3,1],k0=3,k1=1,s0=2,s1=2,p0=0,p1=0): [1;32mOK[0m
  POOL_2D(pool_type=max,type_input=f32,ne_input=[10,10,3,1],k0=3,k1=1,s0=2,s1=2,p0=0,p1=1): [1;32mOK[0m
  POOL_2D(pool_type=max,type_input=f32,ne_input=[10,10,3,1],k0=3,k1=1,s0=2,s1=2,p0=1,p1=0): [1;32mOK[0m
  POOL_2D(pool_type=max,type_input=f32,ne_input=[10,10,3,1],k0=3,k1=1,s0=2,s1=2,p0=1,p1=1): [1;32mOK[0m
  POOL_2D(pool_type=max,type_input=f32,ne_input=[10,10,3,1],k0=3,k1=3,s0=1,s1=1,p0=0,p1=0): [1;32mOK[0m
  POOL_2D(pool_type=max,type_input=f32,ne_input=[10,10,3,1],k0=3,k1=3,s0=1,s1=1,p0=0,p1=1): [1;32mOK[0m
  POOL_2D(pool_type=max,type_input=f32,ne_input=[10,10,3,1],k0=3,k1=3,s0=1,s1=1,p0=1,p1=0): [1;32mOK[0m
  POOL_2D(pool_type=max,type_input=f32,ne_input=[10,10,3,1],k0=3,k1=3,s0=1,s1=1,p0=1,p1=1): [1;32mOK[0m
  POOL_2D(pool_type=max,type_input=f32,ne_input=[10,10,3,1],k0=3,k1=3,s0=1,s1=2,p0=0,p1=0): [1;32mOK[0m
  POOL_2D(pool_type=max,type_input=f32,ne_input=[10,10,3,1],k0=3,k1=3,s0=1,s1=2,p0=0,p1=1): [1;32mOK[0m
  POOL_2D(pool_type=max,type_input=f32,ne_input=[10,10,3,1],k0=3,k1=3,s0=1,s1=2,p0=1,p1=0): [1;32mOK[0m
  POOL_2D(pool_type=max,type_input=f32,ne_input=[10,10,3,1],k0=3,k1=3,s0=1,s1=2,p0=1,p1=1): [1;32mOK[0m
  POOL_2D(pool_type=max,type_input=f32,ne_input=[10,10,3,1],k0=3,k1=3,s0=2,s1=1,p0=0,p1=0): [1;32mOK[0m
  POOL_2D(pool_type=max,type_input=f32,ne_input=[10,10,3,1],k0=3,k1=3,s0=2,s1=1,p0=0,p1=1): [1;32mOK[0m
  POOL_2D(pool_type=max,type_input=f32,ne_input=[10,10,3,1],k0=3,k1=3,s0=2,s1=1,p0=1,p1=0): [1;32mOK[0m
  POOL_2D(pool_type=max,type_input=f32,ne_input=[10,10,3,1],k0=3,k1=3,s0=2,s1=1,p0=1,p1=1): [1;32mOK[0m
  POOL_2D(pool_type=max,type_input=f32,ne_input=[10,10,3,1],k0=3,k1=3,s0=2,s1=2,p0=0,p1=0): [1;32mOK[0m
  POOL_2D(pool_type=max,type_input=f32,ne_input=[10,10,3,1],k0=3,k1=3,s0=2,s1=2,p0=0,p1=1): [1;32mOK[0m
  POOL_2D(pool_type=max,type_input=f32,ne_input=[10,10,3,1],k0=3,k1=3,s0=2,s1=2,p0=1,p1=0): [1;32mOK[0m
  POOL_2D(pool_type=max,type_input=f32,ne_input=[10,10,3,1],k0=3,k1=3,s0=2,s1=2,p0=1,p1=1): [1;32mOK[0m
  IM2COL(type_input=f32,type_kernel=f16,dst_type=f32,ne_input=[10,10,3,1],ne_kernel=[3,3,3,1],s0=1,s1=1,p0=1,p1=1,d0=1,d1=1,is_2D=1): [1;32mOK[0m
  IM2COL(type_input=f32,type_kernel=f16,dst_type=f16,ne_input=[10,10,3,1],ne_kernel=[3,3,3,1],s0=1,s1=1,p0=1,p1=1,d0=1,d1=1,is_2D=1): [1;32mOK[0m
  IM2COL(type_input=f32,type_kernel=f16,dst_type=f16,ne_input=[3000,128,1,1],ne_kernel=[3,128,1280,1],s0=1,s1=0,p0=1,p1=0,d0=1,d1=0,is_2D=0): [1;32mOK[0m
  IM2COL(type_input=f32,type_kernel=f16,dst_type=f32,ne_input=[3000,128,1,1],ne_kernel=[3,128,1280,1],s0=1,s1=0,p0=1,p1=0,d0=1,d1=0,is_2D=0): [1;32mOK[0m
  CONV_TRANSPOSE_1D(ne_input=[197,32,1,1],ne_kernel=[16,32,32,1],s0=1,p0=0,d0=1): [1;32mOK[0m
  CONV_TRANSPOSE_1D(ne_input=[3,2,1,1],ne_kernel=[2,3,2,1],s0=3,p0=0,d0=1): [1;32mOK[0m
  CONV_TRANSPOSE_1D(ne_input=[3,2,1,1],ne_kernel=[2,3,2,1],s0=2,p0=0,d0=1): [1;32mOK[0m
  CONV_TRANSPOSE_1D(ne_input=[3,2,1,1],ne_kernel=[2,3,2,1],s0=1,p0=0,d0=1): [1;32mOK[0m
  CONV_TRANSPOSE_1D(ne_input=[3,2,1,1],ne_kernel=[3,2,2,1],s0=2,p0=0,d0=1): [1;32mOK[0m
  CONV_TRANSPOSE_1D(ne_input=[3,2,1,1],ne_kernel=[3,2,2,1],s0=1,p0=0,d0=1): [1;32mOK[0m
  CONV_TRANSPOSE_1D(ne_input=[3,2,1,1],ne_kernel=[3,1,2,1],s0=1,p0=0,d0=1): [1;32mOK[0m
  CONV_TRANSPOSE_1D(ne_input=[2,1,1,1],ne_kernel=[3,1,1,1],s0=1,p0=0,d0=1): [1;32mOK[0m
  REPEAT(type=f32,ne=[10,10,10,10],nr=[1,1,1,1]): [1;32mOK[0m
  REPEAT(type=f32,ne=[10,10,10,10],nr=[2,1,1,1]): [1;32mOK[0m
  REPEAT(type=f32,ne=[10,10,10,10],nr=[1,2,1,1]): [1;32mOK[0m
  REPEAT(type=f32,ne=[10,10,10,10],nr=[1,1,2,1]): [1;32mOK[0m
  REPEAT(type=f32,ne=[10,10,10,10],nr=[1,1,1,2]): [1;32mOK[0m
  REPEAT(type=i32,ne=[10,10,10,10],nr=[2,1,1,1]): not supported [CUDA0] 
  REPEAT(type=i16,ne=[10,10,10,10],nr=[1,1,1,2]): not supported [CUDA0] 
  DUP(type=f32,ne=[10,10,20,1]): [1;32mOK[0m
  DUP(type=f16,ne=[10,10,20,1]): [1;32mOK[0m
  DUP(type=i32,ne=[10,10,20,1]): not supported [CUDA0] 
  DUP(type=i16,ne=[10,10,20,1]): not supported [CUDA0] 
  DUP(type=f32,ne=[10,10,5,1],permute=[0,2,1,3]): [1;32mOK[0m
  DUP(type=f16,ne=[10,10,5,1],permute=[0,2,1,3]): [1;32mOK[0m
  DUP(type=f32,ne=[10,10,5,1],permute=[1,0,2,3]): [1;32mOK[0m
  DUP(type=f16,ne=[10,10,5,1],permute=[1,0,2,3]): [1;32mOK[0m
  DUP(type=i16,ne=[10,8,3,1],permute=[0,2,1,3]): not supported [CUDA0] 
  DUP(type=i16,ne=[10,8,3,1],permute=[1,2,0,3]): not supported [CUDA0] 
  CPY(type_src=f16,type_dst=f32,ne=[256,4,4,4],permute=[0,0,0,0]): [1;32mOK[0m
  CPY(type_src=f16,type_dst=f32,ne=[256,2,3,4],permute=[0,2,1,3]): [1;32mOK[0m
  CPY(type_src=f16,type_dst=f16,ne=[256,4,4,4],permute=[0,0,0,0]): [1;32mOK[0m
  CPY(type_src=f16,type_dst=f16,ne=[256,2,3,4],permute=[0,2,1,3]): [1;32mOK[0m
  CPY(type_src=f16,type_dst=bf16,ne=[256,4,4,4],permute=[0,0,0,0]): not supported [CUDA0] 
  CPY(type_src=f16,type_dst=bf16,ne=[256,2,3,4],permute=[0,2,1,3]): not supported [CUDA0] 
  CPY(type_src=f16,type_dst=q4_0,ne=[256,4,4,4],permute=[0,0,0,0]): not supported [CUDA0] 
  CPY(type_src=f16,type_dst=q4_0,ne=[256,2,3,4],permute=[0,2,1,3]): not supported [CUDA0] 
  CPY(type_src=f16,type_dst=q4_1,ne=[256,4,4,4],permute=[0,0,0,0]): not supported [CUDA0] 
  CPY(type_src=f16,type_dst=q4_1,ne=[256,2,3,4],permute=[0,2,1,3]): not supported [CUDA0] 
  CPY(type_src=f16,type_dst=q5_0,ne=[256,4,4,4],permute=[0,0,0,0]): not supported [CUDA0] 
  CPY(type_src=f16,type_dst=q5_0,ne=[256,2,3,4],permute=[0,2,1,3]): not supported [CUDA0] 
  CPY(type_src=f16,type_dst=q5_1,ne=[256,4,4,4],permute=[0,0,0,0]): not supported [CUDA0] 
  CPY(type_src=f16,type_dst=q5_1,ne=[256,2,3,4],permute=[0,2,1,3]): not supported [CUDA0] 
  CPY(type_src=f16,type_dst=q8_0,ne=[256,4,4,4],permute=[0,0,0,0]): not supported [CUDA0] 
  CPY(type_src=f16,type_dst=q8_0,ne=[256,2,3,4],permute=[0,2,1,3]): not supported [CUDA0] 
  CPY(type_src=f16,type_dst=q2_K,ne=[256,4,4,4],permute=[0,0,0,0]): not supported [CUDA0] 
  CPY(type_src=f16,type_dst=q2_K,ne=[256,2,3,4],permute=[0,2,1,3]): not supported [CUDA0] 
  CPY(type_src=f16,type_dst=q3_K,ne=[256,4,4,4],permute=[0,0,0,0]): not supported [CUDA0] 
  CPY(type_src=f16,type_dst=q3_K,ne=[256,2,3,4],permute=[0,2,1,3]): not supported [CUDA0] 
  CPY(type_src=f16,type_dst=q4_K,ne=[256,4,4,4],permute=[0,0,0,0]): not supported [CUDA0] 
  CPY(type_src=f16,type_dst=q4_K,ne=[256,2,3,4],permute=[0,2,1,3]): not supported [CUDA0] 
  CPY(type_src=f16,type_dst=q5_K,ne=[256,4,4,4],permute=[0,0,0,0]): not supported [CUDA0] 
  CPY(type_src=f16,type_dst=q5_K,ne=[256,2,3,4],permute=[0,2,1,3]): not supported [CUDA0] 
  CPY(type_src=f16,type_dst=q6_K,ne=[256,4,4,4],permute=[0,0,0,0]): not supported [CUDA0] 
  CPY(type_src=f16,type_dst=q6_K,ne=[256,2,3,4],permute=[0,2,1,3]): not supported [CUDA0] 
  CPY(type_src=f16,type_dst=iq2_xxs,ne=[256,4,4,4],permute=[0,0,0,0]): not supported [CUDA0] not supported [CPU] 
  CPY(type_src=f16,type_dst=iq2_xxs,ne=[256,2,3,4],permute=[0,2,1,3]): not supported [CUDA0] not supported [CPU] 
  CPY(type_src=f16,type_dst=iq2_xs,ne=[256,4,4,4],permute=[0,0,0,0]): not supported [CUDA0] not supported [CPU] 
  CPY(type_src=f16,type_dst=iq2_xs,ne=[256,2,3,4],permute=[0,2,1,3]): not supported [CUDA0] not supported [CPU] 
  CPY(type_src=f16,type_dst=iq2_s,ne=[256,4,4,4],permute=[0,0,0,0]): not supported [CUDA0] 
  CPY(type_src=f16,type_dst=iq2_s,ne=[256,2,3,4],permute=[0,2,1,3]): not supported [CUDA0] 
  CPY(type_src=f16,type_dst=iq3_xxs,ne=[256,4,4,4],permute=[0,0,0,0]): not supported [CUDA0] 
  CPY(type_src=f16,type_dst=iq3_xxs,ne=[256,2,3,4],permute=[0,2,1,3]): not supported [CUDA0] 
  CPY(type_src=f16,type_dst=iq1_s,ne=[256,4,4,4],permute=[0,0,0,0]): not supported [CUDA0] not supported [CPU] 
  CPY(type_src=f16,type_dst=iq1_s,ne=[256,2,3,4],permute=[0,2,1,3]): not supported [CUDA0] not supported [CPU] 
  CPY(type_src=f16,type_dst=iq1_m,ne=[256,4,4,4],permute=[0,0,0,0]): not supported [CUDA0] not supported [CPU] 
  CPY(type_src=f16,type_dst=iq1_m,ne=[256,2,3,4],permute=[0,2,1,3]): not supported [CUDA0] not supported [CPU] 
  CPY(type_src=f16,type_dst=iq4_nl,ne=[256,4,4,4],permute=[0,0,0,0]): not supported [CUDA0] 
  CPY(type_src=f16,type_dst=iq4_nl,ne=[256,2,3,4],permute=[0,2,1,3]): not supported [CUDA0] 
  CPY(type_src=f16,type_dst=iq3_s,ne=[256,4,4,4],permute=[0,0,0,0]): not supported [CUDA0] 
  CPY(type_src=f16,type_dst=iq3_s,ne=[256,2,3,4],permute=[0,2,1,3]): not supported [CUDA0] 
  CPY(type_src=f16,type_dst=iq4_xs,ne=[256,4,4,4],permute=[0,0,0,0]): not supported [CUDA0] 
  CPY(type_src=f16,type_dst=iq4_xs,ne=[256,2,3,4],permute=[0,2,1,3]): not supported [CUDA0] 
  CPY(type_src=f32,type_dst=f32,ne=[256,4,4,4],permute=[0,0,0,0]): [1;32mOK[0m
  CPY(type_src=f32,type_dst=f32,ne=[256,2,3,4],permute=[0,2,1,3]): [1;32mOK[0m
  CPY(type_src=f32,type_dst=f16,ne=[256,4,4,4],permute=[0,0,0,0]): [1;32mOK[0m
  CPY(type_src=f32,type_dst=f16,ne=[256,2,3,4],permute=[0,2,1,3]): [1;32mOK[0m
  CPY(type_src=f32,type_dst=bf16,ne=[256,4,4,4],permute=[0,0,0,0]): not supported [CUDA0] 
  CPY(type_src=f32,type_dst=bf16,ne=[256,2,3,4],permute=[0,2,1,3]): not supported [CUDA0] 
  CPY(type_src=f32,type_dst=q4_0,ne=[256,4,4,4],permute=[0,0,0,0]): [1;32mOK[0m
  CPY(type_src=f32,type_dst=q4_0,ne=[256,2,3,4],permute=[0,2,1,3]): [1;32mOK[0m
  CPY(type_src=f32,type_dst=q4_1,ne=[256,4,4,4],permute=[0,0,0,0]): [1;32mOK[0m
  CPY(type_src=f32,type_dst=q4_1,ne=[256,2,3,4],permute=[0,2,1,3]): [1;32mOK[0m
  CPY(type_src=f32,type_dst=q5_0,ne=[256,4,4,4],permute=[0,0,0,0]): [1;32mOK[0m
  CPY(type_src=f32,type_dst=q5_0,ne=[256,2,3,4],permute=[0,2,1,3]): [1;32mOK[0m
  CPY(type_src=f32,type_dst=q5_1,ne=[256,4,4,4],permute=[0,0,0,0]): [1;32mOK[0m
  CPY(type_src=f32,type_dst=q5_1,ne=[256,2,3,4],permute=[0,2,1,3]): [1;32mOK[0m
  CPY(type_src=f32,type_dst=q8_0,ne=[256,4,4,4],permute=[0,0,0,0]): [1;32mOK[0m
  CPY(type_src=f32,type_dst=q8_0,ne=[256,2,3,4],permute=[0,2,1,3]): [1;32mOK[0m
  CPY(type_src=f32,type_dst=q2_K,ne=[256,4,4,4],permute=[0,0,0,0]): not supported [CUDA0] 
  CPY(type_src=f32,type_dst=q2_K,ne=[256,2,3,4],permute=[0,2,1,3]): not supported [CUDA0] 
  CPY(type_src=f32,type_dst=q3_K,ne=[256,4,4,4],permute=[0,0,0,0]): not supported [CUDA0] 
  CPY(type_src=f32,type_dst=q3_K,ne=[256,2,3,4],permute=[0,2,1,3]): not supported [CUDA0] 
  CPY(type_src=f32,type_dst=q4_K,ne=[256,4,4,4],permute=[0,0,0,0]): not supported [CUDA0] 
  CPY(type_src=f32,type_dst=q4_K,ne=[256,2,3,4],permute=[0,2,1,3]): not supported [CUDA0] 
  CPY(type_src=f32,type_dst=q5_K,ne=[256,4,4,4],permute=[0,0,0,0]): not supported [CUDA0] 
  CPY(type_src=f32,type_dst=q5_K,ne=[256,2,3,4],permute=[0,2,1,3]): not supported [CUDA0] 
  CPY(type_src=f32,type_dst=q6_K,ne=[256,4,4,4],permute=[0,0,0,0]): not supported [CUDA0] 
  CPY(type_src=f32,type_dst=q6_K,ne=[256,2,3,4],permute=[0,2,1,3]): not supported [CUDA0] 
  CPY(type_src=f32,type_dst=iq2_xxs,ne=[256,4,4,4],permute=[0,0,0,0]): not supported [CUDA0] not supported [CPU] 
  CPY(type_src=f32,type_dst=iq2_xxs,ne=[256,2,3,4],permute=[0,2,1,3]): not supported [CUDA0] not supported [CPU] 
  CPY(type_src=f32,type_dst=iq2_xs,ne=[256,4,4,4],permute=[0,0,0,0]): not supported [CUDA0] not supported [CPU] 
  CPY(type_src=f32,type_dst=iq2_xs,ne=[256,2,3,4],permute=[0,2,1,3]): not supported [CUDA0] not supported [CPU] 
  CPY(type_src=f32,type_dst=iq2_s,ne=[256,4,4,4],permute=[0,0,0,0]): not supported [CUDA0] 
  CPY(type_src=f32,type_dst=iq2_s,ne=[256,2,3,4],permute=[0,2,1,3]): not supported [CUDA0] 
  CPY(type_src=f32,type_dst=iq3_xxs,ne=[256,4,4,4],permute=[0,0,0,0]): not supported [CUDA0] 
  CPY(type_src=f32,type_dst=iq3_xxs,ne=[256,2,3,4],permute=[0,2,1,3]): not supported [CUDA0] 
  CPY(type_src=f32,type_dst=iq1_s,ne=[256,4,4,4],permute=[0,0,0,0]): not supported [CUDA0] not supported [CPU] 
  CPY(type_src=f32,type_dst=iq1_s,ne=[256,2,3,4],permute=[0,2,1,3]): not supported [CUDA0] not supported [CPU] 
  CPY(type_src=f32,type_dst=iq1_m,ne=[256,4,4,4],permute=[0,0,0,0]): not supported [CUDA0] not supported [CPU] 
  CPY(type_src=f32,type_dst=iq1_m,ne=[256,2,3,4],permute=[0,2,1,3]): not supported [CUDA0] not supported [CPU] 
  CPY(type_src=f32,type_dst=iq4_nl,ne=[256,4,4,4],permute=[0,0,0,0]): [1;32mOK[0m
  CPY(type_src=f32,type_dst=iq4_nl,ne=[256,2,3,4],permute=[0,2,1,3]): [1;32mOK[0m
  CPY(type_src=f32,type_dst=iq3_s,ne=[256,4,4,4],permute=[0,0,0,0]): not supported [CUDA0] 
  CPY(type_src=f32,type_dst=iq3_s,ne=[256,2,3,4],permute=[0,2,1,3]): not supported [CUDA0] 
  CPY(type_src=f32,type_dst=iq4_xs,ne=[256,4,4,4],permute=[0,0,0,0]): not supported [CUDA0] 
  CPY(type_src=f32,type_dst=iq4_xs,ne=[256,2,3,4],permute=[0,2,1,3]): not supported [CUDA0] 
  CPY(type_src=f16,type_dst=f16,ne=[256,2,3,4],permute=[1,0,2,3]): [1;32mOK[0m
  CPY(type_src=f16,type_dst=f32,ne=[256,2,3,4],permute=[1,0,2,3]): [1;32mOK[0m
  CPY(type_src=f32,type_dst=f16,ne=[256,2,3,4],permute=[1,0,2,3]): [1;32mOK[0m
  CPY(type_src=f32,type_dst=f32,ne=[256,2,3,4],permute=[1,0,2,3]): [1;32mOK[0m
  CONT(type=f32,ne=[10,10,10,1]): [1;32mOK[0m
  ADD(type=f32,ne=[1,1,8,1],nr=[1,1,1,1]): [1;32mOK[0m
  MUL(type=f32,ne=[1,1,8,1],nr=[1,1,1,1]): [1;32mOK[0m
  DIV(type=f32,ne=[1,1,8,1],nr=[1,1,1,1]): [1;32mOK[0m
  ADD(type=f32,ne=[1,1,1,1],nr=[32,1,1,1]): [1;32mOK[0m
  MUL(type=f32,ne=[1,1,1,1],nr=[32,1,1,1]): [1;32mOK[0m
  DIV(type=f32,ne=[1,1,1,1],nr=[32,1,1,1]): [1;32mOK[0m
  ADD(type=f32,ne=[1,1,320,320],nr=[1,1,1,1]): [1;32mOK[0m
  MUL(type=f32,ne=[1,1,320,320],nr=[1,1,1,1]): [1;32mOK[0m
  DIV(type=f32,ne=[1,1,320,320],nr=[1,1,1,1]): [1;32mOK[0m
  ADD(type=f32,ne=[16,10,1,1],nr=[1,1,1,1]): [1;32mOK[0m
  MUL(type=f32,ne=[16,10,1,1],nr=[1,1,1,1]): [1;32mOK[0m
  DIV(type=f32,ne=[16,10,1,1],nr=[1,1,1,1]): [1;32mOK[0m
  ADD(type=f32,ne=[16,10,10,1],nr=[1,1,1,1]): [1;32mOK[0m
  MUL(type=f32,ne=[16,10,10,1],nr=[1,1,1,1]): [1;32mOK[0m
  DIV(type=f32,ne=[16,10,10,1],nr=[1,1,1,1]): [1;32mOK[0m
  ADD(type=f32,ne=[16,10,10,10],nr=[1,1,1,1]): [1;32mOK[0m
  MUL(type=f32,ne=[16,10,10,10],nr=[1,1,1,1]): [1;32mOK[0m
  DIV(type=f32,ne=[16,10,10,10],nr=[1,1,1,1]): [1;32mOK[0m
  ADD(type=f32,ne=[16,10,10,10],nr=[2,1,1,1]): [1;32mOK[0m
  MUL(type=f32,ne=[16,10,10,10],nr=[2,1,1,1]): [1;32mOK[0m
  DIV(type=f32,ne=[16,10,10,10],nr=[2,1,1,1]): [1;32mOK[0m
  ADD(type=f32,ne=[16,10,10,10],nr=[1,2,1,1]): [1;32mOK[0m
  MUL(type=f32,ne=[16,10,10,10],nr=[1,2,1,1]): [1;32mOK[0m
  DIV(type=f32,ne=[16,10,10,10],nr=[1,2,1,1]): [1;32mOK[0m
  ADD(type=f32,ne=[16,10,10,10],nr=[1,1,2,1]): [1;32mOK[0m
  MUL(type=f32,ne=[16,10,10,10],nr=[1,1,2,1]): [1;32mOK[0m
  DIV(type=f32,ne=[16,10,10,10],nr=[1,1,2,1]): [1;32mOK[0m
  ADD(type=f32,ne=[16,10,10,10],nr=[1,1,1,2]): [1;32mOK[0m
  MUL(type=f32,ne=[16,10,10,10],nr=[1,1,1,2]): [1;32mOK[0m
  DIV(type=f32,ne=[16,10,10,10],nr=[1,1,1,2]): [1;32mOK[0m
  ADD(type=f32,ne=[16,10,10,10],nr=[1,1,2,2]): [1;32mOK[0m
  MUL(type=f32,ne=[16,10,10,10],nr=[1,1,2,2]): [1;32mOK[0m
  DIV(type=f32,ne=[16,10,10,10],nr=[1,1,2,2]): [1;32mOK[0m
  ADD(type=f32,ne=[16,10,10,10],nr=[1,2,2,2]): [1;32mOK[0m
  MUL(type=f32,ne=[16,10,10,10],nr=[1,2,2,2]): [1;32mOK[0m
  DIV(type=f32,ne=[16,10,10,10],nr=[1,2,2,2]): [1;32mOK[0m
  ADD(type=f32,ne=[16,10,10,10],nr=[2,2,2,2]): [1;32mOK[0m
  MUL(type=f32,ne=[16,10,10,10],nr=[2,2,2,2]): [1;32mOK[0m
  DIV(type=f32,ne=[16,10,10,10],nr=[2,2,2,2]): [1;32mOK[0m
  ADD(type=f32,ne=[1280,1,1,1],nr=[1,1,1,1]): [1;32mOK[0m
  MUL(type=f32,ne=[1280,1,1,1],nr=[1,1,1,1]): [1;32mOK[0m
  DIV(type=f32,ne=[1280,1,1,1],nr=[1,1,1,1]): [1;32mOK[0m
  ADD(type=f32,ne=[1280,1,1,1],nr=[1,16,16,1]): [1;32mOK[0m
  MUL(type=f32,ne=[1280,1,1,1],nr=[1,16,16,1]): [1;32mOK[0m
  DIV(type=f32,ne=[1280,1,1,1],nr=[1,16,16,1]): [1;32mOK[0m
  ADD(type=f32,ne=[1280,16,16,1],nr=[1,1,1,1]): [1;32mOK[0m
  MUL(type=f32,ne=[1280,16,16,1],nr=[1,1,1,1]): [1;32mOK[0m
  DIV(type=f32,ne=[1280,16,16,1],nr=[1,1,1,1]): [1;32mOK[0m
  ADD(type=f32,ne=[1280,1,1,1],nr=[1,256,1,1]): [1;32mOK[0m
  MUL(type=f32,ne=[1280,1,1,1],nr=[1,256,1,1]): [1;32mOK[0m
  DIV(type=f32,ne=[1280,1,1,1],nr=[1,256,1,1]): [1;32mOK[0m
  ADD(type=f32,ne=[1,1,1280,1],nr=[16,16,1,1]): [1;32mOK[0m
  MUL(type=f32,ne=[1,1,1280,1],nr=[16,16,1,1]): [1;32mOK[0m
  DIV(type=f32,ne=[1,1,1280,1],nr=[16,16,1,1]): [1;32mOK[0m
  ADD(type=f32,ne=[16,16,1280,1],nr=[1,1,1,1]): [1;32mOK[0m
  MUL(type=f32,ne=[16,16,1280,1],nr=[1,1,1,1]): [1;32mOK[0m
  DIV(type=f32,ne=[16,16,1280,1],nr=[1,1,1,1]): [1;32mOK[0m
  ADD(type=f32,ne=[1,1,1920,1],nr=[16,16,1,1]): [1;32mOK[0m
  MUL(type=f32,ne=[1,1,1920,1],nr=[16,16,1,1]): [1;32mOK[0m
  DIV(type=f32,ne=[1,1,1920,1],nr=[16,16,1,1]): [1;32mOK[0m
  ADD(type=f32,ne=[1,1,2560,1],nr=[16,16,1,1]): [1;32mOK[0m
  MUL(type=f32,ne=[1,1,2560,1],nr=[16,16,1,1]): [1;32mOK[0m
  DIV(type=f32,ne=[1,1,2560,1],nr=[16,16,1,1]): [1;32mOK[0m
  ADD(type=f32,ne=[1,1,1280,1],nr=[32,32,1,1]): [1;32mOK[0m
  MUL(type=f32,ne=[1,1,1280,1],nr=[32,32,1,1]): [1;32mOK[0m
  DIV(type=f32,ne=[1,1,1280,1],nr=[32,32,1,1]): [1;32mOK[0m
  ADD(type=f32,ne=[1,1,1920,1],nr=[32,32,1,1]): [1;32mOK[0m
  MUL(type=f32,ne=[1,1,1920,1],nr=[32,32,1,1]): [1;32mOK[0m
  DIV(type=f32,ne=[1,1,1920,1],nr=[32,32,1,1]): [1;32mOK[0m
  ADD(type=f32,ne=[1,1,640,1],nr=[32,32,1,1]): [1;32mOK[0m
  MUL(type=f32,ne=[1,1,640,1],nr=[32,32,1,1]): [1;32mOK[0m
  DIV(type=f32,ne=[1,1,640,1],nr=[32,32,1,1]): [1;32mOK[0m
  ADD(type=f32,ne=[5120,1,1,1],nr=[1,256,1,1]): [1;32mOK[0m
  MUL(type=f32,ne=[5120,1,1,1],nr=[1,256,1,1]): [1;32mOK[0m
  DIV(type=f32,ne=[5120,1,1,1],nr=[1,256,1,1]): [1;32mOK[0m
  ADD(type=f32,ne=[640,1,1,1],nr=[1,1,1,1]): [1;32mOK[0m
  MUL(type=f32,ne=[640,1,1,1],nr=[1,1,1,1]): [1;32mOK[0m
  DIV(type=f32,ne=[640,1,1,1],nr=[1,1,1,1]): [1;32mOK[0m
  SCALE(type=f32,ne=[10,10,10,10],scale=2.000000): [1;32mOK[0m
  NORM(type=f32,ne=[64,10,10,10],eps=0.000001): [1;32mOK[0m
  RMS_NORM(type=f32,ne=[64,10,10,10],eps=0.000001): [1;32mOK[0m
  NORM(type=f32,ne=[64,10,10,10],eps=0.000010): [1;32mOK[0m
  RMS_NORM(type=f32,ne=[64,10,10,10],eps=0.000010): [1;32mOK[0m
  NORM(type=f32,ne=[64,10,10,10],eps=0.001000): [1;32mOK[0m
  RMS_NORM(type=f32,ne=[64,10,10,10],eps=0.001000): [1;32mOK[0m
  NORM(type=f32,ne=[64,10,10,10],eps=0.100000): [1;32mOK[0m
  RMS_NORM(type=f32,ne=[64,10,10,10],eps=0.100000): [1;32mOK[0m
  MUL_MAT(type_a=f32,type_b=f32,m=16,n=1,k=256,bs=[1,1],nr=[1,1]): [1;32mOK[0m
  MUL_MAT(type_a=f32,type_b=f32,m=16,n=1,k=256,bs=[10,1],nr=[1,1]): [1;32mOK[0m
  MUL_MAT(type_a=f32,type_b=f32,m=16,n=1,k=256,bs=[10,1],nr=[2,1]): [1;32mOK[0m
  MUL_MAT(type_a=f32,type_b=f32,m=16,n=1,k=256,bs=[10,10],nr=[1,1]): [1;32mOK[0m
  MUL_MAT(type_a=f32,type_b=f32,m=16,n=1,k=256,bs=[10,10],nr=[2,1]): [1;32mOK[0m
  MUL_MAT(type_a=f32,type_b=f32,m=16,n=1,k=256,bs=[10,10],nr=[1,2]): not supported [CUDA0] 
  MUL_MAT(type_a=f32,type_b=f32,m=16,n=1,k=256,bs=[10,10],nr=[2,2]): not supported [CUDA0] 
  MUL_MAT(type_a=f32,type_b=f32,m=16,n=16,k=256,bs=[1,1],nr=[1,1]): [1;32mOK[0m
  MUL_MAT(type_a=f32,type_b=f32,m=16,n=16,k=256,bs=[10,1],nr=[1,1]): [1;32mOK[0m
  MUL_MAT(type_a=f32,type_b=f32,m=16,n=16,k=256,bs=[10,1],nr=[2,1]): [1;32mOK[0m
  MUL_MAT(type_a=f32,type_b=f32,m=16,n=16,k=256,bs=[10,10],nr=[1,1]): [1;32mOK[0m
  MUL_MAT(type_a=f32,type_b=f32,m=16,n=16,k=256,bs=[10,10],nr=[2,1]): [1;32mOK[0m
  MUL_MAT(type_a=f32,type_b=f32,m=16,n=16,k=256,bs=[10,10],nr=[1,2]): not supported [CUDA0] 
  MUL_MAT(type_a=f32,type_b=f32,m=16,n=16,k=256,bs=[10,10],nr=[2,2]): not supported [CUDA0] 
  MUL_MAT(type_a=f32,type_b=f16,m=16,n=1,k=256,bs=[1,1],nr=[1,1]): not supported [CUDA0] not supported [CPU] 
  MUL_MAT(type_a=f32,type_b=f16,m=16,n=1,k=256,bs=[10,1],nr=[1,1]): not supported [CUDA0] not supported [CPU] 
  MUL_MAT(type_a=f32,type_b=f16,m=16,n=1,k=256,bs=[10,1],nr=[2,1]): not supported [CUDA0] not supported [CPU] 
  MUL_MAT(type_a=f32,type_b=f16,m=16,n=1,k=256,bs=[10,10],nr=[1,1]): not supported [CUDA0] not supported [CPU] 
  MUL_MAT(type_a=f32,type_b=f16,m=16,n=1,k=256,bs=[10,10],nr=[2,1]): not supported [CUDA0] not supported [CPU] 
  MUL_MAT(type_a=f32,type_b=f16,m=16,n=1,k=256,bs=[10,10],nr=[1,2]): not supported [CUDA0] not supported [CPU] 
  MUL_MAT(type_a=f32,type_b=f16,m=16,n=1,k=256,bs=[10,10],nr=[2,2]): not supported [CUDA0] not supported [CPU] 
  MUL_MAT(type_a=f32,type_b=f16,m=16,n=16,k=256,bs=[1,1],nr=[1,1]): not supported [CUDA0] not supported [CPU] 
  MUL_MAT(type_a=f32,type_b=f16,m=16,n=16,k=256,bs=[10,1],nr=[1,1]): not supported [CUDA0] not supported [CPU] 
  MUL_MAT(type_a=f32,type_b=f16,m=16,n=16,k=256,bs=[10,1],nr=[2,1]): not supported [CUDA0] not supported [CPU] 
  MUL_MAT(type_a=f32,type_b=f16,m=16,n=16,k=256,bs=[10,10],nr=[1,1]): not supported [CUDA0] not supported [CPU] 
  MUL_MAT(type_a=f32,type_b=f16,m=16,n=16,k=256,bs=[10,10],nr=[2,1]): not supported [CUDA0] not supported [CPU] 
  MUL_MAT(type_a=f32,type_b=f16,m=16,n=16,k=256,bs=[10,10],nr=[1,2]): not supported [CUDA0] not supported [CPU] 
  MUL_MAT(type_a=f32,type_b=f16,m=16,n=16,k=256,bs=[10,10],nr=[2,2]): not supported [CUDA0] not supported [CPU] 
  MUL_MAT(type_a=f16,type_b=f32,m=16,n=1,k=256,bs=[1,1],nr=[1,1]): [1;32mOK[0m
  MUL_MAT(type_a=f16,type_b=f32,m=16,n=1,k=256,bs=[10,1],nr=[1,1]): [1;32mOK[0m
  MUL_MAT(type_a=f16,type_b=f32,m=16,n=1,k=256,bs=[10,1],nr=[2,1]): [1;32mOK[0m
  MUL_MAT(type_a=f16,type_b=f32,m=16,n=1,k=256,bs=[10,10],nr=[1,1]): [1;32mOK[0m
  MUL_MAT(type_a=f16,type_b=f32,m=16,n=1,k=256,bs=[10,10],nr=[2,1]): [1;32mOK[0m
  MUL_MAT(type_a=f16,type_b=f32,m=16,n=1,k=256,bs=[10,10],nr=[1,2]): not supported [CUDA0] 
  MUL_MAT(type_a=f16,type_b=f32,m=16,n=1,k=256,bs=[10,10],nr=[2,2]): not supported [CUDA0] 
  MUL_MAT(type_a=f16,type_b=f32,m=16,n=16,k=256,bs=[1,1],nr=[1,1]): [1;32mOK[0m
  MUL_MAT(type_a=f16,type_b=f32,m=16,n=16,k=256,bs=[10,1],nr=[1,1]): [1;32mOK[0m
  MUL_MAT(type_a=f16,type_b=f32,m=16,n=16,k=256,bs=[10,1],nr=[2,1]): [1;32mOK[0m
  MUL_MAT(type_a=f16,type_b=f32,m=16,n=16,k=256,bs=[10,10],nr=[1,1]): [1;32mOK[0m
  MUL_MAT(type_a=f16,type_b=f32,m=16,n=16,k=256,bs=[10,10],nr=[2,1]): [1;32mOK[0m
  MUL_MAT(type_a=f16,type_b=f32,m=16,n=16,k=256,bs=[10,10],nr=[1,2]): not supported [CUDA0] 
  MUL_MAT(type_a=f16,type_b=f32,m=16,n=16,k=256,bs=[10,10],nr=[2,2]): not supported [CUDA0] 
  MUL_MAT(type_a=f16,type_b=f16,m=16,n=1,k=256,bs=[1,1],nr=[1,1]): [1;32mOK[0m
  MUL_MAT(type_a=f16,type_b=f16,m=16,n=1,k=256,bs=[10,1],nr=[1,1]): [1;32mOK[0m
  MUL_MAT(type_a=f16,type_b=f16,m=16,n=1,k=256,bs=[10,1],nr=[2,1]): [1;32mOK[0m
  MUL_MAT(type_a=f16,type_b=f16,m=16,n=1,k=256,bs=[10,10],nr=[1,1]): [1;32mOK[0m
  MUL_MAT(type_a=f16,type_b=f16,m=16,n=1,k=256,bs=[10,10],nr=[2,1]): [1;32mOK[0m
  MUL_MAT(type_a=f16,type_b=f16,m=16,n=1,k=256,bs=[10,10],nr=[1,2]): not supported [CUDA0] 
  MUL_MAT(type_a=f16,type_b=f16,m=16,n=1,k=256,bs=[10,10],nr=[2,2]): not supported [CUDA0] 
  MUL_MAT(type_a=f16,type_b=f16,m=16,n=16,k=256,bs=[1,1],nr=[1,1]): [1;32mOK[0m
  MUL_MAT(type_a=f16,type_b=f16,m=16,n=16,k=256,bs=[10,1],nr=[1,1]): [1;32mOK[0m
  MUL_MAT(type_a=f16,type_b=f16,m=16,n=16,k=256,bs=[10,1],nr=[2,1]): [1;32mOK[0m
  MUL_MAT(type_a=f16,type_b=f16,m=16,n=16,k=256,bs=[10,10],nr=[1,1]): [1;32mOK[0m
  MUL_MAT(type_a=f16,type_b=f16,m=16,n=16,k=256,bs=[10,10],nr=[2,1]): [1;32mOK[0m
  MUL_MAT(type_a=f16,type_b=f16,m=16,n=16,k=256,bs=[10,10],nr=[1,2]): not supported [CUDA0] 
  MUL_MAT(type_a=f16,type_b=f16,m=16,n=16,k=256,bs=[10,10],nr=[2,2]): not supported [CUDA0] 
  MUL_MAT(type_a=q4_0,type_b=f32,m=16,n=1,k=256,bs=[1,1],nr=[1,1]): [1;32mOK[0m
  MUL_MAT(type_a=q4_0,type_b=f32,m=16,n=1,k=256,bs=[10,1],nr=[1,1]): [1;32mOK[0m
  MUL_MAT(type_a=q4_0,type_b=f32,m=16,n=1,k=256,bs=[10,1],nr=[2,1]): [1;32mOK[0m
  MUL_MAT(type_a=q4_0,type_b=f32,m=16,n=1,k=256,bs=[10,10],nr=[1,1]): [1;32mOK[0m
  MUL_MAT(type_a=q4_0,type_b=f32,m=16,n=1,k=256,bs=[10,10],nr=[2,1]): [1;32mOK[0m
  MUL_MAT(type_a=q4_0,type_b=f32,m=16,n=1,k=256,bs=[10,10],nr=[1,2]): not supported [CUDA0] 
  MUL_MAT(type_a=q4_0,type_b=f32,m=16,n=1,k=256,bs=[10,10],nr=[2,2]): not supported [CUDA0] 
  MUL_MAT(type_a=q4_0,type_b=f32,m=16,n=16,k=256,bs=[1,1],nr=[1,1]): [1;32mOK[0m
  MUL_MAT(type_a=q4_0,type_b=f32,m=16,n=16,k=256,bs=[10,1],nr=[1,1]): [1;32mOK[0m
  MUL_MAT(type_a=q4_0,type_b=f32,m=16,n=16,k=256,bs=[10,1],nr=[2,1]): [1;32mOK[0m
  MUL_MAT(type_a=q4_0,type_b=f32,m=16,n=16,k=256,bs=[10,10],nr=[1,1]): [1;32mOK[0m
  MUL_MAT(type_a=q4_0,type_b=f32,m=16,n=16,k=256,bs=[10,10],nr=[2,1]): [1;32mOK[0m
  MUL_MAT(type_a=q4_0,type_b=f32,m=16,n=16,k=256,bs=[10,10],nr=[1,2]): not supported [CUDA0] 
  MUL_MAT(type_a=q4_0,type_b=f32,m=16,n=16,k=256,bs=[10,10],nr=[2,2]): not supported [CUDA0] 
  MUL_MAT(type_a=q4_0,type_b=f16,m=16,n=1,k=256,bs=[1,1],nr=[1,1]): not supported [CUDA0] not supported [CPU] 
  MUL_MAT(type_a=q4_0,type_b=f16,m=16,n=1,k=256,bs=[10,1],nr=[1,1]): not supported [CUDA0] not supported [CPU] 
  MUL_MAT(type_a=q4_0,type_b=f16,m=16,n=1,k=256,bs=[10,1],nr=[2,1]): not supported [CUDA0] not supported [CPU] 
  MUL_MAT(type_a=q4_0,type_b=f16,m=16,n=1,k=256,bs=[10,10],nr=[1,1]): not supported [CUDA0] not supported [CPU] 
  MUL_MAT(type_a=q4_0,type_b=f16,m=16,n=1,k=256,bs=[10,10],nr=[2,1]): not supported [CUDA0] not supported [CPU] 
  MUL_MAT(type_a=q4_0,type_b=f16,m=16,n=1,k=256,bs=[10,10],nr=[1,2]): not supported [CUDA0] not supported [CPU] 
  MUL_MAT(type_a=q4_0,type_b=f16,m=16,n=1,k=256,bs=[10,10],nr=[2,2]): not supported [CUDA0] not supported [CPU] 
  MUL_MAT(type_a=q4_0,type_b=f16,m=16,n=16,k=256,bs=[1,1],nr=[1,1]): not supported [CUDA0] not supported [CPU] 
  MUL_MAT(type_a=q4_0,type_b=f16,m=16,n=16,k=256,bs=[10,1],nr=[1,1]): not supported [CUDA0] not supported [CPU] 
  MUL_MAT(type_a=q4_0,type_b=f16,m=16,n=16,k=256,bs=[10,1],nr=[2,1]): not supported [CUDA0] not supported [CPU] 
  MUL_MAT(type_a=q4_0,type_b=f16,m=16,n=16,k=256,bs=[10,10],nr=[1,1]): not supported [CUDA0] not supported [CPU] 
  MUL_MAT(type_a=q4_0,type_b=f16,m=16,n=16,k=256,bs=[10,10],nr=[2,1]): not supported [CUDA0] not supported [CPU] 
  MUL_MAT(type_a=q4_0,type_b=f16,m=16,n=16,k=256,bs=[10,10],nr=[1,2]): not supported [CUDA0] not supported [CPU] 
  MUL_MAT(type_a=q4_0,type_b=f16,m=16,n=16,k=256,bs=[10,10],nr=[2,2]): not supported [CUDA0] not supported [CPU] 
  MUL_MAT(type_a=q4_K,type_b=f32,m=16,n=1,k=256,bs=[1,1],nr=[1,1]): [1;32mOK[0m
  MUL_MAT(type_a=q4_K,type_b=f32,m=16,n=1,k=256,bs=[10,1],nr=[1,1]): [1;32mOK[0m
  MUL_MAT(type_a=q4_K,type_b=f32,m=16,n=1,k=256,bs=[10,1],nr=[2,1]): [1;32mOK[0m
  MUL_MAT(type_a=q4_K,type_b=f32,m=16,n=1,k=256,bs=[10,10],nr=[1,1]): [1;32mOK[0m
  MUL_MAT(type_a=q4_K,type_b=f32,m=16,n=1,k=256,bs=[10,10],nr=[2,1]): [1;32mOK[0m
  MUL_MAT(type_a=q4_K,type_b=f32,m=16,n=1,k=256,bs=[10,10],nr=[1,2]): not supported [CUDA0] 
  MUL_MAT(type_a=q4_K,type_b=f32,m=16,n=1,k=256,bs=[10,10],nr=[2,2]): not supported [CUDA0] 
  MUL_MAT(type_a=q4_K,type_b=f32,m=16,n=16,k=256,bs=[1,1],nr=[1,1]): [1;32mOK[0m
  MUL_MAT(type_a=q4_K,type_b=f32,m=16,n=16,k=256,bs=[10,1],nr=[1,1]): [1;32mOK[0m
  MUL_MAT(type_a=q4_K,type_b=f32,m=16,n=16,k=256,bs=[10,1],nr=[2,1]): [1;32mOK[0m
  MUL_MAT(type_a=q4_K,type_b=f32,m=16,n=16,k=256,bs=[10,10],nr=[1,1]): [1;32mOK[0m
  MUL_MAT(type_a=q4_K,type_b=f32,m=16,n=16,k=256,bs=[10,10],nr=[2,1]): [1;32mOK[0m
  MUL_MAT(type_a=q4_K,type_b=f32,m=16,n=16,k=256,bs=[10,10],nr=[1,2]): not supported [CUDA0] 
  MUL_MAT(type_a=q4_K,type_b=f32,m=16,n=16,k=256,bs=[10,10],nr=[2,2]): not supported [CUDA0] 
  MUL_MAT(type_a=q4_K,type_b=f16,m=16,n=1,k=256,bs=[1,1],nr=[1,1]): not supported [CUDA0] not supported [CPU] 
  MUL_MAT(type_a=q4_K,type_b=f16,m=16,n=1,k=256,bs=[10,1],nr=[1,1]): not supported [CUDA0] not supported [CPU] 
  MUL_MAT(type_a=q4_K,type_b=f16,m=16,n=1,k=256,bs=[10,1],nr=[2,1]): not supported [CUDA0] not supported [CPU] 
  MUL_MAT(type_a=q4_K,type_b=f16,m=16,n=1,k=256,bs=[10,10],nr=[1,1]): not supported [CUDA0] not supported [CPU] 
  MUL_MAT(type_a=q4_K,type_b=f16,m=16,n=1,k=256,bs=[10,10],nr=[2,1]): not supported [CUDA0] not supported [CPU] 
  MUL_MAT(type_a=q4_K,type_b=f16,m=16,n=1,k=256,bs=[10,10],nr=[1,2]): not supported [CUDA0] not supported [CPU] 
  MUL_MAT(type_a=q4_K,type_b=f16,m=16,n=1,k=256,bs=[10,10],nr=[2,2]): not supported [CUDA0] not supported [CPU] 
  MUL_MAT(type_a=q4_K,type_b=f16,m=16,n=16,k=256,bs=[1,1],nr=[1,1]): not supported [CUDA0] not supported [CPU] 
  MUL_MAT(type_a=q4_K,type_b=f16,m=16,n=16,k=256,bs=[10,1],nr=[1,1]): not supported [CUDA0] not supported [CPU] 
  MUL_MAT(type_a=q4_K,type_b=f16,m=16,n=16,k=256,bs=[10,1],nr=[2,1]): not supported [CUDA0] not supported [CPU] 
  MUL_MAT(type_a=q4_K,type_b=f16,m=16,n=16,k=256,bs=[10,10],nr=[1,1]): not supported [CUDA0] not supported [CPU] 
  MUL_MAT(type_a=q4_K,type_b=f16,m=16,n=16,k=256,bs=[10,10],nr=[2,1]): not supported [CUDA0] not supported [CPU] 
  MUL_MAT(type_a=q4_K,type_b=f16,m=16,n=16,k=256,bs=[10,10],nr=[1,2]): not supported [CUDA0] not supported [CPU] 
  MUL_MAT(type_a=q4_K,type_b=f16,m=16,n=16,k=256,bs=[10,10],nr=[2,2]): not supported [CUDA0] not supported [CPU] 
  MUL_MAT(type_a=iq2_xxs,type_b=f32,m=16,n=1,k=256,bs=[1,1],nr=[1,1]): [1;32mOK[0m
  MUL_MAT(type_a=iq2_xxs,type_b=f32,m=16,n=1,k=256,bs=[10,1],nr=[1,1]): [1;32mOK[0m
  MUL_MAT(type_a=iq2_xxs,type_b=f32,m=16,n=1,k=256,bs=[10,1],nr=[2,1]): [1;32mOK[0m
  MUL_MAT(type_a=iq2_xxs,type_b=f32,m=16,n=1,k=256,bs=[10,10],nr=[1,1]): [1;32mOK[0m
  MUL_MAT(type_a=iq2_xxs,type_b=f32,m=16,n=1,k=256,bs=[10,10],nr=[2,1]): [1;32mOK[0m
  MUL_MAT(type_a=iq2_xxs,type_b=f32,m=16,n=1,k=256,bs=[10,10],nr=[1,2]): not supported [CUDA0] 
  MUL_MAT(type_a=iq2_xxs,type_b=f32,m=16,n=1,k=256,bs=[10,10],nr=[2,2]): not supported [CUDA0] 
  MUL_MAT(type_a=iq2_xxs,type_b=f32,m=16,n=16,k=256,bs=[1,1],nr=[1,1]): [1;32mOK[0m
  MUL_MAT(type_a=iq2_xxs,type_b=f32,m=16,n=16,k=256,bs=[10,1],nr=[1,1]): [1;32mOK[0m
  MUL_MAT(type_a=iq2_xxs,type_b=f32,m=16,n=16,k=256,bs=[10,1],nr=[2,1]): [1;32mOK[0m
  MUL_MAT(type_a=iq2_xxs,type_b=f32,m=16,n=16,k=256,bs=[10,10],nr=[1,1]): [1;32mOK[0m
  MUL_MAT(type_a=iq2_xxs,type_b=f32,m=16,n=16,k=256,bs=[10,10],nr=[2,1]): [1;32mOK[0m
  MUL_MAT(type_a=iq2_xxs,type_b=f32,m=16,n=16,k=256,bs=[10,10],nr=[1,2]): not supported [CUDA0] 
  MUL_MAT(type_a=iq2_xxs,type_b=f32,m=16,n=16,k=256,bs=[10,10],nr=[2,2]): not supported [CUDA0] 
  MUL_MAT(type_a=iq2_xxs,type_b=f16,m=16,n=1,k=256,bs=[1,1],nr=[1,1]): not supported [CUDA0] not supported [CPU] 
  MUL_MAT(type_a=iq2_xxs,type_b=f16,m=16,n=1,k=256,bs=[10,1],nr=[1,1]): not supported [CUDA0] not supported [CPU] 
  MUL_MAT(type_a=iq2_xxs,type_b=f16,m=16,n=1,k=256,bs=[10,1],nr=[2,1]): not supported [CUDA0] not supported [CPU] 
  MUL_MAT(type_a=iq2_xxs,type_b=f16,m=16,n=1,k=256,bs=[10,10],nr=[1,1]): not supported [CUDA0] not supported [CPU] 
  MUL_MAT(type_a=iq2_xxs,type_b=f16,m=16,n=1,k=256,bs=[10,10],nr=[2,1]): not supported [CUDA0] not supported [CPU] 
  MUL_MAT(type_a=iq2_xxs,type_b=f16,m=16,n=1,k=256,bs=[10,10],nr=[1,2]): not supported [CUDA0] not supported [CPU] 
  MUL_MAT(type_a=iq2_xxs,type_b=f16,m=16,n=1,k=256,bs=[10,10],nr=[2,2]): not supported [CUDA0] not supported [CPU] 
  MUL_MAT(type_a=iq2_xxs,type_b=f16,m=16,n=16,k=256,bs=[1,1],nr=[1,1]): not supported [CUDA0] not supported [CPU] 
  MUL_MAT(type_a=iq2_xxs,type_b=f16,m=16,n=16,k=256,bs=[10,1],nr=[1,1]): not supported [CUDA0] not supported [CPU] 
  MUL_MAT(type_a=iq2_xxs,type_b=f16,m=16,n=16,k=256,bs=[10,1],nr=[2,1]): not supported [CUDA0] not supported [CPU] 
  MUL_MAT(type_a=iq2_xxs,type_b=f16,m=16,n=16,k=256,bs=[10,10],nr=[1,1]): not supported [CUDA0] not supported [CPU] 
  MUL_MAT(type_a=iq2_xxs,type_b=f16,m=16,n=16,k=256,bs=[10,10],nr=[2,1]): not supported [CUDA0] not supported [CPU] 
  MUL_MAT(type_a=iq2_xxs,type_b=f16,m=16,n=16,k=256,bs=[10,10],nr=[1,2]): not supported [CUDA0] not supported [CPU] 
  MUL_MAT(type_a=iq2_xxs,type_b=f16,m=16,n=16,k=256,bs=[10,10],nr=[2,2]): not supported [CUDA0] not supported [CPU] 
  MUL_MAT(type_a=q4_1,type_b=f32,m=16,n=1,k=32,bs=[1,1],nr=[1,1]): [MUL_MAT] NMSE = 0.000564719 > 0.000500000 [1;31mFAIL[0m
  MUL_MAT(type_a=q4_1,type_b=f32,m=16,n=1,k=256,bs=[1,1],nr=[1,1]): [1;32mOK[0m
  MUL_MAT(type_a=q5_0,type_b=f32,m=16,n=1,k=32,bs=[1,1],nr=[1,1]): [1;32mOK[0m
  MUL_MAT(type_a=q5_0,type_b=f32,m=16,n=1,k=256,bs=[1,1],nr=[1,1]): [1;32mOK[0m
  MUL_MAT(type_a=q5_1,type_b=f32,m=16,n=1,k=32,bs=[1,1],nr=[1,1]): [1;32mOK[0m
  MUL_MAT(type_a=q5_1,type_b=f32,m=16,n=1,k=256,bs=[1,1],nr=[1,1]): [1;32mOK[0m
  MUL_MAT(type_a=q8_0,type_b=f32,m=16,n=1,k=32,bs=[1,1],nr=[1,1]): [1;32mOK[0m
  MUL_MAT(type_a=q8_0,type_b=f32,m=16,n=1,k=256,bs=[1,1],nr=[1,1]): [1;32mOK[0m
  MUL_MAT(type_a=q2_K,type_b=f32,m=16,n=1,k=256,bs=[1,1],nr=[1,1]): [1;32mOK[0m
  MUL_MAT(type_a=q3_K,type_b=f32,m=16,n=1,k=256,bs=[1,1],nr=[1,1]): [1;32mOK[0m
  MUL_MAT(type_a=q5_K,type_b=f32,m=16,n=1,k=256,bs=[1,1],nr=[1,1]): [1;32mOK[0m
  MUL_MAT(type_a=q6_K,type_b=f32,m=16,n=1,k=256,bs=[1,1],nr=[1,1]): [1;32mOK[0m
  MUL_MAT(type_a=iq2_xs,type_b=f32,m=16,n=1,k=256,bs=[1,1],nr=[1,1]): [1;32mOK[0m
  MUL_MAT(type_a=iq2_s,type_b=f32,m=16,n=1,k=256,bs=[1,1],nr=[1,1]): [1;32mOK[0m
  MUL_MAT(type_a=iq3_xxs,type_b=f32,m=16,n=1,k=256,bs=[1,1],nr=[1,1]): [1;32mOK[0m
  MUL_MAT(type_a=iq1_s,type_b=f32,m=16,n=1,k=256,bs=[1,1],nr=[1,1]): [1;32mOK[0m
  MUL_MAT(type_a=iq1_m,type_b=f32,m=16,n=1,k=256,bs=[1,1],nr=[1,1]): [1;32mOK[0m
  MUL_MAT(type_a=iq4_nl,type_b=f32,m=16,n=1,k=32,bs=[1,1],nr=[1,1]): [1;32mOK[0m
  MUL_MAT(type_a=iq4_nl,type_b=f32,m=16,n=1,k=256,bs=[1,1],nr=[1,1]): [1;32mOK[0m
  MUL_MAT(type_a=iq3_s,type_b=f32,m=16,n=1,k=256,bs=[1,1],nr=[1,1]): [1;32mOK[0m
  MUL_MAT(type_a=iq4_xs,type_b=f32,m=16,n=1,k=256,bs=[1,1],nr=[1,1]): [1;32mOK[0m
  MUL_MAT(type_a=bf16,type_b=f32,m=16,n=1,k=1,bs=[1,1],nr=[1,1]): not supported [CUDA0] 
  MUL_MAT(type_a=bf16,type_b=f32,m=16,n=1,k=256,bs=[1,1],nr=[1,1]): not supported [CUDA0] 
  MUL_MAT(type_a=f16,type_b=f32,m=64,n=2,k=128,bs=[8,1],nr=[1,1]): [1;32mOK[0m
  MUL_MAT(type_a=f16,type_b=f32,m=83,n=2,k=128,bs=[8,1],nr=[4,1]): [1;32mOK[0m
  MUL_MAT(type_a=f16,type_b=f32,m=64,n=2,k=64,bs=[8,1],nr=[4,1]): [1;32mOK[0m
  MUL_MAT(type_a=f16,type_b=f32,m=83,n=2,k=64,bs=[8,1],nr=[4,1]): [1;32mOK[0m
  MUL_MAT(type_a=f16,type_b=f32,m=64,n=45,k=128,bs=[8,1],nr=[4,1]): [1;32mOK[0m
  MUL_MAT(type_a=f16,type_b=f32,m=128,n=45,k=64,bs=[8,1],nr=[4,1]): [1;32mOK[0m
  MUL_MAT_ID(type_a=f32,type_b=f32,n_mats=4,n_used=1,b=0,m=512,n=1,k=256): [1;32mOK[0m
  MUL_MAT_ID(type_a=f32,type_b=f32,n_mats=4,n_used=1,b=0,m=512,n=32,k=256): [1;32mOK[0m
  MUL_MAT_ID(type_a=f32,type_b=f32,n_mats=4,n_used=1,b=1,m=512,n=1,k=256): [1;32mOK[0m
  MUL_MAT_ID(type_a=f32,type_b=f32,n_mats=4,n_used=1,b=1,m=512,n=32,k=256): [1;32mOK[0m
  MUL_MAT_ID(type_a=f32,type_b=f32,n_mats=4,n_used=2,b=0,m=512,n=1,k=256): [1;32mOK[0m
  MUL_MAT_ID(type_a=f32,type_b=f32,n_mats=4,n_used=2,b=0,m=512,n=32,k=256): [1;32mOK[0m
  MUL_MAT_ID(type_a=f32,type_b=f32,n_mats=4,n_used=2,b=1,m=512,n=1,k=256): [1;32mOK[0m
  MUL_MAT_ID(type_a=f32,type_b=f32,n_mats=4,n_used=2,b=1,m=512,n=32,k=256): [1;32mOK[0m
  MUL_MAT_ID(type_a=f32,type_b=f32,n_mats=4,n_used=4,b=0,m=512,n=1,k=256): [1;32mOK[0m
  MUL_MAT_ID(type_a=f32,type_b=f32,n_mats=4,n_used=4,b=0,m=512,n=32,k=256): [1;32mOK[0m
  MUL_MAT_ID(type_a=f32,type_b=f32,n_mats=4,n_used=4,b=1,m=512,n=1,k=256): [1;32mOK[0m
  MUL_MAT_ID(type_a=f32,type_b=f32,n_mats=4,n_used=4,b=1,m=512,n=32,k=256): [1;32mOK[0m
  MUL_MAT_ID(type_a=f32,type_b=f32,n_mats=8,n_used=1,b=0,m=512,n=1,k=256): [1;32mOK[0m
  MUL_MAT_ID(type_a=f32,type_b=f32,n_mats=8,n_used=1,b=0,m=512,n=32,k=256): [1;32mOK[0m
  MUL_MAT_ID(type_a=f32,type_b=f32,n_mats=8,n_used=1,b=1,m=512,n=1,k=256): [1;32mOK[0m
  MUL_MAT_ID(type_a=f32,type_b=f32,n_mats=8,n_used=1,b=1,m=512,n=32,k=256): [1;32mOK[0m
  MUL_MAT_ID(type_a=f32,type_b=f32,n_mats=8,n_used=2,b=0,m=512,n=1,k=256): [1;32mOK[0m
  MUL_MAT_ID(type_a=f32,type_b=f32,n_mats=8,n_used=2,b=0,m=512,n=32,k=256): [1;32mOK[0m
  MUL_MAT_ID(type_a=f32,type_b=f32,n_mats=8,n_used=2,b=1,m=512,n=1,k=256): [1;32mOK[0m
  MUL_MAT_ID(type_a=f32,type_b=f32,n_mats=8,n_used=2,b=1,m=512,n=32,k=256): [1;32mOK[0m
  MUL_MAT_ID(type_a=f32,type_b=f32,n_mats=8,n_used=4,b=0,m=512,n=1,k=256): [1;32mOK[0m
  MUL_MAT_ID(type_a=f32,type_b=f32,n_mats=8,n_used=4,b=0,m=512,n=32,k=256): [1;32mOK[0m
  MUL_MAT_ID(type_a=f32,type_b=f32,n_mats=8,n_used=4,b=1,m=512,n=1,k=256): [1;32mOK[0m
  MUL_MAT_ID(type_a=f32,type_b=f32,n_mats=8,n_used=4,b=1,m=512,n=32,k=256): [1;32mOK[0m
  MUL_MAT_ID(type_a=f16,type_b=f32,n_mats=4,n_used=1,b=0,m=512,n=1,k=256): [1;32mOK[0m
  MUL_MAT_ID(type_a=f16,type_b=f32,n_mats=4,n_used=1,b=0,m=512,n=32,k=256): [1;32mOK[0m
  MUL_MAT_ID(type_a=f16,type_b=f32,n_mats=4,n_used=1,b=1,m=512,n=1,k=256): [1;32mOK[0m
  MUL_MAT_ID(type_a=f16,type_b=f32,n_mats=4,n_used=1,b=1,m=512,n=32,k=256): [1;32mOK[0m
  MUL_MAT_ID(type_a=f16,type_b=f32,n_mats=4,n_used=2,b=0,m=512,n=1,k=256): [1;32mOK[0m
  MUL_MAT_ID(type_a=f16,type_b=f32,n_mats=4,n_used=2,b=0,m=512,n=32,k=256): [1;32mOK[0m
  MUL_MAT_ID(type_a=f16,type_b=f32,n_mats=4,n_used=2,b=1,m=512,n=1,k=256): [1;32mOK[0m
  MUL_MAT_ID(type_a=f16,type_b=f32,n_mats=4,n_used=2,b=1,m=512,n=32,k=256): [1;32mOK[0m
  MUL_MAT_ID(type_a=f16,type_b=f32,n_mats=4,n_used=4,b=0,m=512,n=1,k=256): [1;32mOK[0m
  MUL_MAT_ID(type_a=f16,type_b=f32,n_mats=4,n_used=4,b=0,m=512,n=32,k=256): [1;32mOK[0m
  MUL_MAT_ID(type_a=f16,type_b=f32,n_mats=4,n_used=4,b=1,m=512,n=1,k=256): [1;32mOK[0m
  MUL_MAT_ID(type_a=f16,type_b=f32,n_mats=4,n_used=4,b=1,m=512,n=32,k=256): [1;32mOK[0m
  MUL_MAT_ID(type_a=f16,type_b=f32,n_mats=8,n_used=1,b=0,m=512,n=1,k=256): [1;32mOK[0m
  MUL_MAT_ID(type_a=f16,type_b=f32,n_mats=8,n_used=1,b=0,m=512,n=32,k=256): [1;32mOK[0m
  MUL_MAT_ID(type_a=f16,type_b=f32,n_mats=8,n_used=1,b=1,m=512,n=1,k=256): [1;32mOK[0m
  MUL_MAT_ID(type_a=f16,type_b=f32,n_mats=8,n_used=1,b=1,m=512,n=32,k=256): [1;32mOK[0m
  MUL_MAT_ID(type_a=f16,type_b=f32,n_mats=8,n_used=2,b=0,m=512,n=1,k=256): [1;32mOK[0m
  MUL_MAT_ID(type_a=f16,type_b=f32,n_mats=8,n_used=2,b=0,m=512,n=32,k=256): [1;32mOK[0m
  MUL_MAT_ID(type_a=f16,type_b=f32,n_mats=8,n_used=2,b=1,m=512,n=1,k=256): [1;32mOK[0m
  MUL_MAT_ID(type_a=f16,type_b=f32,n_mats=8,n_used=2,b=1,m=512,n=32,k=256): [1;32mOK[0m
  MUL_MAT_ID(type_a=f16,type_b=f32,n_mats=8,n_used=4,b=0,m=512,n=1,k=256): [1;32mOK[0m
  MUL_MAT_ID(type_a=f16,type_b=f32,n_mats=8,n_used=4,b=0,m=512,n=32,k=256): [1;32mOK[0m
  MUL_MAT_ID(type_a=f16,type_b=f32,n_mats=8,n_used=4,b=1,m=512,n=1,k=256): [1;32mOK[0m
  MUL_MAT_ID(type_a=f16,type_b=f32,n_mats=8,n_used=4,b=1,m=512,n=32,k=256): [1;32mOK[0m
  MUL_MAT_ID(type_a=q4_0,type_b=f32,n_mats=4,n_used=1,b=0,m=512,n=1,k=256): [1;32mOK[0m
  MUL_MAT_ID(type_a=q4_0,type_b=f32,n_mats=4,n_used=1,b=0,m=512,n=32,k=256): [1;32mOK[0m
  MUL_MAT_ID(type_a=q4_0,type_b=f32,n_mats=4,n_used=1,b=1,m=512,n=1,k=256): [1;32mOK[0m
  MUL_MAT_ID(type_a=q4_0,type_b=f32,n_mats=4,n_used=1,b=1,m=512,n=32,k=256): [1;32mOK[0m
  MUL_MAT_ID(type_a=q4_0,type_b=f32,n_mats=4,n_used=2,b=0,m=512,n=1,k=256): [1;32mOK[0m
  MUL_MAT_ID(type_a=q4_0,type_b=f32,n_mats=4,n_used=2,b=0,m=512,n=32,k=256): [1;32mOK[0m
  MUL_MAT_ID(type_a=q4_0,type_b=f32,n_mats=4,n_used=2,b=1,m=512,n=1,k=256): [1;32mOK[0m
  MUL_MAT_ID(type_a=q4_0,type_b=f32,n_mats=4,n_used=2,b=1,m=512,n=32,k=256): [1;32mOK[0m
  MUL_MAT_ID(type_a=q4_0,type_b=f32,n_mats=4,n_used=4,b=0,m=512,n=1,k=256): [1;32mOK[0m
  MUL_MAT_ID(type_a=q4_0,type_b=f32,n_mats=4,n_used=4,b=0,m=512,n=32,k=256): [1;32mOK[0m
  MUL_MAT_ID(type_a=q4_0,type_b=f32,n_mats=4,n_used=4,b=1,m=512,n=1,k=256): [1;32mOK[0m
  MUL_MAT_ID(type_a=q4_0,type_b=f32,n_mats=4,n_used=4,b=1,m=512,n=32,k=256): [1;32mOK[0m
  MUL_MAT_ID(type_a=q4_0,type_b=f32,n_mats=8,n_used=1,b=0,m=512,n=1,k=256): [1;32mOK[0m
  MUL_MAT_ID(type_a=q4_0,type_b=f32,n_mats=8,n_used=1,b=0,m=512,n=32,k=256): [1;32mOK[0m
  MUL_MAT_ID(type_a=q4_0,type_b=f32,n_mats=8,n_used=1,b=1,m=512,n=1,k=256): [1;32mOK[0m
  MUL_MAT_ID(type_a=q4_0,type_b=f32,n_mats=8,n_used=1,b=1,m=512,n=32,k=256): [1;32mOK[0m
  MUL_MAT_ID(type_a=q4_0,type_b=f32,n_mats=8,n_used=2,b=0,m=512,n=1,k=256): [1;32mOK[0m
  MUL_MAT_ID(type_a=q4_0,type_b=f32,n_mats=8,n_used=2,b=0,m=512,n=32,k=256): [1;32mOK[0m
  MUL_MAT_ID(type_a=q4_0,type_b=f32,n_mats=8,n_used=2,b=1,m=512,n=1,k=256): [1;32mOK[0m
  MUL_MAT_ID(type_a=q4_0,type_b=f32,n_mats=8,n_used=2,b=1,m=512,n=32,k=256): [1;32mOK[0m
  MUL_MAT_ID(type_a=q4_0,type_b=f32,n_mats=8,n_used=4,b=0,m=512,n=1,k=256): [1;32mOK[0m
  MUL_MAT_ID(type_a=q4_0,type_b=f32,n_mats=8,n_used=4,b=0,m=512,n=32,k=256): [1;32mOK[0m
  MUL_MAT_ID(type_a=q4_0,type_b=f32,n_mats=8,n_used=4,b=1,m=512,n=1,k=256): [1;32mOK[0m
  MUL_MAT_ID(type_a=q4_0,type_b=f32,n_mats=8,n_used=4,b=1,m=512,n=32,k=256): [1;32mOK[0m
  MUL_MAT_ID(type_a=q4_K,type_b=f32,n_mats=4,n_used=1,b=0,m=512,n=1,k=256): [1;32mOK[0m
  MUL_MAT_ID(type_a=q4_K,type_b=f32,n_mats=4,n_used=1,b=0,m=512,n=32,k=256): [1;32mOK[0m
  MUL_MAT_ID(type_a=q4_K,type_b=f32,n_mats=4,n_used=1,b=1,m=512,n=1,k=256): [1;32mOK[0m
  MUL_MAT_ID(type_a=q4_K,type_b=f32,n_mats=4,n_used=1,b=1,m=512,n=32,k=256): [1;32mOK[0m
  MUL_MAT_ID(type_a=q4_K,type_b=f32,n_mats=4,n_used=2,b=0,m=512,n=1,k=256): [1;32mOK[0m
  MUL_MAT_ID(type_a=q4_K,type_b=f32,n_mats=4,n_used=2,b=0,m=512,n=32,k=256): [1;32mOK[0m
  MUL_MAT_ID(type_a=q4_K,type_b=f32,n_mats=4,n_used=2,b=1,m=512,n=1,k=256): [1;32mOK[0m
  MUL_MAT_ID(type_a=q4_K,type_b=f32,n_mats=4,n_used=2,b=1,m=512,n=32,k=256): [1;32mOK[0m
  MUL_MAT_ID(type_a=q4_K,type_b=f32,n_mats=4,n_used=4,b=0,m=512,n=1,k=256): [1;32mOK[0m
  MUL_MAT_ID(type_a=q4_K,type_b=f32,n_mats=4,n_used=4,b=0,m=512,n=32,k=256): [1;32mOK[0m
  MUL_MAT_ID(type_a=q4_K,type_b=f32,n_mats=4,n_used=4,b=1,m=512,n=1,k=256): [1;32mOK[0m
  MUL_MAT_ID(type_a=q4_K,type_b=f32,n_mats=4,n_used=4,b=1,m=512,n=32,k=256): [1;32mOK[0m
  MUL_MAT_ID(type_a=q4_K,type_b=f32,n_mats=8,n_used=1,b=0,m=512,n=1,k=256): [1;32mOK[0m
  MUL_MAT_ID(type_a=q4_K,type_b=f32,n_mats=8,n_used=1,b=0,m=512,n=32,k=256): [1;32mOK[0m
  MUL_MAT_ID(type_a=q4_K,type_b=f32,n_mats=8,n_used=1,b=1,m=512,n=1,k=256): [1;32mOK[0m
  MUL_MAT_ID(type_a=q4_K,type_b=f32,n_mats=8,n_used=1,b=1,m=512,n=32,k=256): [1;32mOK[0m
  MUL_MAT_ID(type_a=q4_K,type_b=f32,n_mats=8,n_used=2,b=0,m=512,n=1,k=256): [1;32mOK[0m
  MUL_MAT_ID(type_a=q4_K,type_b=f32,n_mats=8,n_used=2,b=0,m=512,n=32,k=256): [1;32mOK[0m
  MUL_MAT_ID(type_a=q4_K,type_b=f32,n_mats=8,n_used=2,b=1,m=512,n=1,k=256): [1;32mOK[0m
  MUL_MAT_ID(type_a=q4_K,type_b=f32,n_mats=8,n_used=2,b=1,m=512,n=32,k=256): [1;32mOK[0m
  MUL_MAT_ID(type_a=q4_K,type_b=f32,n_mats=8,n_used=4,b=0,m=512,n=1,k=256): [1;32mOK[0m
  MUL_MAT_ID(type_a=q4_K,type_b=f32,n_mats=8,n_used=4,b=0,m=512,n=32,k=256): [1;32mOK[0m
  MUL_MAT_ID(type_a=q4_K,type_b=f32,n_mats=8,n_used=4,b=1,m=512,n=1,k=256): [1;32mOK[0m
  MUL_MAT_ID(type_a=q4_K,type_b=f32,n_mats=8,n_used=4,b=1,m=512,n=32,k=256): [1;32mOK[0m
  MUL_MAT_ID(type_a=iq2_xxs,type_b=f32,n_mats=4,n_used=1,b=0,m=512,n=1,k=256): [1;32mOK[0m
  MUL_MAT_ID(type_a=iq2_xxs,type_b=f32,n_mats=4,n_used=1,b=0,m=512,n=32,k=256): [1;32mOK[0m
  MUL_MAT_ID(type_a=iq2_xxs,type_b=f32,n_mats=4,n_used=1,b=1,m=512,n=1,k=256): [1;32mOK[0m
  MUL_MAT_ID(type_a=iq2_xxs,type_b=f32,n_mats=4,n_used=1,b=1,m=512,n=32,k=256): [1;32mOK[0m
  MUL_MAT_ID(type_a=iq2_xxs,type_b=f32,n_mats=4,n_used=2,b=0,m=512,n=1,k=256): [1;32mOK[0m
  MUL_MAT_ID(type_a=iq2_xxs,type_b=f32,n_mats=4,n_used=2,b=0,m=512,n=32,k=256): [1;32mOK[0m
  MUL_MAT_ID(type_a=iq2_xxs,type_b=f32,n_mats=4,n_used=2,b=1,m=512,n=1,k=256): [1;32mOK[0m
  MUL_MAT_ID(type_a=iq2_xxs,type_b=f32,n_mats=4,n_used=2,b=1,m=512,n=32,k=256): [1;32mOK[0m
  MUL_MAT_ID(type_a=iq2_xxs,type_b=f32,n_mats=4,n_used=4,b=0,m=512,n=1,k=256): [1;32mOK[0m
  MUL_MAT_ID(type_a=iq2_xxs,type_b=f32,n_mats=4,n_used=4,b=0,m=512,n=32,k=256): [1;32mOK[0m
  MUL_MAT_ID(type_a=iq2_xxs,type_b=f32,n_mats=4,n_used=4,b=1,m=512,n=1,k=256): [1;32mOK[0m
  MUL_MAT_ID(type_a=iq2_xxs,type_b=f32,n_mats=4,n_used=4,b=1,m=512,n=32,k=256): [1;32mOK[0m
  MUL_MAT_ID(type_a=iq2_xxs,type_b=f32,n_mats=8,n_used=1,b=0,m=512,n=1,k=256): [1;32mOK[0m
  MUL_MAT_ID(type_a=iq2_xxs,type_b=f32,n_mats=8,n_used=1,b=0,m=512,n=32,k=256): [1;32mOK[0m
  MUL_MAT_ID(type_a=iq2_xxs,type_b=f32,n_mats=8,n_used=1,b=1,m=512,n=1,k=256): [1;32mOK[0m
  MUL_MAT_ID(type_a=iq2_xxs,type_b=f32,n_mats=8,n_used=1,b=1,m=512,n=32,k=256): [1;32mOK[0m
  MUL_MAT_ID(type_a=iq2_xxs,type_b=f32,n_mats=8,n_used=2,b=0,m=512,n=1,k=256): [1;32mOK[0m
  MUL_MAT_ID(type_a=iq2_xxs,type_b=f32,n_mats=8,n_used=2,b=0,m=512,n=32,k=256): [1;32mOK[0m
  MUL_MAT_ID(type_a=iq2_xxs,type_b=f32,n_mats=8,n_used=2,b=1,m=512,n=1,k=256): [1;32mOK[0m
  MUL_MAT_ID(type_a=iq2_xxs,type_b=f32,n_mats=8,n_used=2,b=1,m=512,n=32,k=256): [1;32mOK[0m
  MUL_MAT_ID(type_a=iq2_xxs,type_b=f32,n_mats=8,n_used=4,b=0,m=512,n=1,k=256): [1;32mOK[0m
  MUL_MAT_ID(type_a=iq2_xxs,type_b=f32,n_mats=8,n_used=4,b=0,m=512,n=32,k=256): [1;32mOK[0m
  MUL_MAT_ID(type_a=iq2_xxs,type_b=f32,n_mats=8,n_used=4,b=1,m=512,n=1,k=256): [1;32mOK[0m
  MUL_MAT_ID(type_a=iq2_xxs,type_b=f32,n_mats=8,n_used=4,b=1,m=512,n=32,k=256): [1;32mOK[0m
  MUL_MAT_ID(type_a=q4_1,type_b=f32,n_mats=4,n_used=2,b=0,m=512,n=1,k=256): [1;32mOK[0m
  MUL_MAT_ID(type_a=q5_0,type_b=f32,n_mats=4,n_used=2,b=0,m=512,n=1,k=256): [1;32mOK[0m
  MUL_MAT_ID(type_a=q5_1,type_b=f32,n_mats=4,n_used=2,b=0,m=512,n=1,k=256): [1;32mOK[0m
  MUL_MAT_ID(type_a=q8_0,type_b=f32,n_mats=4,n_used=2,b=0,m=512,n=1,k=256): [1;32mOK[0m
  MUL_MAT_ID(type_a=q2_K,type_b=f32,n_mats=4,n_used=2,b=0,m=512,n=1,k=256): [1;32mOK[0m
  MUL_MAT_ID(type_a=q3_K,type_b=f32,n_mats=4,n_used=2,b=0,m=512,n=1,k=256): [1;32mOK[0m
  MUL_MAT_ID(type_a=q5_K,type_b=f32,n_mats=4,n_used=2,b=0,m=512,n=1,k=256): [1;32mOK[0m
  MUL_MAT_ID(type_a=q6_K,type_b=f32,n_mats=4,n_used=2,b=0,m=512,n=1,k=256): [1;32mOK[0m
  MUL_MAT_ID(type_a=iq2_xs,type_b=f32,n_mats=4,n_used=2,b=0,m=512,n=1,k=256): [1;32mOK[0m
  MUL_MAT_ID(type_a=iq2_s,type_b=f32,n_mats=4,n_used=2,b=0,m=512,n=1,k=256): [1;32mOK[0m
  MUL_MAT_ID(type_a=iq3_xxs,type_b=f32,n_mats=4,n_used=2,b=0,m=512,n=1,k=256): [1;32mOK[0m
  MUL_MAT_ID(type_a=iq1_s,type_b=f32,n_mats=4,n_used=2,b=0,m=512,n=1,k=256): [1;32mOK[0m
  MUL_MAT_ID(type_a=iq1_m,type_b=f32,n_mats=4,n_used=2,b=0,m=512,n=1,k=256): [1;32mOK[0m
  MUL_MAT_ID(type_a=iq4_nl,type_b=f32,n_mats=4,n_used=2,b=0,m=512,n=1,k=256): [1;32mOK[0m
  MUL_MAT_ID(type_a=iq3_s,type_b=f32,n_mats=4,n_used=2,b=0,m=512,n=1,k=256): [1;32mOK[0m
  MUL_MAT_ID(type_a=iq4_xs,type_b=f32,n_mats=4,n_used=2,b=0,m=512,n=1,k=256): [1;32mOK[0m
  MUL_MAT_ID(type_a=bf16,type_b=f32,n_mats=4,n_used=2,b=0,m=512,n=1,k=256): not supported [CUDA0] 
  SQR(type=f32,ne=[10,10,10,10]): [1;32mOK[0m
  SQRT(type=f32,ne=[10,10,10,10]): [1;32mOK[0m
  SIN(type=f32,ne=[10,10,10,10]): [1;32mOK[0m
  COS(type=f32,ne=[10,10,10,10]): [1;32mOK[0m
  CLAMP(type=f32,ne=[10,10,10,10],min=-0.500000,max=0.500000): [1;32mOK[0m
  DIAG_MASK_INF(type=f32,ne=[10,10,1,1],n_past=5): [1;32mOK[0m
  DIAG_MASK_INF(type=f32,ne=[10,10,10,1],n_past=5): [1;32mOK[0m
  DIAG_MASK_INF(type=f32,ne=[10,10,10,10],n_past=5): [1;32mOK[0m
  SOFT_MAX(type=f32,ne=[16,16,1,1],mask=0,scale=1.000000,max_bias=0.000000): [1;32mOK[0m
  SOFT_MAX(type=f32,ne=[15,15,1,1],mask=0,scale=1.000000,max_bias=0.000000): [1;32mOK[0m
  SOFT_MAX(type=f32,ne=[16,1024,1,1],mask=0,scale=1.000000,max_bias=0.000000): [1;32mOK[0m
  SOFT_MAX(type=f32,ne=[15,1023,1,1],mask=0,scale=1.000000,max_bias=0.000000): [1;32mOK[0m
  SOFT_MAX(type=f32,ne=[1024,16,1,1],mask=0,scale=1.000000,max_bias=0.000000): [1;32mOK[0m
  SOFT_MAX(type=f32,ne=[1023,15,1,1],mask=0,scale=1.000000,max_bias=0.000000): [1;32mOK[0m
  SOFT_MAX(type=f32,ne=[1024,1024,1,1],mask=0,scale=1.000000,max_bias=0.000000): [1;32mOK[0m
  SOFT_MAX(type=f32,ne=[1023,1023,1,1],mask=0,scale=1.000000,max_bias=0.000000): [1;32mOK[0m
  SOFT_MAX(type=f32,ne=[16,16,1,1],mask=0,scale=0.100000,max_bias=0.000000): [1;32mOK[0m
  SOFT_MAX(type=f32,ne=[15,15,1,1],mask=0,scale=0.100000,max_bias=0.000000): [1;32mOK[0m
  SOFT_MAX(type=f32,ne=[16,1024,1,1],mask=0,scale=0.100000,max_bias=0.000000): [1;32mOK[0m
  SOFT_MAX(type=f32,ne=[15,1023,1,1],mask=0,scale=0.100000,max_bias=0.000000): [1;32mOK[0m
  SOFT_MAX(type=f32,ne=[1024,16,1,1],mask=0,scale=0.100000,max_bias=0.000000): [1;32mOK[0m
  SOFT_MAX(type=f32,ne=[1023,15,1,1],mask=0,scale=0.100000,max_bias=0.000000): [1;32mOK[0m
  SOFT_MAX(type=f32,ne=[1024,1024,1,1],mask=0,scale=0.100000,max_bias=0.000000): [1;32mOK[0m
  SOFT_MAX(type=f32,ne=[1023,1023,1,1],mask=0,scale=0.100000,max_bias=0.000000): [1;32mOK[0m
  SOFT_MAX(type=f32,ne=[16,16,1,1],mask=1,scale=1.000000,max_bias=0.000000): [1;32mOK[0m
  SOFT_MAX(type=f32,ne=[15,15,1,1],mask=1,scale=1.000000,max_bias=0.000000): [1;32mOK[0m
  SOFT_MAX(type=f32,ne=[16,1024,1,1],mask=1,scale=1.000000,max_bias=0.000000): [1;32mOK[0m
  SOFT_MAX(type=f32,ne=[15,1023,1,1],mask=1,scale=1.000000,max_bias=0.000000): [1;32mOK[0m
  SOFT_MAX(type=f32,ne=[1024,16,1,1],mask=1,scale=1.000000,max_bias=0.000000): [1;32mOK[0m
  SOFT_MAX(type=f32,ne=[1023,15,1,1],mask=1,scale=1.000000,max_bias=0.000000): [1;32mOK[0m
  SOFT_MAX(type=f32,ne=[1024,1024,1,1],mask=1,scale=1.000000,max_bias=0.000000): [1;32mOK[0m
  SOFT_MAX(type=f32,ne=[1023,1023,1,1],mask=1,scale=1.000000,max_bias=0.000000): [1;32mOK[0m
  SOFT_MAX(type=f32,ne=[16,16,1,1],mask=1,scale=0.100000,max_bias=0.000000): [1;32mOK[0m
  SOFT_MAX(type=f32,ne=[15,15,1,1],mask=1,scale=0.100000,max_bias=0.000000): [1;32mOK[0m
  SOFT_MAX(type=f32,ne=[16,1024,1,1],mask=1,scale=0.100000,max_bias=0.000000): [1;32mOK[0m
  SOFT_MAX(type=f32,ne=[15,1023,1,1],mask=1,scale=0.100000,max_bias=0.000000): [1;32mOK[0m
  SOFT_MAX(type=f32,ne=[1024,16,1,1],mask=1,scale=0.100000,max_bias=0.000000): [1;32mOK[0m
  SOFT_MAX(type=f32,ne=[1023,15,1,1],mask=1,scale=0.100000,max_bias=0.000000): [1;32mOK[0m
  SOFT_MAX(type=f32,ne=[1024,1024,1,1],mask=1,scale=0.100000,max_bias=0.000000): [1;32mOK[0m
  SOFT_MAX(type=f32,ne=[1023,1023,1,1],mask=1,scale=0.100000,max_bias=0.000000): [1;32mOK[0m
  SOFT_MAX(type=f32,ne=[16,16,1,1],mask=1,scale=1.000000,max_bias=8.000000): [1;32mOK[0m
  SOFT_MAX(type=f32,ne=[15,15,1,1],mask=1,scale=1.000000,max_bias=8.000000): [1;32mOK[0m
  SOFT_MAX(type=f32,ne=[16,1024,1,1],mask=1,scale=1.000000,max_bias=8.000000): [1;32mOK[0m
  SOFT_MAX(type=f32,ne=[15,1023,1,1],mask=1,scale=1.000000,max_bias=8.000000): [1;32mOK[0m
  SOFT_MAX(type=f32,ne=[1024,16,1,1],mask=1,scale=1.000000,max_bias=8.000000): [1;32mOK[0m
  SOFT_MAX(type=f32,ne=[1023,15,1,1],mask=1,scale=1.000000,max_bias=8.000000): [1;32mOK[0m
  SOFT_MAX(type=f32,ne=[1024,1024,1,1],mask=1,scale=1.000000,max_bias=8.000000): [1;32mOK[0m
  SOFT_MAX(type=f32,ne=[1023,1023,1,1],mask=1,scale=1.000000,max_bias=8.000000): [1;32mOK[0m
  SOFT_MAX(type=f32,ne=[16,16,1,1],mask=1,scale=0.100000,max_bias=8.000000): [1;32mOK[0m
  SOFT_MAX(type=f32,ne=[15,15,1,1],mask=1,scale=0.100000,max_bias=8.000000): [1;32mOK[0m
  SOFT_MAX(type=f32,ne=[16,1024,1,1],mask=1,scale=0.100000,max_bias=8.000000): [1;32mOK[0m
  SOFT_MAX(type=f32,ne=[15,1023,1,1],mask=1,scale=0.100000,max_bias=8.000000): [1;32mOK[0m
  SOFT_MAX(type=f32,ne=[1024,16,1,1],mask=1,scale=0.100000,max_bias=8.000000): [1;32mOK[0m
  SOFT_MAX(type=f32,ne=[1023,15,1,1],mask=1,scale=0.100000,max_bias=8.000000): [1;32mOK[0m
  SOFT_MAX(type=f32,ne=[1024,1024,1,1],mask=1,scale=0.100000,max_bias=8.000000): [1;32mOK[0m
  SOFT_MAX(type=f32,ne=[1023,1023,1,1],mask=1,scale=0.100000,max_bias=8.000000): [1;32mOK[0m
  SOFT_MAX(type=f32,ne=[16,2,32,1],mask=1,scale=0.100000,max_bias=0.000000): [1;32mOK[0m
  SOFT_MAX(type=f32,ne=[16,2,32,1],mask=0,scale=0.100000,max_bias=0.000000): [1;32mOK[0m
  SOFT_MAX(type=f32,ne=[32,2,32,1],mask=1,scale=0.100000,max_bias=0.000000): [1;32mOK[0m
  SOFT_MAX(type=f32,ne=[32,2,32,1],mask=1,scale=0.100000,max_bias=8.000000): [1;32mOK[0m
  ROPE(type=f32,ne_a=[128,32,10,1],n_dims=128,mode=0,n_ctx=512,fs=1.000000,ef=0.000000,af=1.000000,ff=0,v=0): [1;32mOK[0m
  ROPE(type=f32,ne_a=[128,40,10,1],n_dims=128,mode=0,n_ctx=512,fs=1.000000,ef=0.000000,af=1.000000,ff=0,v=0): [1;32mOK[0m
  ROPE(type=f32,ne_a=[128,52,10,1],n_dims=128,mode=0,n_ctx=512,fs=1.000000,ef=0.000000,af=1.000000,ff=0,v=0): [1;32mOK[0m
  ROPE(type=f32,ne_a=[128,64,10,1],n_dims=128,mode=0,n_ctx=512,fs=1.000000,ef=0.000000,af=1.000000,ff=0,v=0): [1;32mOK[0m
  ROPE(type=f32,ne_a=[64,1,10,1],n_dims=64,mode=2,n_ctx=512,fs=1.000000,ef=0.000000,af=1.000000,ff=0,v=0): [1;32mOK[0m
  ROPE(type=f32,ne_a=[64,71,10,1],n_dims=64,mode=2,n_ctx=512,fs=1.000000,ef=0.000000,af=1.000000,ff=0,v=0): [1;32mOK[0m
  ROPE(type=f32,ne_a=[64,8,10,1],n_dims=64,mode=2,n_ctx=512,fs=1.000000,ef=0.000000,af=1.000000,ff=0,v=0): [1;32mOK[0m
  ROPE(type=f32,ne_a=[80,32,10,1],n_dims=20,mode=2,n_ctx=512,fs=1.000000,ef=0.000000,af=1.000000,ff=0,v=0): [1;32mOK[0m
  ROPE(type=f32,ne_a=[80,32,10,1],n_dims=32,mode=2,n_ctx=512,fs=1.000000,ef=0.000000,af=1.000000,ff=0,v=0): [1;32mOK[0m
  ROPE(type=f32,ne_a=[64,128,10,1],n_dims=64,mode=2,n_ctx=512,fs=1.000000,ef=0.000000,af=1.000000,ff=0,v=0): [1;32mOK[0m
  ROPE(type=f32,ne_a=[128,32,10,1],n_dims=128,mode=0,n_ctx=512,fs=1.000000,ef=0.000000,af=1.000000,ff=1,v=0): [1;32mOK[0m
  ROPE(type=f32,ne_a=[128,40,10,1],n_dims=128,mode=0,n_ctx=512,fs=1.000000,ef=0.000000,af=1.000000,ff=1,v=0): [1;32mOK[0m
  ROPE(type=f32,ne_a=[128,52,10,1],n_dims=128,mode=0,n_ctx=512,fs=1.000000,ef=0.000000,af=1.000000,ff=1,v=0): [1;32mOK[0m
  ROPE(type=f32,ne_a=[128,64,10,1],n_dims=128,mode=0,n_ctx=512,fs=1.000000,ef=0.000000,af=1.000000,ff=1,v=0): [1;32mOK[0m
  ROPE(type=f32,ne_a=[64,1,10,1],n_dims=64,mode=2,n_ctx=512,fs=1.000000,ef=0.000000,af=1.000000,ff=1,v=0): [1;32mOK[0m
  ROPE(type=f32,ne_a=[64,71,10,1],n_dims=64,mode=2,n_ctx=512,fs=1.000000,ef=0.000000,af=1.000000,ff=1,v=0): [1;32mOK[0m
  ROPE(type=f32,ne_a=[64,8,10,1],n_dims=64,mode=2,n_ctx=512,fs=1.000000,ef=0.000000,af=1.000000,ff=1,v=0): [1;32mOK[0m
  ROPE(type=f32,ne_a=[80,32,10,1],n_dims=20,mode=2,n_ctx=512,fs=1.000000,ef=0.000000,af=1.000000,ff=1,v=0): [1;32mOK[0m
  ROPE(type=f32,ne_a=[80,32,10,1],n_dims=32,mode=2,n_ctx=512,fs=1.000000,ef=0.000000,af=1.000000,ff=1,v=0): [1;32mOK[0m
  ROPE(type=f32,ne_a=[64,128,10,1],n_dims=64,mode=2,n_ctx=512,fs=1.000000,ef=0.000000,af=1.000000,ff=1,v=0): [1;32mOK[0m
  ROPE(type=f16,ne_a=[128,32,10,1],n_dims=128,mode=0,n_ctx=512,fs=1.000000,ef=0.000000,af=1.000000,ff=0,v=0): [1;32mOK[0m
  ROPE(type=f16,ne_a=[128,40,10,1],n_dims=128,mode=0,n_ctx=512,fs=1.000000,ef=0.000000,af=1.000000,ff=0,v=0): [1;32mOK[0m
  ROPE(type=f16,ne_a=[128,52,10,1],n_dims=128,mode=0,n_ctx=512,fs=1.000000,ef=0.000000,af=1.000000,ff=0,v=0): [1;32mOK[0m
  ROPE(type=f16,ne_a=[128,64,10,1],n_dims=128,mode=0,n_ctx=512,fs=1.000000,ef=0.000000,af=1.000000,ff=0,v=0): [1;32mOK[0m
  ROPE(type=f16,ne_a=[64,1,10,1],n_dims=64,mode=2,n_ctx=512,fs=1.000000,ef=0.000000,af=1.000000,ff=0,v=0): [1;32mOK[0m
  ROPE(type=f16,ne_a=[64,71,10,1],n_dims=64,mode=2,n_ctx=512,fs=1.000000,ef=0.000000,af=1.000000,ff=0,v=0): [1;32mOK[0m
  ROPE(type=f16,ne_a=[64,8,10,1],n_dims=64,mode=2,n_ctx=512,fs=1.000000,ef=0.000000,af=1.000000,ff=0,v=0): [1;32mOK[0m
  ROPE(type=f16,ne_a=[80,32,10,1],n_dims=20,mode=2,n_ctx=512,fs=1.000000,ef=0.000000,af=1.000000,ff=0,v=0): [1;32mOK[0m
  ROPE(type=f16,ne_a=[80,32,10,1],n_dims=32,mode=2,n_ctx=512,fs=1.000000,ef=0.000000,af=1.000000,ff=0,v=0): [1;32mOK[0m
  ROPE(type=f16,ne_a=[64,128,10,1],n_dims=64,mode=2,n_ctx=512,fs=1.000000,ef=0.000000,af=1.000000,ff=0,v=0): [1;32mOK[0m
  ROPE(type=f16,ne_a=[128,32,10,1],n_dims=128,mode=0,n_ctx=512,fs=1.000000,ef=0.000000,af=1.000000,ff=1,v=0): [1;32mOK[0m
  ROPE(type=f16,ne_a=[128,40,10,1],n_dims=128,mode=0,n_ctx=512,fs=1.000000,ef=0.000000,af=1.000000,ff=1,v=0): [1;32mOK[0m
  ROPE(type=f16,ne_a=[128,52,10,1],n_dims=128,mode=0,n_ctx=512,fs=1.000000,ef=0.000000,af=1.000000,ff=1,v=0): [1;32mOK[0m
  ROPE(type=f16,ne_a=[128,64,10,1],n_dims=128,mode=0,n_ctx=512,fs=1.000000,ef=0.000000,af=1.000000,ff=1,v=0): [1;32mOK[0m
  ROPE(type=f16,ne_a=[64,1,10,1],n_dims=64,mode=2,n_ctx=512,fs=1.000000,ef=0.000000,af=1.000000,ff=1,v=0): [1;32mOK[0m
  ROPE(type=f16,ne_a=[64,71,10,1],n_dims=64,mode=2,n_ctx=512,fs=1.000000,ef=0.000000,af=1.000000,ff=1,v=0): [1;32mOK[0m
  ROPE(type=f16,ne_a=[64,8,10,1],n_dims=64,mode=2,n_ctx=512,fs=1.000000,ef=0.000000,af=1.000000,ff=1,v=0): [1;32mOK[0m
  ROPE(type=f16,ne_a=[80,32,10,1],n_dims=20,mode=2,n_ctx=512,fs=1.000000,ef=0.000000,af=1.000000,ff=1,v=0): [1;32mOK[0m
  ROPE(type=f16,ne_a=[80,32,10,1],n_dims=32,mode=2,n_ctx=512,fs=1.000000,ef=0.000000,af=1.000000,ff=1,v=0): [1;32mOK[0m
  ROPE(type=f16,ne_a=[64,128,10,1],n_dims=64,mode=2,n_ctx=512,fs=1.000000,ef=0.000000,af=1.000000,ff=1,v=0): [1;32mOK[0m
  ROPE(type=f32,ne_a=[128,32,10,1],n_dims=128,mode=0,n_ctx=512,fs=1.000000,ef=0.000000,af=1.424500,ff=0,v=0): [1;32mOK[0m
  ROPE(type=f32,ne_a=[64,128,10,1],n_dims=64,mode=2,n_ctx=512,fs=1.000000,ef=0.000000,af=1.424500,ff=0,v=0): [1;32mOK[0m
  ROPE(type=f32,ne_a=[128,32,10,1],n_dims=128,mode=0,n_ctx=512,fs=1.000000,ef=0.000000,af=1.424500,ff=1,v=0): [1;32mOK[0m
  ROPE(type=f32,ne_a=[64,128,10,1],n_dims=64,mode=2,n_ctx=512,fs=1.000000,ef=0.000000,af=1.424500,ff=1,v=0): [1;32mOK[0m
  ROPE(type=f16,ne_a=[128,32,10,1],n_dims=128,mode=0,n_ctx=512,fs=1.000000,ef=0.000000,af=1.424500,ff=0,v=0): [1;32mOK[0m
  ROPE(type=f16,ne_a=[64,128,10,1],n_dims=64,mode=2,n_ctx=512,fs=1.000000,ef=0.000000,af=1.424500,ff=0,v=0): [1;32mOK[0m
  ROPE(type=f16,ne_a=[128,32,10,1],n_dims=128,mode=0,n_ctx=512,fs=1.000000,ef=0.000000,af=1.424500,ff=1,v=0): [1;32mOK[0m
  ROPE(type=f16,ne_a=[64,128,10,1],n_dims=64,mode=2,n_ctx=512,fs=1.000000,ef=0.000000,af=1.424500,ff=1,v=0): [1;32mOK[0m
  ROPE(type=f32,ne_a=[128,32,10,1],n_dims=128,mode=0,n_ctx=512,fs=1.000000,ef=0.746500,af=1.000000,ff=0,v=0): [1;32mOK[0m
  ROPE(type=f32,ne_a=[64,128,10,1],n_dims=64,mode=2,n_ctx=512,fs=1.000000,ef=0.746500,af=1.000000,ff=0,v=0): [1;32mOK[0m
  ROPE(type=f32,ne_a=[128,32,10,1],n_dims=128,mode=0,n_ctx=512,fs=1.000000,ef=0.746500,af=1.000000,ff=1,v=0): [1;32mOK[0m
  ROPE(type=f32,ne_a=[64,128,10,1],n_dims=64,mode=2,n_ctx=512,fs=1.000000,ef=0.746500,af=1.000000,ff=1,v=0): [1;32mOK[0m
  ROPE(type=f16,ne_a=[128,32,10,1],n_dims=128,mode=0,n_ctx=512,fs=1.000000,ef=0.746500,af=1.000000,ff=0,v=0): [1;32mOK[0m
  ROPE(type=f16,ne_a=[64,128,10,1],n_dims=64,mode=2,n_ctx=512,fs=1.000000,ef=0.746500,af=1.000000,ff=0,v=0): [1;32mOK[0m
  ROPE(type=f16,ne_a=[128,32,10,1],n_dims=128,mode=0,n_ctx=512,fs=1.000000,ef=0.746500,af=1.000000,ff=1,v=0): [1;32mOK[0m
  ROPE(type=f16,ne_a=[64,128,10,1],n_dims=64,mode=2,n_ctx=512,fs=1.000000,ef=0.746500,af=1.000000,ff=1,v=0): [1;32mOK[0m
  ROPE(type=f32,ne_a=[128,32,10,1],n_dims=128,mode=0,n_ctx=512,fs=1.000000,ef=0.746500,af=1.424500,ff=0,v=0): [1;32mOK[0m
  ROPE(type=f32,ne_a=[64,128,10,1],n_dims=64,mode=2,n_ctx=512,fs=1.000000,ef=0.746500,af=1.424500,ff=0,v=0): [1;32mOK[0m
  ROPE(type=f32,ne_a=[128,32,10,1],n_dims=128,mode=0,n_ctx=512,fs=1.000000,ef=0.746500,af=1.424500,ff=1,v=0): [1;32mOK[0m
  ROPE(type=f32,ne_a=[64,128,10,1],n_dims=64,mode=2,n_ctx=512,fs=1.000000,ef=0.746500,af=1.424500,ff=1,v=0): [1;32mOK[0m
  ROPE(type=f16,ne_a=[128,32,10,1],n_dims=128,mode=0,n_ctx=512,fs=1.000000,ef=0.746500,af=1.424500,ff=0,v=0): [1;32mOK[0m
  ROPE(type=f16,ne_a=[64,128,10,1],n_dims=64,mode=2,n_ctx=512,fs=1.000000,ef=0.746500,af=1.424500,ff=0,v=0): [1;32mOK[0m
  ROPE(type=f16,ne_a=[128,32,10,1],n_dims=128,mode=0,n_ctx=512,fs=1.000000,ef=0.746500,af=1.424500,ff=1,v=0): [1;32mOK[0m
  ROPE(type=f16,ne_a=[64,128,10,1],n_dims=64,mode=2,n_ctx=512,fs=1.000000,ef=0.746500,af=1.424500,ff=1,v=0): [1;32mOK[0m
  ROPE(type=f32,ne_a=[128,32,10,1],n_dims=128,mode=0,n_ctx=512,fs=1.424500,ef=0.000000,af=1.000000,ff=0,v=0): [1;32mOK[0m
  ROPE(type=f32,ne_a=[64,128,10,1],n_dims=64,mode=2,n_ctx=512,fs=1.424500,ef=0.000000,af=1.000000,ff=0,v=0): [1;32mOK[0m
  ROPE(type=f32,ne_a=[128,32,10,1],n_dims=128,mode=0,n_ctx=512,fs=1.424500,ef=0.000000,af=1.000000,ff=1,v=0): [1;32mOK[0m
  ROPE(type=f32,ne_a=[64,128,10,1],n_dims=64,mode=2,n_ctx=512,fs=1.424500,ef=0.000000,af=1.000000,ff=1,v=0): [1;32mOK[0m
  ROPE(type=f16,ne_a=[128,32,10,1],n_dims=128,mode=0,n_ctx=512,fs=1.424500,ef=0.000000,af=1.000000,ff=0,v=0): [1;32mOK[0m
  ROPE(type=f16,ne_a=[64,128,10,1],n_dims=64,mode=2,n_ctx=512,fs=1.424500,ef=0.000000,af=1.000000,ff=0,v=0): [1;32mOK[0m
  ROPE(type=f16,ne_a=[128,32,10,1],n_dims=128,mode=0,n_ctx=512,fs=1.424500,ef=0.000000,af=1.000000,ff=1,v=0): [1;32mOK[0m
  ROPE(type=f16,ne_a=[64,128,10,1],n_dims=64,mode=2,n_ctx=512,fs=1.424500,ef=0.000000,af=1.000000,ff=1,v=0): [1;32mOK[0m
  ROPE(type=f32,ne_a=[128,32,10,1],n_dims=128,mode=0,n_ctx=512,fs=1.424500,ef=0.000000,af=1.424500,ff=0,v=0): [1;32mOK[0m
  ROPE(type=f32,ne_a=[64,128,10,1],n_dims=64,mode=2,n_ctx=512,fs=1.424500,ef=0.000000,af=1.424500,ff=0,v=0): [1;32mOK[0m
  ROPE(type=f32,ne_a=[128,32,10,1],n_dims=128,mode=0,n_ctx=512,fs=1.424500,ef=0.000000,af=1.424500,ff=1,v=0): [1;32mOK[0m
  ROPE(type=f32,ne_a=[64,128,10,1],n_dims=64,mode=2,n_ctx=512,fs=1.424500,ef=0.000000,af=1.424500,ff=1,v=0): [1;32mOK[0m
  ROPE(type=f16,ne_a=[128,32,10,1],n_dims=128,mode=0,n_ctx=512,fs=1.424500,ef=0.000000,af=1.424500,ff=0,v=0): [1;32mOK[0m
  ROPE(type=f16,ne_a=[64,128,10,1],n_dims=64,mode=2,n_ctx=512,fs=1.424500,ef=0.000000,af=1.424500,ff=0,v=0): [1;32mOK[0m
  ROPE(type=f16,ne_a=[128,32,10,1],n_dims=128,mode=0,n_ctx=512,fs=1.424500,ef=0.000000,af=1.424500,ff=1,v=0): [1;32mOK[0m
  ROPE(type=f16,ne_a=[64,128,10,1],n_dims=64,mode=2,n_ctx=512,fs=1.424500,ef=0.000000,af=1.424500,ff=1,v=0): [1;32mOK[0m
  ROPE(type=f32,ne_a=[128,32,10,1],n_dims=128,mode=0,n_ctx=512,fs=1.424500,ef=0.746500,af=1.000000,ff=0,v=0): [1;32mOK[0m
  ROPE(type=f32,ne_a=[64,128,10,1],n_dims=64,mode=2,n_ctx=512,fs=1.424500,ef=0.746500,af=1.000000,ff=0,v=0): [1;32mOK[0m
  ROPE(type=f32,ne_a=[128,32,10,1],n_dims=128,mode=0,n_ctx=512,fs=1.424500,ef=0.746500,af=1.000000,ff=1,v=0): [1;32mOK[0m
  ROPE(type=f32,ne_a=[64,128,10,1],n_dims=64,mode=2,n_ctx=512,fs=1.424500,ef=0.746500,af=1.000000,ff=1,v=0): [1;32mOK[0m
  ROPE(type=f16,ne_a=[128,32,10,1],n_dims=128,mode=0,n_ctx=512,fs=1.424500,ef=0.746500,af=1.000000,ff=0,v=0): [1;32mOK[0m
  ROPE(type=f16,ne_a=[64,128,10,1],n_dims=64,mode=2,n_ctx=512,fs=1.424500,ef=0.746500,af=1.000000,ff=0,v=0): [1;32mOK[0m
  ROPE(type=f16,ne_a=[128,32,10,1],n_dims=128,mode=0,n_ctx=512,fs=1.424500,ef=0.746500,af=1.000000,ff=1,v=0): [1;32mOK[0m
  ROPE(type=f16,ne_a=[64,128,10,1],n_dims=64,mode=2,n_ctx=512,fs=1.424500,ef=0.746500,af=1.000000,ff=1,v=0): [1;32mOK[0m
  ROPE(type=f32,ne_a=[128,32,10,1],n_dims=128,mode=0,n_ctx=512,fs=1.424500,ef=0.746500,af=1.424500,ff=0,v=0): [1;32mOK[0m
  ROPE(type=f32,ne_a=[64,128,10,1],n_dims=64,mode=2,n_ctx=512,fs=1.424500,ef=0.746500,af=1.424500,ff=0,v=0): [1;32mOK[0m
  ROPE(type=f32,ne_a=[128,32,10,1],n_dims=128,mode=0,n_ctx=512,fs=1.424500,ef=0.746500,af=1.424500,ff=1,v=0): [1;32mOK[0m
  ROPE(type=f32,ne_a=[64,128,10,1],n_dims=64,mode=2,n_ctx=512,fs=1.424500,ef=0.746500,af=1.424500,ff=1,v=0): [1;32mOK[0m
  ROPE(type=f16,ne_a=[128,32,10,1],n_dims=128,mode=0,n_ctx=512,fs=1.424500,ef=0.746500,af=1.424500,ff=0,v=0): [1;32mOK[0m
  ROPE(type=f16,ne_a=[64,128,10,1],n_dims=64,mode=2,n_ctx=512,fs=1.424500,ef=0.746500,af=1.424500,ff=0,v=0): [1;32mOK[0m
  ROPE(type=f16,ne_a=[128,32,10,1],n_dims=128,mode=0,n_ctx=512,fs=1.424500,ef=0.746500,af=1.424500,ff=1,v=0): [1;32mOK[0m
  ROPE(type=f16,ne_a=[64,128,10,1],n_dims=64,mode=2,n_ctx=512,fs=1.424500,ef=0.746500,af=1.424500,ff=1,v=0): [1;32mOK[0m
  ROPE(type=f32,ne_a=[128,32,10,1],n_dims=128,mode=0,n_ctx=512,fs=1.000000,ef=0.000000,af=1.000000,ff=0,v=1): not supported [CUDA0] 
  ROPE(type=f32,ne_a=[64,128,10,1],n_dims=64,mode=2,n_ctx=512,fs=1.000000,ef=0.000000,af=1.000000,ff=0,v=1): not supported [CUDA0] 
  ROPE(type=f32,ne_a=[128,32,10,1],n_dims=128,mode=0,n_ctx=512,fs=1.000000,ef=0.000000,af=1.000000,ff=1,v=1): not supported [CUDA0] 
  ROPE(type=f32,ne_a=[64,128,10,1],n_dims=64,mode=2,n_ctx=512,fs=1.000000,ef=0.000000,af=1.000000,ff=1,v=1): not supported [CUDA0] 
  ROPE(type=f16,ne_a=[128,32,10,1],n_dims=128,mode=0,n_ctx=512,fs=1.000000,ef=0.000000,af=1.000000,ff=0,v=1): not supported [CUDA0] 
  ROPE(type=f16,ne_a=[64,128,10,1],n_dims=64,mode=2,n_ctx=512,fs=1.000000,ef=0.000000,af=1.000000,ff=0,v=1): not supported [CUDA0] 
  ROPE(type=f16,ne_a=[128,32,10,1],n_dims=128,mode=0,n_ctx=512,fs=1.000000,ef=0.000000,af=1.000000,ff=1,v=1): not supported [CUDA0] 
  ROPE(type=f16,ne_a=[64,128,10,1],n_dims=64,mode=2,n_ctx=512,fs=1.000000,ef=0.000000,af=1.000000,ff=1,v=1): not supported [CUDA0] 
  ROPE(type=f32,ne_a=[128,32,10,1],n_dims=128,mode=0,n_ctx=512,fs=1.000000,ef=0.000000,af=1.424500,ff=0,v=1): not supported [CUDA0] 
  ROPE(type=f32,ne_a=[64,128,10,1],n_dims=64,mode=2,n_ctx=512,fs=1.000000,ef=0.000000,af=1.424500,ff=0,v=1): not supported [CUDA0] 
  ROPE(type=f32,ne_a=[128,32,10,1],n_dims=128,mode=0,n_ctx=512,fs=1.000000,ef=0.000000,af=1.424500,ff=1,v=1): not supported [CUDA0] 
  ROPE(type=f32,ne_a=[64,128,10,1],n_dims=64,mode=2,n_ctx=512,fs=1.000000,ef=0.000000,af=1.424500,ff=1,v=1): not supported [CUDA0] 
  ROPE(type=f16,ne_a=[128,32,10,1],n_dims=128,mode=0,n_ctx=512,fs=1.000000,ef=0.000000,af=1.424500,ff=0,v=1): not supported [CUDA0] 
  ROPE(type=f16,ne_a=[64,128,10,1],n_dims=64,mode=2,n_ctx=512,fs=1.000000,ef=0.000000,af=1.424500,ff=0,v=1): not supported [CUDA0] 
  ROPE(type=f16,ne_a=[128,32,10,1],n_dims=128,mode=0,n_ctx=512,fs=1.000000,ef=0.000000,af=1.424500,ff=1,v=1): not supported [CUDA0] 
  ROPE(type=f16,ne_a=[64,128,10,1],n_dims=64,mode=2,n_ctx=512,fs=1.000000,ef=0.000000,af=1.424500,ff=1,v=1): not supported [CUDA0] 
  ROPE(type=f32,ne_a=[128,32,10,1],n_dims=128,mode=0,n_ctx=512,fs=1.000000,ef=0.746500,af=1.000000,ff=0,v=1): not supported [CUDA0] 
  ROPE(type=f32,ne_a=[64,128,10,1],n_dims=64,mode=2,n_ctx=512,fs=1.000000,ef=0.746500,af=1.000000,ff=0,v=1): not supported [CUDA0] 
  ROPE(type=f32,ne_a=[128,32,10,1],n_dims=128,mode=0,n_ctx=512,fs=1.000000,ef=0.746500,af=1.000000,ff=1,v=1): not supported [CUDA0] 
  ROPE(type=f32,ne_a=[64,128,10,1],n_dims=64,mode=2,n_ctx=512,fs=1.000000,ef=0.746500,af=1.000000,ff=1,v=1): not supported [CUDA0] 
  ROPE(type=f16,ne_a=[128,32,10,1],n_dims=128,mode=0,n_ctx=512,fs=1.000000,ef=0.746500,af=1.000000,ff=0,v=1): not supported [CUDA0] 
  ROPE(type=f16,ne_a=[64,128,10,1],n_dims=64,mode=2,n_ctx=512,fs=1.000000,ef=0.746500,af=1.000000,ff=0,v=1): not supported [CUDA0] 
  ROPE(type=f16,ne_a=[128,32,10,1],n_dims=128,mode=0,n_ctx=512,fs=1.000000,ef=0.746500,af=1.000000,ff=1,v=1): not supported [CUDA0] 
  ROPE(type=f16,ne_a=[64,128,10,1],n_dims=64,mode=2,n_ctx=512,fs=1.000000,ef=0.746500,af=1.000000,ff=1,v=1): not supported [CUDA0] 
  ROPE(type=f32,ne_a=[128,32,10,1],n_dims=128,mode=0,n_ctx=512,fs=1.000000,ef=0.746500,af=1.424500,ff=0,v=1): not supported [CUDA0] 
  ROPE(type=f32,ne_a=[64,128,10,1],n_dims=64,mode=2,n_ctx=512,fs=1.000000,ef=0.746500,af=1.424500,ff=0,v=1): not supported [CUDA0] 
  ROPE(type=f32,ne_a=[128,32,10,1],n_dims=128,mode=0,n_ctx=512,fs=1.000000,ef=0.746500,af=1.424500,ff=1,v=1): not supported [CUDA0] 
  ROPE(type=f32,ne_a=[64,128,10,1],n_dims=64,mode=2,n_ctx=512,fs=1.000000,ef=0.746500,af=1.424500,ff=1,v=1): not supported [CUDA0] 
  ROPE(type=f16,ne_a=[128,32,10,1],n_dims=128,mode=0,n_ctx=512,fs=1.000000,ef=0.746500,af=1.424500,ff=0,v=1): not supported [CUDA0] 
  ROPE(type=f16,ne_a=[64,128,10,1],n_dims=64,mode=2,n_ctx=512,fs=1.000000,ef=0.746500,af=1.424500,ff=0,v=1): not supported [CUDA0] 
  ROPE(type=f16,ne_a=[128,32,10,1],n_dims=128,mode=0,n_ctx=512,fs=1.000000,ef=0.746500,af=1.424500,ff=1,v=1): not supported [CUDA0] 
  ROPE(type=f16,ne_a=[64,128,10,1],n_dims=64,mode=2,n_ctx=512,fs=1.000000,ef=0.746500,af=1.424500,ff=1,v=1): not supported [CUDA0] 
  ROPE(type=f32,ne_a=[128,32,10,1],n_dims=128,mode=0,n_ctx=512,fs=1.424500,ef=0.000000,af=1.000000,ff=0,v=1): not supported [CUDA0] 
  ROPE(type=f32,ne_a=[64,128,10,1],n_dims=64,mode=2,n_ctx=512,fs=1.424500,ef=0.000000,af=1.000000,ff=0,v=1): not supported [CUDA0] 
  ROPE(type=f32,ne_a=[128,32,10,1],n_dims=128,mode=0,n_ctx=512,fs=1.424500,ef=0.000000,af=1.000000,ff=1,v=1): not supported [CUDA0] 
  ROPE(type=f32,ne_a=[64,128,10,1],n_dims=64,mode=2,n_ctx=512,fs=1.424500,ef=0.000000,af=1.000000,ff=1,v=1): not supported [CUDA0] 
  ROPE(type=f16,ne_a=[128,32,10,1],n_dims=128,mode=0,n_ctx=512,fs=1.424500,ef=0.000000,af=1.000000,ff=0,v=1): not supported [CUDA0] 
  ROPE(type=f16,ne_a=[64,128,10,1],n_dims=64,mode=2,n_ctx=512,fs=1.424500,ef=0.000000,af=1.000000,ff=0,v=1): not supported [CUDA0] 
  ROPE(type=f16,ne_a=[128,32,10,1],n_dims=128,mode=0,n_ctx=512,fs=1.424500,ef=0.000000,af=1.000000,ff=1,v=1): not supported [CUDA0] 
  ROPE(type=f16,ne_a=[64,128,10,1],n_dims=64,mode=2,n_ctx=512,fs=1.424500,ef=0.000000,af=1.000000,ff=1,v=1): not supported [CUDA0] 
  ROPE(type=f32,ne_a=[128,32,10,1],n_dims=128,mode=0,n_ctx=512,fs=1.424500,ef=0.000000,af=1.424500,ff=0,v=1): not supported [CUDA0] 
  ROPE(type=f32,ne_a=[64,128,10,1],n_dims=64,mode=2,n_ctx=512,fs=1.424500,ef=0.000000,af=1.424500,ff=0,v=1): not supported [CUDA0] 
  ROPE(type=f32,ne_a=[128,32,10,1],n_dims=128,mode=0,n_ctx=512,fs=1.424500,ef=0.000000,af=1.424500,ff=1,v=1): not supported [CUDA0] 
  ROPE(type=f32,ne_a=[64,128,10,1],n_dims=64,mode=2,n_ctx=512,fs=1.424500,ef=0.000000,af=1.424500,ff=1,v=1): not supported [CUDA0] 
  ROPE(type=f16,ne_a=[128,32,10,1],n_dims=128,mode=0,n_ctx=512,fs=1.424500,ef=0.000000,af=1.424500,ff=0,v=1): not supported [CUDA0] 
  ROPE(type=f16,ne_a=[64,128,10,1],n_dims=64,mode=2,n_ctx=512,fs=1.424500,ef=0.000000,af=1.424500,ff=0,v=1): not supported [CUDA0] 
  ROPE(type=f16,ne_a=[128,32,10,1],n_dims=128,mode=0,n_ctx=512,fs=1.424500,ef=0.000000,af=1.424500,ff=1,v=1): not supported [CUDA0] 
  ROPE(type=f16,ne_a=[64,128,10,1],n_dims=64,mode=2,n_ctx=512,fs=1.424500,ef=0.000000,af=1.424500,ff=1,v=1): not supported [CUDA0] 
  ROPE(type=f32,ne_a=[128,32,10,1],n_dims=128,mode=0,n_ctx=512,fs=1.424500,ef=0.746500,af=1.000000,ff=0,v=1): not supported [CUDA0] 
  ROPE(type=f32,ne_a=[64,128,10,1],n_dims=64,mode=2,n_ctx=512,fs=1.424500,ef=0.746500,af=1.000000,ff=0,v=1): not supported [CUDA0] 
  ROPE(type=f32,ne_a=[128,32,10,1],n_dims=128,mode=0,n_ctx=512,fs=1.424500,ef=0.746500,af=1.000000,ff=1,v=1): not supported [CUDA0] 
  ROPE(type=f32,ne_a=[64,128,10,1],n_dims=64,mode=2,n_ctx=512,fs=1.424500,ef=0.746500,af=1.000000,ff=1,v=1): not supported [CUDA0] 
  ROPE(type=f16,ne_a=[128,32,10,1],n_dims=128,mode=0,n_ctx=512,fs=1.424500,ef=0.746500,af=1.000000,ff=0,v=1): not supported [CUDA0] 
  ROPE(type=f16,ne_a=[64,128,10,1],n_dims=64,mode=2,n_ctx=512,fs=1.424500,ef=0.746500,af=1.000000,ff=0,v=1): not supported [CUDA0] 
  ROPE(type=f16,ne_a=[128,32,10,1],n_dims=128,mode=0,n_ctx=512,fs=1.424500,ef=0.746500,af=1.000000,ff=1,v=1): not supported [CUDA0] 
  ROPE(type=f16,ne_a=[64,128,10,1],n_dims=64,mode=2,n_ctx=512,fs=1.424500,ef=0.746500,af=1.000000,ff=1,v=1): not supported [CUDA0] 
  ROPE(type=f32,ne_a=[128,32,10,1],n_dims=128,mode=0,n_ctx=512,fs=1.424500,ef=0.746500,af=1.424500,ff=0,v=1): not supported [CUDA0] 
  ROPE(type=f32,ne_a=[64,128,10,1],n_dims=64,mode=2,n_ctx=512,fs=1.424500,ef=0.746500,af=1.424500,ff=0,v=1): not supported [CUDA0] 
  ROPE(type=f32,ne_a=[128,32,10,1],n_dims=128,mode=0,n_ctx=512,fs=1.424500,ef=0.746500,af=1.424500,ff=1,v=1): not supported [CUDA0] 
  ROPE(type=f32,ne_a=[64,128,10,1],n_dims=64,mode=2,n_ctx=512,fs=1.424500,ef=0.746500,af=1.424500,ff=1,v=1): not supported [CUDA0] 
  ROPE(type=f16,ne_a=[128,32,10,1],n_dims=128,mode=0,n_ctx=512,fs=1.424500,ef=0.746500,af=1.424500,ff=0,v=1): not supported [CUDA0] 
  ROPE(type=f16,ne_a=[64,128,10,1],n_dims=64,mode=2,n_ctx=512,fs=1.424500,ef=0.746500,af=1.424500,ff=0,v=1): not supported [CUDA0] 
  ROPE(type=f16,ne_a=[128,32,10,1],n_dims=128,mode=0,n_ctx=512,fs=1.424500,ef=0.746500,af=1.424500,ff=1,v=1): not supported [CUDA0] 
  ROPE(type=f16,ne_a=[64,128,10,1],n_dims=64,mode=2,n_ctx=512,fs=1.424500,ef=0.746500,af=1.424500,ff=1,v=1): not supported [CUDA0] 
  CONCAT(type=f32,ne_a=[11,12,13,14],ne_b_d=7,dim=0,v=0): [1;32mOK[0m
  CONCAT(type=i32,ne_a=[11,12,13,14],ne_b_d=7,dim=0,v=0): not supported [CUDA0] 
  CONCAT(type=f32,ne_a=[11,12,13,14],ne_b_d=7,dim=1,v=0): [1;32mOK[0m
  CONCAT(type=i32,ne_a=[11,12,13,14],ne_b_d=7,dim=1,v=0): not supported [CUDA0] 
  CONCAT(type=f32,ne_a=[11,12,13,14],ne_b_d=7,dim=2,v=0): [1;32mOK[0m
  CONCAT(type=i32,ne_a=[11,12,13,14],ne_b_d=7,dim=2,v=0): not supported [CUDA0] 
  CONCAT(type=f32,ne_a=[11,12,13,14],ne_b_d=7,dim=3,v=0): [1;32mOK[0m
  CONCAT(type=i32,ne_a=[11,12,13,14],ne_b_d=7,dim=3,v=0): not supported [CUDA0] 
  CONCAT(type=f32,ne_a=[11,12,13,14],ne_b_d=7,dim=0,v=1): [1;32mOK[0m
  CONCAT(type=i32,ne_a=[11,12,13,14],ne_b_d=7,dim=0,v=1): not supported [CUDA0] 
  CONCAT(type=f32,ne_a=[11,12,13,14],ne_b_d=7,dim=1,v=1): [1;32mOK[0m
  CONCAT(type=i32,ne_a=[11,12,13,14],ne_b_d=7,dim=1,v=1): not supported [CUDA0] 
  CONCAT(type=f32,ne_a=[11,12,13,14],ne_b_d=7,dim=2,v=1): [1;32mOK[0m
  CONCAT(type=i32,ne_a=[11,12,13,14],ne_b_d=7,dim=2,v=1): not supported [CUDA0] 
  CONCAT(type=f32,ne_a=[11,12,13,14],ne_b_d=7,dim=3,v=1): [1;32mOK[0m
  CONCAT(type=i32,ne_a=[11,12,13,14],ne_b_d=7,dim=3,v=1): not supported [CUDA0] 
  CONCAT(type=f32,ne_a=[11,12,13,14],ne_b_d=7,dim=0,v=2): [1;32mOK[0m
  CONCAT(type=i32,ne_a=[11,12,13,14],ne_b_d=7,dim=0,v=2): not supported [CUDA0] 
  CONCAT(type=f32,ne_a=[11,12,13,14],ne_b_d=7,dim=1,v=2): [1;32mOK[0m
  CONCAT(type=i32,ne_a=[11,12,13,14],ne_b_d=7,dim=1,v=2): not supported [CUDA0] 
  CONCAT(type=f32,ne_a=[11,12,13,14],ne_b_d=7,dim=2,v=2): [1;32mOK[0m
  CONCAT(type=i32,ne_a=[11,12,13,14],ne_b_d=7,dim=2,v=2): not supported [CUDA0] 
  CONCAT(type=f32,ne_a=[11,12,13,14],ne_b_d=7,dim=3,v=2): [1;32mOK[0m
  CONCAT(type=i32,ne_a=[11,12,13,14],ne_b_d=7,dim=3,v=2): not supported [CUDA0] 
  CONCAT(type=f32,ne_a=[11,12,13,14],ne_b_d=7,dim=0,v=3): [1;32mOK[0m
  CONCAT(type=i32,ne_a=[11,12,13,14],ne_b_d=7,dim=0,v=3): not supported [CUDA0] 
  CONCAT(type=f32,ne_a=[11,12,13,14],ne_b_d=7,dim=1,v=3): [1;32mOK[0m
  CONCAT(type=i32,ne_a=[11,12,13,14],ne_b_d=7,dim=1,v=3): not supported [CUDA0] 
  CONCAT(type=f32,ne_a=[11,12,13,14],ne_b_d=7,dim=2,v=3): [1;32mOK[0m
  CONCAT(type=i32,ne_a=[11,12,13,14],ne_b_d=7,dim=2,v=3): not supported [CUDA0] 
  CONCAT(type=f32,ne_a=[11,12,13,14],ne_b_d=7,dim=3,v=3): [1;32mOK[0m
  CONCAT(type=i32,ne_a=[11,12,13,14],ne_b_d=7,dim=3,v=3): not supported [CUDA0] 
  ARGSORT(type=f32,ne=[8,1,1,1],order=0): [1;32mOK[0m
  ARGSORT(type=f32,ne=[16,10,10,10],order=0): [1;32mOK[0m
  ARGSORT(type=f32,ne=[60,10,10,10],order=0): [1;32mOK[0m
  ARGSORT(type=f32,ne=[8,1,1,1],order=1): [1;32mOK[0m
  ARGSORT(type=f32,ne=[16,10,10,10],order=1): [1;32mOK[0m
  ARGSORT(type=f32,ne=[60,10,10,10],order=1): [1;32mOK[0m
  SUM_ROWS(type=f32,ne=[10,10,10,10]): [1;32mOK[0m
  UPSCALE(type=f32,ne=[512,512,3,1],scale_factor=2,transpose=0): [1;32mOK[0m
  UPSCALE(type=f32,ne=[512,512,3,1],scale_factor=2,transpose=1): [1;32mOK[0m
  UPSCALE(type=f32,ne=[2,5,7,11],ne_tgt=[5,7,11,13]): [1;32mOK[0m
  GROUP_NORM(type=f32,ne=[64,64,320,1],num_groups=32): [1;32mOK[0m
  ACC(type=f32,ne_a=[1024,577,1,1],ne_b=[1024,576,1,1]): [1;32mOK[0m
  PAD(type=f32,ne_a=[512,512,1,1],pad_0=1,pad_1=1): [1;32mOK[0m
  ARANGE(type=f32,start=0.000000,stop=10.000000,step=1.000000): [1;32mOK[0m
  TIMESTEP_EMBEDDING(type=f32,ne_a=[2,1,1,1],dim=320,max_period=10000): [1;32mOK[0m
  LEAKY_RELU(type=f32,ne_a=[10,10,10,10],negative_slope=0.100000): [1;32mOK[0m
  FLASH_ATTN_EXT(hs=64,nh=32,kv=512,nb=1,mask=1,max_bias=0.000000,type_KV=f16): [1;32mOK[0m
  FLASH_ATTN_EXT(hs=64,nh=32,kv=512,nb=1,mask=1,max_bias=0.000000,type_KV=q8_0): not supported [CUDA0] 
  FLASH_ATTN_EXT(hs=64,nh=32,kv=512,nb=1,mask=1,max_bias=0.000000,type_KV=q4_0): not supported [CUDA0] 
  FLASH_ATTN_EXT(hs=64,nh=32,kv=512,nb=2,mask=1,max_bias=0.000000,type_KV=f16): [1;32mOK[0m
  FLASH_ATTN_EXT(hs=64,nh=32,kv=512,nb=2,mask=1,max_bias=0.000000,type_KV=q8_0): not supported [CUDA0] 
  FLASH_ATTN_EXT(hs=64,nh=32,kv=512,nb=2,mask=1,max_bias=0.000000,type_KV=q4_0): not supported [CUDA0] 
  FLASH_ATTN_EXT(hs=64,nh=32,kv=512,nb=4,mask=1,max_bias=0.000000,type_KV=f16): [1;32mOK[0m
  FLASH_ATTN_EXT(hs=64,nh=32,kv=512,nb=4,mask=1,max_bias=0.000000,type_KV=q8_0): not supported [CUDA0] 
  FLASH_ATTN_EXT(hs=64,nh=32,kv=512,nb=4,mask=1,max_bias=0.000000,type_KV=q4_0): not supported [CUDA0] 
  FLASH_ATTN_EXT(hs=64,nh=32,kv=512,nb=8,mask=1,max_bias=0.000000,type_KV=f16): [1;32mOK[0m
  FLASH_ATTN_EXT(hs=64,nh=32,kv=512,nb=8,mask=1,max_bias=0.000000,type_KV=q8_0): not supported [CUDA0] 
  FLASH_ATTN_EXT(hs=64,nh=32,kv=512,nb=8,mask=1,max_bias=0.000000,type_KV=q4_0): not supported [CUDA0] 
  FLASH_ATTN_EXT(hs=64,nh=32,kv=1024,nb=1,mask=1,max_bias=0.000000,type_KV=f16): [1;32mOK[0m
  FLASH_ATTN_EXT(hs=64,nh=32,kv=1024,nb=1,mask=1,max_bias=0.000000,type_KV=q8_0): not supported [CUDA0] 
  FLASH_ATTN_EXT(hs=64,nh=32,kv=1024,nb=1,mask=1,max_bias=0.000000,type_KV=q4_0): not supported [CUDA0] 
  FLASH_ATTN_EXT(hs=64,nh=32,kv=1024,nb=2,mask=1,max_bias=0.000000,type_KV=f16): [1;32mOK[0m
  FLASH_ATTN_EXT(hs=64,nh=32,kv=1024,nb=2,mask=1,max_bias=0.000000,type_KV=q8_0): not supported [CUDA0] 
  FLASH_ATTN_EXT(hs=64,nh=32,kv=1024,nb=2,mask=1,max_bias=0.000000,type_KV=q4_0): not supported [CUDA0] 
  FLASH_ATTN_EXT(hs=64,nh=32,kv=1024,nb=4,mask=1,max_bias=0.000000,type_KV=f16): [1;32mOK[0m
  FLASH_ATTN_EXT(hs=64,nh=32,kv=1024,nb=4,mask=1,max_bias=0.000000,type_KV=q8_0): not supported [CUDA0] 
  FLASH_ATTN_EXT(hs=64,nh=32,kv=1024,nb=4,mask=1,max_bias=0.000000,type_KV=q4_0): not supported [CUDA0] 
  FLASH_ATTN_EXT(hs=64,nh=32,kv=1024,nb=8,mask=1,max_bias=0.000000,type_KV=f16): [1;32mOK[0m
  FLASH_ATTN_EXT(hs=64,nh=32,kv=1024,nb=8,mask=1,max_bias=0.000000,type_KV=q8_0): not supported [CUDA0] 
  FLASH_ATTN_EXT(hs=64,nh=32,kv=1024,nb=8,mask=1,max_bias=0.000000,type_KV=q4_0): not supported [CUDA0] 
  FLASH_ATTN_EXT(hs=64,nh=32,kv=512,nb=1,mask=1,max_bias=8.000000,type_KV=f16): [1;32mOK[0m
  FLASH_ATTN_EXT(hs=64,nh=32,kv=512,nb=1,mask=1,max_bias=8.000000,type_KV=q8_0): not supported [CUDA0] 
  FLASH_ATTN_EXT(hs=64,nh=32,kv=512,nb=1,mask=1,max_bias=8.000000,type_KV=q4_0): not supported [CUDA0] 
  FLASH_ATTN_EXT(hs=64,nh=32,kv=512,nb=2,mask=1,max_bias=8.000000,type_KV=f16): [1;32mOK[0m
  FLASH_ATTN_EXT(hs=64,nh=32,kv=512,nb=2,mask=1,max_bias=8.000000,type_KV=q8_0): not supported [CUDA0] 
  FLASH_ATTN_EXT(hs=64,nh=32,kv=512,nb=2,mask=1,max_bias=8.000000,type_KV=q4_0): not supported [CUDA0] 
  FLASH_ATTN_EXT(hs=64,nh=32,kv=512,nb=4,mask=1,max_bias=8.000000,type_KV=f16): [1;32mOK[0m
  FLASH_ATTN_EXT(hs=64,nh=32,kv=512,nb=4,mask=1,max_bias=8.000000,type_KV=q8_0): not supported [CUDA0] 
  FLASH_ATTN_EXT(hs=64,nh=32,kv=512,nb=4,mask=1,max_bias=8.000000,type_KV=q4_0): not supported [CUDA0] 
  FLASH_ATTN_EXT(hs=64,nh=32,kv=512,nb=8,mask=1,max_bias=8.000000,type_KV=f16): [1;32mOK[0m
  FLASH_ATTN_EXT(hs=64,nh=32,kv=512,nb=8,mask=1,max_bias=8.000000,type_KV=q8_0): not supported [CUDA0] 
  FLASH_ATTN_EXT(hs=64,nh=32,kv=512,nb=8,mask=1,max_bias=8.000000,type_KV=q4_0): not supported [CUDA0] 
  FLASH_ATTN_EXT(hs=64,nh=32,kv=1024,nb=1,mask=1,max_bias=8.000000,type_KV=f16): [1;32mOK[0m
  FLASH_ATTN_EXT(hs=64,nh=32,kv=1024,nb=1,mask=1,max_bias=8.000000,type_KV=q8_0): not supported [CUDA0] 
  FLASH_ATTN_EXT(hs=64,nh=32,kv=1024,nb=1,mask=1,max_bias=8.000000,type_KV=q4_0): not supported [CUDA0] 
  FLASH_ATTN_EXT(hs=64,nh=32,kv=1024,nb=2,mask=1,max_bias=8.000000,type_KV=f16): [1;32mOK[0m
  FLASH_ATTN_EXT(hs=64,nh=32,kv=1024,nb=2,mask=1,max_bias=8.000000,type_KV=q8_0): not supported [CUDA0] 
  FLASH_ATTN_EXT(hs=64,nh=32,kv=1024,nb=2,mask=1,max_bias=8.000000,type_KV=q4_0): not supported [CUDA0] 
  FLASH_ATTN_EXT(hs=64,nh=32,kv=1024,nb=4,mask=1,max_bias=8.000000,type_KV=f16): [1;32mOK[0m
  FLASH_ATTN_EXT(hs=64,nh=32,kv=1024,nb=4,mask=1,max_bias=8.000000,type_KV=q8_0): not supported [CUDA0] 
  FLASH_ATTN_EXT(hs=64,nh=32,kv=1024,nb=4,mask=1,max_bias=8.000000,type_KV=q4_0): not supported [CUDA0] 
  FLASH_ATTN_EXT(hs=64,nh=32,kv=1024,nb=8,mask=1,max_bias=8.000000,type_KV=f16): [1;32mOK[0m
  FLASH_ATTN_EXT(hs=64,nh=32,kv=1024,nb=8,mask=1,max_bias=8.000000,type_KV=q8_0): not supported [CUDA0] 
  FLASH_ATTN_EXT(hs=64,nh=32,kv=1024,nb=8,mask=1,max_bias=8.000000,type_KV=q4_0): not supported [CUDA0] 
  FLASH_ATTN_EXT(hs=64,nh=32,kv=512,nb=1,mask=0,max_bias=0.000000,type_KV=f16): [1;32mOK[0m
  FLASH_ATTN_EXT(hs=64,nh=32,kv=512,nb=1,mask=0,max_bias=0.000000,type_KV=q8_0): not supported [CUDA0] 
  FLASH_ATTN_EXT(hs=64,nh=32,kv=512,nb=1,mask=0,max_bias=0.000000,type_KV=q4_0): not supported [CUDA0] 
  FLASH_ATTN_EXT(hs=64,nh=32,kv=512,nb=2,mask=0,max_bias=0.000000,type_KV=f16): [1;32mOK[0m
  FLASH_ATTN_EXT(hs=64,nh=32,kv=512,nb=2,mask=0,max_bias=0.000000,type_KV=q8_0): not supported [CUDA0] 
  FLASH_ATTN_EXT(hs=64,nh=32,kv=512,nb=2,mask=0,max_bias=0.000000,type_KV=q4_0): not supported [CUDA0] 
  FLASH_ATTN_EXT(hs=64,nh=32,kv=512,nb=4,mask=0,max_bias=0.000000,type_KV=f16): [1;32mOK[0m
  FLASH_ATTN_EXT(hs=64,nh=32,kv=512,nb=4,mask=0,max_bias=0.000000,type_KV=q8_0): not supported [CUDA0] 
  FLASH_ATTN_EXT(hs=64,nh=32,kv=512,nb=4,mask=0,max_bias=0.000000,type_KV=q4_0): not supported [CUDA0] 
  FLASH_ATTN_EXT(hs=64,nh=32,kv=512,nb=8,mask=0,max_bias=0.000000,type_KV=f16): [1;32mOK[0m
  FLASH_ATTN_EXT(hs=64,nh=32,kv=512,nb=8,mask=0,max_bias=0.000000,type_KV=q8_0): not supported [CUDA0] 
  FLASH_ATTN_EXT(hs=64,nh=32,kv=512,nb=8,mask=0,max_bias=0.000000,type_KV=q4_0): not supported [CUDA0] 
  FLASH_ATTN_EXT(hs=64,nh=32,kv=1024,nb=1,mask=0,max_bias=0.000000,type_KV=f16): [1;32mOK[0m
  FLASH_ATTN_EXT(hs=64,nh=32,kv=1024,nb=1,mask=0,max_bias=0.000000,type_KV=q8_0): not supported [CUDA0] 
  FLASH_ATTN_EXT(hs=64,nh=32,kv=1024,nb=1,mask=0,max_bias=0.000000,type_KV=q4_0): not supported [CUDA0] 
  FLASH_ATTN_EXT(hs=64,nh=32,kv=1024,nb=2,mask=0,max_bias=0.000000,type_KV=f16): [1;32mOK[0m
  FLASH_ATTN_EXT(hs=64,nh=32,kv=1024,nb=2,mask=0,max_bias=0.000000,type_KV=q8_0): not supported [CUDA0] 
  FLASH_ATTN_EXT(hs=64,nh=32,kv=1024,nb=2,mask=0,max_bias=0.000000,type_KV=q4_0): not supported [CUDA0] 
  FLASH_ATTN_EXT(hs=64,nh=32,kv=1024,nb=4,mask=0,max_bias=0.000000,type_KV=f16): [1;32mOK[0m
  FLASH_ATTN_EXT(hs=64,nh=32,kv=1024,nb=4,mask=0,max_bias=0.000000,type_KV=q8_0): not supported [CUDA0] 
  FLASH_ATTN_EXT(hs=64,nh=32,kv=1024,nb=4,mask=0,max_bias=0.000000,type_KV=q4_0): not supported [CUDA0] 
  FLASH_ATTN_EXT(hs=64,nh=32,kv=1024,nb=8,mask=0,max_bias=0.000000,type_KV=f16): [1;32mOK[0m
  FLASH_ATTN_EXT(hs=64,nh=32,kv=1024,nb=8,mask=0,max_bias=0.000000,type_KV=q8_0): not supported [CUDA0] 
  FLASH_ATTN_EXT(hs=64,nh=32,kv=1024,nb=8,mask=0,max_bias=0.000000,type_KV=q4_0): not supported [CUDA0] 
  FLASH_ATTN_EXT(hs=80,nh=32,kv=512,nb=1,mask=1,max_bias=0.000000,type_KV=f16): [1;32mOK[0m
  FLASH_ATTN_EXT(hs=80,nh=32,kv=512,nb=1,mask=1,max_bias=0.000000,type_KV=q8_0): not supported [CUDA0] 
  FLASH_ATTN_EXT(hs=80,nh=32,kv=512,nb=1,mask=1,max_bias=0.000000,type_KV=q4_0): not supported [CUDA0] 
  FLASH_ATTN_EXT(hs=80,nh=32,kv=512,nb=2,mask=1,max_bias=0.000000,type_KV=f16): [1;32mOK[0m
  FLASH_ATTN_EXT(hs=80,nh=32,kv=512,nb=2,mask=1,max_bias=0.000000,type_KV=q8_0): not supported [CUDA0] 
  FLASH_ATTN_EXT(hs=80,nh=32,kv=512,nb=2,mask=1,max_bias=0.000000,type_KV=q4_0): not supported [CUDA0] 
  FLASH_ATTN_EXT(hs=80,nh=32,kv=512,nb=4,mask=1,max_bias=0.000000,type_KV=f16): [1;32mOK[0m
  FLASH_ATTN_EXT(hs=80,nh=32,kv=512,nb=4,mask=1,max_bias=0.000000,type_KV=q8_0): not supported [CUDA0] 
  FLASH_ATTN_EXT(hs=80,nh=32,kv=512,nb=4,mask=1,max_bias=0.000000,type_KV=q4_0): not supported [CUDA0] 
  FLASH_ATTN_EXT(hs=80,nh=32,kv=512,nb=8,mask=1,max_bias=0.000000,type_KV=f16): [1;32mOK[0m
  FLASH_ATTN_EXT(hs=80,nh=32,kv=512,nb=8,mask=1,max_bias=0.000000,type_KV=q8_0): not supported [CUDA0] 
  FLASH_ATTN_EXT(hs=80,nh=32,kv=512,nb=8,mask=1,max_bias=0.000000,type_KV=q4_0): not supported [CUDA0] 
  FLASH_ATTN_EXT(hs=80,nh=32,kv=1024,nb=1,mask=1,max_bias=0.000000,type_KV=f16): [1;32mOK[0m
  FLASH_ATTN_EXT(hs=80,nh=32,kv=1024,nb=1,mask=1,max_bias=0.000000,type_KV=q8_0): not supported [CUDA0] 
  FLASH_ATTN_EXT(hs=80,nh=32,kv=1024,nb=1,mask=1,max_bias=0.000000,type_KV=q4_0): not supported [CUDA0] 
  FLASH_ATTN_EXT(hs=80,nh=32,kv=1024,nb=2,mask=1,max_bias=0.000000,type_KV=f16): [1;32mOK[0m
  FLASH_ATTN_EXT(hs=80,nh=32,kv=1024,nb=2,mask=1,max_bias=0.000000,type_KV=q8_0): not supported [CUDA0] 
  FLASH_ATTN_EXT(hs=80,nh=32,kv=1024,nb=2,mask=1,max_bias=0.000000,type_KV=q4_0): not supported [CUDA0] 
  FLASH_ATTN_EXT(hs=80,nh=32,kv=1024,nb=4,mask=1,max_bias=0.000000,type_KV=f16): [1;32mOK[0m
  FLASH_ATTN_EXT(hs=80,nh=32,kv=1024,nb=4,mask=1,max_bias=0.000000,type_KV=q8_0): not supported [CUDA0] 
  FLASH_ATTN_EXT(hs=80,nh=32,kv=1024,nb=4,mask=1,max_bias=0.000000,type_KV=q4_0): not supported [CUDA0] 
  FLASH_ATTN_EXT(hs=80,nh=32,kv=1024,nb=8,mask=1,max_bias=0.000000,type_KV=f16): [1;32mOK[0m
  FLASH_ATTN_EXT(hs=80,nh=32,kv=1024,nb=8,mask=1,max_bias=0.000000,type_KV=q8_0): not supported [CUDA0] 
  FLASH_ATTN_EXT(hs=80,nh=32,kv=1024,nb=8,mask=1,max_bias=0.000000,type_KV=q4_0): not supported [CUDA0] 
  FLASH_ATTN_EXT(hs=80,nh=32,kv=512,nb=1,mask=1,max_bias=8.000000,type_KV=f16): [1;32mOK[0m
  FLASH_ATTN_EXT(hs=80,nh=32,kv=512,nb=1,mask=1,max_bias=8.000000,type_KV=q8_0): not supported [CUDA0] 
  FLASH_ATTN_EXT(hs=80,nh=32,kv=512,nb=1,mask=1,max_bias=8.000000,type_KV=q4_0): not supported [CUDA0] 
  FLASH_ATTN_EXT(hs=80,nh=32,kv=512,nb=2,mask=1,max_bias=8.000000,type_KV=f16): [1;32mOK[0m
  FLASH_ATTN_EXT(hs=80,nh=32,kv=512,nb=2,mask=1,max_bias=8.000000,type_KV=q8_0): not supported [CUDA0] 
  FLASH_ATTN_EXT(hs=80,nh=32,kv=512,nb=2,mask=1,max_bias=8.000000,type_KV=q4_0): not supported [CUDA0] 
  FLASH_ATTN_EXT(hs=80,nh=32,kv=512,nb=4,mask=1,max_bias=8.000000,type_KV=f16): [1;32mOK[0m
  FLASH_ATTN_EXT(hs=80,nh=32,kv=512,nb=4,mask=1,max_bias=8.000000,type_KV=q8_0): not supported [CUDA0] 
  FLASH_ATTN_EXT(hs=80,nh=32,kv=512,nb=4,mask=1,max_bias=8.000000,type_KV=q4_0): not supported [CUDA0] 
  FLASH_ATTN_EXT(hs=80,nh=32,kv=512,nb=8,mask=1,max_bias=8.000000,type_KV=f16): [1;32mOK[0m
  FLASH_ATTN_EXT(hs=80,nh=32,kv=512,nb=8,mask=1,max_bias=8.000000,type_KV=q8_0): not supported [CUDA0] 
  FLASH_ATTN_EXT(hs=80,nh=32,kv=512,nb=8,mask=1,max_bias=8.000000,type_KV=q4_0): not supported [CUDA0] 
  FLASH_ATTN_EXT(hs=80,nh=32,kv=1024,nb=1,mask=1,max_bias=8.000000,type_KV=f16): [1;32mOK[0m
  FLASH_ATTN_EXT(hs=80,nh=32,kv=1024,nb=1,mask=1,max_bias=8.000000,type_KV=q8_0): not supported [CUDA0] 
  FLASH_ATTN_EXT(hs=80,nh=32,kv=1024,nb=1,mask=1,max_bias=8.000000,type_KV=q4_0): not supported [CUDA0] 
  FLASH_ATTN_EXT(hs=80,nh=32,kv=1024,nb=2,mask=1,max_bias=8.000000,type_KV=f16): [1;32mOK[0m
  FLASH_ATTN_EXT(hs=80,nh=32,kv=1024,nb=2,mask=1,max_bias=8.000000,type_KV=q8_0): not supported [CUDA0] 
  FLASH_ATTN_EXT(hs=80,nh=32,kv=1024,nb=2,mask=1,max_bias=8.000000,type_KV=q4_0): not supported [CUDA0] 
  FLASH_ATTN_EXT(hs=80,nh=32,kv=1024,nb=4,mask=1,max_bias=8.000000,type_KV=f16): [1;32mOK[0m
  FLASH_ATTN_EXT(hs=80,nh=32,kv=1024,nb=4,mask=1,max_bias=8.000000,type_KV=q8_0): not supported [CUDA0] 
  FLASH_ATTN_EXT(hs=80,nh=32,kv=1024,nb=4,mask=1,max_bias=8.000000,type_KV=q4_0): not supported [CUDA0] 
  FLASH_ATTN_EXT(hs=80,nh=32,kv=1024,nb=8,mask=1,max_bias=8.000000,type_KV=f16): [1;32mOK[0m
  FLASH_ATTN_EXT(hs=80,nh=32,kv=1024,nb=8,mask=1,max_bias=8.000000,type_KV=q8_0): not supported [CUDA0] 
  FLASH_ATTN_EXT(hs=80,nh=32,kv=1024,nb=8,mask=1,max_bias=8.000000,type_KV=q4_0): not supported [CUDA0] 
  FLASH_ATTN_EXT(hs=80,nh=32,kv=512,nb=1,mask=0,max_bias=0.000000,type_KV=f16): [1;32mOK[0m
  FLASH_ATTN_EXT(hs=80,nh=32,kv=512,nb=1,mask=0,max_bias=0.000000,type_KV=q8_0): not supported [CUDA0] 
  FLASH_ATTN_EXT(hs=80,nh=32,kv=512,nb=1,mask=0,max_bias=0.000000,type_KV=q4_0): not supported [CUDA0] 
  FLASH_ATTN_EXT(hs=80,nh=32,kv=512,nb=2,mask=0,max_bias=0.000000,type_KV=f16): [1;32mOK[0m
  FLASH_ATTN_EXT(hs=80,nh=32,kv=512,nb=2,mask=0,max_bias=0.000000,type_KV=q8_0): not supported [CUDA0] 
  FLASH_ATTN_EXT(hs=80,nh=32,kv=512,nb=2,mask=0,max_bias=0.000000,type_KV=q4_0): not supported [CUDA0] 
  FLASH_ATTN_EXT(hs=80,nh=32,kv=512,nb=4,mask=0,max_bias=0.000000,type_KV=f16): [1;32mOK[0m
  FLASH_ATTN_EXT(hs=80,nh=32,kv=512,nb=4,mask=0,max_bias=0.000000,type_KV=q8_0): not supported [CUDA0] 
  FLASH_ATTN_EXT(hs=80,nh=32,kv=512,nb=4,mask=0,max_bias=0.000000,type_KV=q4_0): not supported [CUDA0] 
  FLASH_ATTN_EXT(hs=80,nh=32,kv=512,nb=8,mask=0,max_bias=0.000000,type_KV=f16): [1;32mOK[0m
  FLASH_ATTN_EXT(hs=80,nh=32,kv=512,nb=8,mask=0,max_bias=0.000000,type_KV=q8_0): not supported [CUDA0] 
  FLASH_ATTN_EXT(hs=80,nh=32,kv=512,nb=8,mask=0,max_bias=0.000000,type_KV=q4_0): not supported [CUDA0] 
  FLASH_ATTN_EXT(hs=80,nh=32,kv=1024,nb=1,mask=0,max_bias=0.000000,type_KV=f16): [1;32mOK[0m
  FLASH_ATTN_EXT(hs=80,nh=32,kv=1024,nb=1,mask=0,max_bias=0.000000,type_KV=q8_0): not supported [CUDA0] 
  FLASH_ATTN_EXT(hs=80,nh=32,kv=1024,nb=1,mask=0,max_bias=0.000000,type_KV=q4_0): not supported [CUDA0] 
  FLASH_ATTN_EXT(hs=80,nh=32,kv=1024,nb=2,mask=0,max_bias=0.000000,type_KV=f16): [1;32mOK[0m
  FLASH_ATTN_EXT(hs=80,nh=32,kv=1024,nb=2,mask=0,max_bias=0.000000,type_KV=q8_0): not supported [CUDA0] 
  FLASH_ATTN_EXT(hs=80,nh=32,kv=1024,nb=2,mask=0,max_bias=0.000000,type_KV=q4_0): not supported [CUDA0] 
  FLASH_ATTN_EXT(hs=80,nh=32,kv=1024,nb=4,mask=0,max_bias=0.000000,type_KV=f16): [1;32mOK[0m
  FLASH_ATTN_EXT(hs=80,nh=32,kv=1024,nb=4,mask=0,max_bias=0.000000,type_KV=q8_0): not supported [CUDA0] 
  FLASH_ATTN_EXT(hs=80,nh=32,kv=1024,nb=4,mask=0,max_bias=0.000000,type_KV=q4_0): not supported [CUDA0] 
  FLASH_ATTN_EXT(hs=80,nh=32,kv=1024,nb=8,mask=0,max_bias=0.000000,type_KV=f16): [1;32mOK[0m
  FLASH_ATTN_EXT(hs=80,nh=32,kv=1024,nb=8,mask=0,max_bias=0.000000,type_KV=q8_0): not supported [CUDA0] 
  FLASH_ATTN_EXT(hs=80,nh=32,kv=1024,nb=8,mask=0,max_bias=0.000000,type_KV=q4_0): not supported [CUDA0] 
  FLASH_ATTN_EXT(hs=128,nh=32,kv=512,nb=1,mask=1,max_bias=0.000000,type_KV=f16): [1;32mOK[0m
  FLASH_ATTN_EXT(hs=128,nh=32,kv=512,nb=1,mask=1,max_bias=0.000000,type_KV=q8_0): [1;32mOK[0m
  FLASH_ATTN_EXT(hs=128,nh=32,kv=512,nb=1,mask=1,max_bias=0.000000,type_KV=q4_0): [1;32mOK[0m
  FLASH_ATTN_EXT(hs=128,nh=32,kv=512,nb=2,mask=1,max_bias=0.000000,type_KV=f16): [1;32mOK[0m
  FLASH_ATTN_EXT(hs=128,nh=32,kv=512,nb=2,mask=1,max_bias=0.000000,type_KV=q8_0): [1;32mOK[0m
  FLASH_ATTN_EXT(hs=128,nh=32,kv=512,nb=2,mask=1,max_bias=0.000000,type_KV=q4_0): [1;32mOK[0m
  FLASH_ATTN_EXT(hs=128,nh=32,kv=512,nb=4,mask=1,max_bias=0.000000,type_KV=f16): [1;32mOK[0m
  FLASH_ATTN_EXT(hs=128,nh=32,kv=512,nb=4,mask=1,max_bias=0.000000,type_KV=q8_0): [1;32mOK[0m
  FLASH_ATTN_EXT(hs=128,nh=32,kv=512,nb=4,mask=1,max_bias=0.000000,type_KV=q4_0): [1;32mOK[0m
  FLASH_ATTN_EXT(hs=128,nh=32,kv=512,nb=8,mask=1,max_bias=0.000000,type_KV=f16): [1;32mOK[0m
  FLASH_ATTN_EXT(hs=128,nh=32,kv=512,nb=8,mask=1,max_bias=0.000000,type_KV=q8_0): [1;32mOK[0m
  FLASH_ATTN_EXT(hs=128,nh=32,kv=512,nb=8,mask=1,max_bias=0.000000,type_KV=q4_0): [1;32mOK[0m
  FLASH_ATTN_EXT(hs=128,nh=32,kv=1024,nb=1,mask=1,max_bias=0.000000,type_KV=f16): [1;32mOK[0m
  FLASH_ATTN_EXT(hs=128,nh=32,kv=1024,nb=1,mask=1,max_bias=0.000000,type_KV=q8_0): [1;32mOK[0m
  FLASH_ATTN_EXT(hs=128,nh=32,kv=1024,nb=1,mask=1,max_bias=0.000000,type_KV=q4_0): [1;32mOK[0m
  FLASH_ATTN_EXT(hs=128,nh=32,kv=1024,nb=2,mask=1,max_bias=0.000000,type_KV=f16): [1;32mOK[0m
  FLASH_ATTN_EXT(hs=128,nh=32,kv=1024,nb=2,mask=1,max_bias=0.000000,type_KV=q8_0): [1;32mOK[0m
  FLASH_ATTN_EXT(hs=128,nh=32,kv=1024,nb=2,mask=1,max_bias=0.000000,type_KV=q4_0): [1;32mOK[0m
  FLASH_ATTN_EXT(hs=128,nh=32,kv=1024,nb=4,mask=1,max_bias=0.000000,type_KV=f16): [1;32mOK[0m
  FLASH_ATTN_EXT(hs=128,nh=32,kv=1024,nb=4,mask=1,max_bias=0.000000,type_KV=q8_0): [1;32mOK[0m
  FLASH_ATTN_EXT(hs=128,nh=32,kv=1024,nb=4,mask=1,max_bias=0.000000,type_KV=q4_0): [1;32mOK[0m
  FLASH_ATTN_EXT(hs=128,nh=32,kv=1024,nb=8,mask=1,max_bias=0.000000,type_KV=f16): [1;32mOK[0m
  FLASH_ATTN_EXT(hs=128,nh=32,kv=1024,nb=8,mask=1,max_bias=0.000000,type_KV=q8_0): [1;32mOK[0m
  FLASH_ATTN_EXT(hs=128,nh=32,kv=1024,nb=8,mask=1,max_bias=0.000000,type_KV=q4_0): [1;32mOK[0m
  FLASH_ATTN_EXT(hs=128,nh=32,kv=512,nb=1,mask=1,max_bias=8.000000,type_KV=f16): [1;32mOK[0m
  FLASH_ATTN_EXT(hs=128,nh=32,kv=512,nb=1,mask=1,max_bias=8.000000,type_KV=q8_0): [1;32mOK[0m
  FLASH_ATTN_EXT(hs=128,nh=32,kv=512,nb=1,mask=1,max_bias=8.000000,type_KV=q4_0): [1;32mOK[0m
  FLASH_ATTN_EXT(hs=128,nh=32,kv=512,nb=2,mask=1,max_bias=8.000000,type_KV=f16): [1;32mOK[0m
  FLASH_ATTN_EXT(hs=128,nh=32,kv=512,nb=2,mask=1,max_bias=8.000000,type_KV=q8_0): [1;32mOK[0m
  FLASH_ATTN_EXT(hs=128,nh=32,kv=512,nb=2,mask=1,max_bias=8.000000,type_KV=q4_0): [1;32mOK[0m
  FLASH_ATTN_EXT(hs=128,nh=32,kv=512,nb=4,mask=1,max_bias=8.000000,type_KV=f16): [1;32mOK[0m
  FLASH_ATTN_EXT(hs=128,nh=32,kv=512,nb=4,mask=1,max_bias=8.000000,type_KV=q8_0): [1;32mOK[0m
  FLASH_ATTN_EXT(hs=128,nh=32,kv=512,nb=4,mask=1,max_bias=8.000000,type_KV=q4_0): [1;32mOK[0m
  FLASH_ATTN_EXT(hs=128,nh=32,kv=512,nb=8,mask=1,max_bias=8.000000,type_KV=f16): [1;32mOK[0m
  FLASH_ATTN_EXT(hs=128,nh=32,kv=512,nb=8,mask=1,max_bias=8.000000,type_KV=q8_0): [1;32mOK[0m
  FLASH_ATTN_EXT(hs=128,nh=32,kv=512,nb=8,mask=1,max_bias=8.000000,type_KV=q4_0): [1;32mOK[0m
  FLASH_ATTN_EXT(hs=128,nh=32,kv=1024,nb=1,mask=1,max_bias=8.000000,type_KV=f16): [1;32mOK[0m
  FLASH_ATTN_EXT(hs=128,nh=32,kv=1024,nb=1,mask=1,max_bias=8.000000,type_KV=q8_0): [1;32mOK[0m
  FLASH_ATTN_EXT(hs=128,nh=32,kv=1024,nb=1,mask=1,max_bias=8.000000,type_KV=q4_0): [1;32mOK[0m
  FLASH_ATTN_EXT(hs=128,nh=32,kv=1024,nb=2,mask=1,max_bias=8.000000,type_KV=f16): [1;32mOK[0m
  FLASH_ATTN_EXT(hs=128,nh=32,kv=1024,nb=2,mask=1,max_bias=8.000000,type_KV=q8_0): [1;32mOK[0m
  FLASH_ATTN_EXT(hs=128,nh=32,kv=1024,nb=2,mask=1,max_bias=8.000000,type_KV=q4_0): [1;32mOK[0m
  FLASH_ATTN_EXT(hs=128,nh=32,kv=1024,nb=4,mask=1,max_bias=8.000000,type_KV=f16): [1;32mOK[0m
  FLASH_ATTN_EXT(hs=128,nh=32,kv=1024,nb=4,mask=1,max_bias=8.000000,type_KV=q8_0): [1;32mOK[0m
  FLASH_ATTN_EXT(hs=128,nh=32,kv=1024,nb=4,mask=1,max_bias=8.000000,type_KV=q4_0): [1;32mOK[0m
  FLASH_ATTN_EXT(hs=128,nh=32,kv=1024,nb=8,mask=1,max_bias=8.000000,type_KV=f16): [1;32mOK[0m
  FLASH_ATTN_EXT(hs=128,nh=32,kv=1024,nb=8,mask=1,max_bias=8.000000,type_KV=q8_0): [1;32mOK[0m
  FLASH_ATTN_EXT(hs=128,nh=32,kv=1024,nb=8,mask=1,max_bias=8.000000,type_KV=q4_0): [1;32mOK[0m
  FLASH_ATTN_EXT(hs=128,nh=32,kv=512,nb=1,mask=0,max_bias=0.000000,type_KV=f16): [1;32mOK[0m
  FLASH_ATTN_EXT(hs=128,nh=32,kv=512,nb=1,mask=0,max_bias=0.000000,type_KV=q8_0): [1;32mOK[0m
  FLASH_ATTN_EXT(hs=128,nh=32,kv=512,nb=1,mask=0,max_bias=0.000000,type_KV=q4_0): [1;32mOK[0m
  FLASH_ATTN_EXT(hs=128,nh=32,kv=512,nb=2,mask=0,max_bias=0.000000,type_KV=f16): [1;32mOK[0m
  FLASH_ATTN_EXT(hs=128,nh=32,kv=512,nb=2,mask=0,max_bias=0.000000,type_KV=q8_0): [1;32mOK[0m
  FLASH_ATTN_EXT(hs=128,nh=32,kv=512,nb=2,mask=0,max_bias=0.000000,type_KV=q4_0): [1;32mOK[0m
  FLASH_ATTN_EXT(hs=128,nh=32,kv=512,nb=4,mask=0,max_bias=0.000000,type_KV=f16): [1;32mOK[0m
  FLASH_ATTN_EXT(hs=128,nh=32,kv=512,nb=4,mask=0,max_bias=0.000000,type_KV=q8_0): [1;32mOK[0m
  FLASH_ATTN_EXT(hs=128,nh=32,kv=512,nb=4,mask=0,max_bias=0.000000,type_KV=q4_0): [1;32mOK[0m
  FLASH_ATTN_EXT(hs=128,nh=32,kv=512,nb=8,mask=0,max_bias=0.000000,type_KV=f16): [1;32mOK[0m
  FLASH_ATTN_EXT(hs=128,nh=32,kv=512,nb=8,mask=0,max_bias=0.000000,type_KV=q8_0): [1;32mOK[0m
  FLASH_ATTN_EXT(hs=128,nh=32,kv=512,nb=8,mask=0,max_bias=0.000000,type_KV=q4_0): [1;32mOK[0m
  FLASH_ATTN_EXT(hs=128,nh=32,kv=1024,nb=1,mask=0,max_bias=0.000000,type_KV=f16): [1;32mOK[0m
  FLASH_ATTN_EXT(hs=128,nh=32,kv=1024,nb=1,mask=0,max_bias=0.000000,type_KV=q8_0): [1;32mOK[0m
  FLASH_ATTN_EXT(hs=128,nh=32,kv=1024,nb=1,mask=0,max_bias=0.000000,type_KV=q4_0): [1;32mOK[0m
  FLASH_ATTN_EXT(hs=128,nh=32,kv=1024,nb=2,mask=0,max_bias=0.000000,type_KV=f16): [1;32mOK[0m
  FLASH_ATTN_EXT(hs=128,nh=32,kv=1024,nb=2,mask=0,max_bias=0.000000,type_KV=q8_0): [1;32mOK[0m
  FLASH_ATTN_EXT(hs=128,nh=32,kv=1024,nb=2,mask=0,max_bias=0.000000,type_KV=q4_0): [1;32mOK[0m
  FLASH_ATTN_EXT(hs=128,nh=32,kv=1024,nb=4,mask=0,max_bias=0.000000,type_KV=f16): [1;32mOK[0m
  FLASH_ATTN_EXT(hs=128,nh=32,kv=1024,nb=4,mask=0,max_bias=0.000000,type_KV=q8_0): [1;32mOK[0m
  FLASH_ATTN_EXT(hs=128,nh=32,kv=1024,nb=4,mask=0,max_bias=0.000000,type_KV=q4_0): [1;32mOK[0m
  FLASH_ATTN_EXT(hs=128,nh=32,kv=1024,nb=8,mask=0,max_bias=0.000000,type_KV=f16): [1;32mOK[0m
  FLASH_ATTN_EXT(hs=128,nh=32,kv=1024,nb=8,mask=0,max_bias=0.000000,type_KV=q8_0): [1;32mOK[0m
  FLASH_ATTN_EXT(hs=128,nh=32,kv=1024,nb=8,mask=0,max_bias=0.000000,type_KV=q4_0): [1;32mOK[0m
  FLASH_ATTN_EXT(hs=256,nh=32,kv=512,nb=1,mask=1,max_bias=0.000000,type_KV=f16): [1;32mOK[0m
  FLASH_ATTN_EXT(hs=256,nh=32,kv=512,nb=1,mask=1,max_bias=0.000000,type_KV=q8_0): not supported [CUDA0] 
  FLASH_ATTN_EXT(hs=256,nh=32,kv=512,nb=1,mask=1,max_bias=0.000000,type_KV=q4_0): not supported [CUDA0] 
  FLASH_ATTN_EXT(hs=256,nh=32,kv=512,nb=2,mask=1,max_bias=0.000000,type_KV=f16): [1;32mOK[0m
  FLASH_ATTN_EXT(hs=256,nh=32,kv=512,nb=2,mask=1,max_bias=0.000000,type_KV=q8_0): not supported [CUDA0] 
  FLASH_ATTN_EXT(hs=256,nh=32,kv=512,nb=2,mask=1,max_bias=0.000000,type_KV=q4_0): not supported [CUDA0] 
  FLASH_ATTN_EXT(hs=256,nh=32,kv=512,nb=4,mask=1,max_bias=0.000000,type_KV=f16): [1;32mOK[0m
  FLASH_ATTN_EXT(hs=256,nh=32,kv=512,nb=4,mask=1,max_bias=0.000000,type_KV=q8_0): not supported [CUDA0] 
  FLASH_ATTN_EXT(hs=256,nh=32,kv=512,nb=4,mask=1,max_bias=0.000000,type_KV=q4_0): not supported [CUDA0] 
  FLASH_ATTN_EXT(hs=256,nh=32,kv=512,nb=8,mask=1,max_bias=0.000000,type_KV=f16): [1;32mOK[0m
  FLASH_ATTN_EXT(hs=256,nh=32,kv=512,nb=8,mask=1,max_bias=0.000000,type_KV=q8_0): not supported [CUDA0] 
  FLASH_ATTN_EXT(hs=256,nh=32,kv=512,nb=8,mask=1,max_bias=0.000000,type_KV=q4_0): not supported [CUDA0] 
  FLASH_ATTN_EXT(hs=256,nh=32,kv=1024,nb=1,mask=1,max_bias=0.000000,type_KV=f16): [1;32mOK[0m
  FLASH_ATTN_EXT(hs=256,nh=32,kv=1024,nb=1,mask=1,max_bias=0.000000,type_KV=q8_0): not supported [CUDA0] 
  FLASH_ATTN_EXT(hs=256,nh=32,kv=1024,nb=1,mask=1,max_bias=0.000000,type_KV=q4_0): not supported [CUDA0] 
  FLASH_ATTN_EXT(hs=256,nh=32,kv=1024,nb=2,mask=1,max_bias=0.000000,type_KV=f16): [1;32mOK[0m
  FLASH_ATTN_EXT(hs=256,nh=32,kv=1024,nb=2,mask=1,max_bias=0.000000,type_KV=q8_0): not supported [CUDA0] 
  FLASH_ATTN_EXT(hs=256,nh=32,kv=1024,nb=2,mask=1,max_bias=0.000000,type_KV=q4_0): not supported [CUDA0] 
  FLASH_ATTN_EXT(hs=256,nh=32,kv=1024,nb=4,mask=1,max_bias=0.000000,type_KV=f16): [1;32mOK[0m
  FLASH_ATTN_EXT(hs=256,nh=32,kv=1024,nb=4,mask=1,max_bias=0.000000,type_KV=q8_0): not supported [CUDA0] 
  FLASH_ATTN_EXT(hs=256,nh=32,kv=1024,nb=4,mask=1,max_bias=0.000000,type_KV=q4_0): not supported [CUDA0] 
  FLASH_ATTN_EXT(hs=256,nh=32,kv=1024,nb=8,mask=1,max_bias=0.000000,type_KV=f16): [1;32mOK[0m
  FLASH_ATTN_EXT(hs=256,nh=32,kv=1024,nb=8,mask=1,max_bias=0.000000,type_KV=q8_0): not supported [CUDA0] 
  FLASH_ATTN_EXT(hs=256,nh=32,kv=1024,nb=8,mask=1,max_bias=0.000000,type_KV=q4_0): not supported [CUDA0] 
  FLASH_ATTN_EXT(hs=256,nh=32,kv=512,nb=1,mask=1,max_bias=8.000000,type_KV=f16): [1;32mOK[0m
  FLASH_ATTN_EXT(hs=256,nh=32,kv=512,nb=1,mask=1,max_bias=8.000000,type_KV=q8_0): not supported [CUDA0] 
  FLASH_ATTN_EXT(hs=256,nh=32,kv=512,nb=1,mask=1,max_bias=8.000000,type_KV=q4_0): not supported [CUDA0] 
  FLASH_ATTN_EXT(hs=256,nh=32,kv=512,nb=2,mask=1,max_bias=8.000000,type_KV=f16): [1;32mOK[0m
  FLASH_ATTN_EXT(hs=256,nh=32,kv=512,nb=2,mask=1,max_bias=8.000000,type_KV=q8_0): not supported [CUDA0] 
  FLASH_ATTN_EXT(hs=256,nh=32,kv=512,nb=2,mask=1,max_bias=8.000000,type_KV=q4_0): not supported [CUDA0] 
  FLASH_ATTN_EXT(hs=256,nh=32,kv=512,nb=4,mask=1,max_bias=8.000000,type_KV=f16): [1;32mOK[0m
  FLASH_ATTN_EXT(hs=256,nh=32,kv=512,nb=4,mask=1,max_bias=8.000000,type_KV=q8_0): not supported [CUDA0] 
  FLASH_ATTN_EXT(hs=256,nh=32,kv=512,nb=4,mask=1,max_bias=8.000000,type_KV=q4_0): not supported [CUDA0] 
  FLASH_ATTN_EXT(hs=256,nh=32,kv=512,nb=8,mask=1,max_bias=8.000000,type_KV=f16): [1;32mOK[0m
  FLASH_ATTN_EXT(hs=256,nh=32,kv=512,nb=8,mask=1,max_bias=8.000000,type_KV=q8_0): not supported [CUDA0] 
  FLASH_ATTN_EXT(hs=256,nh=32,kv=512,nb=8,mask=1,max_bias=8.000000,type_KV=q4_0): not supported [CUDA0] 
  FLASH_ATTN_EXT(hs=256,nh=32,kv=1024,nb=1,mask=1,max_bias=8.000000,type_KV=f16): [1;32mOK[0m
  FLASH_ATTN_EXT(hs=256,nh=32,kv=1024,nb=1,mask=1,max_bias=8.000000,type_KV=q8_0): not supported [CUDA0] 
  FLASH_ATTN_EXT(hs=256,nh=32,kv=1024,nb=1,mask=1,max_bias=8.000000,type_KV=q4_0): not supported [CUDA0] 
  FLASH_ATTN_EXT(hs=256,nh=32,kv=1024,nb=2,mask=1,max_bias=8.000000,type_KV=f16): [1;32mOK[0m
  FLASH_ATTN_EXT(hs=256,nh=32,kv=1024,nb=2,mask=1,max_bias=8.000000,type_KV=q8_0): not supported [CUDA0] 
  FLASH_ATTN_EXT(hs=256,nh=32,kv=1024,nb=2,mask=1,max_bias=8.000000,type_KV=q4_0): not supported [CUDA0] 
  FLASH_ATTN_EXT(hs=256,nh=32,kv=1024,nb=4,mask=1,max_bias=8.000000,type_KV=f16): [1;32mOK[0m
  FLASH_ATTN_EXT(hs=256,nh=32,kv=1024,nb=4,mask=1,max_bias=8.000000,type_KV=q8_0): not supported [CUDA0] 
  FLASH_ATTN_EXT(hs=256,nh=32,kv=1024,nb=4,mask=1,max_bias=8.000000,type_KV=q4_0): not supported [CUDA0] 
  FLASH_ATTN_EXT(hs=256,nh=32,kv=1024,nb=8,mask=1,max_bias=8.000000,type_KV=f16): [1;32mOK[0m
  FLASH_ATTN_EXT(hs=256,nh=32,kv=1024,nb=8,mask=1,max_bias=8.000000,type_KV=q8_0): not supported [CUDA0] 
  FLASH_ATTN_EXT(hs=256,nh=32,kv=1024,nb=8,mask=1,max_bias=8.000000,type_KV=q4_0): not supported [CUDA0] 
  FLASH_ATTN_EXT(hs=256,nh=32,kv=512,nb=1,mask=0,max_bias=0.000000,type_KV=f16): [1;32mOK[0m
  FLASH_ATTN_EXT(hs=256,nh=32,kv=512,nb=1,mask=0,max_bias=0.000000,type_KV=q8_0): not supported [CUDA0] 
  FLASH_ATTN_EXT(hs=256,nh=32,kv=512,nb=1,mask=0,max_bias=0.000000,type_KV=q4_0): not supported [CUDA0] 
  FLASH_ATTN_EXT(hs=256,nh=32,kv=512,nb=2,mask=0,max_bias=0.000000,type_KV=f16): [1;32mOK[0m
  FLASH_ATTN_EXT(hs=256,nh=32,kv=512,nb=2,mask=0,max_bias=0.000000,type_KV=q8_0): not supported [CUDA0] 
  FLASH_ATTN_EXT(hs=256,nh=32,kv=512,nb=2,mask=0,max_bias=0.000000,type_KV=q4_0): not supported [CUDA0] 
  FLASH_ATTN_EXT(hs=256,nh=32,kv=512,nb=4,mask=0,max_bias=0.000000,type_KV=f16): [1;32mOK[0m
  FLASH_ATTN_EXT(hs=256,nh=32,kv=512,nb=4,mask=0,max_bias=0.000000,type_KV=q8_0): not supported [CUDA0] 
  FLASH_ATTN_EXT(hs=256,nh=32,kv=512,nb=4,mask=0,max_bias=0.000000,type_KV=q4_0): not supported [CUDA0] 
  FLASH_ATTN_EXT(hs=256,nh=32,kv=512,nb=8,mask=0,max_bias=0.000000,type_KV=f16): [1;32mOK[0m
  FLASH_ATTN_EXT(hs=256,nh=32,kv=512,nb=8,mask=0,max_bias=0.000000,type_KV=q8_0): not supported [CUDA0] 
  FLASH_ATTN_EXT(hs=256,nh=32,kv=512,nb=8,mask=0,max_bias=0.000000,type_KV=q4_0): not supported [CUDA0] 
  FLASH_ATTN_EXT(hs=256,nh=32,kv=1024,nb=1,mask=0,max_bias=0.000000,type_KV=f16): [1;32mOK[0m
  FLASH_ATTN_EXT(hs=256,nh=32,kv=1024,nb=1,mask=0,max_bias=0.000000,type_KV=q8_0): not supported [CUDA0] 
  FLASH_ATTN_EXT(hs=256,nh=32,kv=1024,nb=1,mask=0,max_bias=0.000000,type_KV=q4_0): not supported [CUDA0] 
  FLASH_ATTN_EXT(hs=256,nh=32,kv=1024,nb=2,mask=0,max_bias=0.000000,type_KV=f16): [1;32mOK[0m
  FLASH_ATTN_EXT(hs=256,nh=32,kv=1024,nb=2,mask=0,max_bias=0.000000,type_KV=q8_0): not supported [CUDA0] 
  FLASH_ATTN_EXT(hs=256,nh=32,kv=1024,nb=2,mask=0,max_bias=0.000000,type_KV=q4_0): not supported [CUDA0] 
  FLASH_ATTN_EXT(hs=256,nh=32,kv=1024,nb=4,mask=0,max_bias=0.000000,type_KV=f16): [1;32mOK[0m
  FLASH_ATTN_EXT(hs=256,nh=32,kv=1024,nb=4,mask=0,max_bias=0.000000,type_KV=q8_0): not supported [CUDA0] 
  FLASH_ATTN_EXT(hs=256,nh=32,kv=1024,nb=4,mask=0,max_bias=0.000000,type_KV=q4_0): not supported [CUDA0] 
  FLASH_ATTN_EXT(hs=256,nh=32,kv=1024,nb=8,mask=0,max_bias=0.000000,type_KV=f16): [1;32mOK[0m
  FLASH_ATTN_EXT(hs=256,nh=32,kv=1024,nb=8,mask=0,max_bias=0.000000,type_KV=q8_0): not supported [CUDA0] 
  FLASH_ATTN_EXT(hs=256,nh=32,kv=1024,nb=8,mask=0,max_bias=0.000000,type_KV=q4_0): not supported [CUDA0] 
  1343/1344 tests passed
  Backend CUDA0: [1;31mFAIL[0m

1/2 backends passed
[1;31mFAIL[0m


96% tests passed, 1 tests failed out of 23

Total Test time (real) =  84.82 sec

The following tests FAILED:
	 23 - test-backend-ops (Failed)
Errors while running CTest

real	1m24.855s
user	1m23.419s
sys	0m7.796s
