+ cmake -DCMAKE_BUILD_TYPE=Release -DGGML_METAL=ON ..
CMake Deprecation Warning at CMakeLists.txt:1 (cmake_minimum_required):
  Compatibility with CMake < 3.5 will be removed from a future version of
  CMake.

  Update the VERSION argument <min> value or use a ...<max> suffix to tell
  CMake that the project does not need compatibility with older versions.


-- The C compiler identification is AppleClang 14.0.3.14030022
-- The CXX compiler identification is AppleClang 14.0.3.14030022
-- Detecting C compiler ABI info
-- Detecting C compiler ABI info - done
-- Check for working C compiler: /Library/Developer/CommandLineTools/usr/bin/cc - skipped
-- Detecting C compile features
-- Detecting C compile features - done
-- Detecting CXX compiler ABI info
-- Detecting CXX compiler ABI info - done
-- Check for working CXX compiler: /Library/Developer/CommandLineTools/usr/bin/c++ - skipped
-- Detecting CXX compile features
-- Detecting CXX compile features - done
-- Found Git: /usr/bin/git (found version "2.39.2 (Apple Git-143)") 
-- Performing Test CMAKE_HAVE_LIBC_PTHREAD
-- Performing Test CMAKE_HAVE_LIBC_PTHREAD - Success
-- Found Threads: TRUE  
-- CMAKE_SYSTEM_PROCESSOR: arm64
-- ARM detected
-- Accelerate framework found
CMake Warning (dev) at src/CMakeLists.txt:400 (install):
  Target ggml has RESOURCE files but no RESOURCE DESTINATION.
This warning is for project developers.  Use -Wno-dev to suppress it.

-- ARM detected
-- Accelerate framework found
-- Configuring done (0.5s)
-- Generating done (0.1s)
-- Build files have been written to: /Users/ggml/work/ggml/build-ci-release

real	0m0.609s
user	0m0.290s
sys	0m0.281s
+ make -j
[  2%] Building C object src/CMakeFiles/ggml.dir/ggml-backend.c.o
[  2%] Building C object src/CMakeFiles/ggml.dir/ggml.c.o
[  2%] Building CXX object examples/CMakeFiles/common.dir/common.cpp.o
[  3%] Building C object src/CMakeFiles/ggml.dir/ggml-quants.c.o
[  5%] Building C object src/CMakeFiles/ggml.dir/ggml-alloc.c.o
[  5%] Building C object src/CMakeFiles/ggml.dir/ggml-metal.m.o
[  6%] Linking CXX static library libcommon.a
[  6%] Built target common
[  6%] Linking C shared library libggml.dylib
[  6%] Built target ggml
[  7%] Building CXX object examples/mnist/CMakeFiles/mnist-cpu.dir/main-cpu.cpp.o
[  9%] Building CXX object tests/CMakeFiles/test-backend-ops.dir/test-backend-ops.cpp.o
[ 10%] Building C object tests/CMakeFiles/test-blas0.dir/test-blas0.c.o
[  8%] Building C object tests/CMakeFiles/test3.dir/test3.c.o
[ 11%] Building CXX object tests/CMakeFiles/test-quantize-fns.dir/test-quantize-fns.cpp.o
[ 12%] Building CXX object tests/CMakeFiles/test-quantize-perf.dir/test-quantize-perf.cpp.o
[ 13%] Building C object tests/CMakeFiles/test-customop.dir/test-customop.c.o
[ 14%] Building C object tests/CMakeFiles/test-mul-mat0.dir/test-mul-mat0.c.o
[ 15%] Building C object tests/CMakeFiles/test2.dir/test2.c.o
[ 15%] Building C object tests/CMakeFiles/test-pool.dir/test-pool.c.o
[ 16%] Building CXX object tests/CMakeFiles/test-conv2d.dir/test-conv2d.cpp.o
[ 17%] Building C object tests/CMakeFiles/test0.dir/test0.c.o
[ 17%] Building CXX object examples/whisper/CMakeFiles/whisper-cpp.dir/whisper.cpp.o
[ 17%] Building C object tests/CMakeFiles/test-rel-pos.dir/test-rel-pos.c.o
[ 18%] Building C object tests/CMakeFiles/test1.dir/test1.c.o
[ 19%] Building CXX object examples/yolo/CMakeFiles/yolov3-tiny.dir/yolo-image.cpp.o
[ 21%] Building C object tests/CMakeFiles/test-mul-mat2.dir/test-mul-mat2.c.o
[ 21%] Building CXX object examples/CMakeFiles/common-ggml.dir/common-ggml.cpp.o
[ 22%] Building CXX object examples/mnist/CMakeFiles/mnist-cnn.dir/main-cnn.cpp.o
[ 23%] Building CXX object examples/mnist/CMakeFiles/mnist-mtl.dir/main-mtl.cpp.o
[ 24%] Building CXX object examples/yolo/CMakeFiles/yolov3-tiny.dir/yolov3-tiny.cpp.o
[ 25%] Building CXX object examples/sam/CMakeFiles/sam.dir/main.cpp.o
[ 26%] Building C object examples/mnist/CMakeFiles/mnist-mtl.dir/main-mtl.m.o
[ 27%] Building CXX object tests/CMakeFiles/test-opt.dir/test-opt.cpp.o
[ 28%] Building CXX object examples/mnist/CMakeFiles/mnist.dir/main.cpp.o
[ 29%] Building CXX object tests/CMakeFiles/test-mul-mat.dir/test-mul-mat.cpp.o
[ 29%] Building CXX object tests/CMakeFiles/test-backend-buffer.dir/test-backend-buffer.cpp.o
[ 30%] Building CXX object tests/CMakeFiles/test-conv1d.dir/test-conv1d.cpp.o
[ 31%] Building C object tests/CMakeFiles/test-mul-mat1.dir/test-mul-mat1.c.o
[ 32%] Building C object tests/CMakeFiles/test-svd0.dir/test-svd0.c.o
[ 33%] Building C object tests/CMakeFiles/test-xpos.dir/test-xpos.c.o
[ 33%] Building C object tests/CMakeFiles/test-conv-transpose.dir/test-conv-transpose.c.o
[ 34%] Building CXX object tests/CMakeFiles/test-grad0.dir/test-grad0.cpp.o
[ 35%] Building C object tests/CMakeFiles/test-vec2.dir/test-vec2.c.o
[ 36%] Building C object tests/CMakeFiles/test-vec0.dir/test-vec0.c.o
[ 37%] Linking CXX executable ../bin/test-backend-buffer
[ 38%] Linking C executable ../bin/test2
[ 39%] Linking C executable ../bin/test0
[ 40%] Linking C executable ../bin/test-rel-pos
[ 41%] Linking C executable ../bin/test3
[ 42%] Linking C executable ../bin/test-pool
[ 43%] Linking C executable ../bin/test-xpos
[ 44%] Linking C executable ../bin/test-conv-transpose
[ 45%] Linking CXX executable ../bin/test-opt
[ 45%] Linking C executable ../bin/test-customop
[ 45%] Linking C executable ../bin/test-mul-mat0
[ 46%] Linking C executable ../bin/test-vec0
[ 46%] Linking C executable ../bin/test1
[ 46%] Built target test2
[ 46%] Linking C executable ../bin/test-vec2
[ 46%] Built target test-backend-buffer
[ 46%] Built target test-customop
[ 46%] Built target test-rel-pos
[ 46%] Built target test-xpos
[ 46%] Built target test-opt
[ 46%] Built target test0
[ 46%] Built target test-pool
[ 46%] Built target test-conv-transpose
[ 46%] Built target test-vec0
[ 46%] Built target test1
[ 46%] Built target test-mul-mat0
[ 46%] Built target test3
[ 46%] Built target test-vec2
[ 47%] Linking CXX executable ../bin/test-quantize-fns
[ 48%] Linking C executable ../bin/test-mul-mat2
[ 48%] Built target test-quantize-fns
[ 49%] Linking CXX executable ../bin/test-grad0
[ 50%] Linking CXX executable ../../bin/mnist-mtl
[ 51%] Linking C executable ../bin/test-mul-mat1
[ 52%] Linking CXX executable ../bin/test-conv2d
[ 52%] Linking CXX executable ../../bin/mnist-cpu
[ 52%] Built target test-mul-mat2
[ 53%] Linking CXX executable ../bin/test-mul-mat
[ 54%] Linking CXX executable ../bin/test-conv1d
[ 54%] Built target test-mul-mat1
[ 54%] Built target test-conv2d
[ 55%] Linking C executable ../bin/test-blas0
[ 56%] Linking C executable ../bin/test-svd0
[ 56%] Built target test-mul-mat
[ 56%] Built target test-grad0
[ 57%] Linking CXX executable ../../bin/mnist-cnn
[ 57%] Built target mnist-cpu
[ 57%] Built target mnist-mtl
[ 57%] Built target test-blas0
[ 57%] Built target test-svd0
[ 57%] Built target test-conv1d
[ 58%] Linking CXX executable ../../bin/mnist
[ 58%] Built target mnist-cnn
[ 58%] Built target mnist
[ 59%] Linking CXX executable ../bin/test-quantize-perf
[ 59%] Built target test-quantize-perf
[ 60%] Linking CXX executable ../bin/test-backend-ops
[ 60%] Built target test-backend-ops
[ 61%] Linking CXX static library libcommon-ggml.a
[ 61%] Built target common-ggml
[ 62%] Building CXX object examples/gpt-2/CMakeFiles/gpt-2-ctx.dir/main-ctx.cpp.o
[ 64%] Building CXX object examples/gpt-2/CMakeFiles/gpt-2-alloc.dir/main-alloc.cpp.o
[ 64%] Building CXX object examples/gpt-2/CMakeFiles/gpt-2-quantize.dir/quantize.cpp.o
[ 65%] Building CXX object examples/dolly-v2/CMakeFiles/dollyv2.dir/main.cpp.o
[ 67%] Building CXX object examples/gpt-2/CMakeFiles/gpt-2-backend.dir/main-backend.cpp.o
[ 67%] Building CXX object examples/gpt-2/CMakeFiles/gpt-2-backend2.dir/main.cpp.o
[ 67%] Building CXX object examples/dolly-v2/CMakeFiles/dollyv2-quantize.dir/quantize.cpp.o
[ 68%] Building CXX object examples/replit/CMakeFiles/replit.dir/main.cpp.o
[ 69%] Building CXX object examples/starcoder/CMakeFiles/starcoder-quantize.dir/quantize.cpp.o
[ 70%] Building CXX object examples/starcoder/CMakeFiles/starcoder-mmap.dir/starcoder-mmap.cpp.o
[ 71%] Building CXX object examples/starcoder/CMakeFiles/starcoder.dir/main.cpp.o
[ 72%] Building CXX object examples/replit/CMakeFiles/replit-quantize.dir/quantize.cpp.o
[ 73%] Building CXX object examples/mpt/CMakeFiles/mpt.dir/main.cpp.o
[ 74%] Building CXX object examples/gpt-2/CMakeFiles/gpt-2-batched.dir/main-batched.cpp.o
[ 75%] Building CXX object examples/whisper/CMakeFiles/whisper-quantize.dir/quantize.cpp.o
[ 76%] Building CXX object examples/gpt-j/CMakeFiles/gpt-j-quantize.dir/quantize.cpp.o
[ 76%] Building CXX object examples/mpt/CMakeFiles/mpt-quantize.dir/quantize.cpp.o
[ 77%] Building CXX object examples/gpt-neox/CMakeFiles/gpt-neox.dir/main.cpp.o
[ 77%] Building CXX object examples/gpt-neox/CMakeFiles/gpt-neox-quantize.dir/quantize.cpp.o
[ 77%] Building CXX object examples/gpt-j/CMakeFiles/gpt-j.dir/main.cpp.o
[ 78%] Linking CXX executable ../../bin/replit-quantize
[ 79%] Linking CXX executable ../../bin/mpt-quantize
[ 80%] Linking CXX executable ../../bin/gpt-2-quantize
[ 80%] Built target replit-quantize
[ 81%] Linking CXX executable ../../bin/dollyv2-quantize
[ 81%] Built target mpt-quantize
[ 82%] Linking CXX executable ../../bin/starcoder-quantize
[ 82%] Built target gpt-2-quantize
[ 83%] Linking CXX executable ../../bin/gpt-neox-quantize
[ 84%] Linking CXX executable ../../bin/gpt-j-quantize
[ 84%] Built target dollyv2-quantize
[ 84%] Built target starcoder-quantize
[ 85%] Linking CXX executable ../../bin/whisper-quantize
[ 85%] Built target gpt-neox-quantize
[ 85%] Built target gpt-j-quantize
[ 86%] Linking CXX executable ../../bin/yolov3-tiny
[ 86%] Built target whisper-quantize
[ 86%] Built target yolov3-tiny
[ 87%] Linking CXX executable ../../bin/gpt-j
[ 88%] Linking CXX executable ../../bin/gpt-2-backend
[ 89%] Linking CXX executable ../../bin/gpt-neox
[ 90%] Linking CXX executable ../../bin/gpt-2-ctx
[ 91%] Linking CXX executable ../../bin/starcoder-mmap
[ 92%] Linking CXX executable ../../bin/gpt-2-alloc
[ 92%] Built target gpt-j
[ 92%] Built target gpt-neox
[ 92%] Built target gpt-2-backend
[ 92%] Built target gpt-2-ctx
[ 93%] Linking CXX executable ../../bin/starcoder
[ 93%] Built target gpt-2-alloc
[ 93%] Built target starcoder-mmap
[ 94%] Linking CXX executable ../../bin/dollyv2
[ 95%] Linking CXX executable ../../bin/gpt-2-batched
[ 96%] Linking CXX executable ../../bin/mpt
[ 96%] Built target starcoder
[ 97%] Linking CXX executable ../../bin/replit
[ 97%] Built target dollyv2
[ 97%] Built target gpt-2-batched
[ 97%] Linking CXX executable ../../bin/gpt-2-backend2
[ 97%] Built target mpt
[ 97%] Built target replit
[ 97%] Built target gpt-2-backend2
[ 97%] Linking CXX executable ../../bin/sam
[ 97%] Built target sam
[ 98%] Linking CXX static library libwhisper-cpp.a
[ 98%] Built target whisper-cpp
[ 99%] Building CXX object examples/whisper/CMakeFiles/whisper.dir/main.cpp.o
[100%] Linking CXX executable ../../bin/whisper
[100%] Built target whisper

real	0m12.286s
user	0m54.463s
sys	0m5.886s
+ ctest --output-on-failure
Test project /Users/ggml/work/ggml/build-ci-release
      Start  1: test-grad0
 1/21 Test  #1: test-grad0 .......................   Passed    1.15 sec
      Start  2: test-opt
 2/21 Test  #2: test-opt .........................   Passed    2.61 sec
      Start  3: test-quantize-fns
 3/21 Test  #3: test-quantize-fns ................   Passed    0.24 sec
      Start  4: test-quantize-perf
 4/21 Test  #4: test-quantize-perf ...............   Passed    0.28 sec
      Start  5: test-mul-mat0
 5/21 Test  #5: test-mul-mat0 ....................   Passed    0.41 sec
      Start  6: test-blas0
 6/21 Test  #6: test-blas0 .......................   Passed    0.23 sec
      Start  7: test-mul-mat2
 7/21 Test  #7: test-mul-mat2 ....................   Passed    2.41 sec
      Start  8: test0
 8/21 Test  #8: test0 ............................   Passed    0.23 sec
      Start  9: test1
 9/21 Test  #9: test1 ............................   Passed    0.26 sec
      Start 10: test2
10/21 Test #10: test2 ............................   Passed    0.27 sec
      Start 11: test3
11/21 Test #11: test3 ............................   Passed    0.25 sec
      Start 12: test-pool
12/21 Test #12: test-pool ........................   Passed    0.24 sec
      Start 13: test-conv-transpose
13/21 Test #13: test-conv-transpose ..............   Passed    0.23 sec
      Start 14: test-rel-pos
14/21 Test #14: test-rel-pos .....................   Passed    0.23 sec
      Start 15: test-customop
15/21 Test #15: test-customop ....................   Passed    0.23 sec
      Start 16: test-xpos
16/21 Test #16: test-xpos ........................   Passed    0.23 sec
      Start 17: test-conv1d
17/21 Test #17: test-conv1d ......................   Passed    0.29 sec
      Start 18: test-conv2d
18/21 Test #18: test-conv2d ......................   Passed    0.29 sec
      Start 19: test-mul-mat
19/21 Test #19: test-mul-mat .....................   Passed    0.29 sec
      Start 20: test-backend-buffer
20/21 Test #20: test-backend-buffer ..............   Passed    0.29 sec
      Start 21: test-backend-ops
21/21 Test #21: test-backend-ops .................***Failed    2.68 sec
Testing 2 backends

Backend 1/2 (CPU)
  Backend name: CPU
  ABS(type=f32,ne=[128,10,10,10]): [1;32mOK[0m
  SGN(type=f32,ne=[128,10,10,10]): [1;32mOK[0m
  NEG(type=f32,ne=[128,10,10,10]): [1;32mOK[0m
  STEP(type=f32,ne=[128,10,10,10]): [1;32mOK[0m
  TANH(type=f32,ne=[128,10,10,10]): [1;32mOK[0m
  ELU(type=f32,ne=[128,10,10,10]): [1;32mOK[0m
  RELU(type=f32,ne=[128,10,10,10]): [1;32mOK[0m
  GELU(type=f32,ne=[128,10,10,10]): [1;32mOK[0m
  GELU_QUICK(type=f32,ne=[128,10,10,10]): [1;32mOK[0m
  SILU(type=f32,ne=[128,10,10,10]): [1;32mOK[0m
  LEAKY(type=f32,ne=[128,10,10,10]): [1;32mOK[0m
  GET_ROWS(type=f32,n=10,m=5,r=3): [1;32mOK[0m
  GET_ROWS(type=f32,n=16,m=5,r=3): [1;32mOK[0m
  GET_ROWS(type=f16,n=10,m=5,r=3): [1;32mOK[0m
  GET_ROWS(type=f16,n=16,m=5,r=3): [1;32mOK[0m
  REPEAT(type=f32,ne=[10,10,10,10],nr=[2,2,2,2]): [1;32mOK[0m
  DUP(type=f32,ne=[10,10,10,1]): [1;32mOK[0m
  CPY(type_src=f32,type_dst=f32,ne=[10,10,10,1]): [1;32mOK[0m
  CONT(type=f32,ne=[10,10,10,1]): [1;32mOK[0m
  ADD(type=f32,ne=[16,10,1,1],nr=[1,1,1,1]): [1;32mOK[0m
  MUL(type=f32,ne=[16,10,1,1],nr=[1,1,1,1]): [1;32mOK[0m
  DIV(type=f32,ne=[16,10,1,1],nr=[1,1,1,1]): [1;32mOK[0m
  ADD(type=f32,ne=[16,10,10,1],nr=[1,1,1,1]): [1;32mOK[0m
  MUL(type=f32,ne=[16,10,10,1],nr=[1,1,1,1]): [1;32mOK[0m
  DIV(type=f32,ne=[16,10,10,1],nr=[1,1,1,1]): [1;32mOK[0m
  ADD(type=f32,ne=[16,10,10,10],nr=[1,1,1,1]): [1;32mOK[0m
  MUL(type=f32,ne=[16,10,10,10],nr=[1,1,1,1]): [1;32mOK[0m
  DIV(type=f32,ne=[16,10,10,10],nr=[1,1,1,1]): [1;32mOK[0m
  ADD(type=f32,ne=[16,10,10,10],nr=[2,1,1,1]): [1;32mOK[0m
  MUL(type=f32,ne=[16,10,10,10],nr=[2,1,1,1]): [1;32mOK[0m
  DIV(type=f32,ne=[16,10,10,10],nr=[2,1,1,1]): [1;32mOK[0m
  ADD(type=f32,ne=[16,10,10,10],nr=[1,2,1,1]): [1;32mOK[0m
  MUL(type=f32,ne=[16,10,10,10],nr=[1,2,1,1]): [1;32mOK[0m
  DIV(type=f32,ne=[16,10,10,10],nr=[1,2,1,1]): [1;32mOK[0m
  ADD(type=f32,ne=[16,10,10,10],nr=[1,1,2,1]): [1;32mOK[0m
  MUL(type=f32,ne=[16,10,10,10],nr=[1,1,2,1]): [1;32mOK[0m
  DIV(type=f32,ne=[16,10,10,10],nr=[1,1,2,1]): [1;32mOK[0m
  ADD(type=f32,ne=[16,10,10,10],nr=[1,1,1,2]): [1;32mOK[0m
  MUL(type=f32,ne=[16,10,10,10],nr=[1,1,1,2]): [1;32mOK[0m
  DIV(type=f32,ne=[16,10,10,10],nr=[1,1,1,2]): [1;32mOK[0m
  ADD(type=f32,ne=[16,10,10,10],nr=[1,1,2,2]): [1;32mOK[0m
  MUL(type=f32,ne=[16,10,10,10],nr=[1,1,2,2]): [1;32mOK[0m
  DIV(type=f32,ne=[16,10,10,10],nr=[1,1,2,2]): [1;32mOK[0m
  ADD(type=f32,ne=[16,10,10,10],nr=[1,2,2,2]): [1;32mOK[0m
  MUL(type=f32,ne=[16,10,10,10],nr=[1,2,2,2]): [1;32mOK[0m
  DIV(type=f32,ne=[16,10,10,10],nr=[1,2,2,2]): [1;32mOK[0m
  ADD(type=f32,ne=[16,10,10,10],nr=[2,2,2,2]): [1;32mOK[0m
  MUL(type=f32,ne=[16,10,10,10],nr=[2,2,2,2]): [1;32mOK[0m
  DIV(type=f32,ne=[16,10,10,10],nr=[2,2,2,2]): [1;32mOK[0m
  SCALE(type=f32,ne=[10,10,10,10]): [1;32mOK[0m
  NORM(type=f32,ne=[64,10,10,10],eps=0.000001): [1;32mOK[0m
  RMS_NORM(type=f32,ne=[64,10,10,10],eps=0.000001): [1;32mOK[0m
  NORM(type=f32,ne=[64,10,10,10],eps=0.000010): [1;32mOK[0m
  RMS_NORM(type=f32,ne=[64,10,10,10],eps=0.000010): [1;32mOK[0m
  NORM(type=f32,ne=[64,10,10,10],eps=0.001000): [1;32mOK[0m
  RMS_NORM(type=f32,ne=[64,10,10,10],eps=0.001000): [1;32mOK[0m
  NORM(type=f32,ne=[64,10,10,10],eps=0.100000): [1;32mOK[0m
  RMS_NORM(type=f32,ne=[64,10,10,10],eps=0.100000): [1;32mOK[0m
  MUL_MAT(type_a=f32,type_b=f32,m=16,n=1,k=256,bs=[1,1],nr=[1,1]): [1;32mOK[0m
  MUL_MAT(type_a=f32,type_b=f32,m=16,n=1,k=256,bs=[10,1],nr=[1,1]): [1;32mOK[0m
  MUL_MAT(type_a=f32,type_b=f32,m=16,n=1,k=256,bs=[10,1],nr=[2,1]): [1;32mOK[0m
  MUL_MAT(type_a=f32,type_b=f32,m=16,n=1,k=256,bs=[10,10],nr=[1,1]): [1;32mOK[0m
  MUL_MAT(type_a=f32,type_b=f32,m=16,n=1,k=256,bs=[10,10],nr=[2,1]): [1;32mOK[0m
  MUL_MAT(type_a=f32,type_b=f32,m=16,n=1,k=256,bs=[10,10],nr=[1,2]): [1;32mOK[0m
  MUL_MAT(type_a=f32,type_b=f32,m=16,n=1,k=256,bs=[10,10],nr=[2,2]): [1;32mOK[0m
  MUL_MAT(type_a=f32,type_b=f32,m=16,n=16,k=256,bs=[1,1],nr=[1,1]): [1;32mOK[0m
  MUL_MAT(type_a=f32,type_b=f32,m=16,n=16,k=256,bs=[10,1],nr=[1,1]): [1;32mOK[0m
  MUL_MAT(type_a=f32,type_b=f32,m=16,n=16,k=256,bs=[10,1],nr=[2,1]): [1;32mOK[0m
  MUL_MAT(type_a=f32,type_b=f32,m=16,n=16,k=256,bs=[10,10],nr=[1,1]): [1;32mOK[0m
  MUL_MAT(type_a=f32,type_b=f32,m=16,n=16,k=256,bs=[10,10],nr=[2,1]): [1;32mOK[0m
  MUL_MAT(type_a=f32,type_b=f32,m=16,n=16,k=256,bs=[10,10],nr=[1,2]): [1;32mOK[0m
  MUL_MAT(type_a=f32,type_b=f32,m=16,n=16,k=256,bs=[10,10],nr=[2,2]): [1;32mOK[0m
  MUL_MAT(type_a=f16,type_b=f32,m=16,n=1,k=256,bs=[1,1],nr=[1,1]): [1;32mOK[0m
  MUL_MAT(type_a=f16,type_b=f32,m=16,n=1,k=256,bs=[10,1],nr=[1,1]): [1;32mOK[0m
  MUL_MAT(type_a=f16,type_b=f32,m=16,n=1,k=256,bs=[10,1],nr=[2,1]): [1;32mOK[0m
  MUL_MAT(type_a=f16,type_b=f32,m=16,n=1,k=256,bs=[10,10],nr=[1,1]): [1;32mOK[0m
  MUL_MAT(type_a=f16,type_b=f32,m=16,n=1,k=256,bs=[10,10],nr=[2,1]): [1;32mOK[0m
  MUL_MAT(type_a=f16,type_b=f32,m=16,n=1,k=256,bs=[10,10],nr=[1,2]): [1;32mOK[0m
  MUL_MAT(type_a=f16,type_b=f32,m=16,n=1,k=256,bs=[10,10],nr=[2,2]): [1;32mOK[0m
  MUL_MAT(type_a=f16,type_b=f32,m=16,n=16,k=256,bs=[1,1],nr=[1,1]): [1;32mOK[0m
  MUL_MAT(type_a=f16,type_b=f32,m=16,n=16,k=256,bs=[10,1],nr=[1,1]): [1;32mOK[0m
  MUL_MAT(type_a=f16,type_b=f32,m=16,n=16,k=256,bs=[10,1],nr=[2,1]): [1;32mOK[0m
  MUL_MAT(type_a=f16,type_b=f32,m=16,n=16,k=256,bs=[10,10],nr=[1,1]): [1;32mOK[0m
  MUL_MAT(type_a=f16,type_b=f32,m=16,n=16,k=256,bs=[10,10],nr=[2,1]): [1;32mOK[0m
  MUL_MAT(type_a=f16,type_b=f32,m=16,n=16,k=256,bs=[10,10],nr=[1,2]): [1;32mOK[0m
  MUL_MAT(type_a=f16,type_b=f32,m=16,n=16,k=256,bs=[10,10],nr=[2,2]): [1;32mOK[0m
  MUL_MAT(type_a=q4_0,type_b=f32,m=16,n=1,k=256,bs=[1,1],nr=[1,1]): [1;32mOK[0m
  MUL_MAT(type_a=q4_0,type_b=f32,m=16,n=1,k=256,bs=[10,1],nr=[1,1]): [1;32mOK[0m
  MUL_MAT(type_a=q4_0,type_b=f32,m=16,n=1,k=256,bs=[10,1],nr=[2,1]): [1;32mOK[0m
  MUL_MAT(type_a=q4_0,type_b=f32,m=16,n=1,k=256,bs=[10,10],nr=[1,1]): [1;32mOK[0m
  MUL_MAT(type_a=q4_0,type_b=f32,m=16,n=1,k=256,bs=[10,10],nr=[2,1]): [1;32mOK[0m
  MUL_MAT(type_a=q4_0,type_b=f32,m=16,n=1,k=256,bs=[10,10],nr=[1,2]): [1;32mOK[0m
  MUL_MAT(type_a=q4_0,type_b=f32,m=16,n=1,k=256,bs=[10,10],nr=[2,2]): [1;32mOK[0m
  MUL_MAT(type_a=q4_0,type_b=f32,m=16,n=16,k=256,bs=[1,1],nr=[1,1]): [1;32mOK[0m
  MUL_MAT(type_a=q4_0,type_b=f32,m=16,n=16,k=256,bs=[10,1],nr=[1,1]): [1;32mOK[0m
  MUL_MAT(type_a=q4_0,type_b=f32,m=16,n=16,k=256,bs=[10,1],nr=[2,1]): [1;32mOK[0m
  MUL_MAT(type_a=q4_0,type_b=f32,m=16,n=16,k=256,bs=[10,10],nr=[1,1]): [1;32mOK[0m
  MUL_MAT(type_a=q4_0,type_b=f32,m=16,n=16,k=256,bs=[10,10],nr=[2,1]): [1;32mOK[0m
  MUL_MAT(type_a=q4_0,type_b=f32,m=16,n=16,k=256,bs=[10,10],nr=[1,2]): [1;32mOK[0m
  MUL_MAT(type_a=q4_0,type_b=f32,m=16,n=16,k=256,bs=[10,10],nr=[2,2]): [1;32mOK[0m
  MUL_MAT(type_a=q4_1,type_b=f32,m=16,n=1,k=256,bs=[1,1],nr=[1,1]): [1;32mOK[0m
  MUL_MAT(type_a=q4_1,type_b=f32,m=16,n=1,k=256,bs=[10,1],nr=[1,1]): [1;32mOK[0m
  MUL_MAT(type_a=q4_1,type_b=f32,m=16,n=1,k=256,bs=[10,1],nr=[2,1]): [1;32mOK[0m
  MUL_MAT(type_a=q4_1,type_b=f32,m=16,n=1,k=256,bs=[10,10],nr=[1,1]): [1;32mOK[0m
  MUL_MAT(type_a=q4_1,type_b=f32,m=16,n=1,k=256,bs=[10,10],nr=[2,1]): [1;32mOK[0m
  MUL_MAT(type_a=q4_1,type_b=f32,m=16,n=1,k=256,bs=[10,10],nr=[1,2]): [1;32mOK[0m
  MUL_MAT(type_a=q4_1,type_b=f32,m=16,n=1,k=256,bs=[10,10],nr=[2,2]): [1;32mOK[0m
  MUL_MAT(type_a=q4_1,type_b=f32,m=16,n=16,k=256,bs=[1,1],nr=[1,1]): [1;32mOK[0m
  MUL_MAT(type_a=q4_1,type_b=f32,m=16,n=16,k=256,bs=[10,1],nr=[1,1]): [1;32mOK[0m
  MUL_MAT(type_a=q4_1,type_b=f32,m=16,n=16,k=256,bs=[10,1],nr=[2,1]): [1;32mOK[0m
  MUL_MAT(type_a=q4_1,type_b=f32,m=16,n=16,k=256,bs=[10,10],nr=[1,1]): [1;32mOK[0m
  MUL_MAT(type_a=q4_1,type_b=f32,m=16,n=16,k=256,bs=[10,10],nr=[2,1]): [1;32mOK[0m
  MUL_MAT(type_a=q4_1,type_b=f32,m=16,n=16,k=256,bs=[10,10],nr=[1,2]): [1;32mOK[0m
  MUL_MAT(type_a=q4_1,type_b=f32,m=16,n=16,k=256,bs=[10,10],nr=[2,2]): [1;32mOK[0m
  MUL_MAT(type_a=q5_0,type_b=f32,m=16,n=1,k=256,bs=[1,1],nr=[1,1]): [1;32mOK[0m
  MUL_MAT(type_a=q5_0,type_b=f32,m=16,n=1,k=256,bs=[10,1],nr=[1,1]): [1;32mOK[0m
  MUL_MAT(type_a=q5_0,type_b=f32,m=16,n=1,k=256,bs=[10,1],nr=[2,1]): [1;32mOK[0m
  MUL_MAT(type_a=q5_0,type_b=f32,m=16,n=1,k=256,bs=[10,10],nr=[1,1]): [1;32mOK[0m
  MUL_MAT(type_a=q5_0,type_b=f32,m=16,n=1,k=256,bs=[10,10],nr=[2,1]): [1;32mOK[0m
  MUL_MAT(type_a=q5_0,type_b=f32,m=16,n=1,k=256,bs=[10,10],nr=[1,2]): [1;32mOK[0m
  MUL_MAT(type_a=q5_0,type_b=f32,m=16,n=1,k=256,bs=[10,10],nr=[2,2]): [1;32mOK[0m
  MUL_MAT(type_a=q5_0,type_b=f32,m=16,n=16,k=256,bs=[1,1],nr=[1,1]): [1;32mOK[0m
  MUL_MAT(type_a=q5_0,type_b=f32,m=16,n=16,k=256,bs=[10,1],nr=[1,1]): [1;32mOK[0m
  MUL_MAT(type_a=q5_0,type_b=f32,m=16,n=16,k=256,bs=[10,1],nr=[2,1]): [1;32mOK[0m
  MUL_MAT(type_a=q5_0,type_b=f32,m=16,n=16,k=256,bs=[10,10],nr=[1,1]): [1;32mOK[0m
  MUL_MAT(type_a=q5_0,type_b=f32,m=16,n=16,k=256,bs=[10,10],nr=[2,1]): [1;32mOK[0m
  MUL_MAT(type_a=q5_0,type_b=f32,m=16,n=16,k=256,bs=[10,10],nr=[1,2]): [1;32mOK[0m
  MUL_MAT(type_a=q5_0,type_b=f32,m=16,n=16,k=256,bs=[10,10],nr=[2,2]): [1;32mOK[0m
  MUL_MAT(type_a=q5_1,type_b=f32,m=16,n=1,k=256,bs=[1,1],nr=[1,1]): [1;32mOK[0m
  MUL_MAT(type_a=q5_1,type_b=f32,m=16,n=1,k=256,bs=[10,1],nr=[1,1]): [1;32mOK[0m
  MUL_MAT(type_a=q5_1,type_b=f32,m=16,n=1,k=256,bs=[10,1],nr=[2,1]): [1;32mOK[0m
  MUL_MAT(type_a=q5_1,type_b=f32,m=16,n=1,k=256,bs=[10,10],nr=[1,1]): [1;32mOK[0m
  MUL_MAT(type_a=q5_1,type_b=f32,m=16,n=1,k=256,bs=[10,10],nr=[2,1]): [1;32mOK[0m
  MUL_MAT(type_a=q5_1,type_b=f32,m=16,n=1,k=256,bs=[10,10],nr=[1,2]): [1;32mOK[0m
  MUL_MAT(type_a=q5_1,type_b=f32,m=16,n=1,k=256,bs=[10,10],nr=[2,2]): [1;32mOK[0m
  MUL_MAT(type_a=q5_1,type_b=f32,m=16,n=16,k=256,bs=[1,1],nr=[1,1]): [1;32mOK[0m
  MUL_MAT(type_a=q5_1,type_b=f32,m=16,n=16,k=256,bs=[10,1],nr=[1,1]): [1;32mOK[0m
  MUL_MAT(type_a=q5_1,type_b=f32,m=16,n=16,k=256,bs=[10,1],nr=[2,1]): [1;32mOK[0m
  MUL_MAT(type_a=q5_1,type_b=f32,m=16,n=16,k=256,bs=[10,10],nr=[1,1]): [1;32mOK[0m
  MUL_MAT(type_a=q5_1,type_b=f32,m=16,n=16,k=256,bs=[10,10],nr=[2,1]): [1;32mOK[0m
  MUL_MAT(type_a=q5_1,type_b=f32,m=16,n=16,k=256,bs=[10,10],nr=[1,2]): [1;32mOK[0m
  MUL_MAT(type_a=q5_1,type_b=f32,m=16,n=16,k=256,bs=[10,10],nr=[2,2]): [1;32mOK[0m
  MUL_MAT(type_a=q8_0,type_b=f32,m=16,n=1,k=256,bs=[1,1],nr=[1,1]): [1;32mOK[0m
  MUL_MAT(type_a=q8_0,type_b=f32,m=16,n=1,k=256,bs=[10,1],nr=[1,1]): [1;32mOK[0m
  MUL_MAT(type_a=q8_0,type_b=f32,m=16,n=1,k=256,bs=[10,1],nr=[2,1]): [1;32mOK[0m
  MUL_MAT(type_a=q8_0,type_b=f32,m=16,n=1,k=256,bs=[10,10],nr=[1,1]): [1;32mOK[0m
  MUL_MAT(type_a=q8_0,type_b=f32,m=16,n=1,k=256,bs=[10,10],nr=[2,1]): [1;32mOK[0m
  MUL_MAT(type_a=q8_0,type_b=f32,m=16,n=1,k=256,bs=[10,10],nr=[1,2]): [1;32mOK[0m
  MUL_MAT(type_a=q8_0,type_b=f32,m=16,n=1,k=256,bs=[10,10],nr=[2,2]): [1;32mOK[0m
  MUL_MAT(type_a=q8_0,type_b=f32,m=16,n=16,k=256,bs=[1,1],nr=[1,1]): [1;32mOK[0m
  MUL_MAT(type_a=q8_0,type_b=f32,m=16,n=16,k=256,bs=[10,1],nr=[1,1]): [1;32mOK[0m
  MUL_MAT(type_a=q8_0,type_b=f32,m=16,n=16,k=256,bs=[10,1],nr=[2,1]): [1;32mOK[0m
  MUL_MAT(type_a=q8_0,type_b=f32,m=16,n=16,k=256,bs=[10,10],nr=[1,1]): [1;32mOK[0m
  MUL_MAT(type_a=q8_0,type_b=f32,m=16,n=16,k=256,bs=[10,10],nr=[2,1]): [1;32mOK[0m
  MUL_MAT(type_a=q8_0,type_b=f32,m=16,n=16,k=256,bs=[10,10],nr=[1,2]): [1;32mOK[0m
  MUL_MAT(type_a=q8_0,type_b=f32,m=16,n=16,k=256,bs=[10,10],nr=[2,2]): [1;32mOK[0m
  MUL_MAT(type_a=q2_K,type_b=f32,m=16,n=1,k=256,bs=[1,1],nr=[1,1]): [1;32mOK[0m
  MUL_MAT(type_a=q2_K,type_b=f32,m=16,n=1,k=256,bs=[10,1],nr=[1,1]): [1;32mOK[0m
  MUL_MAT(type_a=q2_K,type_b=f32,m=16,n=1,k=256,bs=[10,1],nr=[2,1]): [1;32mOK[0m
  MUL_MAT(type_a=q2_K,type_b=f32,m=16,n=1,k=256,bs=[10,10],nr=[1,1]): [1;32mOK[0m
  MUL_MAT(type_a=q2_K,type_b=f32,m=16,n=1,k=256,bs=[10,10],nr=[2,1]): [1;32mOK[0m
  MUL_MAT(type_a=q2_K,type_b=f32,m=16,n=1,k=256,bs=[10,10],nr=[1,2]): [1;32mOK[0m
  MUL_MAT(type_a=q2_K,type_b=f32,m=16,n=1,k=256,bs=[10,10],nr=[2,2]): [1;32mOK[0m
  MUL_MAT(type_a=q2_K,type_b=f32,m=16,n=16,k=256,bs=[1,1],nr=[1,1]): [1;32mOK[0m
  MUL_MAT(type_a=q2_K,type_b=f32,m=16,n=16,k=256,bs=[10,1],nr=[1,1]): [1;32mOK[0m
  MUL_MAT(type_a=q2_K,type_b=f32,m=16,n=16,k=256,bs=[10,1],nr=[2,1]): [1;32mOK[0m
  MUL_MAT(type_a=q2_K,type_b=f32,m=16,n=16,k=256,bs=[10,10],nr=[1,1]): [1;32mOK[0m
  MUL_MAT(type_a=q2_K,type_b=f32,m=16,n=16,k=256,bs=[10,10],nr=[2,1]): [1;32mOK[0m
  MUL_MAT(type_a=q2_K,type_b=f32,m=16,n=16,k=256,bs=[10,10],nr=[1,2]): [1;32mOK[0m
  MUL_MAT(type_a=q2_K,type_b=f32,m=16,n=16,k=256,bs=[10,10],nr=[2,2]): [1;32mOK[0m
  MUL_MAT(type_a=q3_K,type_b=f32,m=16,n=1,k=256,bs=[1,1],nr=[1,1]): [1;32mOK[0m
  MUL_MAT(type_a=q3_K,type_b=f32,m=16,n=1,k=256,bs=[10,1],nr=[1,1]): [1;32mOK[0m
  MUL_MAT(type_a=q3_K,type_b=f32,m=16,n=1,k=256,bs=[10,1],nr=[2,1]): [1;32mOK[0m
  MUL_MAT(type_a=q3_K,type_b=f32,m=16,n=1,k=256,bs=[10,10],nr=[1,1]): [1;32mOK[0m
  MUL_MAT(type_a=q3_K,type_b=f32,m=16,n=1,k=256,bs=[10,10],nr=[2,1]): [1;32mOK[0m
  MUL_MAT(type_a=q3_K,type_b=f32,m=16,n=1,k=256,bs=[10,10],nr=[1,2]): [1;32mOK[0m
  MUL_MAT(type_a=q3_K,type_b=f32,m=16,n=1,k=256,bs=[10,10],nr=[2,2]): [1;32mOK[0m
  MUL_MAT(type_a=q3_K,type_b=f32,m=16,n=16,k=256,bs=[1,1],nr=[1,1]): [1;32mOK[0m
  MUL_MAT(type_a=q3_K,type_b=f32,m=16,n=16,k=256,bs=[10,1],nr=[1,1]): [1;32mOK[0m
  MUL_MAT(type_a=q3_K,type_b=f32,m=16,n=16,k=256,bs=[10,1],nr=[2,1]): [1;32mOK[0m
  MUL_MAT(type_a=q3_K,type_b=f32,m=16,n=16,k=256,bs=[10,10],nr=[1,1]): [1;32mOK[0m
  MUL_MAT(type_a=q3_K,type_b=f32,m=16,n=16,k=256,bs=[10,10],nr=[2,1]): [1;32mOK[0m
  MUL_MAT(type_a=q3_K,type_b=f32,m=16,n=16,k=256,bs=[10,10],nr=[1,2]): [1;32mOK[0m
  MUL_MAT(type_a=q3_K,type_b=f32,m=16,n=16,k=256,bs=[10,10],nr=[2,2]): [1;32mOK[0m
  MUL_MAT(type_a=q4_K,type_b=f32,m=16,n=1,k=256,bs=[1,1],nr=[1,1]): [1;32mOK[0m
  MUL_MAT(type_a=q4_K,type_b=f32,m=16,n=1,k=256,bs=[10,1],nr=[1,1]): [1;32mOK[0m
  MUL_MAT(type_a=q4_K,type_b=f32,m=16,n=1,k=256,bs=[10,1],nr=[2,1]): [1;32mOK[0m
  MUL_MAT(type_a=q4_K,type_b=f32,m=16,n=1,k=256,bs=[10,10],nr=[1,1]): [1;32mOK[0m
  MUL_MAT(type_a=q4_K,type_b=f32,m=16,n=1,k=256,bs=[10,10],nr=[2,1]): [1;32mOK[0m
  MUL_MAT(type_a=q4_K,type_b=f32,m=16,n=1,k=256,bs=[10,10],nr=[1,2]): [1;32mOK[0m
  MUL_MAT(type_a=q4_K,type_b=f32,m=16,n=1,k=256,bs=[10,10],nr=[2,2]): [1;32mOK[0m
  MUL_MAT(type_a=q4_K,type_b=f32,m=16,n=16,k=256,bs=[1,1],nr=[1,1]): [1;32mOK[0m
  MUL_MAT(type_a=q4_K,type_b=f32,m=16,n=16,k=256,bs=[10,1],nr=[1,1]): [1;32mOK[0m
  MUL_MAT(type_a=q4_K,type_b=f32,m=16,n=16,k=256,bs=[10,1],nr=[2,1]): [1;32mOK[0m
  MUL_MAT(type_a=q4_K,type_b=f32,m=16,n=16,k=256,bs=[10,10],nr=[1,1]): [1;32mOK[0m
  MUL_MAT(type_a=q4_K,type_b=f32,m=16,n=16,k=256,bs=[10,10],nr=[2,1]): [1;32mOK[0m
  MUL_MAT(type_a=q4_K,type_b=f32,m=16,n=16,k=256,bs=[10,10],nr=[1,2]): [1;32mOK[0m
  MUL_MAT(type_a=q4_K,type_b=f32,m=16,n=16,k=256,bs=[10,10],nr=[2,2]): [1;32mOK[0m
  MUL_MAT(type_a=q5_K,type_b=f32,m=16,n=1,k=256,bs=[1,1],nr=[1,1]): [1;32mOK[0m
  MUL_MAT(type_a=q5_K,type_b=f32,m=16,n=1,k=256,bs=[10,1],nr=[1,1]): [1;32mOK[0m
  MUL_MAT(type_a=q5_K,type_b=f32,m=16,n=1,k=256,bs=[10,1],nr=[2,1]): [1;32mOK[0m
  MUL_MAT(type_a=q5_K,type_b=f32,m=16,n=1,k=256,bs=[10,10],nr=[1,1]): [1;32mOK[0m
  MUL_MAT(type_a=q5_K,type_b=f32,m=16,n=1,k=256,bs=[10,10],nr=[2,1]): [1;32mOK[0m
  MUL_MAT(type_a=q5_K,type_b=f32,m=16,n=1,k=256,bs=[10,10],nr=[1,2]): [1;32mOK[0m
  MUL_MAT(type_a=q5_K,type_b=f32,m=16,n=1,k=256,bs=[10,10],nr=[2,2]): [1;32mOK[0m
  MUL_MAT(type_a=q5_K,type_b=f32,m=16,n=16,k=256,bs=[1,1],nr=[1,1]): [1;32mOK[0m
  MUL_MAT(type_a=q5_K,type_b=f32,m=16,n=16,k=256,bs=[10,1],nr=[1,1]): [1;32mOK[0m
  MUL_MAT(type_a=q5_K,type_b=f32,m=16,n=16,k=256,bs=[10,1],nr=[2,1]): [1;32mOK[0m
  MUL_MAT(type_a=q5_K,type_b=f32,m=16,n=16,k=256,bs=[10,10],nr=[1,1]): [1;32mOK[0m
  MUL_MAT(type_a=q5_K,type_b=f32,m=16,n=16,k=256,bs=[10,10],nr=[2,1]): [1;32mOK[0m
  MUL_MAT(type_a=q5_K,type_b=f32,m=16,n=16,k=256,bs=[10,10],nr=[1,2]): [1;32mOK[0m
  MUL_MAT(type_a=q5_K,type_b=f32,m=16,n=16,k=256,bs=[10,10],nr=[2,2]): [1;32mOK[0m
  MUL_MAT(type_a=q6_K,type_b=f32,m=16,n=1,k=256,bs=[1,1],nr=[1,1]): [1;32ggml_metal_init: allocating
ggml_metal_init: found device: Apple M1
ggml_metal_init: picking default device: Apple M1
ggml_metal_init: default.metallib not found, loading from source
ggml_metal_init: loading '/Users/ggml/work/ggml/build-ci-release/bin/ggml-metal.metal'
ggml_metal_init: GPU name:   Apple M1
ggml_metal_init: GPU family: MTLGPUFamilyApple7 (1007)
ggml_metal_init: hasUnifiedMemory              = true
ggml_metal_init: recommendedMaxWorkingSetSize  =  5726.63 MB
ggml_metal_init: maxTransferRate               = built-in GPU
mOK[0m
  MUL_MAT(type_a=q6_K,type_b=f32,m=16,n=1,k=256,bs=[10,1],nr=[1,1]): [1;32mOK[0m
  MUL_MAT(type_a=q6_K,type_b=f32,m=16,n=1,k=256,bs=[10,1],nr=[2,1]): [1;32mOK[0m
  MUL_MAT(type_a=q6_K,type_b=f32,m=16,n=1,k=256,bs=[10,10],nr=[1,1]): [1;32mOK[0m
  MUL_MAT(type_a=q6_K,type_b=f32,m=16,n=1,k=256,bs=[10,10],nr=[2,1]): [1;32mOK[0m
  MUL_MAT(type_a=q6_K,type_b=f32,m=16,n=1,k=256,bs=[10,10],nr=[1,2]): [1;32mOK[0m
  MUL_MAT(type_a=q6_K,type_b=f32,m=16,n=1,k=256,bs=[10,10],nr=[2,2]): [1;32mOK[0m
  MUL_MAT(type_a=q6_K,type_b=f32,m=16,n=16,k=256,bs=[1,1],nr=[1,1]): [1;32mOK[0m
  MUL_MAT(type_a=q6_K,type_b=f32,m=16,n=16,k=256,bs=[10,1],nr=[1,1]): [1;32mOK[0m
  MUL_MAT(type_a=q6_K,type_b=f32,m=16,n=16,k=256,bs=[10,1],nr=[2,1]): [1;32mOK[0m
  MUL_MAT(type_a=q6_K,type_b=f32,m=16,n=16,k=256,bs=[10,10],nr=[1,1]): [1;32mOK[0m
  MUL_MAT(type_a=q6_K,type_b=f32,m=16,n=16,k=256,bs=[10,10],nr=[2,1]): [1;32mOK[0m
  MUL_MAT(type_a=q6_K,type_b=f32,m=16,n=16,k=256,bs=[10,10],nr=[1,2]): [1;32mOK[0m
  MUL_MAT(type_a=q6_K,type_b=f32,m=16,n=16,k=256,bs=[10,10],nr=[2,2]): [1;32mOK[0m
  SQR(type=f32,ne=[10,10,10,10]): [1;32mOK[0m
  CLAMP(type=f32,ne=[10,10,10,10],min=-0.500000,max=0.500000): [1;32mOK[0m
  DIAG_MASK_INF(type=f32,ne=[10,10,1,1],n_past=5): [1;32mOK[0m
  DIAG_MASK_INF(type=f32,ne=[10,10,10,1],n_past=5): [1;32mOK[0m
  DIAG_MASK_INF(type=f32,ne=[10,10,10,10],n_past=5): [1;32mOK[0m
  SOFT_MAX(type=f32,ne=[10,10,10,10]): [1;32mOK[0m
  ROPE(type=f32,ne=[128,32,10,1],n_dims=128,mode=0,n_ctx=512): [1;32mOK[0m
  ROPE(type=f32,ne=[128,40,10,1],n_dims=128,mode=0,n_ctx=512): [1;32mOK[0m
  ROPE(type=f32,ne=[128,52,10,1],n_dims=128,mode=0,n_ctx=512): [1;32mOK[0m
  ROPE(type=f32,ne=[128,64,10,1],n_dims=128,mode=0,n_ctx=512): [1;32mOK[0m
  ROPE(type=f32,ne=[64,1,10,1],n_dims=64,mode=2,n_ctx=512): [1;32mOK[0m
  ROPE(type=f32,ne=[64,71,10,1],n_dims=64,mode=2,n_ctx=512): [1;32mOK[0m
  ROPE(type=f32,ne=[64,8,10,1],n_dims=64,mode=2,n_ctx=512): [1;32mOK[0m
  ROPE(type=f32,ne=[64,128,10,1],n_dims=64,mode=2,n_ctx=512): [1;32mOK[0m
  ROPE(type=f16,ne=[128,32,10,1],n_dims=128,mode=0,n_ctx=512): [1;32mOK[0m
  ROPE(type=f16,ne=[128,40,10,1],n_dims=128,mode=0,n_ctx=512): [1;32mOK[0m
  ROPE(type=f16,ne=[128,52,10,1],n_dims=128,mode=0,n_ctx=512): [1;32mOK[0m
  ROPE(type=f16,ne=[128,64,10,1],n_dims=128,mode=0,n_ctx=512): [1;32mOK[0m
  ROPE(type=f16,ne=[64,1,10,1],n_dims=64,mode=2,n_ctx=512): [1;32mOK[0m
  ROPE(type=f16,ne=[64,71,10,1],n_dims=64,mode=2,n_ctx=512): [1;32mOK[0m
  ROPE(type=f16,ne=[64,8,10,1],n_dims=64,mode=2,n_ctx=512): [1;32mOK[0m
  ROPE(type=f16,ne=[64,128,10,1],n_dims=64,mode=2,n_ctx=512): [1;32mOK[0m
  ALIBI(type=f32,ne=[10,10,10,10],n_past=512,n_head=10,bias_max=0.500000): [1;32mOK[0m
  IM2COL(type_input=f32,type_kernel=f16,ne_input=[10,10,3,1],ne_kernel=[3,3,3,1],s0=1,s1=1,p0=1,p1=1,d0=1,d1=1,is_2D=1): [1;32mOK[0m
  CONCAT(type=f32,ne=[10,10,10,10],b_ne2=10): [1;32mOK[0m
  ARGSORT(type=f32,ne=[16,10,10,10],order=0): [1;32mOK[0m
  ARGSORT(type=f32,ne=[16,10,10,10],order=1): [1;32mOK[0m
  MUL_MAT_ID(type_a=f32,type_b=f32,n_mats=1,id=0,m=16,n=16,k=256,bs=[1,1],nr=[1,1]): [1;32mOK[0m
  MUL_MAT_ID(type_a=f32,type_b=f32,n_mats=2,id=0,m=16,n=16,k=256,bs=[1,1],nr=[1,1]): [1;32mOK[0m
  MUL_MAT_ID(type_a=f32,type_b=f32,n_mats=2,id=1,m=16,n=16,k=256,bs=[1,1],nr=[1,1]): [1;32mOK[0m
  MUL_MAT_ID(type_a=f32,type_b=f32,n_mats=4,id=0,m=16,n=16,k=256,bs=[1,1],nr=[1,1]): [1;32mOK[0m
  MUL_MAT_ID(type_a=f32,type_b=f32,n_mats=4,id=1,m=16,n=16,k=256,bs=[1,1],nr=[1,1]): [1;32mOK[0m
  MUL_MAT_ID(type_a=f32,type_b=f32,n_mats=4,id=2,m=16,n=16,k=256,bs=[1,1],nr=[1,1]): [1;32mOK[0m
  MUL_MAT_ID(type_a=f32,type_b=f32,n_mats=4,id=3,m=16,n=16,k=256,bs=[1,1],nr=[1,1]): [1;32mOK[0m
  MUL_MAT_ID(type_a=f16,type_b=f32,n_mats=1,id=0,m=16,n=16,k=256,bs=[1,1],nr=[1,1]): [1;32mOK[0m
  MUL_MAT_ID(type_a=f16,type_b=f32,n_mats=2,id=0,m=16,n=16,k=256,bs=[1,1],nr=[1,1]): [1;32mOK[0m
  MUL_MAT_ID(type_a=f16,type_b=f32,n_mats=2,id=1,m=16,n=16,k=256,bs=[1,1],nr=[1,1]): [1;32mOK[0m
  MUL_MAT_ID(type_a=f16,type_b=f32,n_mats=4,id=0,m=16,n=16,k=256,bs=[1,1],nr=[1,1]): [1;32mOK[0m
  MUL_MAT_ID(type_a=f16,type_b=f32,n_mats=4,id=1,m=16,n=16,k=256,bs=[1,1],nr=[1,1]): [1;32mOK[0m
  MUL_MAT_ID(type_a=f16,type_b=f32,n_mats=4,id=2,m=16,n=16,k=256,bs=[1,1],nr=[1,1]): [1;32mOK[0m
  MUL_MAT_ID(type_a=f16,type_b=f32,n_mats=4,id=3,m=16,n=16,k=256,bs=[1,1],nr=[1,1]): [1;32mOK[0m
  MUL_MAT_ID(type_a=q4_0,type_b=f32,n_mats=1,id=0,m=16,n=16,k=256,bs=[1,1],nr=[1,1]): [1;32mOK[0m
  MUL_MAT_ID(type_a=q4_0,type_b=f32,n_mats=2,id=0,m=16,n=16,k=256,bs=[1,1],nr=[1,1]): [1;32mOK[0m
  MUL_MAT_ID(type_a=q4_0,type_b=f32,n_mats=2,id=1,m=16,n=16,k=256,bs=[1,1],nr=[1,1]): [1;32mOK[0m
  MUL_MAT_ID(type_a=q4_0,type_b=f32,n_mats=4,id=0,m=16,n=16,k=256,bs=[1,1],nr=[1,1]): [1;32mOK[0m
  MUL_MAT_ID(type_a=q4_0,type_b=f32,n_mats=4,id=1,m=16,n=16,k=256,bs=[1,1],nr=[1,1]): [1;32mOK[0m
  MUL_MAT_ID(type_a=q4_0,type_b=f32,n_mats=4,id=2,m=16,n=16,k=256,bs=[1,1],nr=[1,1]): [1;32mOK[0m
  MUL_MAT_ID(type_a=q4_0,type_b=f32,n_mats=4,id=3,m=16,n=16,k=256,bs=[1,1],nr=[1,1]): [1;32mOK[0m
  MUL_MAT_ID(type_a=q4_1,type_b=f32,n_mats=1,id=0,m=16,n=16,k=256,bs=[1,1],nr=[1,1]): [1;32mOK[0m
  MUL_MAT_ID(type_a=q4_1,type_b=f32,n_mats=2,id=0,m=16,n=16,k=256,bs=[1,1],nr=[1,1]): [1;32mOK[0m
  MUL_MAT_ID(type_a=q4_1,type_b=f32,n_mats=2,id=1,m=16,n=16,k=256,bs=[1,1],nr=[1,1]): [1;32mOK[0m
  MUL_MAT_ID(type_a=q4_1,type_b=f32,n_mats=4,id=0,m=16,n=16,k=256,bs=[1,1],nr=[1,1]): [1;32mOK[0m
  MUL_MAT_ID(type_a=q4_1,type_b=f32,n_mats=4,id=1,m=16,n=16,k=256,bs=[1,1],nr=[1,1]): [1;32mOK[0m
  MUL_MAT_ID(type_a=q4_1,type_b=f32,n_mats=4,id=2,m=16,n=16,k=256,bs=[1,1],nr=[1,1]): [1;32mOK[0m
  MUL_MAT_ID(type_a=q4_1,type_b=f32,n_mats=4,id=3,m=16,n=16,k=256,bs=[1,1],nr=[1,1]): [1;32mOK[0m
  MUL_MAT_ID(type_a=q5_0,type_b=f32,n_mats=1,id=0,m=16,n=16,k=256,bs=[1,1],nr=[1,1]): [1;32mOK[0m
  MUL_MAT_ID(type_a=q5_0,type_b=f32,n_mats=2,id=0,m=16,n=16,k=256,bs=[1,1],nr=[1,1]): [1;32mOK[0m
  MUL_MAT_ID(type_a=q5_0,type_b=f32,n_mats=2,id=1,m=16,n=16,k=256,bs=[1,1],nr=[1,1]): [1;32mOK[0m
  MUL_MAT_ID(type_a=q5_0,type_b=f32,n_mats=4,id=0,m=16,n=16,k=256,bs=[1,1],nr=[1,1]): [1;32mOK[0m
  MUL_MAT_ID(type_a=q5_0,type_b=f32,n_mats=4,id=1,m=16,n=16,k=256,bs=[1,1],nr=[1,1]): [1;32mOK[0m
  MUL_MAT_ID(type_a=q5_0,type_b=f32,n_mats=4,id=2,m=16,n=16,k=256,bs=[1,1],nr=[1,1]): [1;32mOK[0m
  MUL_MAT_ID(type_a=q5_0,type_b=f32,n_mats=4,id=3,m=16,n=16,k=256,bs=[1,1],nr=[1,1]): [1;32mOK[0m
  MUL_MAT_ID(type_a=q5_1,type_b=f32,n_mats=1,id=0,m=16,n=16,k=256,bs=[1,1],nr=[1,1]): [1;32mOK[0m
  MUL_MAT_ID(type_a=q5_1,type_b=f32,n_mats=2,id=0,m=16,n=16,k=256,bs=[1,1],nr=[1,1]): [1;32mOK[0m
  MUL_MAT_ID(type_a=q5_1,type_b=f32,n_mats=2,id=1,m=16,n=16,k=256,bs=[1,1],nr=[1,1]): [1;32mOK[0m
  MUL_MAT_ID(type_a=q5_1,type_b=f32,n_mats=4,id=0,m=16,n=16,k=256,bs=[1,1],nr=[1,1]): [1;32mOK[0m
  MUL_MAT_ID(type_a=q5_1,type_b=f32,n_mats=4,id=1,m=16,n=16,k=256,bs=[1,1],nr=[1,1]): [1;32mOK[0m
  MUL_MAT_ID(type_a=q5_1,type_b=f32,n_mats=4,id=2,m=16,n=16,k=256,bs=[1,1],nr=[1,1]): [1;32mOK[0m
  MUL_MAT_ID(type_a=q5_1,type_b=f32,n_mats=4,id=3,m=16,n=16,k=256,bs=[1,1],nr=[1,1]): [1;32mOK[0m
  MUL_MAT_ID(type_a=q8_0,type_b=f32,n_mats=1,id=0,m=16,n=16,k=256,bs=[1,1],nr=[1,1]): [1;32mOK[0m
  MUL_MAT_ID(type_a=q8_0,type_b=f32,n_mats=2,id=0,m=16,n=16,k=256,bs=[1,1],nr=[1,1]): [1;32mOK[0m
  MUL_MAT_ID(type_a=q8_0,type_b=f32,n_mats=2,id=1,m=16,n=16,k=256,bs=[1,1],nr=[1,1]): [1;32mOK[0m
  MUL_MAT_ID(type_a=q8_0,type_b=f32,n_mats=4,id=0,m=16,n=16,k=256,bs=[1,1],nr=[1,1]): [1;32mOK[0m
  MUL_MAT_ID(type_a=q8_0,type_b=f32,n_mats=4,id=1,m=16,n=16,k=256,bs=[1,1],nr=[1,1]): [1;32mOK[0m
  MUL_MAT_ID(type_a=q8_0,type_b=f32,n_mats=4,id=2,m=16,n=16,k=256,bs=[1,1],nr=[1,1]): [1;32mOK[0m
  MUL_MAT_ID(type_a=q8_0,type_b=f32,n_mats=4,id=3,m=16,n=16,k=256,bs=[1,1],nr=[1,1]): [1;32mOK[0m
  MUL_MAT_ID(type_a=q2_K,type_b=f32,n_mats=1,id=0,m=16,n=16,k=256,bs=[1,1],nr=[1,1]): [1;32mOK[0m
  MUL_MAT_ID(type_a=q2_K,type_b=f32,n_mats=2,id=0,m=16,n=16,k=256,bs=[1,1],nr=[1,1]): [1;32mOK[0m
  MUL_MAT_ID(type_a=q2_K,type_b=f32,n_mats=2,id=1,m=16,n=16,k=256,bs=[1,1],nr=[1,1]): [1;32mOK[0m
  MUL_MAT_ID(type_a=q2_K,type_b=f32,n_mats=4,id=0,m=16,n=16,k=256,bs=[1,1],nr=[1,1]): [1;32mOK[0m
  MUL_MAT_ID(type_a=q2_K,type_b=f32,n_mats=4,id=1,m=16,n=16,k=256,bs=[1,1],nr=[1,1]): [1;32mOK[0m
  MUL_MAT_ID(type_a=q2_K,type_b=f32,n_mats=4,id=2,m=16,n=16,k=256,bs=[1,1],nr=[1,1]): [1;32mOK[0m
  MUL_MAT_ID(type_a=q2_K,type_b=f32,n_mats=4,id=3,m=16,n=16,k=256,bs=[1,1],nr=[1,1]): [1;32mOK[0m
  MUL_MAT_ID(type_a=q3_K,type_b=f32,n_mats=1,id=0,m=16,n=16,k=256,bs=[1,1],nr=[1,1]): [1;32mOK[0m
  MUL_MAT_ID(type_a=q3_K,type_b=f32,n_mats=2,id=0,m=16,n=16,k=256,bs=[1,1],nr=[1,1]): [1;32mOK[0m
  MUL_MAT_ID(type_a=q3_K,type_b=f32,n_mats=2,id=1,m=16,n=16,k=256,bs=[1,1],nr=[1,1]): [1;32mOK[0m
  MUL_MAT_ID(type_a=q3_K,type_b=f32,n_mats=4,id=0,m=16,n=16,k=256,bs=[1,1],nr=[1,1]): [1;32mOK[0m
  MUL_MAT_ID(type_a=q3_K,type_b=f32,n_mats=4,id=1,m=16,n=16,k=256,bs=[1,1],nr=[1,1]): [1;32mOK[0m
  MUL_MAT_ID(type_a=q3_K,type_b=f32,n_mats=4,id=2,m=16,n=16,k=256,bs=[1,1],nr=[1,1]): [1;32mOK[0m
  MUL_MAT_ID(type_a=q3_K,type_b=f32,n_mats=4,id=3,m=16,n=16,k=256,bs=[1,1],nr=[1,1]): [1;32mOK[0m
  MUL_MAT_ID(type_a=q4_K,type_b=f32,n_mats=1,id=0,m=16,n=16,k=256,bs=[1,1],nr=[1,1]): [1;32mOK[0m
  MUL_MAT_ID(type_a=q4_K,type_b=f32,n_mats=2,id=0,m=16,n=16,k=256,bs=[1,1],nr=[1,1]): [1;32mOK[0m
  MUL_MAT_ID(type_a=q4_K,type_b=f32,n_mats=2,id=1,m=16,n=16,k=256,bs=[1,1],nr=[1,1]): [1;32mOK[0m
  MUL_MAT_ID(type_a=q4_K,type_b=f32,n_mats=4,id=0,m=16,n=16,k=256,bs=[1,1],nr=[1,1]): [1;32mOK[0m
  MUL_MAT_ID(type_a=q4_K,type_b=f32,n_mats=4,id=1,m=16,n=16,k=256,bs=[1,1],nr=[1,1]): [1;32mOK[0m
  MUL_MAT_ID(type_a=q4_K,type_b=f32,n_mats=4,id=2,m=16,n=16,k=256,bs=[1,1],nr=[1,1]): [1;32mOK[0m
  MUL_MAT_ID(type_a=q4_K,type_b=f32,n_mats=4,id=3,m=16,n=16,k=256,bs=[1,1],nr=[1,1]): [1;32mOK[0m
  MUL_MAT_ID(type_a=q5_K,type_b=f32,n_mats=1,id=0,m=16,n=16,k=256,bs=[1,1],nr=[1,1]): [1;32mOK[0m
  MUL_MAT_ID(type_a=q5_K,type_b=f32,n_mats=2,id=0,m=16,n=16,k=256,bs=[1,1],nr=[1,1]): [1;32mOK[0m
  MUL_MAT_ID(type_a=q5_K,type_b=f32,n_mats=2,id=1,m=16,n=16,k=256,bs=[1,1],nr=[1,1]): [1;32mOK[0m
  MUL_MAT_ID(type_a=q5_K,type_b=f32,n_mats=4,id=0,m=16,n=16,k=256,bs=[1,1],nr=[1,1]): [1;32mOK[0m
  MUL_MAT_ID(type_a=q5_K,type_b=f32,n_mats=4,id=1,m=16,n=16,k=256,bs=[1,1],nr=[1,1]): [1;32mOK[0m
  MUL_MAT_ID(type_a=q5_K,type_b=f32,n_mats=4,id=2,m=16,n=16,k=256,bs=[1,1],nr=[1,1]): [1;32mOK[0m
  MUL_MAT_ID(type_a=q5_K,type_b=f32,n_mats=4,id=3,m=16,n=16,k=256,bs=[1,1],nr=[1,1]): [1;32mOK[0m
  MUL_MAT_ID(type_a=q6_K,type_b=f32,n_mats=1,id=0,m=16,n=16,k=256,bs=[1,1],nr=[1,1]): [1;32mOK[0m
  MUL_MAT_ID(type_a=q6_K,type_b=f32,n_mats=2,id=0,m=16,n=16,k=256,bs=[1,1],nr=[1,1]): [1;32mOK[0m
  MUL_MAT_ID(type_a=q6_K,type_b=f32,n_mats=2,id=1,m=16,n=16,k=256,bs=[1,1],nr=[1,1]): [1;32mOK[0m
  MUL_MAT_ID(type_a=q6_K,type_b=f32,n_mats=4,id=0,m=16,n=16,k=256,bs=[1,1],nr=[1,1]): [1;32mOK[0m
  MUL_MAT_ID(type_a=q6_K,type_b=f32,n_mats=4,id=1,m=16,n=16,k=256,bs=[1,1],nr=[1,1]): [1;32mOK[0m
  MUL_MAT_ID(type_a=q6_K,type_b=f32,n_mats=4,id=2,m=16,n=16,k=256,bs=[1,1],nr=[1,1]): [1;32mOK[0m
  MUL_MAT_ID(type_a=q6_K,type_b=f32,n_mats=4,id=3,m=16,n=16,k=256,bs=[1,1],nr=[1,1]): [1;32mOK[0m
  SUM_ROWS(type=f32,ne=[10,10,10,10]): [1;32mOK[0m
  338/338 tests passed
  Backend CPU: [1;32mOK[0m

Backend 2/2 (Metal)
  Backend name: Metal
  ABS: not supported
  SGN: not supported
  NEG: not supported
  STEP: not supported
  TANH: not supported
  ELU: not supported
  RELU(type=f32,ne=[128,10,10,10]): [1;32mOK[0m
  GELU(type=f32,ne=[128,10,10,10]): [1;32mOK[0m
  GELU_QUICK: not supported
  SILU(type=f32,ne=[128,10,10,10]): [1;32mOK[0m
  LEAKY: not supported
  GET_ROWS: not supported
  GET_ROWS(type=f32,n=16,m=5,r=3): [1;32mOK[0m
  GET_ROWS: not supported
  GET_ROWS(type=f16,n=16,m=5,r=3): [1;32mOK[0m
  REPEAT: not supported
  DUP(type=f32,ne=[10,10,10,1]): [1;32mOK[0m
  CPY(type_src=f32,type_dst=f32,ne=[10,10,10,1]): [1;32mOK[0m
  CONT(type=f32,ne=[10,10,10,1]): [1;32mOK[0m
  ADD(type=f32,ne=[16,10,1,1],nr=[1,1,1,1]): [1;32mOK[0m
  MUL(type=f32,ne=[16,10,1,1],nr=[1,1,1,1]): [1;32mOK[0m
  DIV(type=f32,ne=[16,10,1,1],nr=[1,1,1,1]): [1;32mOK[0m
  ADD(type=f32,ne=[16,10,10,1],nr=[1,1,1,1]): [1;32mOK[0m
  MUL(type=f32,ne=[16,10,10,1],nr=[1,1,1,1]): [1;32mOK[0m
  DIV(type=f32,ne=[16,10,10,1],nr=[1,1,1,1]): [1;32mOK[0m
  ADD(type=f32,ne=[16,10,10,10],nr=[1,1,1,1]): [1;32mOK[0m
  MUL(type=f32,ne=[16,10,10,10],nr=[1,1,1,1]): [1;32mOK[0m
  DIV(type=f32,ne=[16,10,10,10],nr=[1,1,1,1]): [1;32mOK[0m
  ADD(type=f32,ne=[16,10,10,10],nr=[2,1,1,1]): [1;32mOK[0m
  MUL(type=f32,ne=[16,10,10,10],nr=[2,1,1,1]): [1;32mOK[0m
  DIV(type=f32,ne=[16,10,10,10],nr=[2,1,1,1]): [1;32mOK[0m
  ADD(type=f32,ne=[16,10,10,10],nr=[1,2,1,1]): [1;32mOK[0m
  MUL(type=f32,ne=[16,10,10,10],nr=[1,2,1,1]): [1;32mOK[0m
  DIV(type=f32,ne=[16,10,10,10],nr=[1,2,1,1]): [1;32mOK[0m
  ADD(type=f32,ne=[16,10,10,10],nr=[1,1,2,1]): [1;32mOK[0m
  MUL(type=f32,ne=[16,10,10,10],nr=[1,1,2,1]): [1;32mOK[0m
  DIV(type=f32,ne=[16,10,10,10],nr=[1,1,2,1]): [1;32mOK[0m
  ADD(type=f32,ne=[16,10,10,10],nr=[1,1,1,2]): [1;32mOK[0m
  MUL(type=f32,ne=[16,10,10,10],nr=[1,1,1,2]): [1;32mOK[0m
  DIV(type=f32,ne=[16,10,10,10],nr=[1,1,1,2]): [1;32mOK[0m
  ADD(type=f32,ne=[16,10,10,10],nr=[1,1,2,2]): [1;32mOK[0m
  MUL(type=f32,ne=[16,10,10,10],nr=[1,1,2,2]): [1;32mOK[0m
  DIV(type=f32,ne=[16,10,10,10],nr=[1,1,2,2]): [1;32mOK[0m
  ADD(type=f32,ne=[16,10,10,10],nr=[1,2,2,2]): [1;32mOK[0m
  MUL(type=f32,ne=[16,10,10,10],nr=[1,2,2,2]): [1;32mOK[0m
  DIV(type=f32,ne=[16,10,10,10],nr=[1,2,2,2]): [1;32mOK[0m
  ADD(type=f32,ne=[16,10,10,10],nr=[2,2,2,2]): [1;32mOK[0m
  MUL(type=f32,ne=[16,10,10,10],nr=[2,2,2,2]): [1;32mOK[0m
  DIV(type=f32,ne=[16,10,10,10],nr=[2,2,2,2]): [1;32mOK[0m
  SCALE(type=f32,ne=[10,10,10,10]): [1;32mOK[0m
  NORM(type=f32,ne=[64,10,10,10],eps=0.000001): [1;32mOK[0m
  RMS_NORM(type=f32,ne=[64,10,10,10],eps=0.000001): [1;32mOK[0m
  NORM(type=f32,ne=[64,10,10,10],eps=0.000010): [1;32mOK[0m
  RMS_NORM(type=f32,ne=[64,10,10,10],eps=0.000010): [1;32mOK[0m
  NORM(type=f32,ne=[64,10,10,10],eps=0.001000): [1;32mOK[0m
  RMS_NORM(type=f32,ne=[64,10,10,10],eps=0.001000): [1;32mOK[0m
  NORM(type=f32,ne=[64,10,10,10],eps=0.100000): [1;32mOK[0m
  RMS_NORM(type=f32,ne=[64,10,10,10],eps=0.100000): [1;32mOK[0m
  MUL_MAT(type_a=f32,type_b=f32,m=16,n=1,k=256,bs=[1,1],nr=[1,1]): [1;32mOK[0m
  MUL_MAT(type_a=f32,type_b=f32,m=16,n=1,k=256,bs=[10,1],nr=[1,1]): [1;32mOK[0m
  MUL_MAT(type_a=f32,type_b=f32,m=16,n=1,k=256,bs=[10,1],nr=[2,1]): [1;32mOK[0m
  MUL_MAT: not supported
  MUL_MAT: not supported
  MUL_MAT: not supported
  MUL_MAT: not supported
  MUL_MAT(type_a=f32,type_b=f32,m=16,n=16,k=256,bs=[1,1],nr=[1,1]): [1;32mOK[0m
  MUL_MAT(type_a=f32,type_b=f32,m=16,n=16,k=256,bs=[10,1],nr=[1,1]): [1;32mOK[0m
  MUL_MAT(type_a=f32,type_b=f32,m=16,n=16,k=256,bs=[10,1],nr=[2,1]): [1;32mOK[0m
  MUL_MAT: not supported
  MUL_MAT: not supported
  MUL_MAT: not supported
  MUL_MAT: not supported
  MUL_MAT(type_a=f16,type_b=f32,m=16,n=1,k=256,bs=[1,1],nr=[1,1]): [1;32mOK[0m
  MUL_MAT(type_a=f16,type_b=f32,m=16,n=1,k=256,bs=[10,1],nr=[1,1]): [1;32mOK[0m
  MUL_MAT(type_a=f16,type_b=f32,m=16,n=1,k=256,bs=[10,1],nr=[2,1]): [1;32mOK[0m
  MUL_MAT: not supported
  MUL_MAT: not supported
  MUL_MAT: not supported
  MUL_MAT: not supported
  MUL_MAT(type_a=f16,type_b=f32,m=16,n=16,k=256,bs=[1,1],nr=[1,1]): [1;32mOK[0m
  MUL_MAT(type_a=f16,type_b=f32,m=16,n=16,k=256,bs=[10,1],nr=[1,1]): [1;32mOK[0m
  MUL_MAT(type_a=f16,type_b=f32,m=16,n=16,k=256,bs=[10,1],nr=[2,1]): [1;32mOK[0m
  MUL_MAT: not supported
  MUL_MAT: not supported
  MUL_MAT: not supported
  MUL_MAT: not supported
  MUL_MAT(type_a=q4_0,type_b=f32,m=16,n=1,k=256,bs=[1,1],nr=[1,1]): [1;32mOK[0m
  MUL_MAT: not supported
  MUL_MAT: not supported
  MUL_MAT: not supported
  MUL_MAT: not supported
  MUL_MAT: not supported
  MUL_MAT: not supported
  MUL_MAT(type_a=q4_0,type_b=f32,m=16,n=16,k=256,bs=[1,1],nr=[1,1]): [1;32mOK[0m
  MUL_MATggml_metal_free: deallocating
: not supported
  MUL_MAT: not supported
  MUL_MAT: not supported
  MUL_MAT: not supported
  MUL_MAT: not supported
  MUL_MAT: not supported
  MUL_MAT(type_a=q4_1,type_b=f32,m=16,n=1,k=256,bs=[1,1],nr=[1,1]): [1;32mOK[0m
  MUL_MAT: not supported
  MUL_MAT: not supported
  MUL_MAT: not supported
  MUL_MAT: not supported
  MUL_MAT: not supported
  MUL_MAT: not supported
  MUL_MAT(type_a=q4_1,type_b=f32,m=16,n=16,k=256,bs=[1,1],nr=[1,1]): [1;32mOK[0m
  MUL_MAT: not supported
  MUL_MAT: not supported
  MUL_MAT: not supported
  MUL_MAT: not supported
  MUL_MAT: not supported
  MUL_MAT: not supported
  MUL_MAT(type_a=q5_0,type_b=f32,m=16,n=1,k=256,bs=[1,1],nr=[1,1]): [1;32mOK[0m
  MUL_MAT: not supported
  MUL_MAT: not supported
  MUL_MAT: not supported
  MUL_MAT: not supported
  MUL_MAT: not supported
  MUL_MAT: not supported
  MUL_MAT(type_a=q5_0,type_b=f32,m=16,n=16,k=256,bs=[1,1],nr=[1,1]): [1;32mOK[0m
  MUL_MAT: not supported
  MUL_MAT: not supported
  MUL_MAT: not supported
  MUL_MAT: not supported
  MUL_MAT: not supported
  MUL_MAT: not supported
  MUL_MAT(type_a=q5_1,type_b=f32,m=16,n=1,k=256,bs=[1,1],nr=[1,1]): [1;32mOK[0m
  MUL_MAT: not supported
  MUL_MAT: not supported
  MUL_MAT: not supported
  MUL_MAT: not supported
  MUL_MAT: not supported
  MUL_MAT: not supported
  MUL_MAT(type_a=q5_1,type_b=f32,m=16,n=16,k=256,bs=[1,1],nr=[1,1]): [1;32mOK[0m
  MUL_MAT: not supported
  MUL_MAT: not supported
  MUL_MAT: not supported
  MUL_MAT: not supported
  MUL_MAT: not supported
  MUL_MAT: not supported
  MUL_MAT(type_a=q8_0,type_b=f32,m=16,n=1,k=256,bs=[1,1],nr=[1,1]): [1;32mOK[0m
  MUL_MAT: not supported
  MUL_MAT: not supported
  MUL_MAT: not supported
  MUL_MAT: not supported
  MUL_MAT: not supported
  MUL_MAT: not supported
  MUL_MAT(type_a=q8_0,type_b=f32,m=16,n=16,k=256,bs=[1,1],nr=[1,1]): [1;32mOK[0m
  MUL_MAT: not supported
  MUL_MAT: not supported
  MUL_MAT: not supported
  MUL_MAT: not supported
  MUL_MAT: not supported
  MUL_MAT: not supported
  MUL_MAT(type_a=q2_K,type_b=f32,m=16,n=1,k=256,bs=[1,1],nr=[1,1]): [1;32mOK[0m
  MUL_MAT: not supported
  MUL_MAT: not supported
  MUL_MAT: not supported
  MUL_MAT: not supported
  MUL_MAT: not supported
  MUL_MAT: not supported
  MUL_MAT(type_a=q2_K,type_b=f32,m=16,n=16,k=256,bs=[1,1],nr=[1,1]): [1;32mOK[0m
  MUL_MAT: not supported
  MUL_MAT: not supported
  MUL_MAT: not supported
  MUL_MAT: not supported
  MUL_MAT: not supported
  MUL_MAT: not supported
  MUL_MAT(type_a=q3_K,type_b=f32,m=16,n=1,k=256,bs=[1,1],nr=[1,1]): [1;32mOK[0m
  MUL_MAT: not supported
  MUL_MAT: not supported
  MUL_MAT: not supported
  MUL_MAT: not supported
  MUL_MAT: not supported
  MUL_MAT: not supported
  MUL_MAT(type_a=q3_K,type_b=f32,m=16,n=16,k=256,bs=[1,1],nr=[1,1]): [1;32mOK[0m
  MUL_MAT: not supported
  MUL_MAT: not supported
  MUL_MAT: not supported
  MUL_MAT: not supported
  MUL_MAT: not supported
  MUL_MAT: not supported
  MUL_MAT(type_a=q4_K,type_b=f32,m=16,n=1,k=256,bs=[1,1],nr=[1,1]): [1;32mOK[0m
  MUL_MAT: not supported
  MUL_MAT: not supported
  MUL_MAT: not supported
  MUL_MAT: not supported
  MUL_MAT: not supported
  MUL_MAT: not supported
  MUL_MAT(type_a=q4_K,type_b=f32,m=16,n=16,k=256,bs=[1,1],nr=[1,1]): [1;32mOK[0m
  MUL_MAT: not supported
  MUL_MAT: not supported
  MUL_MAT: not supported
  MUL_MAT: not supported
  MUL_MAT: not supported
  MUL_MAT: not supported
  MUL_MAT(type_a=q5_K,type_b=f32,m=16,n=1,k=256,bs=[1,1],nr=[1,1]): [1;32mOK[0m
  MUL_MAT: not supported
  MUL_MAT: not supported
  MUL_MAT: not supported
  MUL_MAT: not supported
  MUL_MAT: not supported
  MUL_MAT: not supported
  MUL_MAT(type_a=q5_K,type_b=f32,m=16,n=16,k=256,bs=[1,1],nr=[1,1]): [1;32mOK[0m
  MUL_MAT: not supported
  MUL_MAT: not supported
  MUL_MAT: not supported
  MUL_MAT: not supported
  MUL_MAT: not supported
  MUL_MAT: not supported
  MUL_MAT(type_a=q6_K,type_b=f32,m=16,n=1,k=256,bs=[1,1],nr=[1,1]): [1;32mOK[0m
  MUL_MAT: not supported
  MUL_MAT: not supported
  MUL_MAT: not supported
  MUL_MAT: not supported
  MUL_MAT: not supported
  MUL_MAT: not supported
  MUL_MAT(type_a=q6_K,type_b=f32,m=16,n=16,k=256,bs=[1,1],nr=[1,1]): [1;32mOK[0m
  MUL_MAT: not supported
  MUL_MAT: not supported
  MUL_MAT: not supported
  MUL_MAT: not supported
  MUL_MAT: not supported
  MUL_MAT: not supported
  SQR(type=f32,ne=[10,10,10,10]): [1;32mOK[0m
  CLAMP: not supported
  DIAG_MASK_INF: not supported
  DIAG_MASK_INF: not supported
  DIAG_MASK_INF: not supported
  SOFT_MAX(type=f32,ne=[10,10,10,10]): [1;32mOK[0m
  ROPE(type=f32,ne=[128,32,10,1],n_dims=128,mode=0,n_ctx=512): [1;32mOK[0m
  ROPE(type=f32,ne=[128,40,10,1],n_dims=128,mode=0,n_ctx=512): [1;32mOK[0m
  ROPE(type=f32,ne=[128,52,10,1],n_dims=128,mode=0,n_ctx=512): [1;32mOK[0m
  ROPE(type=f32,ne=[128,64,10,1],n_dims=128,mode=0,n_ctx=512): [1;32mOK[0m
  ROPE(type=f32,ne=[64,1,10,1],n_dims=64,mode=2,n_ctx=512): [1;32mOK[0m
  ROPE(type=f32,ne=[64,71,10,1],n_dims=64,mode=2,n_ctx=512): [1;32mOK[0m
  ROPE(type=f32,ne=[64,8,10,1],n_dims=64,mode=2,n_ctx=512): [1;32mOK[0m
  ROPE(type=f32,ne=[64,128,10,1],n_dims=64,mode=2,n_ctx=512): [1;32mOK[0m
  ROPE(type=f16,ne=[128,32,10,1],n_dims=128,mode=0,n_ctx=512): [1;32mOK[0m
  ROPE(type=f16,ne=[128,40,10,1],n_dims=128,mode=0,n_ctx=512): [1;32mOK[0m
  ROPE(type=f16,ne=[128,52,10,1],n_dims=128,mode=0,n_ctx=512): [1;32mOK[0m
  ROPE(type=f16,ne=[128,64,10,1],n_dims=128,mode=0,n_ctx=512): [1;32mOK[0m
  ROPE(type=f16,ne=[64,1,10,1],n_dims=64,mode=2,n_ctx=512): [1;32mOK[0m
  ROPE(type=f16,ne=[64,71,10,1],n_dims=64,mode=2,n_ctx=512): [1;32mOK[0m
  ROPE(type=f16,ne=[64,8,10,1],n_dims=64,mode=2,n_ctx=512): [1;32mOK[0m
  ROPE(type=f16,ne=[64,128,10,1],n_dims=64,mode=2,n_ctx=512): [1;32mOK[0m
  ALIBI(type=f32,ne=[10,10,10,10],n_past=512,n_head=10,bias_max=0.500000): [1;32mOK[0m
  IM2COL(type_input=f32,type_kernel=f16,ne_input=[10,10,3,1],ne_kernel=[3,3,3,1],s0=1,s1=1,p0=1,p1=1,d0=1,d1=1,is_2D=1): [1;32mOK[0m
  CONCAT(type=f32,ne=[10,10,10,10],b_ne2=10): [1;32mOK[0m
  ARGSORT(type=f32,ne=[16,10,10,10],order=0): [1;32mOK[0m
    Error: ARGSORT: NMSE = 0.000161
  ARGSORT(type=f32,ne=[16,10,10,10],order=1): [1;31mFAIL[0m
  MUL_MAT_ID(type_a=f32,type_b=f32,n_mats=1,id=0,m=16,n=16,k=256,bs=[1,1],nr=[1,1]): [1;32mOK[0m
  MUL_MAT_ID(type_a=f32,type_b=f32,n_mats=2,id=0,m=16,n=16,k=256,bs=[1,1],nr=[1,1]): [1;32mOK[0m
  MUL_MAT_ID(type_a=f32,type_b=f32,n_mats=2,id=1,m=16,n=16,k=256,bs=[1,1],nr=[1,1]): [1;32mOK[0m
  MUL_MAT_ID(type_a=f32,type_b=f32,n_mats=4,id=0,m=16,n=16,k=256,bs=[1,1],nr=[1,1]): [1;32mOK[0m
  MUL_MAT_ID(type_a=f32,type_b=f32,n_mats=4,id=1,m=16,n=16,k=256,bs=[1,1],nr=[1,1]): [1;32mOK[0m
  MUL_MAT_ID(type_a=f32,type_b=f32,n_mats=4,id=2,m=16,n=16,k=256,bs=[1,1],nr=[1,1]): [1;32mOK[0m
  MUL_MAT_ID(type_a=f32,type_b=f32,n_mats=4,id=3,m=16,n=16,k=256,bs=[1,1],nr=[1,1]): [1;32mOK[0m
  MUL_MAT_ID(type_a=f16,type_b=f32,n_mats=1,id=0,m=16,n=16,k=256,bs=[1,1],nr=[1,1]): [1;32mOK[0m
  MUL_MAT_ID(type_a=f16,type_b=f32,n_mats=2,id=0,m=16,n=16,k=256,bs=[1,1],nr=[1,1]): [1;32mOK[0m
  MUL_MAT_ID(type_a=f16,type_b=f32,n_mats=2,id=1,m=16,n=16,k=256,bs=[1,1],nr=[1,1]): [1;32mOK[0m
  MUL_MAT_ID(type_a=f16,type_b=f32,n_mats=4,id=0,m=16,n=16,k=256,bs=[1,1],nr=[1,1]): [1;32mOK[0m
  MUL_MAT_ID(type_a=f16,type_b=f32,n_mats=4,id=1,m=16,n=16,k=256,bs=[1,1],nr=[1,1]): [1;32mOK[0m
  MUL_MAT_ID(type_a=f16,type_b=f32,n_mats=4,id=2,m=16,n=16,k=256,bs=[1,1],nr=[1,1]): [1;32mOK[0m
  MUL_MAT_ID(type_a=f16,type_b=f32,n_mats=4,id=3,m=16,n=16,k=256,bs=[1,1],nr=[1,1]): [1;32mOK[0m
  MUL_MAT_ID(type_a=q4_0,type_b=f32,n_mats=1,id=0,m=16,n=16,k=256,bs=[1,1],nr=[1,1]): [1;32mOK[0m
  MUL_MAT_ID(type_a=q4_0,type_b=f32,n_mats=2,id=0,m=16,n=16,k=256,bs=[1,1],nr=[1,1]): [1;32mOK[0m
  MUL_MAT_ID(type_a=q4_0,type_b=f32,n_mats=2,id=1,m=16,n=16,k=256,bs=[1,1],nr=[1,1]): [1;32mOK[0m
  MUL_MAT_ID(type_a=q4_0,type_b=f32,n_mats=4,id=0,m=16,n=16,k=256,bs=[1,1],nr=[1,1]): [1;32mOK[0m
  MUL_MAT_ID(type_a=q4_0,type_b=f32,n_mats=4,id=1,m=16,n=16,k=256,bs=[1,1],nr=[1,1]): [1;32mOK[0m
  MUL_MAT_ID(type_a=q4_0,type_b=f32,n_mats=4,id=2,m=16,n=16,k=256,bs=[1,1],nr=[1,1]): [1;32mOK[0m
  MUL_MAT_ID(type_a=q4_0,type_b=f32,n_mats=4,id=3,m=16,n=16,k=256,bs=[1,1],nr=[1,1]): [1;32mOK[0m
  MUL_MAT_ID(type_a=q4_1,type_b=f32,n_mats=1,id=0,m=16,n=16,k=256,bs=[1,1],nr=[1,1]): [1;32mOK[0m
  MUL_MAT_ID(type_a=q4_1,type_b=f32,n_mats=2,id=0,m=16,n=16,k=256,bs=[1,1],nr=[1,1]): [1;32mOK[0m
  MUL_MAT_ID(type_a=q4_1,type_b=f32,n_mats=2,id=1,m=16,n=16,k=256,bs=[1,1],nr=[1,1]): [1;32mOK[0m
  MUL_MAT_ID(type_a=q4_1,type_b=f32,n_mats=4,id=0,m=16,n=16,k=256,bs=[1,1],nr=[1,1]): [1;32mOK[0m
  MUL_MAT_ID(type_a=q4_1,type_b=f32,n_mats=4,id=1,m=16,n=16,k=256,bs=[1,1],nr=[1,1]): [1;32mOK[0m
  MUL_MAT_ID(type_a=q4_1,type_b=f32,n_mats=4,id=2,m=16,n=16,k=256,bs=[1,1],nr=[1,1]): [1;32mOK[0m
  MUL_MAT_ID(type_a=q4_1,type_b=f32,n_mats=4,id=3,m=16,n=16,k=256,bs=[1,1],nr=[1,1]): [1;32mOK[0m
  MUL_MAT_ID(type_a=q5_0,type_b=f32,n_mats=1,id=0,m=16,n=16,k=256,bs=[1,1],nr=[1,1]): [1;32mOK[0m
  MUL_MAT_ID(type_a=q5_0,type_b=f32,n_mats=2,id=0,m=16,n=16,k=256,bs=[1,1],nr=[1,1]): [1;32mOK[0m
  MUL_MAT_ID(type_a=q5_0,type_b=f32,n_mats=2,id=1,m=16,n=16,k=256,bs=[1,1],nr=[1,1]): [1;32mOK[0m
  MUL_MAT_ID(type_a=q5_0,type_b=f32,n_mats=4,id=0,m=16,n=16,k=256,bs=[1,1],nr=[1,1]): [1;32mOK[0m
  MUL_MAT_ID(type_a=q5_0,type_b=f32,n_mats=4,id=1,m=16,n=16,k=256,bs=[1,1],nr=[1,1]): [1;32mOK[0m
  MUL_MAT_ID(type_a=q5_0,type_b=f32,n_mats=4,id=2,m=16,n=16,k=256,bs=[1,1],nr=[1,1]): [1;32mOK[0m
  MUL_MAT_ID(type_a=q5_0,type_b=f32,n_mats=4,id=3,m=16,n=16,k=256,bs=[1,1],nr=[1,1]): [1;32mOK[0m
  MUL_MAT_ID(type_a=q5_1,type_b=f32,n_mats=1,id=0,m=16,n=16,k=256,bs=[1,1],nr=[1,1]): [1;32mOK[0m
  MUL_MAT_ID(type_a=q5_1,type_b=f32,n_mats=2,id=0,m=16,n=16,k=256,bs=[1,1],nr=[1,1]): [1;32mOK[0m
  MUL_MAT_ID(type_a=q5_1,type_b=f32,n_mats=2,id=1,m=16,n=16,k=256,bs=[1,1],nr=[1,1]): [1;32mOK[0m
  MUL_MAT_ID(type_a=q5_1,type_b=f32,n_mats=4,id=0,m=16,n=16,k=256,bs=[1,1],nr=[1,1]): [1;32mOK[0m
  MUL_MAT_ID(type_a=q5_1,type_b=f32,n_mats=4,id=1,m=16,n=16,k=256,bs=[1,1],nr=[1,1]): [1;32mOK[0m
  MUL_MAT_ID(type_a=q5_1,type_b=f32,n_mats=4,id=2,m=16,n=16,k=256,bs=[1,1],nr=[1,1]): [1;32mOK[0m
  MUL_MAT_ID(type_a=q5_1,type_b=f32,n_mats=4,id=3,m=16,n=16,k=256,bs=[1,1],nr=[1,1]): [1;32mOK[0m
  MUL_MAT_ID(type_a=q8_0,type_b=f32,n_mats=1,id=0,m=16,n=16,k=256,bs=[1,1],nr=[1,1]): [1;32mOK[0m
  MUL_MAT_ID(type_a=q8_0,type_b=f32,n_mats=2,id=0,m=16,n=16,k=256,bs=[1,1],nr=[1,1]): [1;32mOK[0m
  MUL_MAT_ID(type_a=q8_0,type_b=f32,n_mats=2,id=1,m=16,n=16,k=256,bs=[1,1],nr=[1,1]): [1;32mOK[0m
  MUL_MAT_ID(type_a=q8_0,type_b=f32,n_mats=4,id=0,m=16,n=16,k=256,bs=[1,1],nr=[1,1]): [1;32mOK[0m
  MUL_MAT_ID(type_a=q8_0,type_b=f32,n_mats=4,id=1,m=16,n=16,k=256,bs=[1,1],nr=[1,1]): [1;32mOK[0m
  MUL_MAT_ID(type_a=q8_0,type_b=f32,n_mats=4,id=2,m=16,n=16,k=256,bs=[1,1],nr=[1,1]): [1;32mOK[0m
  MUL_MAT_ID(type_a=q8_0,type_b=f32,n_mats=4,id=3,m=16,n=16,k=256,bs=[1,1],nr=[1,1]): [1;32mOK[0m
  MUL_MAT_ID(type_a=q2_K,type_b=f32,n_mats=1,id=0,m=16,n=16,k=256,bs=[1,1],nr=[1,1]): [1;32mOK[0m
  MUL_MAT_ID(type_a=q2_K,type_b=f32,n_mats=2,id=0,m=16,n=16,k=256,bs=[1,1],nr=[1,1]): [1;32mOK[0m
  MUL_MAT_ID(type_a=q2_K,type_b=f32,n_mats=2,id=1,m=16,n=16,k=256,bs=[1,1],nr=[1,1]): [1;32mOK[0m
  MUL_MAT_ID(type_a=q2_K,type_b=f32,n_mats=4,id=0,m=16,n=16,k=256,bs=[1,1],nr=[1,1]): [1;32mOK[0m
  MUL_MAT_ID(type_a=q2_K,type_b=f32,n_mats=4,id=1,m=16,n=16,k=256,bs=[1,1],nr=[1,1]): [1;32mOK[0m
  MUL_MAT_ID(type_a=q2_K,type_b=f32,n_mats=4,id=2,m=16,n=16,k=256,bs=[1,1],nr=[1,1]): [1;32mOK[0m
  MUL_MAT_ID(type_a=q2_K,type_b=f32,n_mats=4,id=3,m=16,n=16,k=256,bs=[1,1],nr=[1,1]): [1;32mOK[0m
  MUL_MAT_ID(type_a=q3_K,type_b=f32,n_mats=1,id=0,m=16,n=16,k=256,bs=[1,1],nr=[1,1]): [1;32mOK[0m
  MUL_MAT_ID(type_a=q3_K,type_b=f32,n_mats=2,id=0,m=16,n=16,k=256,bs=[1,1],nr=[1,1]): [1;32mOK[0m
  MUL_MAT_ID(type_a=q3_K,type_b=f32,n_mats=2,id=1,m=16,n=16,k=256,bs=[1,1],nr=[1,1]): [1;32mOK[0m
  MUL_MAT_ID(type_a=q3_K,type_b=f32,n_mats=4,id=0,m=16,n=16,k=256,bs=[1,1],nr=[1,1]): [1;32mOK[0m
  MUL_MAT_ID(type_a=q3_K,type_b=f32,n_mats=4,id=1,m=16,n=16,k=256,bs=[1,1],nr=[1,1]): [1;32mOK[0m
  MUL_MAT_ID(type_a=q3_K,type_b=f32,n_mats=4,id=2,m=16,n=16,k=256,bs=[1,1],nr=[1,1]): [1;32mOK[0m
  MUL_MAT_ID(type_a=q3_K,type_b=f32,n_mats=4,id=3,m=16,n=16,k=256,bs=[1,1],nr=[1,1]): [1;32mOK[0m
  MUL_MAT_ID(type_a=q4_K,type_b=f32,n_mats=1,id=0,m=16,n=16,k=256,bs=[1,1],nr=[1,1]): [1;32mOK[0m
  MUL_MAT_ID(type_a=q4_K,type_b=f32,n_mats=2,id=0,m=16,n=16,k=256,bs=[1,1],nr=[1,1]): [1;32mOK[0m
  MUL_MAT_ID(type_a=q4_K,type_b=f32,n_mats=2,id=1,m=16,n=16,k=256,bs=[1,1],nr=[1,1]): [1;32mOK[0m
  MUL_MAT_ID(type_a=q4_K,type_b=f32,n_mats=4,id=0,m=16,n=16,k=256,bs=[1,1],nr=[1,1]): [1;32mOK[0m
  MUL_MAT_ID(type_a=q4_K,type_b=f32,n_mats=4,id=1,m=16,n=16,k=256,bs=[1,1],nr=[1,1]): [1;32mOK[0m
  MUL_MAT_ID(type_a=q4_K,type_b=f32,n_mats=4,id=2,m=16,n=16,k=256,bs=[1,1],nr=[1,1]): [1;32mOK[0m
  MUL_MAT_ID(type_a=q4_K,type_b=f32,n_mats=4,id=3,m=16,n=16,k=256,bs=[1,1],nr=[1,1]): [1;32mOK[0m
  MUL_MAT_ID(type_a=q5_K,type_b=f32,n_mats=1,id=0,m=16,n=16,k=256,bs=[1,1],nr=[1,1]): [1;32mOK[0m
  MUL_MAT_ID(type_a=q5_K,type_b=f32,n_mats=2,id=0,m=16,n=16,k=256,bs=[1,1],nr=[1,1]): [1;32mOK[0m
  MUL_MAT_ID(type_a=q5_K,type_b=f32,n_mats=2,id=1,m=16,n=16,k=256,bs=[1,1],nr=[1,1]): [1;32mOK[0m
  MUL_MAT_ID(type_a=q5_K,type_b=f32,n_mats=4,id=0,m=16,n=16,k=256,bs=[1,1],nr=[1,1]): [1;32mOK[0m
  MUL_MAT_ID(type_a=q5_K,type_b=f32,n_mats=4,id=1,m=16,n=16,k=256,bs=[1,1],nr=[1,1]): [1;32mOK[0m
  MUL_MAT_ID(type_a=q5_K,type_b=f32,n_mats=4,id=2,m=16,n=16,k=256,bs=[1,1],nr=[1,1]): [1;32mOK[0m
  MUL_MAT_ID(type_a=q5_K,type_b=f32,n_mats=4,id=3,m=16,n=16,k=256,bs=[1,1],nr=[1,1]): [1;32mOK[0m
  MUL_MAT_ID(type_a=q6_K,type_b=f32,n_mats=1,id=0,m=16,n=16,k=256,bs=[1,1],nr=[1,1]): [1;32mOK[0m
  MUL_MAT_ID(type_a=q6_K,type_b=f32,n_mats=2,id=0,m=16,n=16,k=256,bs=[1,1],nr=[1,1]): [1;32mOK[0m
  MUL_MAT_ID(type_a=q6_K,type_b=f32,n_mats=2,id=1,m=16,n=16,k=256,bs=[1,1],nr=[1,1]): [1;32mOK[0m
  MUL_MAT_ID(type_a=q6_K,type_b=f32,n_mats=4,id=0,m=16,n=16,k=256,bs=[1,1],nr=[1,1]): [1;32mOK[0m
  MUL_MAT_ID(type_a=q6_K,type_b=f32,n_mats=4,id=1,m=16,n=16,k=256,bs=[1,1],nr=[1,1]): [1;32mOK[0m
  MUL_MAT_ID(type_a=q6_K,type_b=f32,n_mats=4,id=2,m=16,n=16,k=256,bs=[1,1],nr=[1,1]): [1;32mOK[0m
  MUL_MAT_ID(type_a=q6_K,type_b=f32,n_mats=4,id=3,m=16,n=16,k=256,bs=[1,1],nr=[1,1]): [1;32mOK[0m
  SUM_ROWS(type=f32,ne=[10,10,10,10]): [1;32mOK[0m
  337/338 tests passed
  Backend Metal: [1;31mFAIL[0m

1/2 backends passed
[1;31mFAIL[0m


95% tests passed, 1 tests failed out of 21

Total Test time (real) =  13.35 sec

The following tests FAILED:
	 21 - test-backend-ops (Failed)
Errors while running CTest
