+ cmake -DCMAKE_BUILD_TYPE=Debug -DLLAMA_FATAL_WARNINGS=ON -DLLAMA_CUDA=1 ..
-- The C compiler identification is GNU 11.4.0
-- The CXX compiler identification is GNU 11.4.0
-- Detecting C compiler ABI info
-- Detecting C compiler ABI info - done
-- Check for working C compiler: /usr/bin/cc - skipped
-- Detecting C compile features
-- Detecting C compile features - done
-- Detecting CXX compiler ABI info
-- Detecting CXX compiler ABI info - done
-- Check for working CXX compiler: /usr/bin/c++ - skipped
-- Detecting CXX compile features
-- Detecting CXX compile features - done
-- Found Git: /usr/bin/git (found version "2.34.1") 
-- Performing Test CMAKE_HAVE_LIBC_PTHREAD
-- Performing Test CMAKE_HAVE_LIBC_PTHREAD - Success
-- Found Threads: TRUE  
-- Found CUDAToolkit: /usr/local/cuda-12.2/include (found version "12.2.140") 
-- CUDA found
-- The CUDA compiler identification is NVIDIA 12.2.140
-- Detecting CUDA compiler ABI info
-- Detecting CUDA compiler ABI info - done
-- Check for working CUDA compiler: /usr/local/cuda-12.2/bin/nvcc - skipped
-- Detecting CUDA compile features
-- Detecting CUDA compile features - done
-- Using CUDA architectures: 52;61;70
-- CUDA host compiler is GNU 11.4.0

-- ccache found, compilation results will be cached. Disable with LLAMA_CCACHE=OFF.
-- CMAKE_SYSTEM_PROCESSOR: x86_64
-- x86 detected
-- Configuring done (3.2s)
-- Generating done (0.2s)
-- Build files have been written to: /home/ggml/work/llama.cpp/build-ci-debug

real	0m3.467s
user	0m2.603s
sys	0m0.862s
+ make -j
[  1%] Generating build details from Git
[  2%] Building C object CMakeFiles/ggml.dir/ggml.c.o
[  2%] Building C object CMakeFiles/ggml.dir/ggml-alloc.c.o
[  3%] Building C object CMakeFiles/ggml.dir/ggml-backend.c.o
[  3%] Building C object CMakeFiles/ggml.dir/ggml-quants.c.o
[  3%] Building CUDA object CMakeFiles/ggml.dir/ggml-cuda/alibi.cu.o
[  4%] Building CUDA object CMakeFiles/ggml.dir/ggml-cuda/acc.cu.o
-- Found Git: /usr/bin/git (found version "2.34.1") 
[  5%] Building CUDA object CMakeFiles/ggml.dir/ggml-cuda/arange.cu.o
[  6%] Building CUDA object CMakeFiles/ggml.dir/ggml-cuda/binbcast.cu.o
[  6%] Building CUDA object CMakeFiles/ggml.dir/ggml-cuda/argsort.cu.o
[  6%] Building CUDA object CMakeFiles/ggml.dir/ggml-cuda/clamp.cu.o
[  7%] Building CUDA object CMakeFiles/ggml.dir/ggml-cuda/concat.cu.o
[  8%] Building CUDA object CMakeFiles/ggml.dir/ggml-cuda/cpy.cu.o
[  8%] Building CUDA object CMakeFiles/ggml.dir/ggml-cuda/diagmask.cu.o
[  8%] Building CUDA object CMakeFiles/ggml.dir/ggml-cuda/convert.cu.o
[  9%] Building CUDA object CMakeFiles/ggml.dir/ggml-cuda/dmmv.cu.o
[  9%] Building CXX object common/CMakeFiles/build_info.dir/build-info.cpp.o
[  9%] Building CUDA object CMakeFiles/ggml.dir/ggml-cuda/fattn.cu.o
[ 10%] Building CUDA object CMakeFiles/ggml.dir/ggml-cuda/getrows.cu.o
[ 10%] Building CUDA object CMakeFiles/ggml.dir/ggml-cuda/im2col.cu.o
[ 11%] Building CUDA object CMakeFiles/ggml.dir/ggml-cuda/mmq.cu.o
[ 12%] Building CUDA object CMakeFiles/ggml.dir/ggml-cuda/norm.cu.o
[ 11%] Building CUDA object CMakeFiles/ggml.dir/ggml-cuda/mmvq.cu.o
[ 13%] Building CUDA object CMakeFiles/ggml.dir/ggml-cuda/pool2d.cu.o
[ 13%] Building CUDA object CMakeFiles/ggml.dir/ggml-cuda/pad.cu.o
[ 13%] Building CUDA object CMakeFiles/ggml.dir/ggml-cuda/quantize.cu.o
[ 13%] Built target build_info
[ 14%] Building CUDA object CMakeFiles/ggml.dir/ggml-cuda/rope.cu.o
[ 14%] Building CUDA object CMakeFiles/ggml.dir/ggml-cuda/scale.cu.o
[ 15%] Building CUDA object CMakeFiles/ggml.dir/ggml-cuda/softmax.cu.o
[ 15%] Building CUDA object CMakeFiles/ggml.dir/ggml-cuda/sumrows.cu.o
[ 16%] Building CUDA object CMakeFiles/ggml.dir/ggml-cuda/tsembd.cu.o
[ 16%] Building CUDA object CMakeFiles/ggml.dir/ggml-cuda/unary.cu.o
[ 17%] Building CUDA object CMakeFiles/ggml.dir/ggml-cuda/upscale.cu.o
[ 17%] Building CUDA object CMakeFiles/ggml.dir/ggml-cuda.cu.o
[ 17%] Built target ggml
[ 18%] Linking CUDA static library libggml_static.a
[ 18%] Building CXX object CMakeFiles/llama.dir/llama.cpp.o
[ 19%] Building CXX object CMakeFiles/llama.dir/unicode.cpp.o
[ 19%] Building CXX object CMakeFiles/llama.dir/unicode-data.cpp.o
[ 19%] Building CXX object examples/gguf/CMakeFiles/gguf.dir/gguf.cpp.o
[ 19%] Built target ggml_static
[ 20%] Linking CXX executable ../../bin/gguf
[ 20%] Built target gguf
[ 21%] Linking CXX static library libllama.a
[ 21%] Built target llama
[ 22%] Building C object tests/CMakeFiles/test-c.dir/test-c.c.o
[ 23%] Building CXX object examples/benchmark/CMakeFiles/benchmark.dir/benchmark-matmult.cpp.o
[ 23%] Building CXX object examples/llava/CMakeFiles/llava.dir/llava.cpp.o
[ 24%] Building CXX object common/CMakeFiles/common.dir/common.cpp.o
[ 25%] Building CXX object examples/llava/CMakeFiles/llava.dir/clip.cpp.o
[ 26%] Building CXX object examples/quantize-stats/CMakeFiles/quantize-stats.dir/quantize-stats.cpp.o
[ 27%] Building CXX object common/CMakeFiles/common.dir/console.cpp.o
[ 27%] Building CXX object common/CMakeFiles/common.dir/sampling.cpp.o
[ 28%] Building CXX object examples/quantize/CMakeFiles/quantize.dir/quantize.cpp.o
[ 28%] Building CXX object common/CMakeFiles/common.dir/grammar-parser.cpp.o
[ 28%] Building CXX object common/CMakeFiles/common.dir/train.cpp.o
[ 29%] Building CXX object common/CMakeFiles/common.dir/json-schema-to-grammar.cpp.o
[ 30%] Building CXX object common/CMakeFiles/common.dir/ngram-cache.cpp.o
[ 30%] Linking CXX executable ../bin/test-c
[ 30%] Built target test-c
[ 30%] Linking CXX executable ../../bin/benchmark
[ 30%] Built target benchmark
[ 30%] Linking CXX executable ../../bin/quantize
[ 30%] Built target quantize
[ 30%] Linking CXX executable ../../bin/quantize-stats
[ 30%] Built target quantize-stats
[ 30%] Built target llava
[ 30%] Linking CXX static library libllava_static.a
[ 30%] Built target llava_static
[ 30%] Linking CXX static library libcommon.a
[ 30%] Built target common
[ 30%] Building CXX object tests/CMakeFiles/test-quantize-fns.dir/test-quantize-fns.cpp.o
[ 31%] Building CXX object tests/CMakeFiles/test-quantize-perf.dir/test-quantize-perf.cpp.o
[ 32%] Building CXX object tests/CMakeFiles/test-quantize-fns.dir/get-model.cpp.o
[ 33%] Building CXX object tests/CMakeFiles/test-sampling.dir/test-sampling.cpp.o
[ 33%] Building CXX object tests/CMakeFiles/test-quantize-perf.dir/get-model.cpp.o
[ 33%] Building CXX object tests/CMakeFiles/test-sampling.dir/get-model.cpp.o
[ 34%] Building CXX object tests/CMakeFiles/test-tokenizer-1-llama.dir/test-tokenizer-1-llama.cpp.o
[ 34%] Building CXX object tests/CMakeFiles/test-tokenizer-0-llama.dir/get-model.cpp.o
[ 35%] Building CXX object tests/CMakeFiles/test-tokenizer-0-llama.dir/test-tokenizer-0-llama.cpp.o
[ 35%] Building CXX object tests/CMakeFiles/test-chat-template.dir/get-model.cpp.o
[ 36%] Building CXX object tests/CMakeFiles/test-chat-template.dir/test-chat-template.cpp.o
[ 37%] Building CXX object tests/CMakeFiles/test-tokenizer-0-falcon.dir/get-model.cpp.o
[ 37%] Building CXX object tests/CMakeFiles/test-tokenizer-0-falcon.dir/test-tokenizer-0-falcon.cpp.o
[ 37%] Building CXX object tests/CMakeFiles/test-tokenizer-1-llama.dir/get-model.cpp.o
[ 38%] Building CXX object tests/CMakeFiles/test-tokenizer-1-baichuan.dir/test-tokenizer-1-llama.cpp.o
[ 38%] Building CXX object tests/CMakeFiles/test-tokenizer-1-baichuan.dir/get-model.cpp.o
[ 38%] Building CXX object tests/CMakeFiles/test-tokenizer-1-falcon.dir/test-tokenizer-1-bpe.cpp.o
[ 38%] Building CXX object tests/CMakeFiles/test-tokenizer-1-aquila.dir/test-tokenizer-1-bpe.cpp.o
[ 38%] Building CXX object tests/CMakeFiles/test-tokenizer-1-mpt.dir/test-tokenizer-1-bpe.cpp.o
[ 39%] Building CXX object tests/CMakeFiles/test-tokenizer-1-falcon.dir/get-model.cpp.o
[ 40%] Building CXX object tests/CMakeFiles/test-tokenizer-1-mpt.dir/get-model.cpp.o
[ 41%] Building CXX object tests/CMakeFiles/test-tokenizer-1-gpt-neox.dir/test-tokenizer-1-bpe.cpp.o
[ 42%] Building CXX object tests/CMakeFiles/test-tokenizer-1-aquila.dir/get-model.cpp.o
[ 42%] Building CXX object tests/CMakeFiles/test-tokenizer-1-stablelm-3b-4e1t.dir/test-tokenizer-1-bpe.cpp.o
[ 43%] Building CXX object tests/CMakeFiles/test-tokenizer-1-refact.dir/test-tokenizer-1-bpe.cpp.o
[ 43%] Building CXX object tests/CMakeFiles/test-tokenizer-1-gpt-neox.dir/get-model.cpp.o
[ 44%] Building CXX object tests/CMakeFiles/test-tokenizer-1-stablelm-3b-4e1t.dir/get-model.cpp.o
[ 44%] Building CXX object tests/CMakeFiles/test-tokenizer-1-refact.dir/get-model.cpp.o
[ 44%] Building CXX object tests/CMakeFiles/test-tokenizer-1-gpt2.dir/test-tokenizer-1-bpe.cpp.o
[ 44%] Building CXX object tests/CMakeFiles/test-tokenizer-1-starcoder.dir/get-model.cpp.o
[ 45%] Building CXX object tests/CMakeFiles/test-tokenizer-1-starcoder.dir/test-tokenizer-1-bpe.cpp.o
[ 46%] Building CXX object tests/CMakeFiles/test-tokenizer-1-gpt2.dir/get-model.cpp.o
[ 47%] Building CXX object tests/CMakeFiles/test-backend-ops.dir/get-model.cpp.o
[ 47%] Building CXX object tests/CMakeFiles/test-grammar-parser.dir/test-grammar-parser.cpp.o
[ 48%] Building CXX object tests/CMakeFiles/test-grammar-parser.dir/get-model.cpp.o
[ 48%] Building CXX object tests/CMakeFiles/test-backend-ops.dir/test-backend-ops.cpp.o
[ 49%] Building CXX object tests/CMakeFiles/test-grammar-integration.dir/test-grammar-integration.cpp.o
[ 49%] Building CXX object tests/CMakeFiles/test-llama-grammar.dir/test-llama-grammar.cpp.o
[ 50%] Building CXX object tests/CMakeFiles/test-grad0.dir/get-model.cpp.o
[ 51%] Building CXX object tests/CMakeFiles/test-llama-grammar.dir/get-model.cpp.o
[ 51%] Building CXX object tests/CMakeFiles/test-grammar-integration.dir/get-model.cpp.o
[ 51%] Building CXX object tests/CMakeFiles/test-grad0.dir/test-grad0.cpp.o
[ 51%] Building CXX object tests/CMakeFiles/test-rope.dir/test-rope.cpp.o
[ 52%] Building CXX object tests/CMakeFiles/test-rope.dir/get-model.cpp.o
[ 53%] Building CXX object tests/CMakeFiles/test-autorelease.dir/test-autorelease.cpp.o
[ 53%] Building CXX object tests/CMakeFiles/test-autorelease.dir/get-model.cpp.o
[ 54%] Building CXX object tests/CMakeFiles/test-model-load-cancel.dir/test-model-load-cancel.cpp.o
[ 55%] Building CXX object tests/CMakeFiles/test-json-schema-to-grammar.dir/test-json-schema-to-grammar.cpp.o
[ 55%] Building CXX object examples/baby-llama/CMakeFiles/baby-llama.dir/baby-llama.cpp.o
[ 55%] Building CXX object tests/CMakeFiles/test-model-load-cancel.dir/get-model.cpp.o
[ 56%] Building CXX object examples/batched/CMakeFiles/batched.dir/batched.cpp.o
[ 56%] Building CXX object tests/CMakeFiles/test-json-schema-to-grammar.dir/get-model.cpp.o
[ 57%] Building CXX object examples/batched-bench/CMakeFiles/batched-bench.dir/batched-bench.cpp.o
[ 58%] Building CXX object examples/beam-search/CMakeFiles/beam-search.dir/beam-search.cpp.o
[ 59%] Building CXX object examples/convert-llama2c-to-ggml/CMakeFiles/convert-llama2c-to-ggml.dir/convert-llama2c-to-ggml.cpp.o
[ 60%] Building CXX object examples/eval-callback/CMakeFiles/eval-callback.dir/eval-callback.cpp.o
[ 61%] Building CXX object examples/embedding/CMakeFiles/embedding.dir/embedding.cpp.o
[ 62%] Building CXX object examples/finetune/CMakeFiles/finetune.dir/finetune.cpp.o
[ 62%] Building CXX object examples/gritlm/CMakeFiles/gritlm.dir/gritlm.cpp.o
[ 62%] Building CXX object examples/gguf-split/CMakeFiles/gguf-split.dir/gguf-split.cpp.o
[ 62%] Building CXX object examples/infill/CMakeFiles/infill.dir/infill.cpp.o
[ 62%] Building CXX object examples/llama-bench/CMakeFiles/llama-bench.dir/llama-bench.cpp.o
[ 62%] Building CXX object examples/llava/CMakeFiles/llava-cli.dir/llava-cli.cpp.o
[ 62%] Building CXX object examples/tokenize/CMakeFiles/tokenize.dir/tokenize.cpp.o
[ 63%] Building CXX object examples/main/CMakeFiles/main.dir/main.cpp.o
[ 64%] Building CXX object examples/parallel/CMakeFiles/parallel.dir/parallel.cpp.o
[ 65%] Building CXX object examples/retrieval/CMakeFiles/retrieval.dir/retrieval.cpp.o
[ 67%] Building CXX object examples/save-load-state/CMakeFiles/save-load-state.dir/save-load-state.cpp.o
[ 67%] Building CXX object examples/perplexity/CMakeFiles/perplexity.dir/perplexity.cpp.o
[ 68%] Building CXX object examples/simple/CMakeFiles/simple.dir/simple.cpp.o
[ 69%] Building CXX object examples/passkey/CMakeFiles/passkey.dir/passkey.cpp.o
[ 70%] Building CXX object examples/speculative/CMakeFiles/speculative.dir/speculative.cpp.o
[ 71%] Building CXX object examples/lookahead/CMakeFiles/lookahead.dir/lookahead.cpp.o
[ 72%] Building CXX object examples/lookup/CMakeFiles/lookup.dir/lookup.cpp.o
[ 73%] Building CXX object examples/lookup/CMakeFiles/lookup-create.dir/lookup-create.cpp.o
[ 74%] Linking CXX executable ../bin/test-model-load-cancel
[ 75%] Building CXX object examples/lookup/CMakeFiles/lookup-merge.dir/lookup-merge.cpp.o
[ 76%] Building CXX object examples/lookup/CMakeFiles/lookup-stats.dir/lookup-stats.cpp.o
[ 76%] Building CXX object examples/train-text-from-scratch/CMakeFiles/train-text-from-scratch.dir/train-text-from-scratch.cpp.o
[ 76%] Building CXX object examples/imatrix/CMakeFiles/imatrix.dir/imatrix.cpp.o
[ 77%] Building CXX object examples/server/CMakeFiles/server.dir/server.cpp.o
[ 77%] Building CXX object pocs/vdot/CMakeFiles/vdot.dir/vdot.cpp.o
[ 78%] Building CXX object examples/export-lora/CMakeFiles/export-lora.dir/export-lora.cpp.o
[ 79%] Building CXX object pocs/vdot/CMakeFiles/q8dot.dir/q8dot.cpp.o
[ 79%] Linking CXX executable ../bin/test-grad0
[ 79%] Linking CXX executable ../bin/test-rope
[ 79%] Built target test-grad0
[ 79%] Linking CXX executable ../bin/test-quantize-fns
[ 80%] Linking CXX executable ../bin/test-autorelease
[ 80%] Built target test-rope
[ 81%] Linking CXX executable ../bin/test-chat-template
[ 81%] Built target test-quantize-fns
[ 82%] Linking CXX executable ../bin/test-sampling
[ 82%] Linking CXX executable ../bin/test-grammar-parser
[ 82%] Built target test-model-load-cancel
[ 82%] Built target test-grammar-parser
[ 82%] Linking CXX executable ../../bin/baby-llama
[ 83%] Linking CXX executable ../bin/test-grammar-integration
[ 83%] Linking CXX executable ../../bin/q8dot
[ 84%] Linking CXX executable ../../bin/vdot
[ 85%] Linking CXX executable ../bin/test-tokenizer-1-baichuan
[ 85%] Linking CXX executable ../bin/test-tokenizer-1-stablelm-3b-4e1t
[ 86%] Linking CXX executable ../../bin/tokenize
[ 86%] Built target q8dot
[ 86%] Built target vdot
[ 86%] Built target test-chat-template
[ 87%] Linking CXX executable ../bin/test-tokenizer-1-gpt-neox
[ 87%] Linking CXX executable ../bin/test-tokenizer-1-gpt2
[ 88%] Linking CXX executable ../bin/test-tokenizer-1-refact
[ 88%] Linking CXX executable ../bin/test-tokenizer-1-mpt
[ 88%] Linking CXX executable ../bin/test-tokenizer-1-falcon
[ 89%] Linking CXX executable ../bin/test-tokenizer-1-starcoder
[ 89%] Built target test-autorelease
[ 89%] Linking CXX executable ../bin/test-tokenizer-1-aquila
[ 90%] Linking CXX executable ../bin/test-tokenizer-1-llama
[ 90%] Linking CXX executable ../bin/test-tokenizer-0-falcon
[ 91%] Linking CXX executable ../bin/test-tokenizer-0-llama
[ 91%] Linking CXX executable ../../bin/lookup-merge
[ 91%] Linking CXX executable ../../bin/save-load-state
[ 91%] Built target test-sampling
[ 91%] Linking CXX executable ../../bin/eval-callback
[ 91%] Linking CXX executable ../../bin/batched-bench
[ 91%] Linking CXX executable ../../bin/lookup-create
[ 92%] Linking CXX executable ../bin/test-quantize-perf
[ 93%] Linking CXX executable ../../bin/gguf-split
[ 93%] Linking CXX executable ../../bin/beam-search
[ 93%] Linking CXX executable ../../bin/batched
[ 93%] Linking CXX executable ../../bin/simple
[ 94%] Linking CXX executable ../../bin/llava-cli
[ 94%] Built target lookup-merge
[ 94%] Built target test-grammar-integration
[ 94%] Linking CXX executable ../../bin/embedding
[ 95%] Linking CXX executable ../../bin/gritlm
[ 95%] Linking CXX executable ../../bin/passkey
[ 95%] Built target test-quantize-perf
[ 95%] Linking CXX executable ../../bin/parallel
[ 95%] Linking CXX executable ../../bin/finetune
[ 95%] Linking CXX executable ../../bin/lookahead
[ 95%] Linking CXX executable ../../bin/lookup-stats
[ 95%] Linking CXX executable ../../bin/export-lora
[ 96%] Linking CXX executable ../../bin/train-text-from-scratch
[ 97%] Linking CXX executable ../../bin/infill
[ 97%] Linking CXX executable ../../bin/lookup
[ 97%] Linking CXX executable ../../bin/convert-llama2c-to-ggml
[ 97%] Built target convert-llama2c-to-ggml
[ 97%] Linking CXX executable ../../bin/retrieval
[ 97%] Built target baby-llama
[ 97%] Built target export-lora
[ 97%] Linking CXX executable ../../bin/main
[ 97%] Built target gguf-split
[ 98%] Linking CXX executable ../../bin/imatrix
[ 98%] Built target test-tokenizer-1-baichuan
[ 98%] Built target test-tokenizer-1-stablelm-3b-4e1t
[ 98%] Built target test-tokenizer-1-gpt2
[ 98%] Built target tokenize
[ 98%] Linking CXX executable ../../bin/speculative
[ 98%] Built target test-tokenizer-1-starcoder
[ 98%] Built target test-tokenizer-1-llama
[ 98%] Built target test-tokenizer-1-falcon
[ 98%] Built target test-tokenizer-1-mpt
[ 98%] Built target test-tokenizer-1-aquila
[ 98%] Linking CXX executable ../bin/test-backend-ops
[ 98%] Built target test-tokenizer-1-gpt-neox
[ 98%] Built target batched-bench
[ 98%] Built target test-tokenizer-1-refact
[ 98%] Built target test-tokenizer-0-falcon
[ 98%] Built target batched
[ 98%] Built target test-tokenizer-0-llama
[ 98%] Built target beam-search
[ 98%] Built target eval-callback
[ 98%] Built target save-load-state
[ 98%] Built target lookup-create
[ 98%] Built target test-backend-ops
[ 98%] Built target simple
[ 98%] Built target gritlm
[ 98%] Built target embedding
[ 98%] Built target llava-cli
[ 98%] Built target passkey
[ 98%] Built target main
[ 98%] Built target finetune
[ 98%] Built target parallel
[ 98%] Built target infill
[ 98%] Linking CXX executable ../../bin/perplexity
[ 98%] Built target lookup-stats
[ 98%] Built target lookup
[ 98%] Built target train-text-from-scratch
[ 98%] Built target lookahead
[ 98%] Built target retrieval
[ 98%] Built target imatrix
[ 98%] Built target speculative
[ 98%] Built target perplexity
[ 99%] Linking CXX executable ../../bin/llama-bench
[100%] Linking CXX executable ../bin/test-json-schema-to-grammar
[100%] Built target llama-bench
[100%] Built target test-json-schema-to-grammar
[100%] Linking CXX executable ../bin/test-llama-grammar
[100%] Built target test-llama-grammar
[100%] Linking CXX executable ../../bin/server
[100%] Built target server

real	2m39.633s
user	7m44.928s
sys	0m44.389s
+ ctest --output-on-failure -L main -E test-opt
Test project /home/ggml/work/llama.cpp/build-ci-debug
      Start  1: test-quantize-fns
 1/23 Test  #1: test-quantize-fns ...................   Passed   38.07 sec
      Start  2: test-quantize-perf
 2/23 Test  #2: test-quantize-perf ..................   Passed   11.11 sec
      Start  3: test-sampling
 3/23 Test  #3: test-sampling .......................   Passed    0.08 sec
      Start  4: test-chat-template
 4/23 Test  #4: test-chat-template ..................   Passed    0.04 sec
      Start  5: test-tokenizer-0-llama
 5/23 Test  #5: test-tokenizer-0-llama ..............   Passed    0.22 sec
      Start  6: test-tokenizer-0-falcon
 6/23 Test  #6: test-tokenizer-0-falcon .............   Passed    1.31 sec
      Start  7: test-tokenizer-1-llama
 7/23 Test  #7: test-tokenizer-1-llama ..............   Passed    4.19 sec
      Start  8: test-tokenizer-1-baichuan
 8/23 Test  #8: test-tokenizer-1-baichuan ...........   Passed    4.14 sec
      Start  9: test-tokenizer-1-falcon
 9/23 Test  #9: test-tokenizer-1-falcon .............   Passed    8.43 sec
      Start 10: test-tokenizer-1-aquila
10/23 Test #10: test-tokenizer-1-aquila .............   Passed   11.72 sec
      Start 11: test-tokenizer-1-mpt
11/23 Test #11: test-tokenizer-1-mpt ................   Passed    6.64 sec
      Start 12: test-tokenizer-1-stablelm-3b-4e1t
12/23 Test #12: test-tokenizer-1-stablelm-3b-4e1t ...   Passed    6.61 sec
      Start 13: test-tokenizer-1-gpt-neox
13/23 Test #13: test-tokenizer-1-gpt-neox ...........   Passed    6.49 sec
      Start 14: test-tokenizer-1-refact
14/23 Test #14: test-tokenizer-1-refact .............   Passed    6.36 sec
      Start 15: test-tokenizer-1-starcoder
15/23 Test #15: test-tokenizer-1-starcoder ..........   Passed    6.44 sec
      Start 16: test-tokenizer-1-gpt2
16/23 Test #16: test-tokenizer-1-gpt2 ...............   Passed    7.14 sec
      Start 17: test-grammar-parser
17/23 Test #17: test-grammar-parser .................   Passed    0.00 sec
      Start 18: test-llama-grammar
18/23 Test #18: test-llama-grammar ..................   Passed    0.04 sec
      Start 19: test-grammar-integration
19/23 Test #19: test-grammar-integration ............   Passed    0.05 sec
      Start 20: test-grad0
20/23 Test #20: test-grad0 ..........................   Passed    4.13 sec
      Start 21: test-backend-ops
21/23 Test #21: test-backend-ops ....................***Failed  140.15 sec
ggml_backend_register: registered backend CPU
ggml_cuda_init: GGML_CUDA_FORCE_MMQ:   no
ggml_cuda_init: CUDA_USE_TENSOR_CORES: yes
ggml_cuda_init: found 1 CUDA devices:
  Device 0: Tesla V100-PCIE-16GB, compute capability 7.0, VMM: yes
ggml_backend_register: registered backend CUDA0
Testing 2 backends

Backend 1/2 (CPU)
  Skipping CPU backend
Backend 2/2 (CUDA0)
  Backend name: CUDA0
  ABS(type=f32,ne=[128,10,10,10]): not supported [CUDA0] 
  ABS(type=f32,ne=[7,13,19,23]): not supported [CUDA0] 
  SGN(type=f32,ne=[128,10,10,10]): not supported [CUDA0] 
  SGN(type=f32,ne=[7,13,19,23]): not supported [CUDA0] 
  NEG(type=f32,ne=[128,10,10,10]): not supported [CUDA0] 
  NEG(type=f32,ne=[7,13,19,23]): not supported [CUDA0] 
  STEP(type=f32,ne=[128,10,10,10]): not supported [CUDA0] 
  STEP(type=f32,ne=[7,13,19,23]): not supported [CUDA0] 
  TANH(type=f32,ne=[128,10,10,10]): [1;32mOK[0m
  TANH(type=f32,ne=[7,13,19,23]): [1;32mOK[0m
  ELU(type=f32,ne=[128,10,10,10]): not supported [CUDA0] 
  ELU(type=f32,ne=[7,13,19,23]): not supported [CUDA0] 
  RELU(type=f32,ne=[128,10,10,10]): [1;32mOK[0m
  RELU(type=f32,ne=[7,13,19,23]): [1;32mOK[0m
  GELU(type=f32,ne=[128,10,10,10]): [1;32mOK[0m
  GELU(type=f32,ne=[7,13,19,23]): [1;32mOK[0m
  GELU_QUICK(type=f32,ne=[128,10,10,10]): [1;32mOK[0m
  GELU_QUICK(type=f32,ne=[7,13,19,23]): [1;32mOK[0m
  SILU(type=f32,ne=[128,10,10,10]): [1;32mOK[0m
  SILU(type=f32,ne=[7,13,19,23]): [1;32mOK[0m
  HARDSWISH(type=f32,ne=[128,10,10,10]): [1;32mOK[0m
  HARDSWISH(type=f32,ne=[7,13,19,23]): [1;32mOK[0m
  HARDSIGMOID(type=f32,ne=[128,10,10,10]): [1;32mOK[0m
  HARDSIGMOID(type=f32,ne=[7,13,19,23]): [1;32mOK[0m
  GET_ROWS(type=f32,n=1,m=8,r=2,b=1,v=0): [1;32mOK[0m
  GET_ROWS(type=f32,n=256,m=5,r=4,b=1,v=0): [1;32mOK[0m
  GET_ROWS(type=f32,n=256,m=5,r=4,b=1,v=1): [1;32mOK[0m
  GET_ROWS(type=f32,n=256,m=5,r=4,b=7,v=0): [1;32mOK[0m
  GET_ROWS(type=f32,n=256,m=5,r=4,b=7,v=1): [1;32mOK[0m
  GET_ROWS(type=f16,n=256,m=5,r=4,b=1,v=0): [1;32mOK[0m
  GET_ROWS(type=f16,n=256,m=5,r=4,b=1,v=1): [1;32mOK[0m
  GET_ROWS(type=f16,n=256,m=5,r=4,b=7,v=0): [1;32mOK[0m
  GET_ROWS(type=f16,n=256,m=5,r=4,b=7,v=1): [1;32mOK[0m
  GET_ROWS(type=q4_0,n=256,m=5,r=4,b=1,v=0): [1;32mOK[0m
  GET_ROWS(type=q4_0,n=256,m=5,r=4,b=1,v=1): [1;32mOK[0m
  GET_ROWS(type=q4_0,n=256,m=5,r=4,b=7,v=0): [1;32mOK[0m
  GET_ROWS(type=q4_0,n=256,m=5,r=4,b=7,v=1): [1;32mOK[0m
  GET_ROWS(type=q4_1,n=256,m=5,r=4,b=1,v=0): [1;32mOK[0m
  GET_ROWS(type=q4_1,n=256,m=5,r=4,b=1,v=1): [1;32mOK[0m
  GET_ROWS(type=q4_1,n=256,m=5,r=4,b=7,v=0): [1;32mOK[0m
  GET_ROWS(type=q4_1,n=256,m=5,r=4,b=7,v=1): [1;32mOK[0m
  GET_ROWS(type=q5_0,n=256,m=5,r=4,b=1,v=0): [1;32mOK[0m
  GET_ROWS(type=q5_0,n=256,m=5,r=4,b=1,v=1): [1;32mOK[0m
  GET_ROWS(type=q5_0,n=256,m=5,r=4,b=7,v=0): [1;32mOK[0m
  GET_ROWS(type=q5_0,n=256,m=5,r=4,b=7,v=1): [1;32mOK[0m
  GET_ROWS(type=q5_1,n=256,m=5,r=4,b=1,v=0): [1;32mOK[0m
  GET_ROWS(type=q5_1,n=256,m=5,r=4,b=1,v=1): [1;32mOK[0m
  GET_ROWS(type=q5_1,n=256,m=5,r=4,b=7,v=0): [1;32mOK[0m
  GET_ROWS(type=q5_1,n=256,m=5,r=4,b=7,v=1): [1;32mOK[0m
  GET_ROWS(type=q8_0,n=256,m=5,r=4,b=1,v=0): [1;32mOK[0m
  GET_ROWS(type=q8_0,n=256,m=5,r=4,b=1,v=1): [1;32mOK[0m
  GET_ROWS(type=q8_0,n=256,m=5,r=4,b=7,v=0): [1;32mOK[0m
  GET_ROWS(type=q8_0,n=256,m=5,r=4,b=7,v=1): [1;32mOK[0m
  GET_ROWS(type=q2_K,n=256,m=5,r=4,b=1,v=0): not supported [CUDA0] 
  GET_ROWS(type=q2_K,n=256,m=5,r=4,b=1,v=1): not supported [CUDA0] 
  GET_ROWS(type=q2_K,n=256,m=5,r=4,b=7,v=0): not supported [CUDA0] 
  GET_ROWS(type=q2_K,n=256,m=5,r=4,b=7,v=1): not supported [CUDA0] 
  GET_ROWS(type=q3_K,n=256,m=5,r=4,b=1,v=0): not supported [CUDA0] 
  GET_ROWS(type=q3_K,n=256,m=5,r=4,b=1,v=1): not supported [CUDA0] 
  GET_ROWS(type=q3_K,n=256,m=5,r=4,b=7,v=0): not supported [CUDA0] 
  GET_ROWS(type=q3_K,n=256,m=5,r=4,b=7,v=1): not supported [CUDA0] 
  GET_ROWS(type=q4_K,n=256,m=5,r=4,b=1,v=0): not supported [CUDA0] 
  GET_ROWS(type=q4_K,n=256,m=5,r=4,b=1,v=1): not supported [CUDA0] 
  GET_ROWS(type=q4_K,n=256,m=5,r=4,b=7,v=0): not supported [CUDA0] 
  GET_ROWS(type=q4_K,n=256,m=5,r=4,b=7,v=1): not supported [CUDA0] 
  GET_ROWS(type=q5_K,n=256,m=5,r=4,b=1,v=0): not supported [CUDA0] 
  GET_ROWS(type=q5_K,n=256,m=5,r=4,b=1,v=1): not supported [CUDA0] 
  GET_ROWS(type=q5_K,n=256,m=5,r=4,b=7,v=0): not supported [CUDA0] 
  GET_ROWS(type=q5_K,n=256,m=5,r=4,b=7,v=1): not supported [CUDA0] 
  GET_ROWS(type=q6_K,n=256,m=5,r=4,b=1,v=0): not supported [CUDA0] 
  GET_ROWS(type=q6_K,n=256,m=5,r=4,b=1,v=1): not supported [CUDA0] 
  GET_ROWS(type=q6_K,n=256,m=5,r=4,b=7,v=0): not supported [CUDA0] 
  GET_ROWS(type=q6_K,n=256,m=5,r=4,b=7,v=1): not supported [CUDA0] 
  GET_ROWS(type=iq2_xxs,n=256,m=5,r=4,b=1,v=0): not supported [CUDA0] 
  GET_ROWS(type=iq2_xxs,n=256,m=5,r=4,b=1,v=1): not supported [CUDA0] 
  GET_ROWS(type=iq2_xxs,n=256,m=5,r=4,b=7,v=0): not supported [CUDA0] 
  GET_ROWS(type=iq2_xxs,n=256,m=5,r=4,b=7,v=1): not supported [CUDA0] 
  GET_ROWS(type=iq2_xs,n=256,m=5,r=4,b=1,v=0): not supported [CUDA0] 
  GET_ROWS(type=iq2_xs,n=256,m=5,r=4,b=1,v=1): not supported [CUDA0] 
  GET_ROWS(type=iq2_xs,n=256,m=5,r=4,b=7,v=0): not supported [CUDA0] 
  GET_ROWS(type=iq2_xs,n=256,m=5,r=4,b=7,v=1): not supported [CUDA0] 
  GET_ROWS(type=iq2_s,n=256,m=5,r=4,b=1,v=0): not supported [CUDA0] 
  GET_ROWS(type=iq2_s,n=256,m=5,r=4,b=1,v=1): not supported [CUDA0] 
  GET_ROWS(type=iq2_s,n=256,m=5,r=4,b=7,v=0): not supported [CUDA0] 
  GET_ROWS(type=iq2_s,n=256,m=5,r=4,b=7,v=1): not supported [CUDA0] 
  GET_ROWS(type=iq3_xxs,n=256,m=5,r=4,b=1,v=0): not supported [CUDA0] 
  GET_ROWS(type=iq3_xxs,n=256,m=5,r=4,b=1,v=1): not supported [CUDA0] 
  GET_ROWS(type=iq3_xxs,n=256,m=5,r=4,b=7,v=0): not supported [CUDA0] 
  GET_ROWS(type=iq3_xxs,n=256,m=5,r=4,b=7,v=1): not supported [CUDA0] 
  GET_ROWS(type=iq1_s,n=256,m=5,r=4,b=1,v=0): not supported [CUDA0] 
  GET_ROWS(type=iq1_s,n=256,m=5,r=4,b=1,v=1): not supported [CUDA0] 
  GET_ROWS(type=iq1_s,n=256,m=5,r=4,b=7,v=0): not supported [CUDA0] 
  GET_ROWS(type=iq1_s,n=256,m=5,r=4,b=7,v=1): not supported [CUDA0] 
  GET_ROWS(type=iq1_m,n=256,m=5,r=4,b=1,v=0): not supported [CUDA0] 
  GET_ROWS(type=iq1_m,n=256,m=5,r=4,b=1,v=1): not supported [CUDA0] 
  GET_ROWS(type=iq1_m,n=256,m=5,r=4,b=7,v=0): not supported [CUDA0] 
  GET_ROWS(type=iq1_m,n=256,m=5,r=4,b=7,v=1): not supported [CUDA0] 
  GET_ROWS(type=iq4_nl,n=256,m=5,r=4,b=1,v=0): not supported [CUDA0] 
  GET_ROWS(type=iq4_nl,n=256,m=5,r=4,b=1,v=1): not supported [CUDA0] 
  GET_ROWS(type=iq4_nl,n=256,m=5,r=4,b=7,v=0): not supported [CUDA0] 
  GET_ROWS(type=iq4_nl,n=256,m=5,r=4,b=7,v=1): not supported [CUDA0] 
  GET_ROWS(type=iq3_s,n=256,m=5,r=4,b=1,v=0): not supported [CUDA0] 
  GET_ROWS(type=iq3_s,n=256,m=5,r=4,b=1,v=1): not supported [CUDA0] 
  GET_ROWS(type=iq3_s,n=256,m=5,r=4,b=7,v=0): not supported [CUDA0] 
  GET_ROWS(type=iq3_s,n=256,m=5,r=4,b=7,v=1): not supported [CUDA0] 
  GET_ROWS(type=iq4_xs,n=256,m=5,r=4,b=1,v=0): not supported [CUDA0] 
  GET_ROWS(type=iq4_xs,n=256,m=5,r=4,b=1,v=1): not supported [CUDA0] 
  GET_ROWS(type=iq4_xs,n=256,m=5,r=4,b=7,v=0): not supported [CUDA0] 
  GET_ROWS(type=iq4_xs,n=256,m=5,r=4,b=7,v=1): not supported [CUDA0] 
  GET_ROWS(type=i32,n=256,m=5,r=4,b=1,v=0): not supported [CUDA0] 
  GET_ROWS(type=i32,n=256,m=5,r=4,b=1,v=1): not supported [CUDA0] 
  GET_ROWS(type=i32,n=256,m=5,r=4,b=7,v=0): not supported [CUDA0] 
  GET_ROWS(type=i32,n=256,m=5,r=4,b=7,v=1): not supported [CUDA0] 
  POOL_2D(pool_type=avg,type_input=f32,ne_input=[10,10,3,1],k0=1,k1=1,s0=1,s1=1,p0=0,p1=0): [1;32mOK[0m
  POOL_2D(pool_type=avg,type_input=f32,ne_input=[10,10,3,1],k0=1,k1=1,s0=1,s1=1,p0=0,p1=1): [1;32mOK[0m
  POOL_2D(pool_type=avg,type_input=f32,ne_input=[10,10,3,1],k0=1,k1=1,s0=1,s1=1,p0=1,p1=0): [1;32mOK[0m
  POOL_2D(pool_type=avg,type_input=f32,ne_input=[10,10,3,1],k0=1,k1=1,s0=1,s1=1,p0=1,p1=1): [1;32mOK[0m
  POOL_2D(pool_type=avg,type_input=f32,ne_input=[10,10,3,1],k0=1,k1=1,s0=1,s1=2,p0=0,p1=0): [1;32mOK[0m
  POOL_2D(pool_type=avg,type_input=f32,ne_input=[10,10,3,1],k0=1,k1=1,s0=1,s1=2,p0=0,p1=1): [1;32mOK[0m
  POOL_2D(pool_type=avg,type_input=f32,ne_input=[10,10,3,1],k0=1,k1=1,s0=1,s1=2,p0=1,p1=0): [1;32mOK[0m
  POOL_2D(pool_type=avg,type_input=f32,ne_input=[10,10,3,1],k0=1,k1=1,s0=1,s1=2,p0=1,p1=1): [1;32mOK[0m
  POOL_2D(pool_type=avg,type_input=f32,ne_input=[10,10,3,1],k0=1,k1=1,s0=2,s1=1,p0=0,p1=0): [1;32mOK[0m
  POOL_2D(pool_type=avg,type_input=f32,ne_input=[10,10,3,1],k0=1,k1=1,s0=2,s1=1,p0=0,p1=1): [1;32mOK[0m
  POOL_2D(pool_type=avg,type_input=f32,ne_input=[10,10,3,1],k0=1,k1=1,s0=2,s1=1,p0=1,p1=0): [1;32mOK[0m
  POOL_2D(pool_type=avg,type_input=f32,ne_input=[10,10,3,1],k0=1,k1=1,s0=2,s1=1,p0=1,p1=1): [1;32mOK[0m
  POOL_2D(pool_type=avg,type_input=f32,ne_input=[10,10,3,1],k0=1,k1=1,s0=2,s1=2,p0=0,p1=0): [1;32mOK[0m
  POOL_2D(pool_type=avg,type_input=f32,ne_input=[10,10,3,1],k0=1,k1=1,s0=2,s1=2,p0=0,p1=1): [1;32mOK[0m
  POOL_2D(pool_type=avg,type_input=f32,ne_input=[10,10,3,1],k0=1,k1=1,s0=2,s1=2,p0=1,p1=0): [1;32mOK[0m
  POOL_2D(pool_type=avg,type_input=f32,ne_input=[10,10,3,1],k0=1,k1=1,s0=2,s1=2,p0=1,p1=1): [1;32mOK[0m
  POOL_2D(pool_type=avg,type_input=f32,ne_input=[10,10,3,1],k0=1,k1=3,s0=1,s1=1,p0=0,p1=0): [1;32mOK[0m
  POOL_2D(pool_type=avg,type_input=f32,ne_input=[10,10,3,1],k0=1,k1=3,s0=1,s1=1,p0=0,p1=1): [1;32mOK[0m
  POOL_2D(pool_type=avg,type_input=f32,ne_input=[10,10,3,1],k0=1,k1=3,s0=1,s1=1,p0=1,p1=0): [1;32mOK[0m
  POOL_2D(pool_type=avg,type_input=f32,ne_input=[10,10,3,1],k0=1,k1=3,s0=1,s1=1,p0=1,p1=1): [1;32mOK[0m
  POOL_2D(pool_type=avg,type_input=f32,ne_input=[10,10,3,1],k0=1,k1=3,s0=1,s1=2,p0=0,p1=0): [1;32mOK[0m
  POOL_2D(pool_type=avg,type_input=f32,ne_input=[10,10,3,1],k0=1,k1=3,s0=1,s1=2,p0=0,p1=1): [1;32mOK[0m
  POOL_2D(pool_type=avg,type_input=f32,ne_input=[10,10,3,1],k0=1,k1=3,s0=1,s1=2,p0=1,p1=0): [1;32mOK[0m
  POOL_2D(pool_type=avg,type_input=f32,ne_input=[10,10,3,1],k0=1,k1=3,s0=1,s1=2,p0=1,p1=1): [1;32mOK[0m
  POOL_2D(pool_type=avg,type_input=f32,ne_input=[10,10,3,1],k0=1,k1=3,s0=2,s1=1,p0=0,p1=0): [1;32mOK[0m
  POOL_2D(pool_type=avg,type_input=f32,ne_input=[10,10,3,1],k0=1,k1=3,s0=2,s1=1,p0=0,p1=1): [1;32mOK[0m
  POOL_2D(pool_type=avg,type_input=f32,ne_input=[10,10,3,1],k0=1,k1=3,s0=2,s1=1,p0=1,p1=0): [1;32mOK[0m
  POOL_2D(pool_type=avg,type_input=f32,ne_input=[10,10,3,1],k0=1,k1=3,s0=2,s1=1,p0=1,p1=1): [1;32mOK[0m
  POOL_2D(pool_type=avg,type_input=f32,ne_input=[10,10,3,1],k0=1,k1=3,s0=2,s1=2,p0=0,p1=0): [1;32mOK[0m
  POOL_2D(pool_type=avg,type_input=f32,ne_input=[10,10,3,1],k0=1,k1=3,s0=2,s1=2,p0=0,p1=1): [1;32mOK[0m
  POOL_2D(pool_type=avg,type_input=f32,ne_input=[10,10,3,1],k0=1,k1=3,s0=2,s1=2,p0=1,p1=0): [1;32mOK[0m
  POOL_2D(pool_type=avg,type_input=f32,ne_input=[10,10,3,1],k0=1,k1=3,s0=2,s1=2,p0=1,p1=1): [1;32mOK[0m
  POOL_2D(pool_type=avg,type_input=f32,ne_input=[10,10,3,1],k0=3,k1=1,s0=1,s1=1,p0=0,p1=0): [1;32mOK[0m
  POOL_2D(pool_type=avg,type_input=f32,ne_input=[10,10,3,1],k0=3,k1=1,s0=1,s1=1,p0=0,p1=1): [1;32mOK[0m
  POOL_2D(pool_type=avg,type_input=f32,ne_input=[10,10,3,1],k0=3,k1=1,s0=1,s1=1,p0=1,p1=0): [1;32mOK[0m
  POOL_2D(pool_type=avg,type_input=f32,ne_input=[10,10,3,1],k0=3,k1=1,s0=1,s1=1,p0=1,p1=1): [1;32mOK[0m
  POOL_2D(pool_type=avg,type_input=f32,ne_input=[10,10,3,1],k0=3,k1=1,s0=1,s1=2,p0=0,p1=0): [1;32mOK[0m
  POOL_2D(pool_type=avg,type_input=f32,ne_input=[10,10,3,1],k0=3,k1=1,s0=1,s1=2,p0=0,p1=1): [1;32mOK[0m
  POOL_2D(pool_type=avg,type_input=f32,ne_input=[10,10,3,1],k0=3,k1=1,s0=1,s1=2,p0=1,p1=0): [1;32mOK[0m
  POOL_2D(pool_type=avg,type_input=f32,ne_input=[10,10,3,1],k0=3,k1=1,s0=1,s1=2,p0=1,p1=1): [1;32mOK[0m
  POOL_2D(pool_type=avg,type_input=f32,ne_input=[10,10,3,1],k0=3,k1=1,s0=2,s1=1,p0=0,p1=0): [1;32mOK[0m
  POOL_2D(pool_type=avg,type_input=f32,ne_input=[10,10,3,1],k0=3,k1=1,s0=2,s1=1,p0=0,p1=1): [1;32mOK[0m
  POOL_2D(pool_type=avg,type_input=f32,ne_input=[10,10,3,1],k0=3,k1=1,s0=2,s1=1,p0=1,p1=0): [1;32mOK[0m
  POOL_2D(pool_type=avg,type_input=f32,ne_input=[10,10,3,1],k0=3,k1=1,s0=2,s1=1,p0=1,p1=1): [1;32mOK[0m
  POOL_2D(pool_type=avg,type_input=f32,ne_input=[10,10,3,1],k0=3,k1=1,s0=2,s1=2,p0=0,p1=0): [1;32mOK[0m
  POOL_2D(pool_type=avg,type_input=f32,ne_input=[10,10,3,1],k0=3,k1=1,s0=2,s1=2,p0=0,p1=1): [1;32mOK[0m
  POOL_2D(pool_type=avg,type_input=f32,ne_input=[10,10,3,1],k0=3,k1=1,s0=2,s1=2,p0=1,p1=0): [1;32mOK[0m
  POOL_2D(pool_type=avg,type_input=f32,ne_input=[10,10,3,1],k0=3,k1=1,s0=2,s1=2,p0=1,p1=1): [1;32mOK[0m
  POOL_2D(pool_type=avg,type_input=f32,ne_input=[10,10,3,1],k0=3,k1=3,s0=1,s1=1,p0=0,p1=0): [1;32mOK[0m
  POOL_2D(pool_type=avg,type_input=f32,ne_input=[10,10,3,1],k0=3,k1=3,s0=1,s1=1,p0=0,p1=1): [1;32mOK[0m
  POOL_2D(pool_type=avg,type_input=f32,ne_input=[10,10,3,1],k0=3,k1=3,s0=1,s1=1,p0=1,p1=0): [1;32mOK[0m
  POOL_2D(pool_type=avg,type_input=f32,ne_input=[10,10,3,1],k0=3,k1=3,s0=1,s1=1,p0=1,p1=1): [1;32mOK[0m
  POOL_2D(pool_type=avg,type_input=f32,ne_input=[10,10,3,1],k0=3,k1=3,s0=1,s1=2,p0=0,p1=0): [1;32mOK[0m
  POOL_2D(pool_type=avg,type_input=f32,ne_input=[10,10,3,1],k0=3,k1=3,s0=1,s1=2,p0=0,p1=1): [1;32mOK[0m
  POOL_2D(pool_type=avg,type_input=f32,ne_input=[10,10,3,1],k0=3,k1=3,s0=1,s1=2,p0=1,p1=0): [1;32mOK[0m
  POOL_2D(pool_type=avg,type_input=f32,ne_input=[10,10,3,1],k0=3,k1=3,s0=1,s1=2,p0=1,p1=1): [1;32mOK[0m
  POOL_2D(pool_type=avg,type_input=f32,ne_input=[10,10,3,1],k0=3,k1=3,s0=2,s1=1,p0=0,p1=0): [1;32mOK[0m
  POOL_2D(pool_type=avg,type_input=f32,ne_input=[10,10,3,1],k0=3,k1=3,s0=2,s1=1,p0=0,p1=1): [1;32mOK[0m
  POOL_2D(pool_type=avg,type_input=f32,ne_input=[10,10,3,1],k0=3,k1=3,s0=2,s1=1,p0=1,p1=0): [1;32mOK[0m
  POOL_2D(pool_type=avg,type_input=f32,ne_input=[10,10,3,1],k0=3,k1=3,s0=2,s1=1,p0=1,p1=1): [1;32mOK[0m
  POOL_2D(pool_type=avg,type_input=f32,ne_input=[10,10,3,1],k0=3,k1=3,s0=2,s1=2,p0=0,p1=0): [1;32mOK[0m
  POOL_2D(pool_type=avg,type_input=f32,ne_input=[10,10,3,1],k0=3,k1=3,s0=2,s1=2,p0=0,p1=1): [1;32mOK[0m
  POOL_2D(pool_type=avg,type_input=f32,ne_input=[10,10,3,1],k0=3,k1=3,s0=2,s1=2,p0=1,p1=0): [1;32mOK[0m
  POOL_2D(pool_type=avg,type_input=f32,ne_input=[10,10,3,1],k0=3,k1=3,s0=2,s1=2,p0=1,p1=1): [1;32mOK[0m
  POOL_2D(pool_type=max,type_input=f32,ne_input=[10,10,3,1],k0=1,k1=1,s0=1,s1=1,p0=0,p1=0): [1;32mOK[0m
  POOL_2D(pool_type=max,type_input=f32,ne_input=[10,10,3,1],k0=1,k1=1,s0=1,s1=1,p0=0,p1=1): [1;32mOK[0m
  POOL_2D(pool_type=max,type_input=f32,ne_input=[10,10,3,1],k0=1,k1=1,s0=1,s1=1,p0=1,p1=0): [1;32mOK[0m
  POOL_2D(pool_type=max,type_input=f32,ne_input=[10,10,3,1],k0=1,k1=1,s0=1,s1=1,p0=1,p1=1): [1;32mOK[0m
  POOL_2D(pool_type=max,type_input=f32,ne_input=[10,10,3,1],k0=1,k1=1,s0=1,s1=2,p0=0,p1=0): [1;32mOK[0m
  POOL_2D(pool_type=max,type_input=f32,ne_input=[10,10,3,1],k0=1,k1=1,s0=1,s1=2,p0=0,p1=1): [1;32mOK[0m
  POOL_2D(pool_type=max,type_input=f32,ne_input=[10,10,3,1],k0=1,k1=1,s0=1,s1=2,p0=1,p1=0): [1;32mOK[0m
  POOL_2D(pool_type=max,type_input=f32,ne_input=[10,10,3,1],k0=1,k1=1,s0=1,s1=2,p0=1,p1=1): [1;32mOK[0m
  POOL_2D(pool_type=max,type_input=f32,ne_input=[10,10,3,1],k0=1,k1=1,s0=2,s1=1,p0=0,p1=0): [1;32mOK[0m
  POOL_2D(pool_type=max,type_input=f32,ne_input=[10,10,3,1],k0=1,k1=1,s0=2,s1=1,p0=0,p1=1): [1;32mOK[0m
  POOL_2D(pool_type=max,type_input=f32,ne_input=[10,10,3,1],k0=1,k1=1,s0=2,s1=1,p0=1,p1=0): [1;32mOK[0m
  POOL_2D(pool_type=max,type_input=f32,ne_input=[10,10,3,1],k0=1,k1=1,s0=2,s1=1,p0=1,p1=1): [1;32mOK[0m
  POOL_2D(pool_type=max,type_input=f32,ne_input=[10,10,3,1],k0=1,k1=1,s0=2,s1=2,p0=0,p1=0): [1;32mOK[0m
  POOL_2D(pool_type=max,type_input=f32,ne_input=[10,10,3,1],k0=1,k1=1,s0=2,s1=2,p0=0,p1=1): [1;32mOK[0m
  POOL_2D(pool_type=max,type_input=f32,ne_input=[10,10,3,1],k0=1,k1=1,s0=2,s1=2,p0=1,p1=0): [1;32mOK[0m
  POOL_2D(pool_type=max,type_input=f32,ne_input=[10,10,3,1],k0=1,k1=1,s0=2,s1=2,p0=1,p1=1): [1;32mOK[0m
  POOL_2D(pool_type=max,type_input=f32,ne_input=[10,10,3,1],k0=1,k1=3,s0=1,s1=1,p0=0,p1=0): [1;32mOK[0m
  POOL_2D(pool_type=max,type_input=f32,ne_input=[10,10,3,1],k0=1,k1=3,s0=1,s1=1,p0=0,p1=1): [1;32mOK[0m
  POOL_2D(pool_type=max,type_input=f32,ne_input=[10,10,3,1],k0=1,k1=3,s0=1,s1=1,p0=1,p1=0): [1;32mOK[0m
  POOL_2D(pool_type=max,type_input=f32,ne_input=[10,10,3,1],k0=1,k1=3,s0=1,s1=1,p0=1,p1=1): [1;32mOK[0m
  POOL_2D(pool_type=max,type_input=f32,ne_input=[10,10,3,1],k0=1,k1=3,s0=1,s1=2,p0=0,p1=0): [1;32mOK[0m
  POOL_2D(pool_type=max,type_input=f32,ne_input=[10,10,3,1],k0=1,k1=3,s0=1,s1=2,p0=0,p1=1): [1;32mOK[0m
  POOL_2D(pool_type=max,type_input=f32,ne_input=[10,10,3,1],k0=1,k1=3,s0=1,s1=2,p0=1,p1=0): [1;32mOK[0m
  POOL_2D(pool_type=max,type_input=f32,ne_input=[10,10,3,1],k0=1,k1=3,s0=1,s1=2,p0=1,p1=1): [1;32mOK[0m
  POOL_2D(pool_type=max,type_input=f32,ne_input=[10,10,3,1],k0=1,k1=3,s0=2,s1=1,p0=0,p1=0): [1;32mOK[0m
  POOL_2D(pool_type=max,type_input=f32,ne_input=[10,10,3,1],k0=1,k1=3,s0=2,s1=1,p0=0,p1=1): [1;32mOK[0m
  POOL_2D(pool_type=max,type_input=f32,ne_input=[10,10,3,1],k0=1,k1=3,s0=2,s1=1,p0=1,p1=0): [1;32mOK[0m
  POOL_2D(pool_type=max,type_input=f32,ne_input=[10,10,3,1],k0=1,k1=3,s0=2,s1=1,p0=1,p1=1): [1;32mOK[0m
  POOL_2D(pool_type=max,type_input=f32,ne_input=[10,10,3,1],k0=1,k1=3,s0=2,s1=2,p0=0,p1=0): [1;32mOK[0m
  POOL_2D(pool_type=max,type_input=f32,ne_input=[10,10,3,1],k0=1,k1=3,s0=2,s1=2,p0=0,p1=1): [1;32mOK[0m
  POOL_2D(pool_type=max,type_input=f32,ne_input=[10,10,3,1],k0=1,k1=3,s0=2,s1=2,p0=1,p1=0): [1;32mOK[0m
  POOL_2D(pool_type=max,type_input=f32,ne_input=[10,10,3,1],k0=1,k1=3,s0=2,s1=2,p0=1,p1=1): [1;32mOK[0m
  POOL_2D(pool_type=max,type_input=f32,ne_input=[10,10,3,1],k0=3,k1=1,s0=1,s1=1,p0=0,p1=0): [1;32mOK[0m
  POOL_2D(pool_type=max,type_input=f32,ne_input=[10,10,3,1],k0=3,k1=1,s0=1,s1=1,p0=0,p1=1): [1;32mOK[0m
  POOL_2D(pool_type=max,type_input=f32,ne_input=[10,10,3,1],k0=3,k1=1,s0=1,s1=1,p0=1,p1=0): [1;32mOK[0m
  POOL_2D(pool_type=max,type_input=f32,ne_input=[10,10,3,1],k0=3,k1=1,s0=1,s1=1,p0=1,p1=1): [1;32mOK[0m
  POOL_2D(pool_type=max,type_input=f32,ne_input=[10,10,3,1],k0=3,k1=1,s0=1,s1=2,p0=0,p1=0): [1;32mOK[0m
  POOL_2D(pool_type=max,type_input=f32,ne_input=[10,10,3,1],k0=3,k1=1,s0=1,s1=2,p0=0,p1=1): [1;32mOK[0m
  POOL_2D(pool_type=max,type_input=f32,ne_input=[10,10,3,1],k0=3,k1=1,s0=1,s1=2,p0=1,p1=0): [1;32mOK[0m
  POOL_2D(pool_type=max,type_input=f32,ne_input=[10,10,3,1],k0=3,k1=1,s0=1,s1=2,p0=1,p1=1): [1;32mOK[0m
  POOL_2D(pool_type=max,type_input=f32,ne_input=[10,10,3,1],k0=3,k1=1,s0=2,s1=1,p0=0,p1=0): [1;32mOK[0m
  POOL_2D(pool_type=max,type_input=f32,ne_input=[10,10,3,1],k0=3,k1=1,s0=2,s1=1,p0=0,p1=1): [1;32mOK[0m
  POOL_2D(pool_type=max,type_input=f32,ne_input=[10,10,3,1],k0=3,k1=1,s0=2,s1=1,p0=1,p1=0): [1;32mOK[0m
  POOL_2D(pool_type=max,type_input=f32,ne_input=[10,10,3,1],k0=3,k1=1,s0=2,s1=1,p0=1,p1=1): [1;32mOK[0m
  POOL_2D(pool_type=max,type_input=f32,ne_input=[10,10,3,1],k0=3,k1=1,s0=2,s1=2,p0=0,p1=0): [1;32mOK[0m
  POOL_2D(pool_type=max,type_input=f32,ne_input=[10,10,3,1],k0=3,k1=1,s0=2,s1=2,p0=0,p1=1): [1;32mOK[0m
  POOL_2D(pool_type=max,type_input=f32,ne_input=[10,10,3,1],k0=3,k1=1,s0=2,s1=2,p0=1,p1=0): [1;32mOK[0m
  POOL_2D(pool_type=max,type_input=f32,ne_input=[10,10,3,1],k0=3,k1=1,s0=2,s1=2,p0=1,p1=1): [1;32mOK[0m
  POOL_2D(pool_type=max,type_input=f32,ne_input=[10,10,3,1],k0=3,k1=3,s0=1,s1=1,p0=0,p1=0): [1;32mOK[0m
  POOL_2D(pool_type=max,type_input=f32,ne_input=[10,10,3,1],k0=3,k1=3,s0=1,s1=1,p0=0,p1=1): [1;32mOK[0m
  POOL_2D(pool_type=max,type_input=f32,ne_input=[10,10,3,1],k0=3,k1=3,s0=1,s1=1,p0=1,p1=0): [1;32mOK[0m
  POOL_2D(pool_type=max,type_input=f32,ne_input=[10,10,3,1],k0=3,k1=3,s0=1,s1=1,p0=1,p1=1): [1;32mOK[0m
  POOL_2D(pool_type=max,type_input=f32,ne_input=[10,10,3,1],k0=3,k1=3,s0=1,s1=2,p0=0,p1=0): [1;32mOK[0m
  POOL_2D(pool_type=max,type_input=f32,ne_input=[10,10,3,1],k0=3,k1=3,s0=1,s1=2,p0=0,p1=1): [1;32mOK[0m
  POOL_2D(pool_type=max,type_input=f32,ne_input=[10,10,3,1],k0=3,k1=3,s0=1,s1=2,p0=1,p1=0): [1;32mOK[0m
  POOL_2D(pool_type=max,type_input=f32,ne_input=[10,10,3,1],k0=3,k1=3,s0=1,s1=2,p0=1,p1=1): [1;32mOK[0m
  POOL_2D(pool_type=max,type_input=f32,ne_input=[10,10,3,1],k0=3,k1=3,s0=2,s1=1,p0=0,p1=0): [1;32mOK[0m
  POOL_2D(pool_type=max,type_input=f32,ne_input=[10,10,3,1],k0=3,k1=3,s0=2,s1=1,p0=0,p1=1): [1;32mOK[0m
  POOL_2D(pool_type=max,type_input=f32,ne_input=[10,10,3,1],k0=3,k1=3,s0=2,s1=1,p0=1,p1=0): [1;32mOK[0m
  POOL_2D(pool_type=max,type_input=f32,ne_input=[10,10,3,1],k0=3,k1=3,s0=2,s1=1,p0=1,p1=1): [1;32mOK[0m
  POOL_2D(pool_type=max,type_input=f32,ne_input=[10,10,3,1],k0=3,k1=3,s0=2,s1=2,p0=0,p1=0): [1;32mOK[0m
  POOL_2D(pool_type=max,type_input=f32,ne_input=[10,10,3,1],k0=3,k1=3,s0=2,s1=2,p0=0,p1=1): [1;32mOK[0m
  POOL_2D(pool_type=max,type_input=f32,ne_input=[10,10,3,1],k0=3,k1=3,s0=2,s1=2,p0=1,p1=0): [1;32mOK[0m
  POOL_2D(pool_type=max,type_input=f32,ne_input=[10,10,3,1],k0=3,k1=3,s0=2,s1=2,p0=1,p1=1): [1;32mOK[0m
  IM2COL(type_input=f32,type_kernel=f16,dst_type=f32,ne_input=[10,10,3,1],ne_kernel=[3,3,3,1],s0=1,s1=1,p0=1,p1=1,d0=1,d1=1,is_2D=1): [1;32mOK[0m
  IM2COL(type_input=f32,type_kernel=f16,dst_type=f16,ne_input=[10,10,3,1],ne_kernel=[3,3,3,1],s0=1,s1=1,p0=1,p1=1,d0=1,d1=1,is_2D=1): [1;32mOK[0m
  REPEAT(type=f32,ne=[10,10,10,10],nr=[1,1,1,1]): [1;32mOK[0m
  REPEAT(type=f32,ne=[10,10,10,10],nr=[2,1,1,1]): [1;32mOK[0m
  REPEAT(type=f32,ne=[10,10,10,10],nr=[1,2,1,1]): [1;32mOK[0m
  REPEAT(type=f32,ne=[10,10,10,10],nr=[1,1,2,1]): [1;32mOK[0m
  REPEAT(type=f32,ne=[10,10,10,10],nr=[1,1,1,2]): [1;32mOK[0m
  REPEAT(type=i32,ne=[10,10,10,10],nr=[2,1,1,1]): not supported [CUDA0] 
  REPEAT(type=i16,ne=[10,10,10,10],nr=[1,1,1,2]): not supported [CUDA0] 
  DUP(type=f32,ne=[10,10,10,1]): [1;32mOK[0m
  DUP(type=f16,ne=[10,10,10,1]): [1;32mOK[0m
  DUP(type=i32,ne=[10,10,10,1]): not supported [CUDA0] 
  DUP(type=i16,ne=[10,10,10,1]): not supported [CUDA0] 
  DUP(type=i16,ne=[10,8,3,1],permute=[0,2,1,3]): not supported [CUDA0] 
  DUP(type=i16,ne=[10,8,3,1],permute=[1,2,0,3]): not supported [CUDA0] 
  CPY(type_src=f16,type_dst=f32,ne=[256,4,4,4]): [1;32mOK[0m
  CPY(type_src=f16,type_dst=f16,ne=[256,4,4,4]): [1;32mOK[0m
  CPY(type_src=f16,type_dst=q4_0,ne=[256,4,4,4]): not supported [CUDA0] 
  CPY(type_src=f16,type_dst=q4_1,ne=[256,4,4,4]): not supported [CUDA0] 
  CPY(type_src=f16,type_dst=q5_0,ne=[256,4,4,4]): not supported [CUDA0] 
  CPY(type_src=f16,type_dst=q5_1,ne=[256,4,4,4]): not supported [CUDA0] 
  CPY(type_src=f16,type_dst=q8_0,ne=[256,4,4,4]): not supported [CUDA0] 
  CPY(type_src=f16,type_dst=q2_K,ne=[256,4,4,4]): not supported [CUDA0] 
  CPY(type_src=f16,type_dst=q3_K,ne=[256,4,4,4]): not supported [CUDA0] 
  CPY(type_src=f16,type_dst=q4_K,ne=[256,4,4,4]): not supported [CUDA0] 
  CPY(type_src=f16,type_dst=q5_K,ne=[256,4,4,4]): not supported [CUDA0] 
  CPY(type_src=f16,type_dst=q6_K,ne=[256,4,4,4]): not supported [CUDA0] 
  CPY(type_src=f16,type_dst=iq2_xxs,ne=[256,4,4,4]): not supported [CUDA0] not supported [CPU] 
  CPY(type_src=f16,type_dst=iq2_xs,ne=[256,4,4,4]): not supported [CUDA0] not supported [CPU] 
  CPY(type_src=f16,type_dst=iq2_s,ne=[256,4,4,4]): not supported [CUDA0] 
  CPY(type_src=f16,type_dst=iq3_xxs,ne=[256,4,4,4]): not supported [CUDA0] 
  CPY(type_src=f16,type_dst=iq1_s,ne=[256,4,4,4]): not supported [CUDA0] not supported [CPU] 
  CPY(type_src=f16,type_dst=iq1_m,ne=[256,4,4,4]): not supported [CUDA0] 
  CPY(type_src=f16,type_dst=iq4_nl,ne=[256,4,4,4]): not supported [CUDA0] 
  CPY(type_src=f16,type_dst=iq3_s,ne=[256,4,4,4]): not supported [CUDA0] 
  CPY(type_src=f16,type_dst=iq4_xs,ne=[256,4,4,4]): not supported [CUDA0] 
  CPY(type_src=f32,type_dst=f32,ne=[256,4,4,4]): [1;32mOK[0m
  CPY(type_src=f32,type_dst=f16,ne=[256,4,4,4]): [1;32mOK[0m
  CPY(type_src=f32,type_dst=q4_0,ne=[256,4,4,4]): [1;32mOK[0m
  CPY(type_src=f32,type_dst=q4_1,ne=[256,4,4,4]): [1;32mOK[0m
  CPY(type_src=f32,type_dst=q5_0,ne=[256,4,4,4]): [1;32mOK[0m
  CPY(type_src=f32,type_dst=q5_1,ne=[256,4,4,4]): [1;32mOK[0m
  CPY(type_src=f32,type_dst=q8_0,ne=[256,4,4,4]): [1;32mOK[0m
  CPY(type_src=f32,type_dst=q2_K,ne=[256,4,4,4]): not supported [CUDA0] 
  CPY(type_src=f32,type_dst=q3_K,ne=[256,4,4,4]): not supported [CUDA0] 
  CPY(type_src=f32,type_dst=q4_K,ne=[256,4,4,4]): not supported [CUDA0] 
  CPY(type_src=f32,type_dst=q5_K,ne=[256,4,4,4]): not supported [CUDA0] 
  CPY(type_src=f32,type_dst=q6_K,ne=[256,4,4,4]): not supported [CUDA0] 
  CPY(type_src=f32,type_dst=iq2_xxs,ne=[256,4,4,4]): not supported [CUDA0] not supported [CPU] 
  CPY(type_src=f32,type_dst=iq2_xs,ne=[256,4,4,4]): not supported [CUDA0] not supported [CPU] 
  CPY(type_src=f32,type_dst=iq2_s,ne=[256,4,4,4]): not supported [CUDA0] 
  CPY(type_src=f32,type_dst=iq3_xxs,ne=[256,4,4,4]): not supported [CUDA0] 
  CPY(type_src=f32,type_dst=iq1_s,ne=[256,4,4,4]): not supported [CUDA0] not supported [CPU] 
  CPY(type_src=f32,type_dst=iq1_m,ne=[256,4,4,4]): not supported [CUDA0] 
  CPY(type_src=f32,type_dst=iq4_nl,ne=[256,4,4,4]): [1;32mOK[0m
  CPY(type_src=f32,type_dst=iq3_s,ne=[256,4,4,4]): not supported [CUDA0] 
  CPY(type_src=f32,type_dst=iq4_xs,ne=[256,4,4,4]): not supported [CUDA0] 
  CONT(type=f32,ne=[10,10,10,1]): [1;32mOK[0m
  ADD(type=f32,ne=[1,1,8,1],nr=[1,1,1,1]): [1;32mOK[0m
  MUL(type=f32,ne=[1,1,8,1],nr=[1,1,1,1]): [1;32mOK[0m
  DIV(type=f32,ne=[1,1,8,1],nr=[1,1,1,1]): [1;32mOK[0m
  ADD(type=f32,ne=[1,1,1,1],nr=[32,1,1,1]): [1;32mOK[0m
  MUL(type=f32,ne=[1,1,1,1],nr=[32,1,1,1]): [1;32mOK[0m
  DIV(type=f32,ne=[1,1,1,1],nr=[32,1,1,1]): [1;32mOK[0m
  ADD(type=f32,ne=[1,1,320,320],nr=[1,1,1,1]): [1;32mOK[0m
  MUL(type=f32,ne=[1,1,320,320],nr=[1,1,1,1]): [1;32mOK[0m
  DIV(type=f32,ne=[1,1,320,320],nr=[1,1,1,1]): [1;32mOK[0m
  ADD(type=f32,ne=[16,10,1,1],nr=[1,1,1,1]): [1;32mOK[0m
  MUL(type=f32,ne=[16,10,1,1],nr=[1,1,1,1]): [1;32mOK[0m
  DIV(type=f32,ne=[16,10,1,1],nr=[1,1,1,1]): [1;32mOK[0m
  ADD(type=f32,ne=[16,10,10,1],nr=[1,1,1,1]): [1;32mOK[0m
  MUL(type=f32,ne=[16,10,10,1],nr=[1,1,1,1]): [1;32mOK[0m
  DIV(type=f32,ne=[16,10,10,1],nr=[1,1,1,1]): [1;32mOK[0m
  ADD(type=f32,ne=[16,10,10,10],nr=[1,1,1,1]): [1;32mOK[0m
  MUL(type=f32,ne=[16,10,10,10],nr=[1,1,1,1]): [1;32mOK[0m
  DIV(type=f32,ne=[16,10,10,10],nr=[1,1,1,1]): [1;32mOK[0m
  ADD(type=f32,ne=[16,10,10,10],nr=[2,1,1,1]): [1;32mOK[0m
  MUL(type=f32,ne=[16,10,10,10],nr=[2,1,1,1]): [1;32mOK[0m
  DIV(type=f32,ne=[16,10,10,10],nr=[2,1,1,1]): [1;32mOK[0m
  ADD(type=f32,ne=[16,10,10,10],nr=[1,2,1,1]): [1;32mOK[0m
  MUL(type=f32,ne=[16,10,10,10],nr=[1,2,1,1]): [1;32mOK[0m
  DIV(type=f32,ne=[16,10,10,10],nr=[1,2,1,1]): [1;32mOK[0m
  ADD(type=f32,ne=[16,10,10,10],nr=[1,1,2,1]): [1;32mOK[0m
  MUL(type=f32,ne=[16,10,10,10],nr=[1,1,2,1]): [1;32mOK[0m
  DIV(type=f32,ne=[16,10,10,10],nr=[1,1,2,1]): [1;32mOK[0m
  ADD(type=f32,ne=[16,10,10,10],nr=[1,1,1,2]): [1;32mOK[0m
  MUL(type=f32,ne=[16,10,10,10],nr=[1,1,1,2]): [1;32mOK[0m
  DIV(type=f32,ne=[16,10,10,10],nr=[1,1,1,2]): [1;32mOK[0m
  ADD(type=f32,ne=[16,10,10,10],nr=[1,1,2,2]): [1;32mOK[0m
  MUL(type=f32,ne=[16,10,10,10],nr=[1,1,2,2]): [1;32mOK[0m
  DIV(type=f32,ne=[16,10,10,10],nr=[1,1,2,2]): [1;32mOK[0m
  ADD(type=f32,ne=[16,10,10,10],nr=[1,2,2,2]): [1;32mOK[0m
  MUL(type=f32,ne=[16,10,10,10],nr=[1,2,2,2]): [1;32mOK[0m
  DIV(type=f32,ne=[16,10,10,10],nr=[1,2,2,2]): [1;32mOK[0m
  ADD(type=f32,ne=[16,10,10,10],nr=[2,2,2,2]): [1;32mOK[0m
  MUL(type=f32,ne=[16,10,10,10],nr=[2,2,2,2]): [1;32mOK[0m
  DIV(type=f32,ne=[16,10,10,10],nr=[2,2,2,2]): [1;32mOK[0m
  ADD(type=f32,ne=[1280,1,1,1],nr=[1,1,1,1]): [1;32mOK[0m
  MUL(type=f32,ne=[1280,1,1,1],nr=[1,1,1,1]): [1;32mOK[0m
  DIV(type=f32,ne=[1280,1,1,1],nr=[1,1,1,1]): [1;32mOK[0m
  ADD(type=f32,ne=[1280,1,1,1],nr=[1,16,16,1]): [1;32mOK[0m
  MUL(type=f32,ne=[1280,1,1,1],nr=[1,16,16,1]): [1;32mOK[0m
  DIV(type=f32,ne=[1280,1,1,1],nr=[1,16,16,1]): [1;32mOK[0m
  ADD(type=f32,ne=[1280,16,16,1],nr=[1,1,1,1]): [1;32mOK[0m
  MUL(type=f32,ne=[1280,16,16,1],nr=[1,1,1,1]): [1;32mOK[0m
  DIV(type=f32,ne=[1280,16,16,1],nr=[1,1,1,1]): [1;32mOK[0m
  ADD(type=f32,ne=[1280,1,1,1],nr=[1,256,1,1]): [1;32mOK[0m
  MUL(type=f32,ne=[1280,1,1,1],nr=[1,256,1,1]): [1;32mOK[0m
  DIV(type=f32,ne=[1280,1,1,1],nr=[1,256,1,1]): [1;32mOK[0m
  ADD(type=f32,ne=[1,1,1280,1],nr=[16,16,1,1]): [1;32mOK[0m
  MUL(type=f32,ne=[1,1,1280,1],nr=[16,16,1,1]): [1;32mOK[0m
  DIV(type=f32,ne=[1,1,1280,1],nr=[16,16,1,1]): [1;32mOK[0m
  ADD(type=f32,ne=[16,16,1280,1],nr=[1,1,1,1]): [1;32mOK[0m
  MUL(type=f32,ne=[16,16,1280,1],nr=[1,1,1,1]): [1;32mOK[0m
  DIV(type=f32,ne=[16,16,1280,1],nr=[1,1,1,1]): [1;32mOK[0m
  ADD(type=f32,ne=[1,1,1920,1],nr=[16,16,1,1]): [1;32mOK[0m
  MUL(type=f32,ne=[1,1,1920,1],nr=[16,16,1,1]): [1;32mOK[0m
  DIV(type=f32,ne=[1,1,1920,1],nr=[16,16,1,1]): [1;32mOK[0m
  ADD(type=f32,ne=[1,1,2560,1],nr=[16,16,1,1]): [1;32mOK[0m
  MUL(type=f32,ne=[1,1,2560,1],nr=[16,16,1,1]): [1;32mOK[0m
  DIV(type=f32,ne=[1,1,2560,1],nr=[16,16,1,1]): [1;32mOK[0m
  ADD(type=f32,ne=[1,1,1280,1],nr=[32,32,1,1]): [1;32mOK[0m
  MUL(type=f32,ne=[1,1,1280,1],nr=[32,32,1,1]): [1;32mOK[0m
  DIV(type=f32,ne=[1,1,1280,1],nr=[32,32,1,1]): [1;32mOK[0m
  ADD(type=f32,ne=[1,1,1920,1],nr=[32,32,1,1]): [1;32mOK[0m
  MUL(type=f32,ne=[1,1,1920,1],nr=[32,32,1,1]): [1;32mOK[0m
  DIV(type=f32,ne=[1,1,1920,1],nr=[32,32,1,1]): [1;32mOK[0m
  ADD(type=f32,ne=[1,1,640,1],nr=[32,32,1,1]): [1;32mOK[0m
  MUL(type=f32,ne=[1,1,640,1],nr=[32,32,1,1]): [1;32mOK[0m
  DIV(type=f32,ne=[1,1,640,1],nr=[32,32,1,1]): [1;32mOK[0m
  ADD(type=f32,ne=[5120,1,1,1],nr=[1,256,1,1]): [1;32mOK[0m
  MUL(type=f32,ne=[5120,1,1,1],nr=[1,256,1,1]): [1;32mOK[0m
  DIV(type=f32,ne=[5120,1,1,1],nr=[1,256,1,1]): [1;32mOK[0m
  ADD(type=f32,ne=[640,1,1,1],nr=[1,1,1,1]): [1;32mOK[0m
  MUL(type=f32,ne=[640,1,1,1],nr=[1,1,1,1]): [1;32mOK[0m
  DIV(type=f32,ne=[640,1,1,1],nr=[1,1,1,1]): [1;32mOK[0m
  SCALE(type=f32,ne=[10,10,10,10],scale=2.000000): [1;32mOK[0m
  NORM(type=f32,ne=[64,10,10,10],eps=0.000001): [1;32mOK[0m
  RMS_NORM(type=f32,ne=[64,10,10,10],eps=0.000001): [1;32mOK[0m
  NORM(type=f32,ne=[64,10,10,10],eps=0.000010): [1;32mOK[0m
  RMS_NORM(type=f32,ne=[64,10,10,10],eps=0.000010): [1;32mOK[0m
  NORM(type=f32,ne=[64,10,10,10],eps=0.001000): [1;32mOK[0m
  RMS_NORM(type=f32,ne=[64,10,10,10],eps=0.001000): [1;32mOK[0m
  NORM(type=f32,ne=[64,10,10,10],eps=0.100000): [1;32mOK[0m
  RMS_NORM(type=f32,ne=[64,10,10,10],eps=0.100000): [1;32mOK[0m
  MUL_MAT(type_a=f32,type_b=f32,m=16,n=1,k=256,bs=[1,1],nr=[1,1]): [1;32mOK[0m
  MUL_MAT(type_a=f32,type_b=f32,m=16,n=1,k=256,bs=[10,1],nr=[1,1]): [1;32mOK[0m
  MUL_MAT(type_a=f32,type_b=f32,m=16,n=1,k=256,bs=[10,1],nr=[2,1]): [1;32mOK[0m
  MUL_MAT(type_a=f32,type_b=f32,m=16,n=1,k=256,bs=[10,10],nr=[1,1]): [1;32mOK[0m
  MUL_MAT(type_a=f32,type_b=f32,m=16,n=1,k=256,bs=[10,10],nr=[2,1]): [1;32mOK[0m
  MUL_MAT(type_a=f32,type_b=f32,m=16,n=1,k=256,bs=[10,10],nr=[1,2]): not supported [CUDA0] 
  MUL_MAT(type_a=f32,type_b=f32,m=16,n=1,k=256,bs=[10,10],nr=[2,2]): not supported [CUDA0] 
  MUL_MAT(type_a=f32,type_b=f32,m=16,n=16,k=256,bs=[1,1],nr=[1,1]): [1;32mOK[0m
  MUL_MAT(type_a=f32,type_b=f32,m=16,n=16,k=256,bs=[10,1],nr=[1,1]): [1;32mOK[0m
  MUL_MAT(type_a=f32,type_b=f32,m=16,n=16,k=256,bs=[10,1],nr=[2,1]): [1;32mOK[0m
  MUL_MAT(type_a=f32,type_b=f32,m=16,n=16,k=256,bs=[10,10],nr=[1,1]): [1;32mOK[0m
  MUL_MAT(type_a=f32,type_b=f32,m=16,n=16,k=256,bs=[10,10],nr=[2,1]): [1;32mOK[0m
  MUL_MAT(type_a=f32,type_b=f32,m=16,n=16,k=256,bs=[10,10],nr=[1,2]): not supported [CUDA0] 
  MUL_MAT(type_a=f32,type_b=f32,m=16,n=16,k=256,bs=[10,10],nr=[2,2]): not supported [CUDA0] 
  MUL_MAT(type_a=f32,type_b=f16,m=16,n=1,k=256,bs=[1,1],nr=[1,1]): not supported [CPU] 
  MUL_MAT(type_a=f32,type_b=f16,m=16,n=1,k=256,bs=[10,1],nr=[1,1]): not supported [CPU] 
  MUL_MAT(type_a=f32,type_b=f16,m=16,n=1,k=256,bs=[10,1],nr=[2,1]): not supported [CPU] 
  MUL_MAT(type_a=f32,type_b=f16,m=16,n=1,k=256,bs=[10,10],nr=[1,1]): not supported [CPU] 
  MUL_MAT(type_a=f32,type_b=f16,m=16,n=1,k=256,bs=[10,10],nr=[2,1]): not supported [CPU] 
  MUL_MAT(type_a=f32,type_b=f16,m=16,n=1,k=256,bs=[10,10],nr=[1,2]): not supported [CUDA0] not supported [CPU] 
  MUL_MAT(type_a=f32,type_b=f16,m=16,n=1,k=256,bs=[10,10],nr=[2,2]): not supported [CUDA0] not supported [CPU] 
  MUL_MAT(type_a=f32,type_b=f16,m=16,n=16,k=256,bs=[1,1],nr=[1,1]): not supported [CPU] 
  MUL_MAT(type_a=f32,type_b=f16,m=16,n=16,k=256,bs=[10,1],nr=[1,1]): not supported [CPU] 
  MUL_MAT(type_a=f32,type_b=f16,m=16,n=16,k=256,bs=[10,1],nr=[2,1]): not supported [CPU] 
  MUL_MAT(type_a=f32,type_b=f16,m=16,n=16,k=256,bs=[10,10],nr=[1,1]): not supported [CPU] 
  MUL_MAT(type_a=f32,type_b=f16,m=16,n=16,k=256,bs=[10,10],nr=[2,1]): not supported [CPU] 
  MUL_MAT(type_a=f32,type_b=f16,m=16,n=16,k=256,bs=[10,10],nr=[1,2]): not supported [CUDA0] not supported [CPU] 
  MUL_MAT(type_a=f32,type_b=f16,m=16,n=16,k=256,bs=[10,10],nr=[2,2]): not supported [CUDA0] not supported [CPU] 
  MUL_MAT(type_a=f16,type_b=f32,m=16,n=1,k=256,bs=[1,1],nr=[1,1]): [1;32mOK[0m
  MUL_MAT(type_a=f16,type_b=f32,m=16,n=1,k=256,bs=[10,1],nr=[1,1]): [1;32mOK[0m
  MUL_MAT(type_a=f16,type_b=f32,m=16,n=1,k=256,bs=[10,1],nr=[2,1]): [1;32mOK[0m
  MUL_MAT(type_a=f16,type_b=f32,m=16,n=1,k=256,bs=[10,10],nr=[1,1]): [1;32mOK[0m
  MUL_MAT(type_a=f16,type_b=f32,m=16,n=1,k=256,bs=[10,10],nr=[2,1]): [1;32mOK[0m
  MUL_MAT(type_a=f16,type_b=f32,m=16,n=1,k=256,bs=[10,10],nr=[1,2]): not supported [CUDA0] 
  MUL_MAT(type_a=f16,type_b=f32,m=16,n=1,k=256,bs=[10,10],nr=[2,2]): not supported [CUDA0] 
  MUL_MAT(type_a=f16,type_b=f32,m=16,n=16,k=256,bs=[1,1],nr=[1,1]): [1;32mOK[0m
  MUL_MAT(type_a=f16,type_b=f32,m=16,n=16,k=256,bs=[10,1],nr=[1,1]): [1;32mOK[0m
  MUL_MAT(type_a=f16,type_b=f32,m=16,n=16,k=256,bs=[10,1],nr=[2,1]): [1;32mOK[0m
  MUL_MAT(type_a=f16,type_b=f32,m=16,n=16,k=256,bs=[10,10],nr=[1,1]): [1;32mOK[0m
  MUL_MAT(type_a=f16,type_b=f32,m=16,n=16,k=256,bs=[10,10],nr=[2,1]): [1;32mOK[0m
  MUL_MAT(type_a=f16,type_b=f32,m=16,n=16,k=256,bs=[10,10],nr=[1,2]): not supported [CUDA0] 
  MUL_MAT(type_a=f16,type_b=f32,m=16,n=16,k=256,bs=[10,10],nr=[2,2]): not supported [CUDA0] 
  MUL_MAT(type_a=f16,type_b=f16,m=16,n=1,k=256,bs=[1,1],nr=[1,1]): [1;32mOK[0m
  MUL_MAT(type_a=f16,type_b=f16,m=16,n=1,k=256,bs=[10,1],nr=[1,1]): [1;32mOK[0m
  MUL_MAT(type_a=f16,type_b=f16,m=16,n=1,k=256,bs=[10,1],nr=[2,1]): [1;32mOK[0m
  MUL_MAT(type_a=f16,type_b=f16,m=16,n=1,k=256,bs=[10,10],nr=[1,1]): [1;32mOK[0m
  MUL_MAT(type_a=f16,type_b=f16,m=16,n=1,k=256,bs=[10,10],nr=[2,1]): [1;32mOK[0m
  MUL_MAT(type_a=f16,type_b=f16,m=16,n=1,k=256,bs=[10,10],nr=[1,2]): not supported [CUDA0] 
  MUL_MAT(type_a=f16,type_b=f16,m=16,n=1,k=256,bs=[10,10],nr=[2,2]): not supported [CUDA0] 
  MUL_MAT(type_a=f16,type_b=f16,m=16,n=16,k=256,bs=[1,1],nr=[1,1]): [1;32mOK[0m
  MUL_MAT(type_a=f16,type_b=f16,m=16,n=16,k=256,bs=[10,1],nr=[1,1]): [1;32mOK[0m
  MUL_MAT(type_a=f16,type_b=f16,m=16,n=16,k=256,bs=[10,1],nr=[2,1]): [1;32mOK[0m
  MUL_MAT(type_a=f16,type_b=f16,m=16,n=16,k=256,bs=[10,10],nr=[1,1]): [1;32mOK[0m
  MUL_MAT(type_a=f16,type_b=f16,m=16,n=16,k=256,bs=[10,10],nr=[2,1]): [1;32mOK[0m
  MUL_MAT(type_a=f16,type_b=f16,m=16,n=16,k=256,bs=[10,10],nr=[1,2]): not supported [CUDA0] 
  MUL_MAT(type_a=f16,type_b=f16,m=16,n=16,k=256,bs=[10,10],nr=[2,2]): not supported [CUDA0] 
  MUL_MAT(type_a=q4_0,type_b=f32,m=16,n=1,k=256,bs=[1,1],nr=[1,1]): [1;32mOK[0m
  MUL_MAT(type_a=q4_0,type_b=f32,m=16,n=1,k=256,bs=[10,1],nr=[1,1]): [1;32mOK[0m
  MUL_MAT(type_a=q4_0,type_b=f32,m=16,n=1,k=256,bs=[10,1],nr=[2,1]): [1;32mOK[0m
  MUL_MAT(type_a=q4_0,type_b=f32,m=16,n=1,k=256,bs=[10,10],nr=[1,1]): [1;32mOK[0m
  MUL_MAT(type_a=q4_0,type_b=f32,m=16,n=1,k=256,bs=[10,10],nr=[2,1]): [1;32mOK[0m
  MUL_MAT(type_a=q4_0,type_b=f32,m=16,n=1,k=256,bs=[10,10],nr=[1,2]): not supported [CUDA0] 
  MUL_MAT(type_a=q4_0,type_b=f32,m=16,n=1,k=256,bs=[10,10],nr=[2,2]): not supported [CUDA0] 
  MUL_MAT(type_a=q4_0,type_b=f32,m=16,n=16,k=256,bs=[1,1],nr=[1,1]): [1;32mOK[0m
  MUL_MAT(type_a=q4_0,type_b=f32,m=16,n=16,k=256,bs=[10,1],nr=[1,1]): [1;32mOK[0m
  MUL_MAT(type_a=q4_0,type_b=f32,m=16,n=16,k=256,bs=[10,1],nr=[2,1]): [1;32mOK[0m
  MUL_MAT(type_a=q4_0,type_b=f32,m=16,n=16,k=256,bs=[10,10],nr=[1,1]): [1;32mOK[0m
  MUL_MAT(type_a=q4_0,type_b=f32,m=16,n=16,k=256,bs=[10,10],nr=[2,1]): [1;32mOK[0m
  MUL_MAT(type_a=q4_0,type_b=f32,m=16,n=16,k=256,bs=[10,10],nr=[1,2]): not supported [CUDA0] 
  MUL_MAT(type_a=q4_0,type_b=f32,m=16,n=16,k=256,bs=[10,10],nr=[2,2]): not supported [CUDA0] 
  MUL_MAT(type_a=q4_0,type_b=f16,m=16,n=1,k=256,bs=[1,1],nr=[1,1]): not supported [CPU] 
  MUL_MAT(type_a=q4_0,type_b=f16,m=16,n=1,k=256,bs=[10,1],nr=[1,1]): not supported [CPU] 
  MUL_MAT(type_a=q4_0,type_b=f16,m=16,n=1,k=256,bs=[10,1],nr=[2,1]): not supported [CPU] 
  MUL_MAT(type_a=q4_0,type_b=f16,m=16,n=1,k=256,bs=[10,10],nr=[1,1]): not supported [CPU] 
  MUL_MAT(type_a=q4_0,type_b=f16,m=16,n=1,k=256,bs=[10,10],nr=[2,1]): not supported [CPU] 
  MUL_MAT(type_a=q4_0,type_b=f16,m=16,n=1,k=256,bs=[10,10],nr=[1,2]): not supported [CUDA0] not supported [CPU] 
  MUL_MAT(type_a=q4_0,type_b=f16,m=16,n=1,k=256,bs=[10,10],nr=[2,2]): not supported [CUDA0] not supported [CPU] 
  MUL_MAT(type_a=q4_0,type_b=f16,m=16,n=16,k=256,bs=[1,1],nr=[1,1]): not supported [CPU] 
  MUL_MAT(type_a=q4_0,type_b=f16,m=16,n=16,k=256,bs=[10,1],nr=[1,1]): not supported [CPU] 
  MUL_MAT(type_a=q4_0,type_b=f16,m=16,n=16,k=256,bs=[10,1],nr=[2,1]): not supported [CPU] 
  MUL_MAT(type_a=q4_0,type_b=f16,m=16,n=16,k=256,bs=[10,10],nr=[1,1]): not supported [CPU] 
  MUL_MAT(type_a=q4_0,type_b=f16,m=16,n=16,k=256,bs=[10,10],nr=[2,1]): not supported [CPU] 
  MUL_MAT(type_a=q4_0,type_b=f16,m=16,n=16,k=256,bs=[10,10],nr=[1,2]): not supported [CUDA0] not supported [CPU] 
  MUL_MAT(type_a=q4_0,type_b=f16,m=16,n=16,k=256,bs=[10,10],nr=[2,2]): not supported [CUDA0] not supported [CPU] 
  MUL_MAT(type_a=q4_K,type_b=f32,m=16,n=1,k=256,bs=[1,1],nr=[1,1]): [1;32mOK[0m
  MUL_MAT(type_a=q4_K,type_b=f32,m=16,n=1,k=256,bs=[10,1],nr=[1,1]): [1;32mOK[0m
  MUL_MAT(type_a=q4_K,type_b=f32,m=16,n=1,k=256,bs=[10,1],nr=[2,1]): [1;32mOK[0m
  MUL_MAT(type_a=q4_K,type_b=f32,m=16,n=1,k=256,bs=[10,10],nr=[1,1]): [1;32mOK[0m
  MUL_MAT(type_a=q4_K,type_b=f32,m=16,n=1,k=256,bs=[10,10],nr=[2,1]): [1;32mOK[0m
  MUL_MAT(type_a=q4_K,type_b=f32,m=16,n=1,k=256,bs=[10,10],nr=[1,2]): not supported [CUDA0] 
  MUL_MAT(type_a=q4_K,type_b=f32,m=16,n=1,k=256,bs=[10,10],nr=[2,2]): not supported [CUDA0] 
  MUL_MAT(type_a=q4_K,type_b=f32,m=16,n=16,k=256,bs=[1,1],nr=[1,1]): [1;32mOK[0m
  MUL_MAT(type_a=q4_K,type_b=f32,m=16,n=16,k=256,bs=[10,1],nr=[1,1]): [1;32mOK[0m
  MUL_MAT(type_a=q4_K,type_b=f32,m=16,n=16,k=256,bs=[10,1],nr=[2,1]): [1;32mOK[0m
  MUL_MAT(type_a=q4_K,type_b=f32,m=16,n=16,k=256,bs=[10,10],nr=[1,1]): [1;32mOK[0m
  MUL_MAT(type_a=q4_K,type_b=f32,m=16,n=16,k=256,bs=[10,10],nr=[2,1]): [1;32mOK[0m
  MUL_MAT(type_a=q4_K,type_b=f32,m=16,n=16,k=256,bs=[10,10],nr=[1,2]): not supported [CUDA0] 
  MUL_MAT(type_a=q4_K,type_b=f32,m=16,n=16,k=256,bs=[10,10],nr=[2,2]): not supported [CUDA0] 
  MUL_MAT(type_a=q4_K,type_b=f16,m=16,n=1,k=256,bs=[1,1],nr=[1,1]): not supported [CPU] 
  MUL_MAT(type_a=q4_K,type_b=f16,m=16,n=1,k=256,bs=[10,1],nr=[1,1]): not supported [CPU] 
  MUL_MAT(type_a=q4_K,type_b=f16,m=16,n=1,k=256,bs=[10,1],nr=[2,1]): not supported [CPU] 
  MUL_MAT(type_a=q4_K,type_b=f16,m=16,n=1,k=256,bs=[10,10],nr=[1,1]): not supported [CPU] 
  MUL_MAT(type_a=q4_K,type_b=f16,m=16,n=1,k=256,bs=[10,10],nr=[2,1]): not supported [CPU] 
  MUL_MAT(type_a=q4_K,type_b=f16,m=16,n=1,k=256,bs=[10,10],nr=[1,2]): not supported [CUDA0] not supported [CPU] 
  MUL_MAT(type_a=q4_K,type_b=f16,m=16,n=1,k=256,bs=[10,10],nr=[2,2]): not supported [CUDA0] not supported [CPU] 
  MUL_MAT(type_a=q4_K,type_b=f16,m=16,n=16,k=256,bs=[1,1],nr=[1,1]): not supported [CPU] 
  MUL_MAT(type_a=q4_K,type_b=f16,m=16,n=16,k=256,bs=[10,1],nr=[1,1]): not supported [CPU] 
  MUL_MAT(type_a=q4_K,type_b=f16,m=16,n=16,k=256,bs=[10,1],nr=[2,1]): not supported [CPU] 
  MUL_MAT(type_a=q4_K,type_b=f16,m=16,n=16,k=256,bs=[10,10],nr=[1,1]): not supported [CPU] 
  MUL_MAT(type_a=q4_K,type_b=f16,m=16,n=16,k=256,bs=[10,10],nr=[2,1]): not supported [CPU] 
  MUL_MAT(type_a=q4_K,type_b=f16,m=16,n=16,k=256,bs=[10,10],nr=[1,2]): not supported [CUDA0] not supported [CPU] 
  MUL_MAT(type_a=q4_K,type_b=f16,m=16,n=16,k=256,bs=[10,10],nr=[2,2]): not supported [CUDA0] not supported [CPU] 
  MUL_MAT(type_a=iq2_xxs,type_b=f32,m=16,n=1,k=256,bs=[1,1],nr=[1,1]): [1;32mOK[0m
  MUL_MAT(type_a=iq2_xxs,type_b=f32,m=16,n=1,k=256,bs=[10,1],nr=[1,1]): not supported [CUDA0] 
  MUL_MAT(type_a=iq2_xxs,type_b=f32,m=16,n=1,k=256,bs=[10,1],nr=[2,1]): not supported [CUDA0] 
  MUL_MAT(type_a=iq2_xxs,type_b=f32,m=16,n=1,k=256,bs=[10,10],nr=[1,1]): not supported [CUDA0] 
  MUL_MAT(type_a=iq2_xxs,type_b=f32,m=16,n=1,k=256,bs=[10,10],nr=[2,1]): not supported [CUDA0] 
  MUL_MAT(type_a=iq2_xxs,type_b=f32,m=16,n=1,k=256,bs=[10,10],nr=[1,2]): not supported [CUDA0] 
  MUL_MAT(type_a=iq2_xxs,type_b=f32,m=16,n=1,k=256,bs=[10,10],nr=[2,2]): not supported [CUDA0] 
  MUL_MAT(type_a=iq2_xxs,type_b=f32,m=16,n=16,k=256,bs=[1,1],nr=[1,1]): [1;32mOK[0m
  MUL_MAT(type_a=iq2_xxs,type_b=f32,m=16,n=16,k=256,bs=[10,1],nr=[1,1]): [1;32mOK[0m
  MUL_MAT(type_a=iq2_xxs,type_b=f32,m=16,n=16,k=256,bs=[10,1],nr=[2,1]): [1;32mOK[0m
  MUL_MAT(type_a=iq2_xxs,type_b=f32,m=16,n=16,k=256,bs=[10,10],nr=[1,1]): [1;32mOK[0m
  MUL_MAT(type_a=iq2_xxs,type_b=f32,m=16,n=16,k=256,bs=[10,10],nr=[2,1]): [1;32mOK[0m
  MUL_MAT(type_a=iq2_xxs,type_b=f32,m=16,n=16,k=256,bs=[10,10],nr=[1,2]): not supported [CUDA0] 
  MUL_MAT(type_a=iq2_xxs,type_b=f32,m=16,n=16,k=256,bs=[10,10],nr=[2,2]): not supported [CUDA0] 
  MUL_MAT(type_a=iq2_xxs,type_b=f16,m=16,n=1,k=256,bs=[1,1],nr=[1,1]): not supported [CPU] 
  MUL_MAT(type_a=iq2_xxs,type_b=f16,m=16,n=1,k=256,bs=[10,1],nr=[1,1]): not supported [CUDA0] not supported [CPU] 
  MUL_MAT(type_a=iq2_xxs,type_b=f16,m=16,n=1,k=256,bs=[10,1],nr=[2,1]): not supported [CUDA0] not supported [CPU] 
  MUL_MAT(type_a=iq2_xxs,type_b=f16,m=16,n=1,k=256,bs=[10,10],nr=[1,1]): not supported [CUDA0] not supported [CPU] 
  MUL_MAT(type_a=iq2_xxs,type_b=f16,m=16,n=1,k=256,bs=[10,10],nr=[2,1]): not supported [CUDA0] not supported [CPU] 
  MUL_MAT(type_a=iq2_xxs,type_b=f16,m=16,n=1,k=256,bs=[10,10],nr=[1,2]): not supported [CUDA0] not supported [CPU] 
  MUL_MAT(type_a=iq2_xxs,type_b=f16,m=16,n=1,k=256,bs=[10,10],nr=[2,2]): not supported [CUDA0] not supported [CPU] 
  MUL_MAT(type_a=iq2_xxs,type_b=f16,m=16,n=16,k=256,bs=[1,1],nr=[1,1]): not supported [CPU] 
  MUL_MAT(type_a=iq2_xxs,type_b=f16,m=16,n=16,k=256,bs=[10,1],nr=[1,1]): not supported [CPU] 
  MUL_MAT(type_a=iq2_xxs,type_b=f16,m=16,n=16,k=256,bs=[10,1],nr=[2,1]): not supported [CPU] 
  MUL_MAT(type_a=iq2_xxs,type_b=f16,m=16,n=16,k=256,bs=[10,10],nr=[1,1]): not supported [CPU] 
  MUL_MAT(type_a=iq2_xxs,type_b=f16,m=16,n=16,k=256,bs=[10,10],nr=[2,1]): not supported [CPU] 
  MUL_MAT(type_a=iq2_xxs,type_b=f16,m=16,n=16,k=256,bs=[10,10],nr=[1,2]): not supported [CUDA0] not supported [CPU] 
  MUL_MAT(type_a=iq2_xxs,type_b=f16,m=16,n=16,k=256,bs=[10,10],nr=[2,2]): not supported [CUDA0] not supported [CPU] 
  MUL_MAT(type_a=q4_1,type_b=f32,m=16,n=1,k=256,bs=[1,1],nr=[1,1]): [1;32mOK[0m
  MUL_MAT(type_a=q5_0,type_b=f32,m=16,n=1,k=256,bs=[1,1],nr=[1,1]): [1;32mOK[0m
  MUL_MAT(type_a=q5_1,type_b=f32,m=16,n=1,k=256,bs=[1,1],nr=[1,1]): [1;32mOK[0m
  MUL_MAT(type_a=q8_0,type_b=f32,m=16,n=1,k=256,bs=[1,1],nr=[1,1]): [1;32mOK[0m
  MUL_MAT(type_a=q2_K,type_b=f32,m=16,n=1,k=256,bs=[1,1],nr=[1,1]): [1;32mOK[0m
  MUL_MAT(type_a=q3_K,type_b=f32,m=16,n=1,k=256,bs=[1,1],nr=[1,1]): [1;32mOK[0m
  MUL_MAT(type_a=q5_K,type_b=f32,m=16,n=1,k=256,bs=[1,1],nr=[1,1]): [1;32mOK[0m
  MUL_MAT(type_a=q6_K,type_b=f32,m=16,n=1,k=256,bs=[1,1],nr=[1,1]): [1;32mOK[0m
  MUL_MAT(type_a=iq2_xs,type_b=f32,m=16,n=1,k=256,bs=[1,1],nr=[1,1]): [1;32mOK[0m
  MUL_MAT(type_a=iq2_s,type_b=f32,m=16,n=1,k=256,bs=[1,1],nr=[1,1]): [1;32mOK[0m
  MUL_MAT(type_a=iq3_xxs,type_b=f32,m=16,n=1,k=256,bs=[1,1],nr=[1,1]): [1;32mOK[0m
  MUL_MAT(type_a=iq1_s,type_b=f32,m=16,n=1,k=256,bs=[1,1],nr=[1,1]): [1;32mOK[0m
  MUL_MAT(type_a=iq1_m,type_b=f32,m=16,n=1,k=256,bs=[1,1],nr=[1,1]): [1;32mOK[0m
  MUL_MAT(type_a=iq4_nl,type_b=f32,m=16,n=1,k=256,bs=[1,1],nr=[1,1]): [1;32mOK[0m
  MUL_MAT(type_a=iq3_s,type_b=f32,m=16,n=1,k=256,bs=[1,1],nr=[1,1]): [1;32mOK[0m
  MUL_MAT(type_a=iq4_xs,type_b=f32,m=16,n=1,k=256,bs=[1,1],nr=[1,1]): [1;32mOK[0m
  MUL_MAT(type_a=f16,type_b=f32,m=64,n=2,k=128,bs=[8,1],nr=[1,1]): [1;32mOK[0m
  MUL_MAT(type_a=f16,type_b=f32,m=83,n=2,k=128,bs=[8,1],nr=[4,1]): [1;32mOK[0m
  MUL_MAT(type_a=f16,type_b=f32,m=64,n=2,k=64,bs=[8,1],nr=[4,1]): [1;32mOK[0m
  MUL_MAT(type_a=f16,type_b=f32,m=83,n=2,k=64,bs=[8,1],nr=[4,1]): [1;32mOK[0m
  MUL_MAT(type_a=f16,type_b=f32,m=64,n=45,k=128,bs=[8,1],nr=[4,1]): [1;32mOK[0m
  MUL_MAT(type_a=f16,type_b=f32,m=128,n=45,k=64,bs=[8,1],nr=[4,1]): [1;32mOK[0m
  MUL_MAT_ID(type_a=f32,type_b=f32,n_mats=4,n_used=1,b=0,m=512,n=1,k=256): [1;32mOK[0m
  MUL_MAT_ID(type_a=f32,type_b=f32,n_mats=4,n_used=1,b=0,m=512,n=32,k=256): [1;32mOK[0m
  MUL_MAT_ID(type_a=f32,type_b=f32,n_mats=4,n_used=1,b=1,m=512,n=1,k=256): [1;32mOK[0m
  MUL_MAT_ID(type_a=f32,type_b=f32,n_mats=4,n_used=1,b=1,m=512,n=32,k=256): [1;32mOK[0m
  MUL_MAT_ID(type_a=f32,type_b=f32,n_mats=4,n_used=2,b=0,m=512,n=1,k=256): [1;32mOK[0m
  MUL_MAT_ID(type_a=f32,type_b=f32,n_mats=4,n_used=2,b=0,m=512,n=32,k=256): [1;32mOK[0m
  MUL_MAT_ID(type_a=f32,type_b=f32,n_mats=4,n_used=2,b=1,m=512,n=1,k=256): [1;32mOK[0m
  MUL_MAT_ID(type_a=f32,type_b=f32,n_mats=4,n_used=2,b=1,m=512,n=32,k=256): [1;32mOK[0m
  MUL_MAT_ID(type_a=f32,type_b=f32,n_mats=4,n_used=4,b=0,m=512,n=1,k=256): [1;32mOK[0m
  MUL_MAT_ID(type_a=f32,type_b=f32,n_mats=4,n_used=4,b=0,m=512,n=32,k=256): [1;32mOK[0m
  MUL_MAT_ID(type_a=f32,type_b=f32,n_mats=4,n_used=4,b=1,m=512,n=1,k=256): [1;32mOK[0m
  MUL_MAT_ID(type_a=f32,type_b=f32,n_mats=4,n_used=4,b=1,m=512,n=32,k=256): [1;32mOK[0m
  MUL_MAT_ID(type_a=f32,type_b=f32,n_mats=8,n_used=1,b=0,m=512,n=1,k=256): [1;32mOK[0m
  MUL_MAT_ID(type_a=f32,type_b=f32,n_mats=8,n_used=1,b=0,m=512,n=32,k=256): [1;32mOK[0m
  MUL_MAT_ID(type_a=f32,type_b=f32,n_mats=8,n_used=1,b=1,m=512,n=1,k=256): [1;32mOK[0m
  MUL_MAT_ID(type_a=f32,type_b=f32,n_mats=8,n_used=1,b=1,m=512,n=32,k=256): [1;32mOK[0m
  MUL_MAT_ID(type_a=f32,type_b=f32,n_mats=8,n_used=2,b=0,m=512,n=1,k=256): [1;32mOK[0m
  MUL_MAT_ID(type_a=f32,type_b=f32,n_mats=8,n_used=2,b=0,m=512,n=32,k=256): [1;32mOK[0m
  MUL_MAT_ID(type_a=f32,type_b=f32,n_mats=8,n_used=2,b=1,m=512,n=1,k=256): [1;32mOK[0m
  MUL_MAT_ID(type_a=f32,type_b=f32,n_mats=8,n_used=2,b=1,m=512,n=32,k=256): [1;32mOK[0m
  MUL_MAT_ID(type_a=f32,type_b=f32,n_mats=8,n_used=4,b=0,m=512,n=1,k=256): [1;32mOK[0m
  MUL_MAT_ID(type_a=f32,type_b=f32,n_mats=8,n_used=4,b=0,m=512,n=32,k=256): [1;32mOK[0m
  MUL_MAT_ID(type_a=f32,type_b=f32,n_mats=8,n_used=4,b=1,m=512,n=1,k=256): [1;32mOK[0m
  MUL_MAT_ID(type_a=f32,type_b=f32,n_mats=8,n_used=4,b=1,m=512,n=32,k=256): [1;32mOK[0m
  MUL_MAT_ID(type_a=f16,type_b=f32,n_mats=4,n_used=1,b=0,m=512,n=1,k=256): [1;32mOK[0m
  MUL_MAT_ID(type_a=f16,type_b=f32,n_mats=4,n_used=1,b=0,m=512,n=32,k=256): [1;32mOK[0m
  MUL_MAT_ID(type_a=f16,type_b=f32,n_mats=4,n_used=1,b=1,m=512,n=1,k=256): [1;32mOK[0m
  MUL_MAT_ID(type_a=f16,type_b=f32,n_mats=4,n_used=1,b=1,m=512,n=32,k=256): [1;32mOK[0m
  MUL_MAT_ID(type_a=f16,type_b=f32,n_mats=4,n_used=2,b=0,m=512,n=1,k=256): [1;32mOK[0m
  MUL_MAT_ID(type_a=f16,type_b=f32,n_mats=4,n_used=2,b=0,m=512,n=32,k=256): [1;32mOK[0m
  MUL_MAT_ID(type_a=f16,type_b=f32,n_mats=4,n_used=2,b=1,m=512,n=1,k=256): [1;32mOK[0m
  MUL_MAT_ID(type_a=f16,type_b=f32,n_mats=4,n_used=2,b=1,m=512,n=32,k=256): [1;32mOK[0m
  MUL_MAT_ID(type_a=f16,type_b=f32,n_mats=4,n_used=4,b=0,m=512,n=1,k=256): [1;32mOK[0m
  MUL_MAT_ID(type_a=f16,type_b=f32,n_mats=4,n_used=4,b=0,m=512,n=32,k=256): [1;32mOK[0m
  MUL_MAT_ID(type_a=f16,type_b=f32,n_mats=4,n_used=4,b=1,m=512,n=1,k=256): [1;32mOK[0m
  MUL_MAT_ID(type_a=f16,type_b=f32,n_mats=4,n_used=4,b=1,m=512,n=32,k=256): [1;32mOK[0m
  MUL_MAT_ID(type_a=f16,type_b=f32,n_mats=8,n_used=1,b=0,m=512,n=1,k=256): [1;32mOK[0m
  MUL_MAT_ID(type_a=f16,type_b=f32,n_mats=8,n_used=1,b=0,m=512,n=32,k=256): [1;32mOK[0m
  MUL_MAT_ID(type_a=f16,type_b=f32,n_mats=8,n_used=1,b=1,m=512,n=1,k=256): [1;32mOK[0m
  MUL_MAT_ID(type_a=f16,type_b=f32,n_mats=8,n_used=1,b=1,m=512,n=32,k=256): [1;32mOK[0m
  MUL_MAT_ID(type_a=f16,type_b=f32,n_mats=8,n_used=2,b=0,m=512,n=1,k=256): [1;32mOK[0m
  MUL_MAT_ID(type_a=f16,type_b=f32,n_mats=8,n_used=2,b=0,m=512,n=32,k=256): [1;32mOK[0m
  MUL_MAT_ID(type_a=f16,type_b=f32,n_mats=8,n_used=2,b=1,m=512,n=1,k=256): [1;32mOK[0m
  MUL_MAT_ID(type_a=f16,type_b=f32,n_mats=8,n_used=2,b=1,m=512,n=32,k=256): [1;32mOK[0m
  MUL_MAT_ID(type_a=f16,type_b=f32,n_mats=8,n_used=4,b=0,m=512,n=1,k=256): [1;32mOK[0m
  MUL_MAT_ID(type_a=f16,type_b=f32,n_mats=8,n_used=4,b=0,m=512,n=32,k=256): [1;32mOK[0m
  MUL_MAT_ID(type_a=f16,type_b=f32,n_mats=8,n_used=4,b=1,m=512,n=1,k=256): [1;32mOK[0m
  MUL_MAT_ID(type_a=f16,type_b=f32,n_mats=8,n_used=4,b=1,m=512,n=32,k=256): [1;32mOK[0m
  MUL_MAT_ID(type_a=q4_0,type_b=f32,n_mats=4,n_used=1,b=0,m=512,n=1,k=256): [1;32mOK[0m
  MUL_MAT_ID(type_a=q4_0,type_b=f32,n_mats=4,n_used=1,b=0,m=512,n=32,k=256): [1;32mOK[0m
  MUL_MAT_ID(type_a=q4_0,type_b=f32,n_mats=4,n_used=1,b=1,m=512,n=1,k=256): [1;32mOK[0m
  MUL_MAT_ID(type_a=q4_0,type_b=f32,n_mats=4,n_used=1,b=1,m=512,n=32,k=256): [1;32mOK[0m
  MUL_MAT_ID(type_a=q4_0,type_b=f32,n_mats=4,n_used=2,b=0,m=512,n=1,k=256): [1;32mOK[0m
  MUL_MAT_ID(type_a=q4_0,type_b=f32,n_mats=4,n_used=2,b=0,m=512,n=32,k=256): [1;32mOK[0m
  MUL_MAT_ID(type_a=q4_0,type_b=f32,n_mats=4,n_used=2,b=1,m=512,n=1,k=256): [1;32mOK[0m
  MUL_MAT_ID(type_a=q4_0,type_b=f32,n_mats=4,n_used=2,b=1,m=512,n=32,k=256): [1;32mOK[0m
  MUL_MAT_ID(type_a=q4_0,type_b=f32,n_mats=4,n_used=4,b=0,m=512,n=1,k=256): [1;32mOK[0m
  MUL_MAT_ID(type_a=q4_0,type_b=f32,n_mats=4,n_used=4,b=0,m=512,n=32,k=256): [1;32mOK[0m
  MUL_MAT_ID(type_a=q4_0,type_b=f32,n_mats=4,n_used=4,b=1,m=512,n=1,k=256): [1;32mOK[0m
  MUL_MAT_ID(type_a=q4_0,type_b=f32,n_mats=4,n_used=4,b=1,m=512,n=32,k=256): [1;32mOK[0m
  MUL_MAT_ID(type_a=q4_0,type_b=f32,n_mats=8,n_used=1,b=0,m=512,n=1,k=256): [1;32mOK[0m
  MUL_MAT_ID(type_a=q4_0,type_b=f32,n_mats=8,n_used=1,b=0,m=512,n=32,k=256): [1;32mOK[0m
  MUL_MAT_ID(type_a=q4_0,type_b=f32,n_mats=8,n_used=1,b=1,m=512,n=1,k=256): [1;32mOK[0m
  MUL_MAT_ID(type_a=q4_0,type_b=f32,n_mats=8,n_used=1,b=1,m=512,n=32,k=256): [1;32mOK[0m
  MUL_MAT_ID(type_a=q4_0,type_b=f32,n_mats=8,n_used=2,b=0,m=512,n=1,k=256): [1;32mOK[0m
  MUL_MAT_ID(type_a=q4_0,type_b=f32,n_mats=8,n_used=2,b=0,m=512,n=32,k=256): [1;32mOK[0m
  MUL_MAT_ID(type_a=q4_0,type_b=f32,n_mats=8,n_used=2,b=1,m=512,n=1,k=256): [1;32mOK[0m
  MUL_MAT_ID(type_a=q4_0,type_b=f32,n_mats=8,n_used=2,b=1,m=512,n=32,k=256): [1;32mOK[0m
  MUL_MAT_ID(type_a=q4_0,type_b=f32,n_mats=8,n_used=4,b=0,m=512,n=1,k=256): [1;32mOK[0m
  MUL_MAT_ID(type_a=q4_0,type_b=f32,n_mats=8,n_used=4,b=0,m=512,n=32,k=256): [1;32mOK[0m
  MUL_MAT_ID(type_a=q4_0,type_b=f32,n_mats=8,n_used=4,b=1,m=512,n=1,k=256): [1;32mOK[0m
  MUL_MAT_ID(type_a=q4_0,type_b=f32,n_mats=8,n_used=4,b=1,m=512,n=32,k=256): [1;32mOK[0m
  MUL_MAT_ID(type_a=q4_K,type_b=f32,n_mats=4,n_used=1,b=0,m=512,n=1,k=256): [1;32mOK[0m
  MUL_MAT_ID(type_a=q4_K,type_b=f32,n_mats=4,n_used=1,b=0,m=512,n=32,k=256): [1;32mOK[0m
  MUL_MAT_ID(type_a=q4_K,type_b=f32,n_mats=4,n_used=1,b=1,m=512,n=1,k=256): [1;32mOK[0m
  MUL_MAT_ID(type_a=q4_K,type_b=f32,n_mats=4,n_used=1,b=1,m=512,n=32,k=256): [1;32mOK[0m
  MUL_MAT_ID(type_a=q4_K,type_b=f32,n_mats=4,n_used=2,b=0,m=512,n=1,k=256): [1;32mOK[0m
  MUL_MAT_ID(type_a=q4_K,type_b=f32,n_mats=4,n_used=2,b=0,m=512,n=32,k=256): [1;32mOK[0m
  MUL_MAT_ID(type_a=q4_K,type_b=f32,n_mats=4,n_used=2,b=1,m=512,n=1,k=256): [1;32mOK[0m
  MUL_MAT_ID(type_a=q4_K,type_b=f32,n_mats=4,n_used=2,b=1,m=512,n=32,k=256): [1;32mOK[0m
  MUL_MAT_ID(type_a=q4_K,type_b=f32,n_mats=4,n_used=4,b=0,m=512,n=1,k=256): [1;32mOK[0m
  MUL_MAT_ID(type_a=q4_K,type_b=f32,n_mats=4,n_used=4,b=0,m=512,n=32,k=256): [1;32mOK[0m
  MUL_MAT_ID(type_a=q4_K,type_b=f32,n_mats=4,n_used=4,b=1,m=512,n=1,k=256): [1;32mOK[0m
  MUL_MAT_ID(type_a=q4_K,type_b=f32,n_mats=4,n_used=4,b=1,m=512,n=32,k=256): [1;32mOK[0m
  MUL_MAT_ID(type_a=q4_K,type_b=f32,n_mats=8,n_used=1,b=0,m=512,n=1,k=256): [1;32mOK[0m
  MUL_MAT_ID(type_a=q4_K,type_b=f32,n_mats=8,n_used=1,b=0,m=512,n=32,k=256): [1;32mOK[0m
  MUL_MAT_ID(type_a=q4_K,type_b=f32,n_mats=8,n_used=1,b=1,m=512,n=1,k=256): [1;32mOK[0m
  MUL_MAT_ID(type_a=q4_K,type_b=f32,n_mats=8,n_used=1,b=1,m=512,n=32,k=256): [1;32mOK[0m
  MUL_MAT_ID(type_a=q4_K,type_b=f32,n_mats=8,n_used=2,b=0,m=512,n=1,k=256): [1;32mOK[0m
  MUL_MAT_ID(type_a=q4_K,type_b=f32,n_mats=8,n_used=2,b=0,m=512,n=32,k=256): [1;32mOK[0m
  MUL_MAT_ID(type_a=q4_K,type_b=f32,n_mats=8,n_used=2,b=1,m=512,n=1,k=256): [1;32mOK[0m
  MUL_MAT_ID(type_a=q4_K,type_b=f32,n_mats=8,n_used=2,b=1,m=512,n=32,k=256): [1;32mOK[0m
  MUL_MAT_ID(type_a=q4_K,type_b=f32,n_mats=8,n_used=4,b=0,m=512,n=1,k=256): [1;32mOK[0m
  MUL_MAT_ID(type_a=q4_K,type_b=f32,n_mats=8,n_used=4,b=0,m=512,n=32,k=256): [1;32mOK[0m
  MUL_MAT_ID(type_a=q4_K,type_b=f32,n_mats=8,n_used=4,b=1,m=512,n=1,k=256): [1;32mOK[0m
  MUL_MAT_ID(type_a=q4_K,type_b=f32,n_mats=8,n_used=4,b=1,m=512,n=32,k=256): [1;32mOK[0m
  MUL_MAT_ID(type_a=iq2_xxs,type_b=f32,n_mats=4,n_used=1,b=0,m=512,n=1,k=256): [1;32mOK[0m
  MUL_MAT_ID(type_a=iq2_xxs,type_b=f32,n_mats=4,n_used=1,b=0,m=512,n=32,k=256): [1;32mOK[0m
  MUL_MAT_ID(type_a=iq2_xxs,type_b=f32,n_mats=4,n_used=1,b=1,m=512,n=1,k=256): [1;32mOK[0m
  MUL_MAT_ID(type_a=iq2_xxs,type_b=f32,n_mats=4,n_used=1,b=1,m=512,n=32,k=256): [1;32mOK[0m
  MUL_MAT_ID(type_a=iq2_xxs,type_b=f32,n_mats=4,n_used=2,b=0,m=512,n=1,k=256): [1;32mOK[0m
  MUL_MAT_ID(type_a=iq2_xxs,type_b=f32,n_mats=4,n_used=2,b=0,m=512,n=32,k=256): [1;32mOK[0m
  MUL_MAT_ID(type_a=iq2_xxs,type_b=f32,n_mats=4,n_used=2,b=1,m=512,n=1,k=256): [1;32mOK[0m
  MUL_MAT_ID(type_a=iq2_xxs,type_b=f32,n_mats=4,n_used=2,b=1,m=512,n=32,k=256): [1;32mOK[0m
  MUL_MAT_ID(type_a=iq2_xxs,type_b=f32,n_mats=4,n_used=4,b=0,m=512,n=1,k=256): [1;32mOK[0m
  MUL_MAT_ID(type_a=iq2_xxs,type_b=f32,n_mats=4,n_used=4,b=0,m=512,n=32,k=256): [1;32mOK[0m
  MUL_MAT_ID(type_a=iq2_xxs,type_b=f32,n_mats=4,n_used=4,b=1,m=512,n=1,k=256): [1;32mOK[0m
  MUL_MAT_ID(type_a=iq2_xxs,type_b=f32,n_mats=4,n_used=4,b=1,m=512,n=32,k=256): [1;32mOK[0m
  MUL_MAT_ID(type_a=iq2_xxs,type_b=f32,n_mats=8,n_used=1,b=0,m=512,n=1,k=256): [1;32mOK[0m
  MUL_MAT_ID(type_a=iq2_xxs,type_b=f32,n_mats=8,n_used=1,b=0,m=512,n=32,k=256): [1;32mOK[0m
  MUL_MAT_ID(type_a=iq2_xxs,type_b=f32,n_mats=8,n_used=1,b=1,m=512,n=1,k=256): [1;32mOK[0m
  MUL_MAT_ID(type_a=iq2_xxs,type_b=f32,n_mats=8,n_used=1,b=1,m=512,n=32,k=256): [1;32mOK[0m
  MUL_MAT_ID(type_a=iq2_xxs,type_b=f32,n_mats=8,n_used=2,b=0,m=512,n=1,k=256): [1;32mOK[0m
  MUL_MAT_ID(type_a=iq2_xxs,type_b=f32,n_mats=8,n_used=2,b=0,m=512,n=32,k=256): [1;32mOK[0m
  MUL_MAT_ID(type_a=iq2_xxs,type_b=f32,n_mats=8,n_used=2,b=1,m=512,n=1,k=256): [1;32mOK[0m
  MUL_MAT_ID(type_a=iq2_xxs,type_b=f32,n_mats=8,n_used=2,b=1,m=512,n=32,k=256): [1;32mOK[0m
  MUL_MAT_ID(type_a=iq2_xxs,type_b=f32,n_mats=8,n_used=4,b=0,m=512,n=1,k=256): [1;32mOK[0m
  MUL_MAT_ID(type_a=iq2_xxs,type_b=f32,n_mats=8,n_used=4,b=0,m=512,n=32,k=256): [1;32mOK[0m
  MUL_MAT_ID(type_a=iq2_xxs,type_b=f32,n_mats=8,n_used=4,b=1,m=512,n=1,k=256): [1;32mOK[0m
  MUL_MAT_ID(type_a=iq2_xxs,type_b=f32,n_mats=8,n_used=4,b=1,m=512,n=32,k=256): [1;32mOK[0m
  MUL_MAT_ID(type_a=q4_1,type_b=f32,n_mats=4,n_used=2,b=0,m=512,n=1,k=256): [1;32mOK[0m
  MUL_MAT_ID(type_a=q5_0,type_b=f32,n_mats=4,n_used=2,b=0,m=512,n=1,k=256): [1;32mOK[0m
  MUL_MAT_ID(type_a=q5_1,type_b=f32,n_mats=4,n_used=2,b=0,m=512,n=1,k=256): [1;32mOK[0m
  MUL_MAT_ID(type_a=q8_0,type_b=f32,n_mats=4,n_used=2,b=0,m=512,n=1,k=256): [1;32mOK[0m
  MUL_MAT_ID(type_a=q2_K,type_b=f32,n_mats=4,n_used=2,b=0,m=512,n=1,k=256): [1;32mOK[0m
  MUL_MAT_ID(type_a=q3_K,type_b=f32,n_mats=4,n_used=2,b=0,m=512,n=1,k=256): [1;32mOK[0m
  MUL_MAT_ID(type_a=q5_K,type_b=f32,n_mats=4,n_used=2,b=0,m=512,n=1,k=256): [1;32mOK[0m
  MUL_MAT_ID(type_a=q6_K,type_b=f32,n_mats=4,n_used=2,b=0,m=512,n=1,k=256): [1;32mOK[0m
  MUL_MAT_ID(type_a=iq2_xs,type_b=f32,n_mats=4,n_used=2,b=0,m=512,n=1,k=256): [1;32mOK[0m
  MUL_MAT_ID(type_a=iq2_s,type_b=f32,n_mats=4,n_used=2,b=0,m=512,n=1,k=256): [1;32mOK[0m
  MUL_MAT_ID(type_a=iq3_xxs,type_b=f32,n_mats=4,n_used=2,b=0,m=512,n=1,k=256): [1;32mOK[0m
  MUL_MAT_ID(type_a=iq1_s,type_b=f32,n_mats=4,n_used=2,b=0,m=512,n=1,k=256): [1;32mOK[0m
  MUL_MAT_ID(type_a=iq1_m,type_b=f32,n_mats=4,n_used=2,b=0,m=512,n=1,k=256): [1;32mOK[0m
  MUL_MAT_ID(type_a=iq4_nl,type_b=f32,n_mats=4,n_used=2,b=0,m=512,n=1,k=256): [1;32mOK[0m
  MUL_MAT_ID(type_a=iq3_s,type_b=f32,n_mats=4,n_used=2,b=0,m=512,n=1,k=256): [1;32mOK[0m
  MUL_MAT_ID(type_a=iq4_xs,type_b=f32,n_mats=4,n_used=2,b=0,m=512,n=1,k=256): [1;32mOK[0m
  SQR(type=f32,ne=[10,10,10,10]): [1;32mOK[0m
  CLAMP(type=f32,ne=[10,10,10,10],min=-0.500000,max=0.500000): [1;32mOK[0m
  DIAG_MASK_INF(type=f32,ne=[10,10,1,1],n_past=5): [1;32mOK[0m
  DIAG_MASK_INF(type=f32,ne=[10,10,10,1],n_past=5): [1;32mOK[0m
  DIAG_MASK_INF(type=f32,ne=[10,10,10,10],n_past=5): [1;32mOK[0m
  SOFT_MAX(type=f32,ne=[16,16,1,1],mask=0,scale=1.000000,max_bias=0.000000): [1;32mOK[0m
  SOFT_MAX(type=f32,ne=[15,15,1,1],mask=0,scale=1.000000,max_bias=0.000000): [1;32mOK[0m
  SOFT_MAX(type=f32,ne=[16,1024,1,1],mask=0,scale=1.000000,max_bias=0.000000): [1;32mOK[0m
  SOFT_MAX(type=f32,ne=[15,1023,1,1],mask=0,scale=1.000000,max_bias=0.000000): [1;32mOK[0m
  SOFT_MAX(type=f32,ne=[1024,16,1,1],mask=0,scale=1.000000,max_bias=0.000000): [1;32mOK[0m
  SOFT_MAX(type=f32,ne=[1023,15,1,1],mask=0,scale=1.000000,max_bias=0.000000): [1;32mOK[0m
  SOFT_MAX(type=f32,ne=[1024,1024,1,1],mask=0,scale=1.000000,max_bias=0.000000): [1;32mOK[0m
  SOFT_MAX(type=f32,ne=[1023,1023,1,1],mask=0,scale=1.000000,max_bias=0.000000): [1;32mOK[0m
  SOFT_MAX(type=f32,ne=[16,16,1,1],mask=0,scale=0.100000,max_bias=0.000000): [1;32mOK[0m
  SOFT_MAX(type=f32,ne=[15,15,1,1],mask=0,scale=0.100000,max_bias=0.000000): [1;32mOK[0m
  SOFT_MAX(type=f32,ne=[16,1024,1,1],mask=0,scale=0.100000,max_bias=0.000000): [1;32mOK[0m
  SOFT_MAX(type=f32,ne=[15,1023,1,1],mask=0,scale=0.100000,max_bias=0.000000): [1;32mOK[0m
  SOFT_MAX(type=f32,ne=[1024,16,1,1],mask=0,scale=0.100000,max_bias=0.000000): [1;32mOK[0m
  SOFT_MAX(type=f32,ne=[1023,15,1,1],mask=0,scale=0.100000,max_bias=0.000000): [1;32mOK[0m
  SOFT_MAX(type=f32,ne=[1024,1024,1,1],mask=0,scale=0.100000,max_bias=0.000000): [1;32mOK[0m
  SOFT_MAX(type=f32,ne=[1023,1023,1,1],mask=0,scale=0.100000,max_bias=0.000000): [1;32mOK[0m
  SOFT_MAX(type=f32,ne=[16,16,1,1],mask=0,scale=1.000000,max_bias=8.000000): [SOFT_MAX] NMSE = 0.000009092 > 0.000000100 [1;31mFAIL[0m
  SOFT_MAX(type=f32,ne=[15,15,1,1],mask=0,scale=1.000000,max_bias=8.000000): [SOFT_MAX] NMSE = 0.000009043 > 0.000000100 [1;31mFAIL[0m
  SOFT_MAX(type=f32,ne=[16,1024,1,1],mask=0,scale=1.000000,max_bias=8.000000): [SOFT_MAX] NMSE = 0.000007644 > 0.000000100 [1;31mFAIL[0m
  SOFT_MAX(type=f32,ne=[15,1023,1,1],mask=0,scale=1.000000,max_bias=8.000000): [SOFT_MAX] NMSE = 0.000007236 > 0.000000100 [1;31mFAIL[0m
  SOFT_MAX(type=f32,ne=[1024,16,1,1],mask=0,scale=1.000000,max_bias=8.000000): [SOFT_MAX] NMSE = 0.000007537 > 0.000000100 [1;31mFAIL[0m
  SOFT_MAX(type=f32,ne=[1023,15,1,1],mask=0,scale=1.000000,max_bias=8.000000): [SOFT_MAX] NMSE = 0.000008198 > 0.000000100 [1;31mFAIL[0m
  SOFT_MAX(type=f32,ne=[1024,1024,1,1],mask=0,scale=1.000000,max_bias=8.000000): [SOFT_MAX] NMSE = 0.000008010 > 0.000000100 [1;31mFAIL[0m
  SOFT_MAX(type=f32,ne=[1023,1023,1,1],mask=0,scale=1.000000,max_bias=8.000000): [SOFT_MAX] NMSE = 0.000008240 > 0.000000100 [1;31mFAIL[0m
  SOFT_MAX(type=f32,ne=[16,16,1,1],mask=0,scale=0.100000,max_bias=8.000000): [SOFT_MAX] NMSE = 0.000008348 > 0.000000100 [1;31mFAIL[0m
  SOFT_MAX(type=f32,ne=[15,15,1,1],mask=0,scale=0.100000,max_bias=8.000000): [SOFT_MAX] NMSE = 0.000004407 > 0.000000100 [1;31mFAIL[0m
  SOFT_MAX(type=f32,ne=[16,1024,1,1],mask=0,scale=0.100000,max_bias=8.000000): [SOFT_MAX] NMSE = 0.000004507 > 0.000000100 [1;31mFAIL[0m
  SOFT_MAX(type=f32,ne=[15,1023,1,1],mask=0,scale=0.100000,max_bias=8.000000): [SOFT_MAX] NMSE = 0.000007983 > 0.000000100 [1;31mFAIL[0m
  SOFT_MAX(type=f32,ne=[1024,16,1,1],mask=0,scale=0.100000,max_bias=8.000000): [SOFT_MAX] NMSE = 0.000007742 > 0.000000100 [1;31mFAIL[0m
  SOFT_MAX(type=f32,ne=[1023,15,1,1],mask=0,scale=0.100000,max_bias=8.000000): [SOFT_MAX] NMSE = 0.000007620 > 0.000000100 [1;31mFAIL[0m
  SOFT_MAX(type=f32,ne=[1024,1024,1,1],mask=0,scale=0.100000,max_bias=8.000000): [SOFT_MAX] NMSE = 0.000007187 > 0.000000100 [1;31mFAIL[0m
  SOFT_MAX(type=f32,ne=[1023,1023,1,1],mask=0,scale=0.100000,max_bias=8.000000): [SOFT_MAX] NMSE = 0.000006928 > 0.000000100 [1;31mFAIL[0m
  SOFT_MAX(type=f32,ne=[16,16,1,1],mask=1,scale=1.000000,max_bias=0.000000): [1;32mOK[0m
  SOFT_MAX(type=f32,ne=[15,15,1,1],mask=1,scale=1.000000,max_bias=0.000000): [1;32mOK[0m
  SOFT_MAX(type=f32,ne=[16,1024,1,1],mask=1,scale=1.000000,max_bias=0.000000): [1;32mOK[0m
  SOFT_MAX(type=f32,ne=[15,1023,1,1],mask=1,scale=1.000000,max_bias=0.000000): [1;32mOK[0m
  SOFT_MAX(type=f32,ne=[1024,16,1,1],mask=1,scale=1.000000,max_bias=0.000000): [1;32mOK[0m
  SOFT_MAX(type=f32,ne=[1023,15,1,1],mask=1,scale=1.000000,max_bias=0.000000): [1;32mOK[0m
  SOFT_MAX(type=f32,ne=[1024,1024,1,1],mask=1,scale=1.000000,max_bias=0.000000): [1;32mOK[0m
  SOFT_MAX(type=f32,ne=[1023,1023,1,1],mask=1,scale=1.000000,max_bias=0.000000): [1;32mOK[0m
  SOFT_MAX(type=f32,ne=[16,16,1,1],mask=1,scale=0.100000,max_bias=0.000000): [1;32mOK[0m
  SOFT_MAX(type=f32,ne=[15,15,1,1],mask=1,scale=0.100000,max_bias=0.000000): [1;32mOK[0m
  SOFT_MAX(type=f32,ne=[16,1024,1,1],mask=1,scale=0.100000,max_bias=0.000000): [1;32mOK[0m
  SOFT_MAX(type=f32,ne=[15,1023,1,1],mask=1,scale=0.100000,max_bias=0.000000): [1;32mOK[0m
  SOFT_MAX(type=f32,ne=[1024,16,1,1],mask=1,scale=0.100000,max_bias=0.000000): [1;32mOK[0m
  SOFT_MAX(type=f32,ne=[1023,15,1,1],mask=1,scale=0.100000,max_bias=0.000000): [1;32mOK[0m
  SOFT_MAX(type=f32,ne=[1024,1024,1,1],mask=1,scale=0.100000,max_bias=0.000000): [1;32mOK[0m
  SOFT_MAX(type=f32,ne=[1023,1023,1,1],mask=1,scale=0.100000,max_bias=0.000000): [1;32mOK[0m
  SOFT_MAX(type=f32,ne=[16,16,1,1],mask=1,scale=1.000000,max_bias=8.000000): [SOFT_MAX] NMSE = 0.000006328 > 0.000000100 [1;31mFAIL[0m
  SOFT_MAX(type=f32,ne=[15,15,1,1],mask=1,scale=1.000000,max_bias=8.000000): [SOFT_MAX] NMSE = 0.000006929 > 0.000000100 [1;31mFAIL[0m
  SOFT_MAX(type=f32,ne=[16,1024,1,1],mask=1,scale=1.000000,max_bias=8.000000): [SOFT_MAX] NMSE = 0.000008457 > 0.000000100 [1;31mFAIL[0m
  SOFT_MAX(type=f32,ne=[15,1023,1,1],mask=1,scale=1.000000,max_bias=8.000000): [SOFT_MAX] NMSE = 0.000006381 > 0.000000100 [1;31mFAIL[0m
  SOFT_MAX(type=f32,ne=[1024,16,1,1],mask=1,scale=1.000000,max_bias=8.000000): [SOFT_MAX] NMSE = 0.000007614 > 0.000000100 [1;31mFAIL[0m
  SOFT_MAX(type=f32,ne=[1023,15,1,1],mask=1,scale=1.000000,max_bias=8.000000): [SOFT_MAX] NMSE = 0.000007389 > 0.000000100 [1;31mFAIL[0m
  SOFT_MAX(type=f32,ne=[1024,1024,1,1],mask=1,scale=1.000000,max_bias=8.000000): [SOFT_MAX] NMSE = 0.000007849 > 0.000000100 [1;31mFAIL[0m
  SOFT_MAX(type=f32,ne=[1023,1023,1,1],mask=1,scale=1.000000,max_bias=8.000000): [SOFT_MAX] NMSE = 0.000007555 > 0.000000100 [1;31mFAIL[0m
  SOFT_MAX(type=f32,ne=[16,16,1,1],mask=1,scale=0.100000,max_bias=8.000000): [SOFT_MAX] NMSE = 0.000006543 > 0.000000100 [1;31mFAIL[0m
  SOFT_MAX(type=f32,ne=[15,15,1,1],mask=1,scale=0.100000,max_bias=8.000000): [SOFT_MAX] NMSE = 0.000006607 > 0.000000100 [1;31mFAIL[0m
  SOFT_MAX(type=f32,ne=[16,1024,1,1],mask=1,scale=0.100000,max_bias=8.000000): [SOFT_MAX] NMSE = 0.000008206 > 0.000000100 [1;31mFAIL[0m
  SOFT_MAX(type=f32,ne=[15,1023,1,1],mask=1,scale=0.100000,max_bias=8.000000): [SOFT_MAX] NMSE = 0.000008133 > 0.000000100 [1;31mFAIL[0m
  SOFT_MAX(type=f32,ne=[1024,16,1,1],mask=1,scale=0.100000,max_bias=8.000000): [SOFT_MAX] NMSE = 0.000007563 > 0.000000100 [1;31mFAIL[0m
  SOFT_MAX(type=f32,ne=[1023,15,1,1],mask=1,scale=0.100000,max_bias=8.000000): [SOFT_MAX] NMSE = 0.000007823 > 0.000000100 [1;31mFAIL[0m
  SOFT_MAX(type=f32,ne=[1024,1024,1,1],mask=1,scale=0.100000,max_bias=8.000000): [SOFT_MAX] NMSE = 0.000008148 > 0.000000100 [1;31mFAIL[0m
  SOFT_MAX(type=f32,ne=[1023,1023,1,1],mask=1,scale=0.100000,max_bias=8.000000): [SOFT_MAX] NMSE = 0.000007353 > 0.000000100 [1;31mFAIL[0m
  SOFT_MAX(type=f32,ne=[16,2,32,1],mask=0,scale=0.100000,max_bias=0.000000): [1;32mOK[0m
  SOFT_MAX(type=f32,ne=[32,2,32,1],mask=1,scale=0.100000,max_bias=0.000000): [1;32mOK[0m
  SOFT_MAX(type=f32,ne=[16,2,32,1],mask=0,scale=0.100000,max_bias=8.000000): [SOFT_MAX] NMSE = 0.027366339 > 0.000000100 [1;31mFAIL[0m
  SOFT_MAX(type=f32,ne=[32,2,32,1],mask=1,scale=0.100000,max_bias=8.000000): [SOFT_MAX] NMSE = 0.033860439 > 0.000000100 [1;31mFAIL[0m
  ROPE(type=f32,ne=[128,32,10,1],n_dims=128,mode=0,n_ctx=512): [1;32mOK[0m
  ROPE(type=f32,ne=[128,40,10,1],n_dims=128,mode=0,n_ctx=512): [1;32mOK[0m
  ROPE(type=f32,ne=[128,52,10,1],n_dims=128,mode=0,n_ctx=512): [1;32mOK[0m
  ROPE(type=f32,ne=[128,64,10,1],n_dims=128,mode=0,n_ctx=512): [1;32mOK[0m
  ROPE(type=f32,ne=[64,1,10,1],n_dims=64,mode=2,n_ctx=512): [1;32mOK[0m
  ROPE(type=f32,ne=[64,71,10,1],n_dims=64,mode=2,n_ctx=512): [1;32mOK[0m
  ROPE(type=f32,ne=[64,8,10,1],n_dims=64,mode=2,n_ctx=512): [1;32mOK[0m
  ROPE(type=f32,ne=[64,128,10,1],n_dims=64,mode=2,n_ctx=512): [1;32mOK[0m
  ROPE(type=f32,ne=[80,32,10,1],n_dims=20,mode=2,n_ctx=512): [1;32mOK[0m
  ROPE(type=f32,ne=[80,32,10,1],n_dims=32,mode=2,n_ctx=512): [1;32mOK[0m
  ROPE(type=f16,ne=[128,32,10,1],n_dims=128,mode=0,n_ctx=512): [1;32mOK[0m
  ROPE(type=f16,ne=[128,40,10,1],n_dims=128,mode=0,n_ctx=512): [1;32mOK[0m
  ROPE(type=f16,ne=[128,52,10,1],n_dims=128,mode=0,n_ctx=512): [1;32mOK[0m
  ROPE(type=f16,ne=[128,64,10,1],n_dims=128,mode=0,n_ctx=512): [1;32mOK[0m
  ROPE(type=f16,ne=[64,1,10,1],n_dims=64,mode=2,n_ctx=512): [1;32mOK[0m
  ROPE(type=f16,ne=[64,71,10,1],n_dims=64,mode=2,n_ctx=512): [1;32mOK[0m
  ROPE(type=f16,ne=[64,8,10,1],n_dims=64,mode=2,n_ctx=512): [1;32mOK[0m
  ROPE(type=f16,ne=[64,128,10,1],n_dims=64,mode=2,n_ctx=512): [1;32mOK[0m
  ROPE(type=f16,ne=[80,32,10,1],n_dims=20,mode=2,n_ctx=512): [1;32mOK[0m
  ROPE(type=f16,ne=[80,32,10,1],n_dims=32,mode=2,n_ctx=512): [1;32mOK[0m
  CONCAT(type=f32,ne=[10,10,10,10],b_ne2=10): [1;32mOK[0m
  CONCAT(type=i32,ne=[10,10,10,10],b_ne2=10): not supported [CUDA0] 
  ARGSORT(type=f32,ne=[8,1,1,1],order=0): [1;32mOK[0m
  ARGSORT(type=f32,ne=[16,10,10,10],order=0): [1;32mOK[0m
  ARGSORT(type=f32,ne=[60,10,10,10],order=0): [1;32mOK[0m
  ARGSORT(type=f32,ne=[8,1,1,1],order=1): [1;32mOK[0m
  ARGSORT(type=f32,ne=[16,10,10,10],order=1): [1;32mOK[0m
  ARGSORT(type=f32,ne=[60,10,10,10],order=1): [1;32mOK[0m
  SUM_ROWS(type=f32,ne=[10,10,10,10]): [1;32mOK[0m
  UPSCALE(type=f32,ne=[512,512,3,1],scale_factor=2): [1;32mOK[0m
  GROUP_NORM(type=f32,ne=[64,64,320,1],num_groups=32): [1;32mOK[0m
  ACC(type=f32,ne_a=[1024,577,1,1],ne_b=[1024,576,1,1]): [1;32mOK[0m
  PAD(type=f32,ne_a=[512,512,1,1],pad_0=1,pad_1=1): [1;32mOK[0m
  ARANGE(type=f32,start=0.000000,stop=10.000000,step=1.000000): [1;32mOK[0m
  TIMESTEP_EMBEDDING(type=f32,ne_a=[2,1,1,1],dim=320,max_period=10000): [1;32mOK[0m
  LEAKY_RELU(type=f32,ne_a=[10,10,10,10],negative_slope=0.100000): [1;32mOK[0m
  FLASH_ATTN_EXT(hs=64,nh=32,kv=512,nb=1): [1;32mOK[0m
  FLASH_ATTN_EXT(hs=64,nh=32,kv=512,nb=2): [1;32mOK[0m
  FLASH_ATTN_EXT(hs=64,nh=32,kv=512,nb=4): [1;32mOK[0m
  FLASH_ATTN_EXT(hs=64,nh=32,kv=512,nb=8): [1;32mOK[0m
  FLASH_ATTN_EXT(hs=64,nh=32,kv=1024,nb=1): [1;32mOK[0m
  FLASH_ATTN_EXT(hs=64,nh=32,kv=1024,nb=2): [1;32mOK[0m
  FLASH_ATTN_EXT(hs=64,nh=32,kv=1024,nb=4): [1;32mOK[0m
  FLASH_ATTN_EXT(hs=64,nh=32,kv=1024,nb=8): [1;32mOK[0m
  FLASH_ATTN_EXT(hs=80,nh=32,kv=512,nb=1): [1;32mOK[0m
  FLASH_ATTN_EXT(hs=80,nh=32,kv=512,nb=2): [1;32mOK[0m
  FLASH_ATTN_EXT(hs=80,nh=32,kv=512,nb=4): [1;32mOK[0m
  FLASH_ATTN_EXT(hs=80,nh=32,kv=512,nb=8): [1;32mOK[0m
  FLASH_ATTN_EXT(hs=80,nh=32,kv=1024,nb=1): [1;32mOK[0m
  FLASH_ATTN_EXT(hs=80,nh=32,kv=1024,nb=2): [1;32mOK[0m
  FLASH_ATTN_EXT(hs=80,nh=32,kv=1024,nb=4): [1;32mOK[0m
  FLASH_ATTN_EXT(hs=80,nh=32,kv=1024,nb=8): [1;32mOK[0m
  FLASH_ATTN_EXT(hs=128,nh=32,kv=512,nb=1): [1;32mOK[0m
  FLASH_ATTN_EXT(hs=128,nh=32,kv=512,nb=2): [1;32mOK[0m
  FLASH_ATTN_EXT(hs=128,nh=32,kv=512,nb=4): [1;32mOK[0m
  FLASH_ATTN_EXT(hs=128,nh=32,kv=512,nb=8): [1;32mOK[0m
  FLASH_ATTN_EXT(hs=128,nh=32,kv=1024,nb=1): [1;32mOK[0m
  FLASH_ATTN_EXT(hs=128,nh=32,kv=1024,nb=2): [1;32mOK[0m
  FLASH_ATTN_EXT(hs=128,nh=32,kv=1024,nb=4): [1;32mOK[0m
  FLASH_ATTN_EXT(hs=128,nh=32,kv=1024,nb=8): [1;32mOK[0m
  FLASH_ATTN_EXT(hs=256,nh=32,kv=512,nb=1): [1;32mOK[0m
  FLASH_ATTN_EXT(hs=256,nh=32,kv=512,nb=2): [1;32mOK[0m
  FLASH_ATTN_EXT(hs=256,nh=32,kv=512,nb=4): [1;32mOK[0m
  FLASH_ATTN_EXT(hs=256,nh=32,kv=512,nb=8): [1;32mOK[0m
  FLASH_ATTN_EXT(hs=256,nh=32,kv=1024,nb=1): [1;32mOK[0m
  FLASH_ATTN_EXT(hs=256,nh=32,kv=1024,nb=2): [1;32mOK[0m
  FLASH_ATTN_EXT(hs=256,nh=32,kv=1024,nb=4): [1;32mOK[0m
  FLASH_ATTN_EXT(hs=256,nh=32,kv=1024,nb=8): [1;32mOK[0m
  791/825 tests passed
  Backend CUDA0: [1;31mFAIL[0m

1/2 backends passed
[1;31mFAIL[0m

      Start 22: test-rope
22/23 Test #22: test-rope ...........................   Passed    0.08 sec
      Start 25: test-json-schema-to-grammar
23/23 Test #25: test-json-schema-to-grammar .........   Passed    1.71 sec

96% tests passed, 1 tests failed out of 23

Label Time Summary:
main    = 265.14 sec*proc (23 tests)

Total Test time (real) = 265.15 sec

The following tests FAILED:
	 21 - test-backend-ops (Failed)
Errors while running CTest

real	4m25.188s
user	7m18.598s
sys	0m6.109s
