+ cmake -DCMAKE_BUILD_TYPE=Debug -DGGML_METAL=ON ..
CMake Deprecation Warning at CMakeLists.txt:1 (cmake_minimum_required):
  Compatibility with CMake < 3.5 will be removed from a future version of
  CMake.

  Update the VERSION argument <min> value or use a ...<max> suffix to tell
  CMake that the project does not need compatibility with older versions.


-- The C compiler identification is AppleClang 14.0.3.14030022
-- The CXX compiler identification is AppleClang 14.0.3.14030022
-- Detecting C compiler ABI info
-- Detecting C compiler ABI info - done
-- Check for working C compiler: /Library/Developer/CommandLineTools/usr/bin/cc - skipped
-- Detecting C compile features
-- Detecting C compile features - done
-- Detecting CXX compiler ABI info
-- Detecting CXX compiler ABI info - done
-- Check for working CXX compiler: /Library/Developer/CommandLineTools/usr/bin/c++ - skipped
-- Detecting CXX compile features
-- Detecting CXX compile features - done
-- Found Git: /usr/bin/git (found version "2.39.2 (Apple Git-143)") 
-- Performing Test CMAKE_HAVE_LIBC_PTHREAD
-- Performing Test CMAKE_HAVE_LIBC_PTHREAD - Success
-- Found Threads: TRUE  
-- CMAKE_SYSTEM_PROCESSOR: arm64
-- ARM detected
-- Accelerate framework found
CMake Warning (dev) at src/CMakeLists.txt:344 (install):
  Target ggml has RESOURCE files but no RESOURCE DESTINATION.
This warning is for project developers.  Use -Wno-dev to suppress it.

-- ARM detected
-- Accelerate framework found
-- Configuring done (0.5s)
-- Generating done (0.1s)
-- Build files have been written to: /Users/ggml/work/ggml/build-ci-debug

real	0m0.633s
user	0m0.291s
sys	0m0.288s
+ make -j
[  0%] Building CXX object examples/CMakeFiles/common.dir/common.cpp.o
[  1%] Building C object src/CMakeFiles/ggml.dir/ggml-backend.c.o
[  2%] Building C object src/CMakeFiles/ggml.dir/ggml-alloc.c.o
[  3%] Building C object src/CMakeFiles/ggml.dir/ggml-quants.c.o
[  4%] Building C object src/CMakeFiles/ggml.dir/ggml.c.o
[  5%] Building C object src/CMakeFiles/ggml.dir/ggml-metal.m.o
[  5%] Linking C shared library libggml.dylib
[  5%] Built target ggml
[  6%] Building C object tests/CMakeFiles/test-svd0.dir/test-svd0.c.o
[  7%] Building C object tests/CMakeFiles/test-vec0.dir/test-vec0.c.o
[  8%] Building CXX object tests/CMakeFiles/test-grad0.dir/test-grad0.cpp.o
[  9%] Building C object tests/CMakeFiles/test-vec2.dir/test-vec2.c.o
[ 10%] Building C object tests/CMakeFiles/test-blas0.dir/test-blas0.c.o
[ 11%] Building C object tests/CMakeFiles/test-mul-mat1.dir/test-mul-mat1.c.o
[ 12%] Building C object tests/CMakeFiles/test2.dir/test2.c.o
[ 13%] Building C object tests/CMakeFiles/test-xpos.dir/test-xpos.c.o
[ 14%] Building C object tests/CMakeFiles/test-customop.dir/test-customop.c.o
[ 14%] Building C object tests/CMakeFiles/test-pool.dir/test-pool.c.o
[ 16%] Building C object tests/CMakeFiles/test-mul-mat2.dir/test-mul-mat2.c.o
[ 17%] Building CXX object tests/CMakeFiles/test-quantize-fns.dir/test-quantize-fns.cpp.o
[ 18%] Building CXX object examples/CMakeFiles/common-ggml.dir/common-ggml.cpp.o
[ 19%] Building C object tests/CMakeFiles/test0.dir/test0.c.o
[ 19%] Building CXX object tests/CMakeFiles/test-conv1d.dir/test-conv1d.cpp.o
[ 19%] Building C object tests/CMakeFiles/test-rel-pos.dir/test-rel-pos.c.o
[ 20%] Building C object examples/mnist/CMakeFiles/mnist-mtl.dir/main-mtl.m.o
[ 20%] Building CXX object examples/whisper/CMakeFiles/whisper-cpp.dir/whisper.cpp.o
[ 20%] Building C object tests/CMakeFiles/test-conv-transpose.dir/test-conv-transpose.c.o
[ 21%] Building CXX object examples/mnist/CMakeFiles/mnist-mtl.dir/main-mtl.cpp.o
[ 22%] Building CXX object examples/mnist/CMakeFiles/mnist-cpu.dir/main-cpu.cpp.o
[ 24%] Building CXX object tests/CMakeFiles/test-backend-buffer.dir/test-backend-buffer.cpp.o
[ 23%] Building CXX object tests/CMakeFiles/test-backend-ops.dir/test-backend-ops.cpp.o
[ 25%] Building CXX object tests/CMakeFiles/test-quantize-perf.dir/test-quantize-perf.cpp.o
[ 25%] Building C object tests/CMakeFiles/test3.dir/test3.c.o
[ 26%] Building C object tests/CMakeFiles/test1.dir/test1.c.o
[ 27%] Building CXX object tests/CMakeFiles/test-opt.dir/test-opt.cpp.o
[ 28%] Building CXX object tests/CMakeFiles/test-mul-mat.dir/test-mul-mat.cpp.o
[ 29%] Building CXX object tests/CMakeFiles/test-conv2d.dir/test-conv2d.cpp.o
[ 30%] Building C object tests/CMakeFiles/test-mul-mat0.dir/test-mul-mat0.c.o
[ 31%] Linking C executable ../bin/test-vec0
[ 32%] Linking C executable ../bin/test-conv-transpose
[ 33%] Linking C executable ../bin/test0
[ 33%] Linking C executable ../bin/test-customop
[ 34%] Linking C executable ../bin/test2
[ 35%] Linking C executable ../bin/test3
[ 36%] Linking C executable ../bin/test-rel-pos
[ 37%] Linking CXX executable ../bin/test-backend-buffer
[ 38%] Linking C executable ../bin/test-pool
[ 39%] Linking C executable ../bin/test-xpos
[ 39%] Linking C executable ../bin/test-mul-mat0
[ 39%] Linking C executable ../bin/test1
[ 40%] Linking CXX executable ../bin/test-opt
[ 41%] Linking CXX executable ../bin/test-grad0
[ 41%] Linking C executable ../bin/test-vec2
[ 41%] Built target test-conv-transpose
[ 41%] Built target test-pool
[ 41%] Built target test-vec0
[ 41%] Built target test-backend-buffer
[ 41%] Built target test0
[ 41%] Built target test-opt
[ 41%] Built target test-customop
[ 41%] Built target test3
[ 41%] Built target test-mul-mat0
[ 41%] Built target test2
[ 41%] Built target test-xpos
[ 41%] Built target test1
[ 41%] Built target test-rel-pos
[ 41%] Built target test-grad0
[ 42%] Linking C executable ../bin/test-mul-mat2
[ 42%] Built target test-vec2
[ 43%] Linking CXX executable ../bin/test-quantize-fns
[ 43%] Built target test-mul-mat2
In file included from /Users/ggml/work/ggml/tests/test-backend-ops.cpp:2:
In file included from /Library/Developer/CommandLineTools/SDKs/MacOSX13.3.sdk/usr/include/c++/v1/functional:515:
In file included from /Library/Developer/CommandLineTools/SDKs/MacOSX13.3.sdk/usr/include/c++/v1/__functional/boyer_moore_searcher.h:22:
In file included from /Library/Developer/CommandLineTools/SDKs/MacOSX13.3.sdk/usr/include/c++/v1/__memory/shared_ptr.h:28:
/Library/Developer/CommandLineTools/SDKs/MacOSX13.3.sdk/usr/include/c++/v1/__memory/unique_ptr.h:48:5[ 43%] Built target test-quantize-fns
: warning: delete called on 'test_case' that is abstract but has non-virtual destructor [-Wdelete-abstract-non-virtual-dtor]
    delete __ptr;
    ^
/Library/Developer/CommandLineTools/SDKs/MacOSX13.3.sdk/usr/include/c++/v1/__memory/unique_ptr.h:305:7: note: in instantiation of member function 'std::default_delete<test_case>::operator()' requested here
      __ptr_.second()(__tmp);
      ^
/Library/Developer/CommandLineTools/SDKs/MacOSX13.3.sdk/usr/include/c++/v1/__memory/unique_ptr.h:259:19: note: in instantiation of member function 'std::unique_ptr<test_case>::reset' requested here
  ~unique_ptr() { reset(); }
                  ^
/Library/Developer/CommandLineTools/SDKs/MacOSX13.3.sdk/usr/include/c++/v1/__memory/allocator.h:170:15: note: in instantiation of member function 'std::unique_ptr<test_case>::~unique_ptr' requested here
        __p->~_Tp();
              ^
/Library/Developer/CommandLineTools/SDKs/MacOSX13.3.sdk/usr/include/c++/v1/__memory/allocator_traits.h:309:13: note: in instantiation of member function 'std::allocator<std::unique_ptr<test_case>>::destroy' requested here
        __a.destroy(__p);
            ^
/Library/Developer/CommandLineTools/SDKs/MacOSX13.3.sdk/usr/include/c++/v1/vector:833:25: note: in instantiation of function template specialization 'std::allocator_traits<std::allocator<std::unique_ptr<test_case>>>::destroy<std::unique_ptr<test_case>, void>' requested here
        __alloc_traits::destroy(__alloc(), _VSTD::__to_address(--__soon_to_be_end));
                        ^
/Library/Developer/CommandLineTools/SDKs/MacOSX13.3.sdk/usr/include/c++/v1/vector:827:29: note: in instantiation of member function 'std::vector<std::unique_ptr<test_case>>::__base_destruct_at_end' requested here
  void __clear() _NOEXCEPT {__base_destruct_at_end(this->__begin_);}
                            ^
/Library/Developer/CommandLineTools/SDKs/MacOSX13.3.sdk/usr/include/c++/v1/vector:436:9: note: in instantiation of member function 'std::vector<std::unique_ptr<test_case>>::__clear' requested here
        __clear();
        ^
/Users/ggml/work/ggml/tests/test-backend-ops.cpp:765:45: note: in instantiation of member function 'std::vector<std::unique_ptr<test_case>>::~vector' requested here
    std::vector<std::unique_ptr<test_case>> test_cases;
                                            ^
[ 44%] Linking C executable ../bin/test-svd0
[ 45%] Linking CXX executable ../bin/test-mul-mat
[ 46%] Linking CXX executable ../bin/test-conv2d
[ 46%] Linking CXX executable ../../bin/mnist-cpu
[ 47%] Linking CXX executable ../bin/test-conv1d
[ 48%] Linking C executable ../bin/test-blas0
[ 48%] Built target test-svd0
[ 48%] Built target test-mul-mat
[ 49%] Linking C executable ../bin/test-mul-mat1
[ 49%] Built target test-conv2d
[ 49%] Built target mnist-cpu
[ 50%] Linking CXX executable ../../bin/mnist-mtl
1 warning generated.
[ 50%] Built target test-conv1d
[ 51%] Linking CXX executable ../bin/test-backend-ops
[ 51%] Built target test-blas0
[ 52%] Linking CXX static library libcommon.a
[ 53%] Linking CXX executable ../bin/test-quantize-perf
[ 53%] Built target common
[ 53%] Built target test-mul-mat1
[ 53%] Built target mnist-mtl
[ 54%] Building CXX object examples/mnist/CMakeFiles/mnist.dir/main.cpp.o
[ 55%] Building CXX object examples/yolo/CMakeFiles/yolov3-tiny.dir/yolo-image.cpp.o
[ 56%] Building CXX object examples/yolo/CMakeFiles/yolov3-tiny.dir/yolov3-tiny.cpp.o
[ 57%] Building CXX object examples/sam/CMakeFiles/sam.dir/main.cpp.o
[ 58%] Building CXX object examples/mnist/CMakeFiles/mnist-cnn.dir/main-cnn.cpp.o
[ 58%] Built target test-backend-ops
[ 58%] Built target test-quantize-perf
[ 59%] Linking CXX executable ../../bin/mnist-cnn
[ 60%] Linking CXX static library libcommon-ggml.a
[ 61%] Linking CXX executable ../../bin/mnist
[ 61%] Built target common-ggml
[ 62%] Linking CXX executable ../../bin/yolov3-tiny
[ 63%] Building CXX object examples/gpt-j/CMakeFiles/gpt-j-quantize.dir/quantize.cpp.o
[ 64%] Building CXX object examples/gpt-2/CMakeFiles/gpt-2-batched.dir/main-batched.cpp.o
[ 65%] Building CXX object examples/gpt-2/CMakeFiles/gpt-2-backend2.dir/main.cpp.o
[ 66%] Building CXX object examples/gpt-2/CMakeFiles/gpt-2-ctx.dir/main-ctx.cpp.o
[ 66%] Building CXX object examples/gpt-neox/CMakeFiles/gpt-neox-quantize.dir/quantize.cpp.o
[ 67%] Building CXX object examples/gpt-neox/CMakeFiles/gpt-neox.dir/main.cpp.o
[ 67%] Building CXX object examples/dolly-v2/CMakeFiles/dollyv2-quantize.dir/quantize.cpp.o
[ 69%] Building CXX object examples/gpt-2/CMakeFiles/gpt-2-alloc.dir/main-alloc.cpp.o
[ 69%] Building CXX object examples/dolly-v2/CMakeFiles/dollyv2.dir/main.cpp.o
[ 70%] Building CXX object examples/mpt/CMakeFiles/mpt.dir/main.cpp.o
[ 71%] Building CXX object examples/starcoder/CMakeFiles/starcoder-quantize.dir/quantize.cpp.o
[ 72%] Building CXX object examples/starcoder/CMakeFiles/starcoder.dir/main.cpp.o
[ 72%] Building CXX object examples/gpt-j/CMakeFiles/gpt-j.dir/main.cpp.o
[ 72%] Building CXX object examples/mpt/CMakeFiles/mpt-quantize.dir/quantize.cpp.o
[ 73%] Building CXX object examples/replit/CMakeFiles/replit.dir/main.cpp.o
[ 74%] Building CXX object examples/starcoder/CMakeFiles/starcoder-mmap.dir/starcoder-mmap.cpp.o
[ 75%] Building CXX object examples/gpt-2/CMakeFiles/gpt-2-backend.dir/main-backend.cpp.o
[ 76%] Building CXX object examples/gpt-2/CMakeFiles/gpt-2-quantize.dir/quantize.cpp.o
[ 77%] Building CXX object examples/whisper/CMakeFiles/whisper-quantize.dir/quantize.cpp.o
[ 78%] Building CXX object examples/replit/CMakeFiles/replit-quantize.dir/quantize.cpp.o
[ 78%] Built target mnist
[ 78%] Built target mnist-cnn
[ 78%] Built target yolov3-tiny
[ 78%] Linking CXX executable ../../bin/sam
[ 78%] Built target sam
[ 79%] Linking CXX executable ../../bin/mpt-quantize
[ 80%] Linking CXX executable ../../bin/replit-quantize
[ 80%] Built target mpt-quantize
[ 81%] Linking CXX executable ../../bin/dollyv2-quantize
[ 82%] Linking CXX executable ../../bin/gpt-2-quantize
[ 83%] Linking CXX executable ../../bin/gpt-neox-quantize
[ 84%] Linking CXX executable ../../bin/gpt-j-quantize
[ 84%] Built target replit-quantize
[ 85%] Linking CXX executable ../../bin/starcoder-quantize
[ 86%] Linking CXX executable ../../bin/whisper-quantize
[ 86%] Built target gpt-2-quantize
[ 86%] Built target dollyv2-quantize
[ 86%] Built target gpt-j-quantize
[ 86%] Built target starcoder-quantize
[ 86%] Built target whisper-quantize
[ 86%] Built target gpt-neox-quantize
[ 87%] Linking CXX executable ../../bin/gpt-neox
[ 88%] Linking CXX executable ../../bin/dollyv2
[ 89%] Linking CXX executable ../../bin/gpt-j
[ 90%] Linking CXX executable ../../bin/gpt-2-ctx
[ 91%] Linking CXX executable ../../bin/starcoder-mmap
[ 92%] Linking CXX executable ../../bin/gpt-2-alloc
[ 93%] Linking CXX executable ../../bin/gpt-2-backend
[ 94%] Linking CXX executable ../../bin/gpt-2-batched
[ 94%] Built target gpt-j
[ 94%] Built target dollyv2
[ 94%] Built target gpt-2-ctx
[ 94%] Built target gpt-neox
[ 95%] Linking CXX executable ../../bin/starcoder
[ 95%] Built target starcoder-mmap
[ 96%] Linking CXX executable ../../bin/mpt
[ 96%] Built target gpt-2-backend
[ 97%] Linking CXX executable ../../bin/replit
[ 97%] Linking CXX executable ../../bin/gpt-2-backend2
[ 97%] Built target gpt-2-alloc
[ 97%] Built target gpt-2-batched
[ 97%] Built target starcoder
[ 97%] Built target mpt
[ 97%] Built target replit
[ 97%] Built target gpt-2-backend2
[ 98%] Linking CXX static library libwhisper-cpp.a
[ 98%] Built target whisper-cpp
[ 99%] Building CXX object examples/whisper/CMakeFiles/whisper.dir/main.cpp.o
[100%] Linking CXX executable ../../bin/whisper
[100%] Built target whisper

real	0m7.252s
user	0m38.607s
sys	0m6.053s
+ ctest --output-on-failure -E test-opt
Test project /Users/ggml/work/ggml/build-ci-debug
      Start  1: test-grad0
 1/20 Test  #1: test-grad0 .......................   Passed    1.31 sec
      Start  2: test-quantize-fns
 2/20 Test  #2: test-quantize-fns ................   Passed    0.28 sec
      Start  3: test-quantize-perf
 3/20 Test  #3: test-quantize-perf ...............   Passed    0.43 sec
      Start  4: test-mul-mat0
 4/20 Test  #4: test-mul-mat0 ....................   Passed    0.45 sec
      Start  5: test-blas0
 5/20 Test  #5: test-blas0 .......................   Passed    0.26 sec
      Start  6: test-mul-mat2
 6/20 Test  #6: test-mul-mat2 ....................   Passed    8.92 sec
      Start  7: test0
 7/20 Test  #7: test0 ............................   Passed    0.23 sec
      Start  8: test1
 8/20 Test  #8: test1 ............................   Passed    0.25 sec
      Start  9: test2
 9/20 Test  #9: test2 ............................   Passed    0.26 sec
      Start 10: test3
10/20 Test #10: test3 ............................   Passed    0.29 sec
      Start 11: test-pool
11/20 Test #11: test-pool ........................   Passed    0.23 sec
      Start 12: test-conv-transpose
12/20 Test #12: test-conv-transpose ..............   Passed    0.23 sec
      Start 13: test-rel-pos
13/20 Test #13: test-rel-pos .....................   Passed    0.23 sec
      Start 14: test-customop
14/20 Test #14: test-customop ....................   Passed    0.23 sec
      Start 15: test-xpos
15/20 Test #15: test-xpos ........................   Passed    0.23 sec
      Start 16: test-conv1d
16/20 Test #16: test-conv1d ......................   Passed    0.26 sec
      Start 17: test-conv2d
17/20 Test #17: test-conv2d ......................   Passed    0.26 sec
      Start 18: test-mul-mat
18/20 Test #18: test-mul-mat .....................   Passed    0.26 sec
      Start 19: test-backend-buffer
19/20 Test #19: test-backend-buffer ..............   Passed    1.02 sec
      Start 20: test-backend-ops
20/20 Test #20: test-backend-ops .................***Failed    2.34 sec
ggml_backend_register: registered backend CPU
ggml_backend_register: registered backend Metal
ggml_metal_init: allocating
ggml_metal_init: found device: Apple M1
ggml_metal_init: picking default device: Apple M1
ggml_metal_init: default.metallib not found, loading from source
ggml_metal_init: loading '/Users/ggml/work/ggml/build-ci-debug/bin/ggml-metal.metal'
ggml_metal_init: GPU name:   Apple M1
ggml_metal_init: GPU family: MTLGPUFamilyApple7 (1007)
ggml_metal_init: hasUnifiedMemory              = true
ggml_metal_init: recommendedMaxWorkingSetSize  =  5726.63 MB
ggml_metal_init: maxTransferRate               = built-in GPU
ggml_metal_free: deallocating
Testing 2 backends

Backend 1/2 (CPU)
  Backend name: CPU
  ABS(type=f32,ne=[128,10,10,10]): [1;32mOK[0m
  SGN(type=f32,ne=[128,10,10,10]): [1;32mOK[0m
  NEG(type=f32,ne=[128,10,10,10]): [1;32mOK[0m
  STEP(type=f32,ne=[128,10,10,10]): [1;32mOK[0m
  TANH(type=f32,ne=[128,10,10,10]): [1;32mOK[0m
  ELU(type=f32,ne=[128,10,10,10]): [1;32mOK[0m
  RELU(type=f32,ne=[128,10,10,10]): [1;32mOK[0m
  GELU(type=f32,ne=[128,10,10,10]): [1;32mOK[0m
  GELU_QUICK(type=f32,ne=[128,10,10,10]): [1;32mOK[0m
  SILU(type=f32,ne=[128,10,10,10]): [1;32mOK[0m
  LEAKY(type=f32,ne=[128,10,10,10]): [1;32mOK[0m
  GET_ROWS(type=f32,n=10,m=5,r=3): [1;32mOK[0m
  GET_ROWS(type=f32,n=16,m=5,r=3): [1;32mOK[0m
  GET_ROWS(type=f16,n=10,m=5,r=3): [1;32mOK[0m
  GET_ROWS(type=f16,n=16,m=5,r=3): [1;32mOK[0m
  REPEAT(type=f32,ne=[10,10,10,10],nr=[2,2,2,2]): [1;32mOK[0m
  DUP(type=f32,ne=[10,10,10,1]): [1;32mOK[0m
  CPY(type_src=f32,type_dst=f32,ne=[10,10,10,1]): [1;32mOK[0m
  CONT(type=f32,ne=[10,10,10,1]): [1;32mOK[0m
  ADD(type=f32,ne=[16,10,1,1],nr=[1,1,1,1]): [1;32mOK[0m
  ADD(type=f32,ne=[16,10,10,1],nr=[1,1,1,1]): [1;32mOK[0m
  ADD(type=f32,ne=[16,10,10,10],nr=[1,1,1,1]): [1;32mOK[0m
  ADD(type=f32,ne=[16,10,10,10],nr=[1,2,1,1]): [1;32mOK[0m
  ADD(type=f32,ne=[16,10,10,10],nr=[1,1,2,1]): [1;32mOK[0m
  ADD(type=f32,ne=[16,10,10,10],nr=[1,1,1,2]): [1;32mOK[0m
  ADD(type=f32,ne=[16,10,10,10],nr=[1,1,2,2]): [1;32mOK[0m
  ADD(type=f32,ne=[16,10,10,10],nr=[1,2,2,2]): [1;32mOK[0m
  MUL(type=f32,ne=[16,10,1,1],nr=[1,1,1,1]): [1;32mOK[0m
  MUL(type=f32,ne=[16,10,10,1],nr=[1,1,1,1]): [1;32mOK[0m
  MUL(type=f32,ne=[16,10,10,10],nr=[1,1,1,1]): [1;32mOK[0m
  MUL(type=f32,ne=[16,10,10,10],nr=[1,2,1,1]): [1;32mOK[0m
  MUL(type=f32,ne=[16,10,10,10],nr=[1,1,2,1]): [1;32mOK[0m
  MUL(type=f32,ne=[16,10,10,10],nr=[1,1,1,2]): [1;32mOK[0m
  MUL(type=f32,ne=[16,10,10,10],nr=[1,1,2,2]): [1;32mOK[0m
  MUL(type=f32,ne=[16,10,10,10],nr=[1,2,2,2]): [1;32mOK[0m
  SCALE(type=f32,ne=[10,10,10,10]): [1;32mOK[0m
  NORM(type=f32,ne=[64,10,10,10],eps=0.000001): [1;32mOK[0m
  RMS_NORM(type=f32,ne=[64,10,10,10],eps=0.000001): [1;32mOK[0m
  NORM(type=f32,ne=[64,10,10,10],eps=0.000010): [1;32mOK[0m
  RMS_NORM(type=f32,ne=[64,10,10,10],eps=0.000010): [1;32mOK[0m
  NORM(type=f32,ne=[64,10,10,10],eps=0.001000): [1;32mOK[0m
  RMS_NORM(type=f32,ne=[64,10,10,10],eps=0.001000): [1;32mOK[0m
  NORM(type=f32,ne=[64,10,10,10],eps=0.100000): [1;32mOK[0m
  RMS_NORM(type=f32,ne=[64,10,10,10],eps=0.100000): [1;32mOK[0m
  MUL_MAT(type_a=f32,type_b=f32,m=32,n=32,k=32,bs=[10,10],nr=[1,1]): [1;32mOK[0m
  MUL_MAT(type_a=f32,type_b=f32,m=32,n=32,k=32,bs=[10,10],nr=[2,1]): [1;32mOK[0m
  MUL_MAT(type_a=f32,type_b=f32,m=32,n=32,k=32,bs=[10,10],nr=[1,2]): [1;32mOK[0m
  MUL_MAT(type_a=f32,type_b=f32,m=32,n=32,k=32,bs=[10,10],nr=[2,2]): [1;32mOK[0m
  MUL_MAT(type_a=f16,type_b=f32,m=32,n=32,k=32,bs=[10,10],nr=[1,1]): [1;32mOK[0m
  MUL_MAT(type_a=f16,type_b=f32,m=32,n=32,k=32,bs=[10,10],nr=[2,1]): [1;32mOK[0m
  MUL_MAT(type_a=f16,type_b=f32,m=32,n=32,k=32,bs=[10,10],nr=[1,2]): [1;32mOK[0m
  MUL_MAT(type_a=f16,type_b=f32,m=32,n=32,k=32,bs=[10,10],nr=[2,2]): [1;32mOK[0m
  SQR(type=f32,ne=[10,10,10,10]): [1;32mOK[0m
  CLAMP(type=f32,ne=[10,10,10,10],min=-0.500000,max=0.500000): [1;32mOK[0m
  DIAG_MASK_INF(type=f32,ne=[10,10,10,10],n_past=5): [1;32mOK[0m
  SOFT_MAX(type=f32,ne=[10,10,10,10]): [1;32mOK[0m
  ROPE(type=f32,ne=[128,32,10,1],n_dims=128,mode=0,n_ctx=512): [1;32mOK[0m
  ROPE(type=f32,ne=[128,40,10,1],n_dims=128,mode=0,n_ctx=512): [1;32mOK[0m
  ROPE(type=f32,ne=[128,52,10,1],n_dims=128,mode=0,n_ctx=512): [1;32mOK[0m
  ROPE(type=f32,ne=[128,64,10,1],n_dims=128,mode=0,n_ctx=512): [1;32mOK[0m
  ROPE(type=f32,ne=[64,1,10,1],n_dims=64,mode=2,n_ctx=512): [1;32mOK[0m
  ROPE(type=f32,ne=[64,71,10,1],n_dims=64,mode=2,n_ctx=512): [1;32mOK[0m
  ROPE(type=f32,ne=[64,8,10,1],n_dims=64,mode=2,n_ctx=512): [1;32mOK[0m
  ROPE(type=f32,ne=[64,128,10,1],n_dims=64,mode=2,n_ctx=512): [1;32mOK[0m
  ROPE(type=f16,ne=[128,32,10,1],n_dims=128,mode=0,n_ctx=512): [1;32mOK[0m
  ROPE(type=f16,ne=[128,40,10,1],n_dims=128,mode=0,n_ctx=512): [1;32mOK[0m
  ROPE(type=f16,ne=[128,52,10,1],n_dims=128,mode=0,n_ctx=512): [1;32mOK[0m
  ROPE(type=f16,ne=[128,64,10,1],n_dims=128,mode=0,n_ctx=512): [1;32mOK[0m
  ROPE(type=f16,ne=[64,1,10,1],n_dims=64,mode=2,n_ctx=512): [1;32mOK[0m
  ROPE(type=f16,ne=[64,71,10,1],n_dims=64,mode=2,n_ctx=512): [1;32mOK[0m
  ROPE(type=f16,ne=[64,8,10,1],n_dims=64,mode=2,n_ctx=512): [1;32mOK[0m
  ROPE(type=f16,ne=[64,128,10,1],n_dims=64,mode=2,n_ctx=512): [1;32mOK[0m
  ALIBI(type=f32,ne=[10,10,10,10],n_past=512,n_head=10,bias_max=0.500000): [1;32mOK[0m
  IM2COL(type_input=f32,type_kernel=f16,ne_input=[10,10,3,1],ne_kernel=[3,3,3,1],s0=1,s1=1,p0=1,p1=1,d0=1,d1=1,is_2D=1): [1;32mOK[0m
  CONCAT(type=f32,ne=[10,10,10,10],b_ne2=10): [1;32mOK[0m
  75/75 tests passed
  Backend CPU: [1;32mOK[0m

Backend 2/2 (Metal)
  Backend name: Metal
  ABS: not supported
  SGN: not supported
  NEG: not supported
  STEP: not supported
  TANH: not supported
  ELU: not supported
  RELU(type=f32,ne=[128,10,10,10]): [1;32mOK[0m
  GELU(type=f32,ne=[128,10,10,10]): [1;32mOK[0m
  GELU_QUICK: not supported
  SILU(type=f32,ne=[128,10,10,10]): [1;32mOK[0m
  LEAKY: not supported
Error: GET_ROWS: NMSE = 2.342451
  GET_ROWS(type=f32,n=10,m=5,r=3): [1;31mFAIL[0m
  GET_ROWS(type=f32,n=16,m=5,r=3): [1;32mOK[0m
Error: GET_ROWS: NMSE = 2.694998
  GET_ROWS(type=f16,n=10,m=5,r=3): [1;31mFAIL[0m
  GET_ROWS(type=f16,n=16,m=5,r=3): [1;32mOK[0m
  REPEAT: not supported
  DUP(type=f32,ne=[10,10,10,1]): [1;32mOK[0m
  CPY(type_src=f32,type_dst=f32,ne=[10,10,10,1]): [1;32mOK[0m
  CONT(type=f32,ne=[10,10,10,1]): [1;32mOK[0m
  ADD(type=f32,ne=[16,10,1,1],nr=[1,1,1,1]): [1;32mOK[0m
  ADD(type=f32,ne=[16,10,10,1],nr=[1,1,1,1]): [1;32mOK[0m
  ADD(type=f32,ne=[16,10,10,10],nr=[1,1,1,1]): [1;32mOK[0m
  ADD(type=f32,ne=[16,10,10,10],nr=[1,2,1,1]): [1;32mOK[0m
  ADD(type=f32,ne=[16,10,10,10],nr=[1,1,2,1]): [1;32mOK[0m
  ADD(type=f32,ne=[16,10,10,10],nr=[1,1,1,2]): [1;32mOK[0m
  ADD(type=f32,ne=[16,10,10,10],nr=[1,1,2,2]): [1;32mOK[0m
  ADD(type=f32,ne=[16,10,10,10],nr=[1,2,2,2]): [1;32mOK[0m
  MUL(type=f32,ne=[16,10,1,1],nr=[1,1,1,1]): [1;32mOK[0m
  MUL(type=f32,ne=[16,10,10,1],nr=[1,1,1,1]): [1;32mOK[0m
  MUL(type=f32,ne=[16,10,10,10],nr=[1,1,1,1]): [1;32mOK[0m
Error: MUL: NMSE = 1.988851
  MUL(type=f32,ne=[16,10,10,10],nr=[1,2,1,1]): [1;31mFAIL[0m
Error: MUL: NMSE = 1.902365
  MUL(type=f32,ne=[16,10,10,10],nr=[1,1,2,1]): [1;31mFAIL[0m
Error: MUL: NMSE = 0.982377
  MUL(type=f32,ne=[16,10,10,10],nr=[1,1,1,2]): [1;31mFAIL[0m
Error: MUL: NMSE = 1.965902
  MUL(type=f32,ne=[16,10,10,10],nr=[1,1,2,2]): [1;31mFAIL[0m
Error: MUL: NMSE = 2.046694
  MUL(type=f32,ne=[16,10,10,10],nr=[1,2,2,2]): [1;31mFAIL[0m
  SCALE(type=f32,ne=[10,10,10,10]): [1;32mOK[0m
  NORM(type=f32,ne=[64,10,10,10],eps=0.000001): [1;32mOK[0m
  RMS_NORM(type=f32,ne=[64,10,10,10],eps=0.000001): [1;32mOK[0m
  NORM(type=f32,ne=[64,10,10,10],eps=0.000010): [1;32mOK[0m
  RMS_NORM(type=f32,ne=[64,10,10,10],eps=0.000010): [1;32mOK[0m
  NORM(type=f32,ne=[64,10,10,10],eps=0.001000): [1;32mOK[0m
  RMS_NORM(type=f32,ne=[64,10,10,10],eps=0.001000): [1;32mOK[0m
  NORM(type=f32,ne=[64,10,10,10],eps=0.100000): [1;32mOK[0m
  RMS_NORM(type=f32,ne=[64,10,10,10],eps=0.100000): [1;32mOK[0m
Error: MUL_MAT: NMSE = 5.422735
  MUL_MAT(type_a=f32,type_b=f32,m=32,n=32,k=32,bs=[10,10],nr=[1,1]): [1;31mFAIL[0m
Error: MUL_MAT: NMSE = 5.339107
  MUL_MAT(type_a=f32,type_b=f32,m=32,n=32,k=32,bs=[10,10],nr=[2,1]): [1;31mFAIL[0m
Error: MUL_MAT: NMSE = 7.384749
  MUL_MAT(type_a=f32,type_b=f32,m=32,n=32,k=32,bs=[10,10],nr=[1,2]): [1;31mFAIL[0m
Error: MUL_MAT: NMSE = 7.473394
  MUL_MAT(type_a=f32,type_b=f32,m=32,n=32,k=32,bs=[10,10],nr=[2,2]): [1;31mFAIL[0m
Error: MUL_MAT: NMSE = 5.388004
  MUL_MAT(type_a=f16,type_b=f32,m=32,n=32,k=32,bs=[10,10],nr=[1,1]): [1;31mFAIL[0m
Error: MUL_MAT: NMSE = 5.463258
  MUL_MAT(type_a=f16,type_b=f32,m=32,n=32,k=32,bs=[10,10],nr=[2,1]): [1;31mFAIL[0m
Error: MUL_MAT: NMSE = 7.423922
  MUL_MAT(type_a=f16,type_b=f32,m=32,n=32,k=32,bs=[10,10],nr=[1,2]): [1;31mFAIL[0m
Error: MUL_MAT: NMSE = 7.486638
  MUL_MAT(type_a=f16,type_b=f32,m=32,n=32,k=32,bs=[10,10],nr=[2,2]): [1;31mFAIL[0m
  SQR(type=f32,ne=[10,10,10,10]): [1;32mOK[0m
  CLAMP: not supported
  DIAG_MASK_INF(type=f32,ne=[10,10,10,10],n_past=5): [1;32mOK[0m
  SOFT_MAX(type=f32,ne=[10,10,10,10]): [1;32mOK[0m
  ROPE(type=f32,ne=[128,32,10,1],n_dims=128,mode=0,n_ctx=512): [1;32mOK[0m
  ROPE(type=f32,ne=[128,40,10,1],n_dims=128,mode=0,n_ctx=512): [1;32mOK[0m
  ROPE(type=f32,ne=[128,52,10,1],n_dims=128,mode=0,n_ctx=512): [1;32mOK[0m
  ROPE(type=f32,ne=[128,64,10,1],n_dims=128,mode=0,n_ctx=512): [1;32mOK[0m
  ROPE(type=f32,ne=[64,1,10,1],n_dims=64,mode=2,n_ctx=512): [1;32mOK[0m
  ROPE(type=f32,ne=[64,71,10,1],n_dims=64,mode=2,n_ctx=512): [1;32mOK[0m
  ROPE(type=f32,ne=[64,8,10,1],n_dims=64,mode=2,n_ctx=512): [1;32mOK[0m
  ROPE(type=f32,ne=[64,128,10,1],n_dims=64,mode=2,n_ctx=512): [1;32mOK[0m
  ROPE(type=f16,ne=[128,32,10,1],n_dims=128,mode=0,n_ctx=512): [1;32mOK[0m
  ROPE(type=f16,ne=[128,40,10,1],n_dims=128,mode=0,n_ctx=512): [1;32mOK[0m
  ROPE(type=f16,ne=[128,52,10,1],n_dims=128,mode=0,n_ctx=512): [1;32mOK[0m
  ROPE(type=f16,ne=[128,64,10,1],n_dims=128,mode=0,n_ctx=512): [1;32mOK[0m
  ROPE(type=f16,ne=[64,1,10,1],n_dims=64,mode=2,n_ctx=512): [1;32mOK[0m
  ROPE(type=f16,ne=[64,71,10,1],n_dims=64,mode=2,n_ctx=512): [1;32mOK[0m
  ROPE(type=f16,ne=[64,8,10,1],n_dims=64,mode=2,n_ctx=512): [1;32mOK[0m
  ROPE(type=f16,ne=[64,128,10,1],n_dims=64,mode=2,n_ctx=512): [1;32mOK[0m
Error: ALIBI: NMSE = 1.496291
  ALIBI(type=f32,ne=[10,10,10,10],n_past=512,n_head=10,bias_max=0.500000): [1;31mFAIL[0m
  IM2COL(type_input=f32,type_kernel=f16,ne_input=[10,10,3,1],ne_kernel=[3,3,3,1],s0=1,s1=1,p0=1,p1=1,d0=1,d1=1,is_2D=1): [1;32mOK[0m
  CONCAT(type=f32,ne=[10,10,10,10],b_ne2=10): [1;32mOK[0m
  59/75 tests passed
  Backend Metal: [1;31mFAIL[0m

1/2 backends passed
[1;31mFAIL[0m


95% tests passed, 1 tests failed out of 20

Total Test time (real) =  17.95 sec

The following tests FAILED:
	 20 - test-backend-ops (Failed)
Errors while running CTest
