Requirement already satisfied: numpy~=1.24.4 in /mnt/llama.cpp/venv/lib/python3.10/site-packages (from -r /home/ggml/work/llama.cpp/./requirements/requirements-convert.txt (line 1)) (1.24.4)
Requirement already satisfied: sentencepiece~=0.1.98 in /mnt/llama.cpp/venv/lib/python3.10/site-packages (from -r /home/ggml/work/llama.cpp/./requirements/requirements-convert.txt (line 2)) (0.1.99)
Requirement already satisfied: transformers<5.0.0,>=4.35.2 in /mnt/llama.cpp/venv/lib/python3.10/site-packages (from -r /home/ggml/work/llama.cpp/./requirements/requirements-convert.txt (line 3)) (4.38.1)
Requirement already satisfied: gguf>=0.1.0 in /mnt/llama.cpp/venv/lib/python3.10/site-packages (from -r /home/ggml/work/llama.cpp/./requirements/requirements-convert.txt (line 4)) (0.9.0)
Requirement already satisfied: protobuf<5.0.0,>=4.21.0 in /mnt/llama.cpp/venv/lib/python3.10/site-packages (from -r /home/ggml/work/llama.cpp/./requirements/requirements-convert.txt (line 5)) (4.25.3)
Requirement already satisfied: torch~=2.1.1 in /mnt/llama.cpp/venv/lib/python3.10/site-packages (from -r /home/ggml/work/llama.cpp/./requirements/requirements-convert-hf-to-gguf.txt (line 2)) (2.1.2)
Requirement already satisfied: einops~=0.7.0 in /mnt/llama.cpp/venv/lib/python3.10/site-packages (from -r /home/ggml/work/llama.cpp/./requirements/requirements-convert-hf-to-gguf.txt (line 3)) (0.7.0)
Requirement already satisfied: packaging>=20.0 in /mnt/llama.cpp/venv/lib/python3.10/site-packages (from transformers<5.0.0,>=4.35.2->-r /home/ggml/work/llama.cpp/./requirements/requirements-convert.txt (line 3)) (23.2)
Requirement already satisfied: filelock in /mnt/llama.cpp/venv/lib/python3.10/site-packages (from transformers<5.0.0,>=4.35.2->-r /home/ggml/work/llama.cpp/./requirements/requirements-convert.txt (line 3)) (3.13.1)
Requirement already satisfied: regex!=2019.12.17 in /mnt/llama.cpp/venv/lib/python3.10/site-packages (from transformers<5.0.0,>=4.35.2->-r /home/ggml/work/llama.cpp/./requirements/requirements-convert.txt (line 3)) (2023.12.25)
Requirement already satisfied: tokenizers<0.19,>=0.14 in /mnt/llama.cpp/venv/lib/python3.10/site-packages (from transformers<5.0.0,>=4.35.2->-r /home/ggml/work/llama.cpp/./requirements/requirements-convert.txt (line 3)) (0.15.2)
Requirement already satisfied: tqdm>=4.27 in /mnt/llama.cpp/venv/lib/python3.10/site-packages (from transformers<5.0.0,>=4.35.2->-r /home/ggml/work/llama.cpp/./requirements/requirements-convert.txt (line 3)) (4.66.2)
Requirement already satisfied: requests in /mnt/llama.cpp/venv/lib/python3.10/site-packages (from transformers<5.0.0,>=4.35.2->-r /home/ggml/work/llama.cpp/./requirements/requirements-convert.txt (line 3)) (2.31.0)
Requirement already satisfied: pyyaml>=5.1 in /mnt/llama.cpp/venv/lib/python3.10/site-packages (from transformers<5.0.0,>=4.35.2->-r /home/ggml/work/llama.cpp/./requirements/requirements-convert.txt (line 3)) (6.0.1)
Requirement already satisfied: safetensors>=0.4.1 in /mnt/llama.cpp/venv/lib/python3.10/site-packages (from transformers<5.0.0,>=4.35.2->-r /home/ggml/work/llama.cpp/./requirements/requirements-convert.txt (line 3)) (0.4.2)
Requirement already satisfied: huggingface-hub<1.0,>=0.19.3 in /mnt/llama.cpp/venv/lib/python3.10/site-packages (from transformers<5.0.0,>=4.35.2->-r /home/ggml/work/llama.cpp/./requirements/requirements-convert.txt (line 3)) (0.20.3)
Requirement already satisfied: jinja2 in /mnt/llama.cpp/venv/lib/python3.10/site-packages (from torch~=2.1.1->-r /home/ggml/work/llama.cpp/./requirements/requirements-convert-hf-to-gguf.txt (line 2)) (3.1.3)
Requirement already satisfied: sympy in /mnt/llama.cpp/venv/lib/python3.10/site-packages (from torch~=2.1.1->-r /home/ggml/work/llama.cpp/./requirements/requirements-convert-hf-to-gguf.txt (line 2)) (1.12)
Requirement already satisfied: networkx in /mnt/llama.cpp/venv/lib/python3.10/site-packages (from torch~=2.1.1->-r /home/ggml/work/llama.cpp/./requirements/requirements-convert-hf-to-gguf.txt (line 2)) (3.2.1)
Requirement already satisfied: typing-extensions in /mnt/llama.cpp/venv/lib/python3.10/site-packages (from torch~=2.1.1->-r /home/ggml/work/llama.cpp/./requirements/requirements-convert-hf-to-gguf.txt (line 2)) (4.9.0)
Requirement already satisfied: fsspec in /mnt/llama.cpp/venv/lib/python3.10/site-packages (from torch~=2.1.1->-r /home/ggml/work/llama.cpp/./requirements/requirements-convert-hf-to-gguf.txt (line 2)) (2024.2.0)
Requirement already satisfied: MarkupSafe>=2.0 in /mnt/llama.cpp/venv/lib/python3.10/site-packages (from jinja2->torch~=2.1.1->-r /home/ggml/work/llama.cpp/./requirements/requirements-convert-hf-to-gguf.txt (line 2)) (2.1.5)
Requirement already satisfied: idna<4,>=2.5 in /mnt/llama.cpp/venv/lib/python3.10/site-packages (from requests->transformers<5.0.0,>=4.35.2->-r /home/ggml/work/llama.cpp/./requirements/requirements-convert.txt (line 3)) (3.6)
Requirement already satisfied: certifi>=2017.4.17 in /mnt/llama.cpp/venv/lib/python3.10/site-packages (from requests->transformers<5.0.0,>=4.35.2->-r /home/ggml/work/llama.cpp/./requirements/requirements-convert.txt (line 3)) (2024.2.2)
Requirement already satisfied: charset-normalizer<4,>=2 in /mnt/llama.cpp/venv/lib/python3.10/site-packages (from requests->transformers<5.0.0,>=4.35.2->-r /home/ggml/work/llama.cpp/./requirements/requirements-convert.txt (line 3)) (3.3.2)
Requirement already satisfied: urllib3<3,>=1.21.1 in /mnt/llama.cpp/venv/lib/python3.10/site-packages (from requests->transformers<5.0.0,>=4.35.2->-r /home/ggml/work/llama.cpp/./requirements/requirements-convert.txt (line 3)) (2.2.1)
Requirement already satisfied: mpmath>=0.19 in /mnt/llama.cpp/venv/lib/python3.10/site-packages (from sympy->torch~=2.1.1->-r /home/ggml/work/llama.cpp/./requirements/requirements-convert-hf-to-gguf.txt (line 2)) (1.3.0)
Obtaining file:///home/ggml/work/llama.cpp/gguf-py
  Installing build dependencies: started
  Installing build dependencies: finished with status 'done'
  Checking if build backend supports build_editable: started
  Checking if build backend supports build_editable: finished with status 'done'
  Getting requirements to build editable: started
  Getting requirements to build editable: finished with status 'done'
  Preparing editable metadata (pyproject.toml): started
  Preparing editable metadata (pyproject.toml): finished with status 'done'
Requirement already satisfied: numpy>=1.17 in /mnt/llama.cpp/venv/lib/python3.10/site-packages (from gguf==0.9.0) (1.24.4)
Building wheels for collected packages: gguf
  Building editable for gguf (pyproject.toml): started
  Building editable for gguf (pyproject.toml): finished with status 'done'
  Created wheel for gguf: filename=gguf-0.9.0-py3-none-any.whl size=3277 sha256=e0fa00489eb30042ac453b439ed63bb66750e8e0a62e67fe7e1a995b04b68b75
  Stored in directory: /tmp/pip-ephem-wheel-cache-utxo7mtn/wheels/a3/4c/52/c5934ad001d1a70ca5434f11ddc622cad9c0a484e9bf6feda3
Successfully built gguf
Installing collected packages: gguf
  Attempting uninstall: gguf
    Found existing installation: gguf 0.9.0
    Uninstalling gguf-0.9.0:
      Successfully uninstalled gguf-0.9.0
Successfully installed gguf-0.9.0
+ gg_run_ctest_debug
+ tee /home/ggml/results/llama.cpp/bc/26eb75f0a4752fc18cbdf80f1be79b47c89f89/ggml-3-arm64-cpu/ctest_debug.log
+ cd /home/ggml/work/llama.cpp
+ rm -rf build-ci-debug
+ mkdir build-ci-debug
+ cd build-ci-debug
+ set -e
+ tee -a /home/ggml/results/llama.cpp/bc/26eb75f0a4752fc18cbdf80f1be79b47c89f89/ggml-3-arm64-cpu/ctest_debug-cmake.log
+ cmake -DCMAKE_BUILD_TYPE=Debug -DLLAMA_FATAL_WARNINGS=ON ..
-- The C compiler identification is GNU 11.4.0
-- The CXX compiler identification is GNU 11.4.0
-- Detecting C compiler ABI info
-- Detecting C compiler ABI info - done
-- Check for working C compiler: /usr/bin/cc - skipped
-- Detecting C compile features
-- Detecting C compile features - done
-- Detecting CXX compiler ABI info
-- Detecting CXX compiler ABI info - done
-- Check for working CXX compiler: /usr/bin/c++ - skipped
-- Detecting CXX compile features
-- Detecting CXX compile features - done
-- Found Git: /usr/bin/git (found version "2.34.1") 
-- Looking for pthread.h
-- Looking for pthread.h - found
-- Performing Test CMAKE_HAVE_LIBC_PTHREAD
-- Performing Test CMAKE_HAVE_LIBC_PTHREAD - Success
-- Found Threads: TRUE  
-- ccache found, compilation results will be cached. Disable with LLAMA_CCACHE=OFF.
-- CMAKE_SYSTEM_PROCESSOR: aarch64
-- ARM detected
-- Performing Test COMPILER_SUPPORTS_FP16_FORMAT_I3E
-- Performing Test COMPILER_SUPPORTS_FP16_FORMAT_I3E - Failed
-- Configuring done
-- Generating done
-- Build files have been written to: /home/ggml/work/llama.cpp/build-ci-debug

real	0m0.789s
user	0m0.477s
sys	0m0.316s
+ tee -a /home/ggml/results/llama.cpp/bc/26eb75f0a4752fc18cbdf80f1be79b47c89f89/ggml-3-arm64-cpu/ctest_debug-make.log
+ make -j
[  1%] Generating build details from Git
[  1%] Building C object CMakeFiles/ggml.dir/ggml.c.o
[  2%] Building C object CMakeFiles/ggml.dir/ggml-backend.c.o
[  3%] Building CXX object CMakeFiles/ggml.dir/sgemm.cpp.o
[  3%] Building C object CMakeFiles/ggml.dir/ggml-quants.c.o
[  4%] Building C object CMakeFiles/ggml.dir/ggml-alloc.c.o
-- Found Git: /usr/bin/git (found version "2.34.1") 
[  4%] Built target ggml
[  7%] Linking CXX static library libggml_static.a
[  7%] Building CXX object CMakeFiles/llama.dir/unicode.cpp.o
[  7%] Building CXX object CMakeFiles/llama.dir/llama.cpp.o
[  8%] Building CXX object CMakeFiles/llama.dir/unicode-data.cpp.o
[  8%] Building CXX object common/CMakeFiles/build_info.dir/build-info.cpp.o
[  9%] Building CXX object examples/gguf/CMakeFiles/gguf.dir/gguf.cpp.o
[  9%] Linking CXX executable ../../bin/gguf
[  9%] Built target build_info
[  9%] Built target ggml_static
[  9%] Built target gguf
[  9%] Linking CXX static library libllama.a
[  9%] Built target llama
[  9%] Building CXX object common/CMakeFiles/common.dir/common.cpp.o
[ 11%] Building C object tests/CMakeFiles/test-c.dir/test-c.c.o
[ 13%] Building CXX object examples/quantize-stats/CMakeFiles/quantize-stats.dir/quantize-stats.cpp.o
[ 13%] Building CXX object examples/llava/CMakeFiles/llava.dir/clip.cpp.o
[ 11%] Building CXX object examples/llava/CMakeFiles/llava.dir/llava.cpp.o
[ 11%] Building CXX object examples/benchmark/CMakeFiles/benchmark.dir/benchmark-matmult.cpp.o
[ 14%] Building CXX object common/CMakeFiles/common.dir/console.cpp.o
[ 13%] Building CXX object common/CMakeFiles/common.dir/sampling.cpp.o
[ 14%] Building CXX object common/CMakeFiles/common.dir/grammar-parser.cpp.o
[ 15%] Building CXX object common/CMakeFiles/common.dir/json-schema-to-grammar.cpp.o
[ 16%] Building CXX object common/CMakeFiles/common.dir/train.cpp.o
[ 16%] Building CXX object common/CMakeFiles/common.dir/ngram-cache.cpp.o
[ 17%] Linking CXX executable ../bin/test-c
[ 17%] Built target test-c
[ 17%] Linking CXX executable ../../bin/benchmark
[ 17%] Built target llava
[ 18%] Linking CXX static library libllava_static.a
[ 18%] Built target benchmark
[ 18%] Built target llava_static
[ 18%] Linking CXX executable ../../bin/quantize-stats
[ 18%] Built target quantize-stats
[ 19%] Linking CXX static library libcommon.a
[ 19%] Built target common
[ 20%] Building CXX object tests/CMakeFiles/test-tokenizer-0.dir/test-tokenizer-0.cpp.o
[ 21%] Building CXX object tests/CMakeFiles/test-tokenizer-1-spm.dir/test-tokenizer-1-spm.cpp.o
[ 22%] Building CXX object tests/CMakeFiles/test-sampling.dir/get-model.cpp.o
[ 22%] Building CXX object tests/CMakeFiles/test-tokenizer-1-bpe.dir/test-tokenizer-1-bpe.cpp.o
[ 23%] Building CXX object tests/CMakeFiles/test-quantize-fns.dir/test-quantize-fns.cpp.o
[ 24%] Building CXX object tests/CMakeFiles/test-quantize-perf.dir/get-model.cpp.o
[ 25%] Building CXX object tests/CMakeFiles/test-quantize-fns.dir/get-model.cpp.o
[ 25%] Building CXX object tests/CMakeFiles/test-chat-template.dir/get-model.cpp.o
[ 26%] Building CXX object tests/CMakeFiles/test-chat-template.dir/test-chat-template.cpp.o
[ 27%] Building CXX object tests/CMakeFiles/test-quantize-perf.dir/test-quantize-perf.cpp.o
[ 28%] Building CXX object tests/CMakeFiles/test-sampling.dir/test-sampling.cpp.o
[ 29%] Building CXX object tests/CMakeFiles/test-grammar-parser.dir/test-grammar-parser.cpp.o
[ 30%] Building CXX object tests/CMakeFiles/test-grammar-parser.dir/get-model.cpp.o
[ 31%] Building CXX object tests/CMakeFiles/test-grammar-integration.dir/get-model.cpp.o
[ 32%] Building CXX object tests/CMakeFiles/test-grammar-integration.dir/test-grammar-integration.cpp.o
[ 33%] Building CXX object tests/CMakeFiles/test-llama-grammar.dir/test-llama-grammar.cpp.o
[ 34%] Building CXX object tests/CMakeFiles/test-backend-ops.dir/test-backend-ops.cpp.o
[ 34%] Linking CXX executable ../bin/test-quantize-fns
[ 35%] Building CXX object tests/CMakeFiles/test-backend-ops.dir/get-model.cpp.o
[ 34%] Building CXX object tests/CMakeFiles/test-grad0.dir/test-grad0.cpp.o
[ 36%] Building CXX object tests/CMakeFiles/test-llama-grammar.dir/get-model.cpp.o
[ 36%] Building CXX object tests/CMakeFiles/test-grad0.dir/get-model.cpp.o
[ 36%] Linking CXX executable ../bin/test-quantize-perf
[ 37%] Building CXX object tests/CMakeFiles/test-model-load-cancel.dir/test-model-load-cancel.cpp.o
[ 38%] Building CXX object tests/CMakeFiles/test-rope.dir/test-rope.cpp.o
[ 39%] Building CXX object tests/CMakeFiles/test-autorelease.dir/get-model.cpp.o
[ 40%] Building CXX object tests/CMakeFiles/test-model-load-cancel.dir/get-model.cpp.o
[ 41%] Building CXX object tests/CMakeFiles/test-rope.dir/get-model.cpp.o
[ 42%] Linking CXX executable ../bin/test-backend-ops
[ 39%] Building CXX object tests/CMakeFiles/test-autorelease.dir/test-autorelease.cpp.o
[ 43%] Building CXX object examples/batched-bench/CMakeFiles/batched-bench.dir/batched-bench.cpp.o
[ 46%] Linking CXX executable ../bin/test-grad0
[ 44%] Building CXX object tests/CMakeFiles/test-json-schema-to-grammar.dir/test-json-schema-to-grammar.cpp.o
[ 46%] Building CXX object examples/baby-llama/CMakeFiles/baby-llama.dir/baby-llama.cpp.o
[ 46%] Building CXX object examples/beam-search/CMakeFiles/beam-search.dir/beam-search.cpp.o
[ 47%] Building CXX object examples/batched/CMakeFiles/batched.dir/batched.cpp.o
[ 45%] Building CXX object tests/CMakeFiles/test-json-schema-to-grammar.dir/get-model.cpp.o
[ 47%] Linking CXX executable ../bin/test-rope
[ 48%] Building CXX object examples/eval-callback/CMakeFiles/eval-callback.dir/eval-callback.cpp.o
[ 48%] Building CXX object examples/convert-llama2c-to-ggml/CMakeFiles/convert-llama2c-to-ggml.dir/convert-llama2c-to-ggml.cpp.o
[ 49%] Building CXX object examples/embedding/CMakeFiles/embedding.dir/embedding.cpp.o
[ 50%] Building CXX object examples/finetune/CMakeFiles/finetune.dir/finetune.cpp.o
[ 50%] Built target test-quantize-fns
[ 50%] Building CXX object examples/gritlm/CMakeFiles/gritlm.dir/gritlm.cpp.o
[ 50%] Linking CXX executable ../bin/test-model-load-cancel
[ 51%] Building CXX object examples/infill/CMakeFiles/infill.dir/infill.cpp.o
[ 52%] Building CXX object examples/gguf-split/CMakeFiles/gguf-split.dir/gguf-split.cpp.o
[ 52%] Building CXX object examples/main/CMakeFiles/main.dir/main.cpp.o
[ 52%] Built target test-quantize-perf
[ 53%] Building CXX object examples/llama-bench/CMakeFiles/llama-bench.dir/llama-bench.cpp.o
[ 54%] Building CXX object examples/llava/CMakeFiles/llava-cli.dir/llava-cli.cpp.o
[ 54%] Built target test-grad0
[ 55%] Building CXX object examples/parallel/CMakeFiles/parallel.dir/parallel.cpp.o
[ 56%] Building CXX object examples/tokenize/CMakeFiles/tokenize.dir/tokenize.cpp.o
[ 57%] Building CXX object examples/perplexity/CMakeFiles/perplexity.dir/perplexity.cpp.o
[ 57%] Building CXX object examples/quantize/CMakeFiles/quantize.dir/quantize.cpp.o
[ 58%] Building CXX object examples/simple/CMakeFiles/simple.dir/simple.cpp.o
[ 59%] Building CXX object examples/retrieval/CMakeFiles/retrieval.dir/retrieval.cpp.o
[ 59%] Built target test-backend-ops
[ 60%] Building CXX object examples/save-load-state/CMakeFiles/save-load-state.dir/save-load-state.cpp.o
[ 60%] Building CXX object examples/passkey/CMakeFiles/passkey.dir/passkey.cpp.o
[ 61%] Built target test-rope
[ 61%] Building CXX object examples/speculative/CMakeFiles/speculative.dir/speculative.cpp.o
[ 62%] Building CXX object examples/lookahead/CMakeFiles/lookahead.dir/lookahead.cpp.o
[ 63%] Building CXX object examples/lookup/CMakeFiles/lookup.dir/lookup.cpp.o
[ 63%] Building CXX object examples/lookup/CMakeFiles/lookup-create.dir/lookup-create.cpp.o
[ 64%] Generating completion.js.hpp
[ 64%] Generating index.js.hpp
[ 65%] Generating json-schema-to-grammar.mjs.hpp
[ 66%] Generating index.html.hpp
[ 67%] Building CXX object examples/lookup/CMakeFiles/lookup-stats.dir/lookup-stats.cpp.o
[ 68%] Building CXX object examples/lookup/CMakeFiles/lookup-merge.dir/lookup-merge.cpp.o
[ 69%] Building CXX object pocs/vdot/CMakeFiles/vdot.dir/vdot.cpp.o
[ 70%] Building CXX object examples/export-lora/CMakeFiles/export-lora.dir/export-lora.cpp.o
[ 71%] Building CXX object examples/imatrix/CMakeFiles/imatrix.dir/imatrix.cpp.o
[ 72%] Building CXX object pocs/vdot/CMakeFiles/q8dot.dir/q8dot.cpp.o
[ 72%] Building CXX object examples/train-text-from-scratch/CMakeFiles/train-text-from-scratch.dir/train-text-from-scratch.cpp.o
[ 73%] Linking CXX executable ../../bin/vdot
[ 74%] Linking CXX executable ../../bin/q8dot
[ 74%] Building CXX object examples/server/CMakeFiles/server.dir/server.cpp.o
[ 75%] Linking CXX executable ../bin/test-chat-template
[ 76%] Linking CXX executable ../bin/test-autorelease
[ 76%] Built target q8dot
[ 76%] Built target vdot
[ 76%] Linking CXX executable ../bin/test-sampling
[ 76%] Linking CXX executable ../bin/test-grammar-parser
[ 77%] Linking CXX executable ../../bin/baby-llama
[ 77%] Built target test-grammar-parser
[ 77%] Built target test-model-load-cancel
[ 77%] Linking CXX executable ../bin/test-grammar-integration
[ 78%] Linking CXX executable ../../bin/tokenize
[ 78%] Linking CXX executable ../bin/test-tokenizer-1-spm
[ 79%] Linking CXX executable ../bin/test-tokenizer-1-bpe
[ 79%] Built target test-chat-template
[ 79%] Built target test-autorelease
[ 80%] Linking CXX executable ../../bin/batched-bench
[ 81%] Linking CXX executable ../../bin/beam-search
[ 82%] Linking CXX executable ../../bin/save-load-state
[ 82%] Built target test-sampling
[ 83%] Linking CXX executable ../../bin/gguf-split
[ 84%] Linking CXX executable ../../bin/eval-callback
[ 85%] Linking CXX executable ../bin/test-tokenizer-0
[ 85%] Linking CXX executable ../../bin/lookup-merge
[ 85%] Linking CXX executable ../../bin/batched
[ 85%] Linking CXX executable ../../bin/simple
[ 86%] Linking CXX executable ../../bin/lookup-create
[ 86%] Linking CXX executable ../../bin/llava-cli
[ 86%] Linking CXX executable ../../bin/parallel
[ 87%] Linking CXX executable ../../bin/gritlm
[ 88%] Linking CXX executable ../../bin/embedding
[ 88%] Built target lookup-merge
[ 89%] Linking CXX executable ../../bin/lookup-stats
[ 89%] Linking CXX executable ../../bin/lookahead
[ 90%] Linking CXX executable ../../bin/passkey
[ 90%] Built target test-grammar-integration
[ 90%] Linking CXX executable ../../bin/export-lora
[ 91%] Linking CXX executable ../../bin/train-text-from-scratch
[ 91%] Linking CXX executable ../../bin/convert-llama2c-to-ggml
[ 92%] Linking CXX executable ../../bin/finetune
[ 93%] Linking CXX executable ../../bin/lookup
[ 93%] Built target baby-llama
[ 94%] Linking CXX executable ../../bin/infill
[ 94%] Built target export-lora
[ 95%] Linking CXX executable ../../bin/quantize
[ 95%] Built target convert-llama2c-to-ggml
[ 96%] Linking CXX executable ../../bin/retrieval
[ 97%] Linking CXX executable ../../bin/main
[ 97%] Built target gguf-split
[ 97%] Built target tokenize
[ 97%] Built target test-tokenizer-1-spm
[ 98%] Linking CXX executable ../../bin/speculative
[ 98%] Built target test-tokenizer-1-bpe
[ 98%] Linking CXX executable ../../bin/imatrix
[ 98%] Built target batched-bench
[ 98%] Built target beam-search
[ 98%] Built target save-load-state
[ 98%] Built target test-tokenizer-0
[ 98%] Built target eval-callback
[ 98%] Built target batched
[ 98%] Built target simple
[ 98%] Built target parallel
[ 98%] Linking CXX executable ../../bin/perplexity
[ 98%] Built target lookup-create
[ 98%] Built target train-text-from-scratch
[ 98%] Built target lookup-stats
[ 98%] Built target passkey
[ 98%] Built target embedding
[ 98%] Built target gritlm
[ 98%] Built target lookup
[ 98%] Built target finetune
[ 98%] Built target lookahead
[ 98%] Built target llava-cli
[ 98%] Built target infill
[ 98%] Built target retrieval
[ 98%] Built target main
[ 98%] Built target quantize
[ 98%] Built target speculative
[ 98%] Built target imatrix
[ 98%] Built target perplexity
[ 99%] Linking CXX executable ../../bin/llama-bench
[ 99%] Linking CXX executable ../bin/test-json-schema-to-grammar
[ 99%] Built target test-json-schema-to-grammar
[ 99%] Built target llama-bench
[ 99%] Linking CXX executable ../bin/test-llama-grammar
[ 99%] Built target test-llama-grammar
[100%] Linking CXX executable ../../bin/server
[100%] Built target server

real	0m47.400s
user	2m30.446s
sys	0m18.560s
+ tee -a /home/ggml/results/llama.cpp/bc/26eb75f0a4752fc18cbdf80f1be79b47c89f89/ggml-3-arm64-cpu/ctest_debug-ctest.log
+ ctest --output-on-failure -L main -E test-opt
Test project /home/ggml/work/llama.cpp/build-ci-debug
      Start  1: test-tokenizer-0-llama-spm
 1/20 Test  #1: test-tokenizer-0-llama-spm .......   Passed    0.18 sec
      Start  2: test-tokenizer-0-llama-bpe
 2/20 Test  #2: test-tokenizer-0-llama-bpe .......   Passed    2.99 sec
      Start  3: test-tokenizer-0-phi-3
 3/20 Test  #3: test-tokenizer-0-phi-3 ...........   Passed    0.18 sec
      Start  4: test-tokenizer-0-falcon
 4/20 Test  #4: test-tokenizer-0-falcon ..........   Passed    1.12 sec
      Start  5: test-tokenizer-0-bert-bge
 5/20 Test  #5: test-tokenizer-0-bert-bge ........   Passed    0.53 sec
      Start  6: test-tokenizer-0-starcoder
 6/20 Test  #6: test-tokenizer-0-starcoder .......   Passed    0.90 sec
      Start  7: test-tokenizer-0-gpt-2
 7/20 Test  #7: test-tokenizer-0-gpt-2 ...........   Passed    0.92 sec
      Start  8: test-tokenizer-0-refact
 8/20 Test  #8: test-tokenizer-0-refact ..........***Failed    0.82 sec
main : reading vocab from: '/home/ggml/work/llama.cpp/tests/../models/ggml-vocab-refact.gguf'
llama_model_loader: loaded meta data with 18 key-value pairs and 0 tensors from /home/ggml/work/llama.cpp/tests/../models/ggml-vocab-refact.gguf (version GGUF V3 (latest))
llama_model_loader: Dumping metadata keys/values. Note: KV overrides do not apply in this output.
llama_model_loader: - kv   0:                       general.architecture str              = refact
llama_model_loader: - kv   1:                               general.name str              = Refact
llama_model_loader: - kv   2:                      refact.context_length u32              = 4096
llama_model_loader: - kv   3:                    refact.embedding_length u32              = 2048
llama_model_loader: - kv   4:                 refact.feed_forward_length u32              = 5632
llama_model_loader: - kv   5:                         refact.block_count u32              = 32
llama_model_loader: - kv   6:                refact.attention.head_count u32              = 32
llama_model_loader: - kv   7:             refact.attention.head_count_kv u32              = 1
llama_model_loader: - kv   8:    refact.attention.layer_norm_rms_epsilon f32              = 0.000010
llama_model_loader: - kv   9:                          general.file_type u32              = 1
llama_model_loader: - kv  10:                       tokenizer.ggml.model str              = gpt2
llama_model_loader: - kv  11:                         tokenizer.ggml.pre str              = refact
llama_model_loader: - kv  12:                      tokenizer.ggml.tokens arr[str,49216]   = ["<|endoftext|>", "<fim_prefix>", "<f...
llama_model_loader: - kv  13:                  tokenizer.ggml.token_type arr[i32,49216]   = [3, 3, 3, 3, 3, 3, 3, 3, 3, 3, 3, 3, ...
llama_model_loader: - kv  14:                      tokenizer.ggml.merges arr[str,48891]   = ["Ġ Ġ", "ĠĠ ĠĠ", "ĠĠĠĠ ĠĠ...
llama_model_loader: - kv  15:                tokenizer.ggml.bos_token_id u32              = 0
llama_model_loader: - kv  16:                tokenizer.ggml.eos_token_id u32              = 0
llama_model_loader: - kv  17:            tokenizer.ggml.unknown_token_id u32              = 0
llm_load_vocab: special tokens definition check successful ( 83/49216 ).
llm_load_print_meta: format           = GGUF V3 (latest)
llm_load_print_meta: arch             = refact
llm_load_print_meta: vocab type       = BPE
llm_load_print_meta: n_vocab          = 49216
llm_load_print_meta: n_merges         = 48891
llm_load_print_meta: n_ctx_train      = 4096
llm_load_print_meta: n_embd           = 2048
llm_load_print_meta: n_head           = 32
llm_load_print_meta: n_head_kv        = 1
llm_load_print_meta: n_layer          = 32
llm_load_print_meta: n_rot            = 64
llm_load_print_meta: n_embd_head_k    = 64
llm_load_print_meta: n_embd_head_v    = 64
llm_load_print_meta: n_gqa            = 32
llm_load_print_meta: n_embd_k_gqa     = 64
llm_load_print_meta: n_embd_v_gqa     = 64
llm_load_print_meta: f_norm_eps       = 0.0e+00
llm_load_print_meta: f_norm_rms_eps   = 1.0e-05
llm_load_print_meta: f_clamp_kqv      = 0.0e+00
llm_load_print_meta: f_max_alibi_bias = 8.0e+00
llm_load_print_meta: f_logit_scale    = 0.0e+00
llm_load_print_meta: n_ff             = 5632
llm_load_print_meta: n_expert         = 0
llm_load_print_meta: n_expert_used    = 0
llm_load_print_meta: causal attn      = 1
llm_load_print_meta: pooling type     = 0
llm_load_print_meta: rope type        = -1
llm_load_print_meta: rope scaling     = linear
llm_load_print_meta: freq_base_train  = 10000.0
llm_load_print_meta: freq_scale_train = 1
llm_load_print_meta: n_yarn_orig_ctx  = 4096
llm_load_print_meta: rope_finetuned   = unknown
llm_load_print_meta: ssm_d_conv       = 0
llm_load_print_meta: ssm_d_inner      = 0
llm_load_print_meta: ssm_d_state      = 0
llm_load_print_meta: ssm_dt_rank      = 0
llm_load_print_meta: model type       = 1B
llm_load_print_meta: model ftype      = F16
llm_load_print_meta: model params     = 0.00 K
llm_load_print_meta: model size       = 0.00 MiB (nan BPW) 
llm_load_print_meta: general.name     = Refact
llm_load_print_meta: BOS token        = 0 '<|endoftext|>'
llm_load_print_meta: EOS token        = 0 '<|endoftext|>'
llm_load_print_meta: UNK token        = 0 '<|endoftext|>'
llm_load_print_meta: LF token         = 145 'Ä'
llama_model_load: vocab only - skipping tensors
llama_new_context_with_model: n_ctx      = 512
llama_new_context_with_model: n_batch    = 512
llama_new_context_with_model: n_ubatch   = 512
llama_new_context_with_model: flash_attn = 0
llama_new_context_with_model: freq_base  = 10000.0
llama_new_context_with_model: freq_scale = 1
read_tests : error: could not open file '/home/ggml/work/llama.cpp/tests/../models/ggml-vocab-refact.gguf.inp'
operator() : error: no tests found
WARNING: Behavior may be unexpected when allocating 0 bytes for ggml_calloc!

      Start  9: test-tokenizer-1-llama-spm
 9/20 Test  #9: test-tokenizer-1-llama-spm .......   Passed    2.77 sec
      Start 10: test-quantize-fns
10/20 Test #10: test-quantize-fns ................   Passed   34.75 sec
      Start 11: test-quantize-perf
11/20 Test #11: test-quantize-perf ...............   Passed   10.62 sec
      Start 12: test-sampling
12/20 Test #12: test-sampling ....................   Passed    0.03 sec
      Start 13: test-chat-template
13/20 Test #13: test-chat-template ...............   Passed    0.01 sec
      Start 14: test-grammar-parser
14/20 Test #14: test-grammar-parser ..............   Passed    0.00 sec
      Start 15: test-llama-grammar
15/20 Test #15: test-llama-grammar ...............   Passed    0.01 sec
      Start 16: test-grammar-integration
16/20 Test #16: test-grammar-integration .........   Passed    0.01 sec
      Start 17: test-grad0
17/20 Test #17: test-grad0 .......................   Passed    3.28 sec
      Start 18: test-backend-ops
18/20 Test #18: test-backend-ops .................   Passed    0.00 sec
      Start 19: test-rope
19/20 Test #19: test-rope ........................   Passed    0.08 sec
      Start 22: test-json-schema-to-grammar
20/20 Test #22: test-json-schema-to-grammar ......   Passed    1.58 sec

95% tests passed, 1 tests failed out of 20

Label Time Summary:
main    =  60.78 sec*proc (20 tests)

Total Test time (real) =  60.79 sec

The following tests FAILED:
	  8 - test-tokenizer-0-refact (Failed)
Errors while running CTest

real	1m0.807s
user	1m14.186s
sys	0m4.447s
+ cur=8
+ echo 8
+ set +x
